[0.018s] Invoking command in '/home/ddon/software_robocon_2025/build/robot_interfaces': CMAKE_PREFIX_PATH=${CMAKE_PREFIX_PATH}:/opt/ros/humble CONDA_PROMPT_MODIFIER=(base) /usr/bin/cmake /home/ddon/software_robocon_2025/robot_interfaces -DCMAKE_INSTALL_PREFIX=/home/ddon/software_robocon_2025/install/robot_interfaces
[0.076s] -- The C compiler identification is GNU 11.4.0
[0.137s] -- The CXX compiler identification is GNU 11.4.0
[0.143s] -- Detecting C compiler ABI info
[0.206s] -- Detecting C compiler ABI info - done
[0.218s] -- Check for working C compiler: /usr/bin/cc - skipped
[0.219s] -- Detecting C compile features
[0.219s] -- Detecting C compile features - done
[0.223s] -- Detecting CXX compiler ABI info
[0.300s] -- Detecting CXX compiler ABI info - done
[0.310s] -- Check for working CXX compiler: /usr/bin/c++ - skipped
[0.311s] -- Detecting CXX compile features
[0.311s] -- Detecting CXX compile features - done
[0.313s] -- Found ament_cmake: 1.3.11 (/opt/ros/humble/share/ament_cmake/cmake)
[0.748s] -- Found Python3: /home/ddon/miniconda3/bin/python3 (found version "3.12.2") found components: Interpreter 
[0.862s] -- Found rclcpp: 16.0.11 (/opt/ros/humble/share/rclcpp/cmake)
[0.918s] -- Found rosidl_generator_c: 3.1.6 (/opt/ros/humble/share/rosidl_generator_c/cmake)
[0.925s] -- Found rosidl_adapter: 3.1.6 (/opt/ros/humble/share/rosidl_adapter/cmake)
[0.937s] -- Found rosidl_generator_cpp: 3.1.6 (/opt/ros/humble/share/rosidl_generator_cpp/cmake)
[0.955s] -- Using all available rosidl_typesupport_c: rosidl_typesupport_fastrtps_c;rosidl_typesupport_introspection_c
[0.978s] -- Using all available rosidl_typesupport_cpp: rosidl_typesupport_fastrtps_cpp;rosidl_typesupport_introspection_cpp
[1.040s] -- Found rmw_implementation_cmake: 6.1.2 (/opt/ros/humble/share/rmw_implementation_cmake/cmake)
[1.042s] -- Found rmw_fastrtps_cpp: 6.2.7 (/opt/ros/humble/share/rmw_fastrtps_cpp/cmake)
[1.128s] -- Found OpenSSL: /usr/lib/x86_64-linux-gnu/libcrypto.so (found version "3.0.2")  
[1.162s] -- Found FastRTPS: /opt/ros/humble/include  
[1.203s] -- Using RMW implementation 'rmw_fastrtps_cpp' as default
[1.214s] -- Looking for pthread.h
[1.273s] -- Looking for pthread.h - found
[1.274s] -- Performing Test CMAKE_HAVE_LIBC_PTHREAD
[1.335s] -- Performing Test CMAKE_HAVE_LIBC_PTHREAD - Success
[1.336s] -- Found Threads: TRUE  
[1.394s] -- Found rosidl_default_generators: 1.2.0 (/opt/ros/humble/share/rosidl_default_generators/cmake)
[1.657s] -- Found ament_cmake_ros: 0.10.0 (/opt/ros/humble/share/ament_cmake_ros/cmake)
[1.883s] -- Using all available rosidl_typesupport_c: rosidl_typesupport_fastrtps_c;rosidl_typesupport_introspection_c
[1.998s] -- Using all available rosidl_typesupport_cpp: rosidl_typesupport_fastrtps_cpp;rosidl_typesupport_introspection_cpp
[2.021s] -- Found PythonInterp: /home/ddon/miniconda3/bin/python3 (found suitable version "3.12.2", minimum required is "3.6") 
[2.021s] -- Found python_cmake_module: 0.10.0 (/opt/ros/humble/share/python_cmake_module/cmake)
[2.045s] -- Found PythonLibs: /home/ddon/miniconda3/lib/libpython3.12.so (found suitable version "3.12.2", minimum required is "3.5") 
[2.046s] -- Using PYTHON_EXECUTABLE: /home/ddon/miniconda3/bin/python3
[2.046s] -- Using PYTHON_INCLUDE_DIRS: /home/ddon/miniconda3/include/python3.12
[2.046s] -- Using PYTHON_LIBRARIES: /home/ddon/miniconda3/lib/libpython3.12.so
[2.063s] -- Found PythonExtra: .so  
[2.256s] -- Using numpy include directory: /home/ddon/miniconda3/lib/python3.12/site-packages/numpy/core/include
[2.268s] -- Configuring done
[2.304s] -- Generating done
[2.316s] -- Build files have been written to: /home/ddon/software_robocon_2025/build/robot_interfaces
[2.328s] Invoked command in '/home/ddon/software_robocon_2025/build/robot_interfaces' returned '0': CMAKE_PREFIX_PATH=${CMAKE_PREFIX_PATH}:/opt/ros/humble CONDA_PROMPT_MODIFIER=(base) /usr/bin/cmake /home/ddon/software_robocon_2025/robot_interfaces -DCMAKE_INSTALL_PREFIX=/home/ddon/software_robocon_2025/install/robot_interfaces
[2.330s] Invoking command in '/home/ddon/software_robocon_2025/build/robot_interfaces': CMAKE_PREFIX_PATH=${CMAKE_PREFIX_PATH}:/opt/ros/humble CONDA_PROMPT_MODIFIER=(base) /usr/bin/cmake --build /home/ddon/software_robocon_2025/build/robot_interfaces -- -j8 -l8
[2.368s] [  1%] [34m[1mGenerating C code for ROS interfaces[0m
[2.373s] [  2%] [34m[1mGenerating C++ code for ROS interfaces[0m
[2.389s] [  2%] Built target ament_cmake_python_copy_robot_interfaces
[2.735s] running egg_info
[2.736s] creating robot_interfaces.egg-info
[2.768s] writing robot_interfaces.egg-info/PKG-INFO
[2.768s] writing dependency_links to robot_interfaces.egg-info/dependency_links.txt
[2.768s] writing top-level names to robot_interfaces.egg-info/top_level.txt
[2.768s] writing manifest file 'robot_interfaces.egg-info/SOURCES.txt'
[2.864s] reading manifest file 'robot_interfaces.egg-info/SOURCES.txt'
[2.865s] writing manifest file 'robot_interfaces.egg-info/SOURCES.txt'
[2.916s] [  2%] Built target ament_cmake_python_build_robot_interfaces_egg
[3.241s] [  3%] [32mBuilding C object CMakeFiles/robot_interfaces__rosidl_generator_c.dir/rosidl_generator_c/robot_interfaces/srv/detail/rotate_base__functions.c.o[0m
[3.244s] [  4%] [32mBuilding C object CMakeFiles/robot_interfaces__rosidl_generator_c.dir/rosidl_generator_c/robot_interfaces/msg/detail/imu__functions.c.o[0m
[3.247s] [  6%] [32mBuilding C object CMakeFiles/robot_interfaces__rosidl_generator_c.dir/rosidl_generator_c/robot_interfaces/msg/detail/base_cmd__functions.c.o[0m
[3.260s] [  7%] [32mBuilding C object CMakeFiles/robot_interfaces__rosidl_generator_c.dir/rosidl_generator_c/robot_interfaces/srv/detail/push_ball__functions.c.o[0m
[3.271s] [  9%] [32mBuilding C object CMakeFiles/robot_interfaces__rosidl_generator_c.dir/rosidl_generator_c/robot_interfaces/srv/detail/control__functions.c.o[0m
[3.271s] [  9%] [32mBuilding C object CMakeFiles/robot_interfaces__rosidl_generator_c.dir/rosidl_generator_c/robot_interfaces/srv/detail/request_calculation__functions.c.o[0m
[3.298s] [ 11%] [32mBuilding C object CMakeFiles/robot_interfaces__rosidl_generator_c.dir/rosidl_generator_c/robot_interfaces/srv/detail/request_action__functions.c.o[0m
[3.361s] [ 11%] Built target robot_interfaces__cpp
[3.374s] [ 12%] [34m[1mGenerating C++ type support dispatch for ROS interfaces[0m
[3.376s] [ 13%] [34m[1mGenerating C++ introspection for ROS interfaces[0m
[3.379s] [ 14%] [34m[1mGenerating C++ type support for eProsima Fast-RTPS[0m
[3.412s] [ 16%] [32m[1mLinking C shared library librobot_interfaces__rosidl_generator_c.so[0m
[3.515s] [ 16%] Built target robot_interfaces__rosidl_generator_c
[3.537s] [ 17%] [34m[1mGenerating C introspection for ROS interfaces[0m
[3.540s] [ 18%] [34m[1mGenerating C type support for eProsima Fast-RTPS[0m
[3.541s] [ 19%] [34m[1mGenerating C type support dispatch for ROS interfaces[0m
[4.030s] [ 20%] [32mBuilding CXX object CMakeFiles/robot_interfaces__rosidl_typesupport_cpp.dir/rosidl_typesupport_cpp/robot_interfaces/msg/base_cmd__type_support.cpp.o[0m
[4.045s] [ 22%] [32mBuilding CXX object CMakeFiles/robot_interfaces__rosidl_typesupport_cpp.dir/rosidl_typesupport_cpp/robot_interfaces/msg/imu__type_support.cpp.o[0m
[4.053s] [ 23%] [32mBuilding CXX object CMakeFiles/robot_interfaces__rosidl_typesupport_cpp.dir/rosidl_typesupport_cpp/robot_interfaces/srv/rotate_base__type_support.cpp.o[0m
[4.539s] [ 24%] [32mBuilding CXX object CMakeFiles/robot_interfaces__rosidl_typesupport_cpp.dir/rosidl_typesupport_cpp/robot_interfaces/srv/push_ball__type_support.cpp.o[0m
[4.566s] [ 25%] [32mBuilding CXX object CMakeFiles/robot_interfaces__rosidl_typesupport_c.dir/rosidl_typesupport_c/robot_interfaces/msg/base_cmd__type_support.cpp.o[0m
[4.649s] [ 27%] [32mBuilding CXX object CMakeFiles/robot_interfaces__rosidl_typesupport_c.dir/rosidl_typesupport_c/robot_interfaces/msg/imu__type_support.cpp.o[0m
[4.707s] [ 28%] [32mBuilding CXX object CMakeFiles/robot_interfaces__rosidl_typesupport_introspection_cpp.dir/rosidl_typesupport_introspection_cpp/robot_interfaces/msg/detail/base_cmd__type_support.cpp.o[0m
[4.727s] [ 29%] [32mBuilding CXX object CMakeFiles/robot_interfaces__rosidl_typesupport_c.dir/rosidl_typesupport_c/robot_interfaces/srv/rotate_base__type_support.cpp.o[0m
[4.774s] [ 30%] [32mBuilding CXX object CMakeFiles/robot_interfaces__rosidl_typesupport_c.dir/rosidl_typesupport_c/robot_interfaces/srv/push_ball__type_support.cpp.o[0m
[4.805s] [ 32%] [32mBuilding CXX object CMakeFiles/robot_interfaces__rosidl_typesupport_c.dir/rosidl_typesupport_c/robot_interfaces/srv/control__type_support.cpp.o[0m
[4.869s] [ 33%] [32mBuilding CXX object CMakeFiles/robot_interfaces__rosidl_typesupport_c.dir/rosidl_typesupport_c/robot_interfaces/srv/request_calculation__type_support.cpp.o[0m
[4.870s] [ 34%] [32mBuilding CXX object CMakeFiles/robot_interfaces__rosidl_typesupport_cpp.dir/rosidl_typesupport_cpp/robot_interfaces/srv/control__type_support.cpp.o[0m
[4.898s] [ 35%] [32mBuilding CXX object CMakeFiles/robot_interfaces__rosidl_typesupport_c.dir/rosidl_typesupport_c/robot_interfaces/srv/request_action__type_support.cpp.o[0m
[4.960s] [ 37%] [32mBuilding CXX object CMakeFiles/robot_interfaces__rosidl_typesupport_introspection_cpp.dir/rosidl_typesupport_introspection_cpp/robot_interfaces/msg/detail/imu__type_support.cpp.o[0m
[4.967s] [ 38%] [32m[1mLinking CXX shared library librobot_interfaces__rosidl_typesupport_c.so[0m
[5.052s] [ 38%] Built target robot_interfaces__rosidl_typesupport_c
[5.081s] [ 39%] [32mBuilding CXX object CMakeFiles/robot_interfaces__rosidl_typesupport_introspection_cpp.dir/rosidl_typesupport_introspection_cpp/robot_interfaces/srv/detail/rotate_base__type_support.cpp.o[0m
[5.334s] [ 40%] [32mBuilding CXX object CMakeFiles/robot_interfaces__rosidl_typesupport_introspection_cpp.dir/rosidl_typesupport_introspection_cpp/robot_interfaces/srv/detail/push_ball__type_support.cpp.o[0m
[5.367s] [ 41%] [32mBuilding CXX object CMakeFiles/robot_interfaces__rosidl_typesupport_fastrtps_cpp.dir/rosidl_typesupport_fastrtps_cpp/robot_interfaces/msg/detail/dds_fastrtps/base_cmd__type_support.cpp.o[0m
[5.391s] [ 43%] [32mBuilding CXX object CMakeFiles/robot_interfaces__rosidl_typesupport_cpp.dir/rosidl_typesupport_cpp/robot_interfaces/srv/request_calculation__type_support.cpp.o[0m
[5.486s] [ 44%] [32mBuilding C object CMakeFiles/robot_interfaces__rosidl_typesupport_introspection_c.dir/rosidl_typesupport_introspection_c/robot_interfaces/msg/detail/base_cmd__type_support.c.o[0m
[5.515s] [ 45%] [32mBuilding CXX object CMakeFiles/robot_interfaces__rosidl_typesupport_fastrtps_c.dir/rosidl_typesupport_fastrtps_c/robot_interfaces/msg/detail/base_cmd__type_support_c.cpp.o[0m
[5.570s] [ 46%] [32mBuilding C object CMakeFiles/robot_interfaces__rosidl_typesupport_introspection_c.dir/rosidl_typesupport_introspection_c/robot_interfaces/msg/detail/imu__type_support.c.o[0m
[5.669s] [ 48%] [32mBuilding C object CMakeFiles/robot_interfaces__rosidl_typesupport_introspection_c.dir/rosidl_typesupport_introspection_c/robot_interfaces/srv/detail/rotate_base__type_support.c.o[0m
[5.756s] [ 49%] [32mBuilding C object CMakeFiles/robot_interfaces__rosidl_typesupport_introspection_c.dir/rosidl_typesupport_introspection_c/robot_interfaces/srv/detail/control__type_support.c.o[0m
[5.756s] [ 50%] [32mBuilding C object CMakeFiles/robot_interfaces__rosidl_typesupport_introspection_c.dir/rosidl_typesupport_introspection_c/robot_interfaces/srv/detail/push_ball__type_support.c.o[0m
[5.848s] [ 51%] [32mBuilding CXX object CMakeFiles/robot_interfaces__rosidl_typesupport_introspection_cpp.dir/rosidl_typesupport_introspection_cpp/robot_interfaces/srv/detail/control__type_support.cpp.o[0m
[5.850s] [ 53%] [32mBuilding C object CMakeFiles/robot_interfaces__rosidl_typesupport_introspection_c.dir/rosidl_typesupport_introspection_c/robot_interfaces/srv/detail/request_calculation__type_support.c.o[0m
[5.950s] [ 54%] [32mBuilding C object CMakeFiles/robot_interfaces__rosidl_typesupport_introspection_c.dir/rosidl_typesupport_introspection_c/robot_interfaces/srv/detail/request_action__type_support.c.o[0m
[6.074s] [ 55%] [32m[1mLinking C shared library librobot_interfaces__rosidl_typesupport_introspection_c.so[0m
[6.174s] [ 56%] [32mBuilding CXX object CMakeFiles/robot_interfaces__rosidl_typesupport_introspection_cpp.dir/rosidl_typesupport_introspection_cpp/robot_interfaces/srv/detail/request_calculation__type_support.cpp.o[0m
[6.209s] [ 56%] Built target robot_interfaces__rosidl_typesupport_introspection_c
[6.233s] [ 58%] [32mBuilding CXX object CMakeFiles/robot_interfaces__rosidl_typesupport_fastrtps_cpp.dir/rosidl_typesupport_fastrtps_cpp/robot_interfaces/msg/detail/dds_fastrtps/imu__type_support.cpp.o[0m
[6.452s] [ 59%] [32mBuilding CXX object CMakeFiles/robot_interfaces__rosidl_typesupport_cpp.dir/rosidl_typesupport_cpp/robot_interfaces/srv/request_action__type_support.cpp.o[0m
[6.582s] [ 60%] [32mBuilding CXX object CMakeFiles/robot_interfaces__rosidl_typesupport_introspection_cpp.dir/rosidl_typesupport_introspection_cpp/robot_interfaces/srv/detail/request_action__type_support.cpp.o[0m
[6.670s] [ 61%] [32mBuilding CXX object CMakeFiles/robot_interfaces__rosidl_typesupport_fastrtps_c.dir/rosidl_typesupport_fastrtps_c/robot_interfaces/msg/detail/imu__type_support_c.cpp.o[0m
[6.702s] [ 62%] [32mBuilding CXX object CMakeFiles/robot_interfaces__rosidl_typesupport_fastrtps_cpp.dir/rosidl_typesupport_fastrtps_cpp/robot_interfaces/srv/detail/dds_fastrtps/rotate_base__type_support.cpp.o[0m
[6.766s] [ 64%] [32mBuilding CXX object CMakeFiles/robot_interfaces__rosidl_typesupport_fastrtps_c.dir/rosidl_typesupport_fastrtps_c/robot_interfaces/srv/detail/rotate_base__type_support_c.cpp.o[0m
[7.180s] [ 65%] [32mBuilding CXX object CMakeFiles/robot_interfaces__rosidl_typesupport_fastrtps_cpp.dir/rosidl_typesupport_fastrtps_cpp/robot_interfaces/srv/detail/dds_fastrtps/push_ball__type_support.cpp.o[0m
[7.297s] [ 66%] [32mBuilding CXX object CMakeFiles/robot_interfaces__rosidl_typesupport_fastrtps_c.dir/rosidl_typesupport_fastrtps_c/robot_interfaces/srv/detail/push_ball__type_support_c.cpp.o[0m
[7.334s] [ 67%] [32mBuilding CXX object CMakeFiles/robot_interfaces__rosidl_typesupport_fastrtps_c.dir/rosidl_typesupport_fastrtps_c/robot_interfaces/srv/detail/control__type_support_c.cpp.o[0m
[7.545s] [ 69%] [32m[1mLinking CXX shared library librobot_interfaces__rosidl_typesupport_cpp.so[0m
[7.668s] [ 69%] Built target robot_interfaces__rosidl_typesupport_cpp
[7.725s] [ 70%] [32mBuilding CXX object CMakeFiles/uart_node.dir/src/MCU_Interface.cpp.o[0m
[7.796s] [ 71%] [32mBuilding CXX object CMakeFiles/robot_interfaces__rosidl_typesupport_fastrtps_c.dir/rosidl_typesupport_fastrtps_c/robot_interfaces/srv/detail/request_calculation__type_support_c.cpp.o[0m
[7.998s] [ 72%] [32mBuilding CXX object CMakeFiles/robot_interfaces__rosidl_typesupport_fastrtps_c.dir/rosidl_typesupport_fastrtps_c/robot_interfaces/srv/detail/request_action__type_support_c.cpp.o[0m
[8.005s] [ 74%] [32mBuilding CXX object CMakeFiles/robot_interfaces__rosidl_typesupport_fastrtps_cpp.dir/rosidl_typesupport_fastrtps_cpp/robot_interfaces/srv/detail/dds_fastrtps/control__type_support.cpp.o[0m
[8.020s] [ 75%] [32m[1mLinking CXX shared library librobot_interfaces__rosidl_typesupport_introspection_cpp.so[0m
[8.043s] [ 76%] [32mBuilding CXX object CMakeFiles/robot_interfaces__rosidl_typesupport_fastrtps_cpp.dir/rosidl_typesupport_fastrtps_cpp/robot_interfaces/srv/detail/dds_fastrtps/request_calculation__type_support.cpp.o[0m
[8.180s] [ 76%] Built target robot_interfaces__rosidl_typesupport_introspection_cpp
[8.201s] [ 77%] [32mBuilding CXX object CMakeFiles/robot_interfaces__rosidl_typesupport_fastrtps_cpp.dir/rosidl_typesupport_fastrtps_cpp/robot_interfaces/srv/detail/dds_fastrtps/request_action__type_support.cpp.o[0m
[8.814s] [ 79%] [32m[1mLinking CXX shared library librobot_interfaces__rosidl_typesupport_fastrtps_c.so[0m
[9.020s] [ 79%] Built target robot_interfaces__rosidl_typesupport_fastrtps_c
[9.234s] [ 80%] [32m[1mLinking CXX shared library librobot_interfaces__rosidl_typesupport_fastrtps_cpp.so[0m
[9.484s] [ 80%] Built target robot_interfaces__rosidl_typesupport_fastrtps_cpp
[9.540s] [ 80%] Built target robot_interfaces
[9.566s] [ 81%] [34m[1mGenerating Python code for ROS interfaces[0m
[10.350s] [ 81%] Built target robot_interfaces__py
[10.370s] [ 82%] [32mBuilding C object CMakeFiles/robot_interfaces__rosidl_generator_py.dir/rosidl_generator_py/robot_interfaces/msg/_imu_s.c.o[0m
[10.370s] [ 85%] [32mBuilding C object CMakeFiles/robot_interfaces__rosidl_generator_py.dir/rosidl_generator_py/robot_interfaces/msg/_base_cmd_s.c.o[0m
[10.370s] [ 86%] [32mBuilding C object CMakeFiles/robot_interfaces__rosidl_generator_py.dir/rosidl_generator_py/robot_interfaces/srv/_request_calculation_s.c.o[0m
[10.371s] [ 87%] [32mBuilding C object CMakeFiles/robot_interfaces__rosidl_generator_py.dir/rosidl_generator_py/robot_interfaces/srv/_push_ball_s.c.o[0m
[10.371s] [ 87%] [32mBuilding C object CMakeFiles/robot_interfaces__rosidl_generator_py.dir/rosidl_generator_py/robot_interfaces/srv/_rotate_base_s.c.o[0m
[10.373s] [ 88%] [32mBuilding C object CMakeFiles/robot_interfaces__rosidl_generator_py.dir/rosidl_generator_py/robot_interfaces/srv/_control_s.c.o[0m
[10.375s] [ 90%] [32mBuilding C object CMakeFiles/robot_interfaces__rosidl_generator_py.dir/rosidl_generator_py/robot_interfaces/srv/_request_action_s.c.o[0m
[10.583s] [ 91%] [32m[1mLinking C shared library rosidl_generator_py/robot_interfaces/librobot_interfaces__rosidl_generator_py.so[0m
[10.614s] [ 91%] Built target robot_interfaces__rosidl_generator_py
[10.631s] [ 92%] [32mBuilding C object CMakeFiles/robot_interfaces__rosidl_typesupport_c__pyext.dir/rosidl_generator_py/robot_interfaces/_robot_interfaces_s.ep.rosidl_typesupport_c.c.o[0m
[10.632s] [ 93%] [32mBuilding C object CMakeFiles/robot_interfaces__rosidl_typesupport_introspection_c__pyext.dir/rosidl_generator_py/robot_interfaces/_robot_interfaces_s.ep.rosidl_typesupport_introspection_c.c.o[0m
[10.636s] [ 95%] [32mBuilding C object CMakeFiles/robot_interfaces__rosidl_typesupport_fastrtps_c__pyext.dir/rosidl_generator_py/robot_interfaces/_robot_interfaces_s.ep.rosidl_typesupport_fastrtps_c.c.o[0m
[10.749s] [ 96%] [32m[1mLinking C shared library rosidl_generator_py/robot_interfaces/robot_interfaces_s__rosidl_typesupport_c.cpython-312-x86_64-linux-gnu.so[0m
[10.757s] [ 97%] [32m[1mLinking C shared library rosidl_generator_py/robot_interfaces/robot_interfaces_s__rosidl_typesupport_fastrtps_c.cpython-312-x86_64-linux-gnu.so[0m
[10.776s] [ 97%] Built target robot_interfaces__rosidl_typesupport_c__pyext
[10.786s] [ 97%] Built target robot_interfaces__rosidl_typesupport_fastrtps_c__pyext
[10.813s] [ 98%] [32m[1mLinking C shared library rosidl_generator_py/robot_interfaces/robot_interfaces_s__rosidl_typesupport_introspection_c.cpython-312-x86_64-linux-gnu.so[0m
[10.839s] [ 98%] Built target robot_interfaces__rosidl_typesupport_introspection_c__pyext
[17.404s] [100%] [32m[1mLinking CXX executable uart_node[0m
[17.746s] [100%] Built target uart_node
