[0.011s] Invoking command in '/home/ddon/software_robocon_2025/build/robot_interfaces': CMAKE_PREFIX_PATH=${CMAKE_PREFIX_PATH}:/opt/ros/humble CONDA_PROMPT_MODIFIER=(base) /usr/bin/cmake --build /home/ddon/software_robocon_2025/build/robot_interfaces -- -j8 -l8
[0.082s] -- Found ament_cmake: 1.3.11 (/opt/ros/humble/share/ament_cmake/cmake)
[0.283s] -- Found rclcpp: 16.0.11 (/opt/ros/humble/share/rclcpp/cmake)
[0.322s] -- Found rosidl_generator_c: 3.1.6 (/opt/ros/humble/share/rosidl_generator_c/cmake)
[0.325s] -- Found rosidl_adapter: 3.1.6 (/opt/ros/humble/share/rosidl_adapter/cmake)
[0.333s] -- Found rosidl_generator_cpp: 3.1.6 (/opt/ros/humble/share/rosidl_generator_cpp/cmake)
[0.344s] -- Using all available rosidl_typesupport_c: rosidl_typesupport_fastrtps_c;rosidl_typesupport_introspection_c
[0.357s] -- Using all available rosidl_typesupport_cpp: rosidl_typesupport_fastrtps_cpp;rosidl_typesupport_introspection_cpp
[0.393s] -- Found rmw_implementation_cmake: 6.1.2 (/opt/ros/humble/share/rmw_implementation_cmake/cmake)
[0.395s] -- Found rmw_fastrtps_cpp: 6.2.7 (/opt/ros/humble/share/rmw_fastrtps_cpp/cmake)
[0.498s] -- Using RMW implementation 'rmw_fastrtps_cpp' as default
[0.551s] -- Found rosidl_default_generators: 1.2.0 (/opt/ros/humble/share/rosidl_default_generators/cmake)
[0.842s] -- Found ament_cmake_ros: 0.10.0 (/opt/ros/humble/share/ament_cmake_ros/cmake)
[1.092s] -- Using all available rosidl_typesupport_c: rosidl_typesupport_fastrtps_c;rosidl_typesupport_introspection_c
[1.185s] -- Using all available rosidl_typesupport_cpp: rosidl_typesupport_fastrtps_cpp;rosidl_typesupport_introspection_cpp
[1.202s] -- Found python_cmake_module: 0.10.0 (/opt/ros/humble/share/python_cmake_module/cmake)
[1.219s] -- Using PYTHON_EXECUTABLE: /home/ddon/miniconda3/bin/python3
[1.219s] -- Using PYTHON_INCLUDE_DIRS: /home/ddon/miniconda3/include/python3.12
[1.219s] -- Using PYTHON_LIBRARIES: /home/ddon/miniconda3/lib/libpython3.12.so
[1.431s] -- Using numpy include directory: /home/ddon/miniconda3/lib/python3.12/site-packages/numpy/core/include
[1.450s] -- Configuring done
[1.502s] -- Generating done
[1.513s] -- Build files have been written to: /home/ddon/software_robocon_2025/build/robot_interfaces
[1.538s] [  1%] [34m[1mGenerating C code for ROS interfaces[0m
[1.546s] [  2%] [34m[1mGenerating C++ code for ROS interfaces[0m
[1.561s] [  2%] Built target ament_cmake_python_copy_robot_interfaces
[1.865s] running egg_info
[1.890s] writing robot_interfaces.egg-info/PKG-INFO
[1.890s] writing dependency_links to robot_interfaces.egg-info/dependency_links.txt
[1.891s] writing top-level names to robot_interfaces.egg-info/top_level.txt
[1.968s] reading manifest file 'robot_interfaces.egg-info/SOURCES.txt'
[1.969s] writing manifest file 'robot_interfaces.egg-info/SOURCES.txt'
[2.025s] [  2%] Built target ament_cmake_python_build_robot_interfaces_egg
[2.190s] [35m[1mConsolidate compiler generated dependencies of target robot_interfaces__rosidl_generator_c[0m
[2.206s] [  3%] [32mBuilding C object CMakeFiles/robot_interfaces__rosidl_generator_c.dir/rosidl_generator_c/robot_interfaces/msg/detail/imu__functions.c.o[0m
[2.206s] [  4%] [32mBuilding C object CMakeFiles/robot_interfaces__rosidl_generator_c.dir/rosidl_generator_c/robot_interfaces/msg/detail/base_cmd__functions.c.o[0m
[2.216s] [  6%] [32mBuilding C object CMakeFiles/robot_interfaces__rosidl_generator_c.dir/rosidl_generator_c/robot_interfaces/srv/detail/rotate_base__functions.c.o[0m
[2.221s] [  7%] [32mBuilding C object CMakeFiles/robot_interfaces__rosidl_generator_c.dir/rosidl_generator_c/robot_interfaces/srv/detail/push_ball__functions.c.o[0m
[2.232s] [  8%] [32mBuilding C object CMakeFiles/robot_interfaces__rosidl_generator_c.dir/rosidl_generator_c/robot_interfaces/srv/detail/control__functions.c.o[0m
[2.235s] [  9%] [32mBuilding C object CMakeFiles/robot_interfaces__rosidl_generator_c.dir/rosidl_generator_c/robot_interfaces/srv/detail/request_calculation__functions.c.o[0m
[2.241s] [ 11%] [32mBuilding C object CMakeFiles/robot_interfaces__rosidl_generator_c.dir/rosidl_generator_c/robot_interfaces/srv/detail/request_action__functions.c.o[0m
[2.247s] [ 11%] Built target robot_interfaces__cpp
[2.277s] [ 12%] [34m[1mGenerating C++ type support dispatch for ROS interfaces[0m
[2.312s] [ 14%] [34m[1mGenerating C++ type support for eProsima Fast-RTPS[0m
[2.313s] [ 14%] [34m[1mGenerating C++ introspection for ROS interfaces[0m
[2.327s] [ 16%] [32m[1mLinking C shared library librobot_interfaces__rosidl_generator_c.so[0m
[2.406s] [ 16%] Built target robot_interfaces__rosidl_generator_c
[2.425s] [ 17%] [34m[1mGenerating C type support for eProsima Fast-RTPS[0m
[2.427s] [ 18%] [34m[1mGenerating C type support dispatch for ROS interfaces[0m
[2.433s] [ 19%] [34m[1mGenerating C introspection for ROS interfaces[0m
[2.954s] [35m[1mConsolidate compiler generated dependencies of target robot_interfaces__rosidl_typesupport_cpp[0m
[2.988s] [ 20%] [32mBuilding CXX object CMakeFiles/robot_interfaces__rosidl_typesupport_cpp.dir/rosidl_typesupport_cpp/robot_interfaces/msg/base_cmd__type_support.cpp.o[0m
[2.989s] [ 22%] [32mBuilding CXX object CMakeFiles/robot_interfaces__rosidl_typesupport_cpp.dir/rosidl_typesupport_cpp/robot_interfaces/msg/imu__type_support.cpp.o[0m
[3.000s] [ 23%] [32mBuilding CXX object CMakeFiles/robot_interfaces__rosidl_typesupport_cpp.dir/rosidl_typesupport_cpp/robot_interfaces/srv/rotate_base__type_support.cpp.o[0m
[3.127s] [35m[1mConsolidate compiler generated dependencies of target robot_interfaces__rosidl_typesupport_c[0m
[3.151s] [ 24%] [32mBuilding CXX object CMakeFiles/robot_interfaces__rosidl_typesupport_c.dir/rosidl_typesupport_c/robot_interfaces/msg/base_cmd__type_support.cpp.o[0m
[3.196s] [ 25%] [32mBuilding CXX object CMakeFiles/robot_interfaces__rosidl_typesupport_c.dir/rosidl_typesupport_c/robot_interfaces/msg/imu__type_support.cpp.o[0m
[3.219s] [35m[1mConsolidate compiler generated dependencies of target robot_interfaces__rosidl_typesupport_introspection_cpp[0m
[3.249s] [ 27%] [32mBuilding CXX object CMakeFiles/robot_interfaces__rosidl_typesupport_introspection_cpp.dir/rosidl_typesupport_introspection_cpp/robot_interfaces/msg/detail/base_cmd__type_support.cpp.o[0m
[3.264s] [ 28%] [32mBuilding CXX object CMakeFiles/robot_interfaces__rosidl_typesupport_c.dir/rosidl_typesupport_c/robot_interfaces/srv/rotate_base__type_support.cpp.o[0m
[3.333s] [ 29%] [32mBuilding CXX object CMakeFiles/robot_interfaces__rosidl_typesupport_c.dir/rosidl_typesupport_c/robot_interfaces/srv/push_ball__type_support.cpp.o[0m
[3.412s] [35m[1mConsolidate compiler generated dependencies of target robot_interfaces__rosidl_typesupport_fastrtps_c[0m
[3.430s] [ 30%] [32mBuilding CXX object CMakeFiles/robot_interfaces__rosidl_typesupport_c.dir/rosidl_typesupport_c/robot_interfaces/srv/control__type_support.cpp.o[0m
[3.440s] [35m[1mConsolidate compiler generated dependencies of target robot_interfaces__rosidl_typesupport_introspection_c[0m
[3.446s] [ 32%] [32mBuilding CXX object CMakeFiles/robot_interfaces__rosidl_typesupport_fastrtps_c.dir/rosidl_typesupport_fastrtps_c/robot_interfaces/msg/detail/base_cmd__type_support_c.cpp.o[0m
[3.483s] [ 33%] [32mBuilding C object CMakeFiles/robot_interfaces__rosidl_typesupport_introspection_c.dir/rosidl_typesupport_introspection_c/robot_interfaces/msg/detail/base_cmd__type_support.c.o[0m
[3.501s] [ 34%] [32mBuilding CXX object CMakeFiles/robot_interfaces__rosidl_typesupport_c.dir/rosidl_typesupport_c/robot_interfaces/srv/request_calculation__type_support.cpp.o[0m
[3.511s] [35m[1mConsolidate compiler generated dependencies of target robot_interfaces__rosidl_typesupport_fastrtps_cpp[0m
[3.531s] [ 35%] [32mBuilding CXX object CMakeFiles/robot_interfaces__rosidl_typesupport_fastrtps_c.dir/rosidl_typesupport_fastrtps_c/robot_interfaces/msg/detail/imu__type_support_c.cpp.o[0m
[3.557s] [ 37%] [32mBuilding C object CMakeFiles/robot_interfaces__rosidl_typesupport_introspection_c.dir/rosidl_typesupport_introspection_c/robot_interfaces/msg/detail/imu__type_support.c.o[0m
[3.558s] [ 38%] [32mBuilding CXX object CMakeFiles/robot_interfaces__rosidl_typesupport_fastrtps_cpp.dir/rosidl_typesupport_fastrtps_cpp/robot_interfaces/msg/detail/dds_fastrtps/base_cmd__type_support.cpp.o[0m
[3.565s] [ 40%] [32mBuilding C object CMakeFiles/robot_interfaces__rosidl_typesupport_introspection_c.dir/rosidl_typesupport_introspection_c/robot_interfaces/srv/detail/rotate_base__type_support.c.o[0m
[3.565s] [ 40%] [32mBuilding CXX object CMakeFiles/robot_interfaces__rosidl_typesupport_c.dir/rosidl_typesupport_c/robot_interfaces/srv/request_action__type_support.cpp.o[0m
[3.577s] [ 41%] [32mBuilding CXX object CMakeFiles/robot_interfaces__rosidl_typesupport_cpp.dir/rosidl_typesupport_cpp/robot_interfaces/srv/push_ball__type_support.cpp.o[0m
[3.610s] [ 43%] [32mBuilding CXX object CMakeFiles/robot_interfaces__rosidl_typesupport_fastrtps_cpp.dir/rosidl_typesupport_fastrtps_cpp/robot_interfaces/msg/detail/dds_fastrtps/imu__type_support.cpp.o[0m
[3.642s] [ 44%] [32m[1mLinking CXX shared library librobot_interfaces__rosidl_typesupport_c.so[0m
[3.663s] [ 45%] [32mBuilding C object CMakeFiles/robot_interfaces__rosidl_typesupport_introspection_c.dir/rosidl_typesupport_introspection_c/robot_interfaces/srv/detail/push_ball__type_support.c.o[0m
[3.725s] [ 46%] [32mBuilding C object CMakeFiles/robot_interfaces__rosidl_typesupport_introspection_c.dir/rosidl_typesupport_introspection_c/robot_interfaces/srv/detail/control__type_support.c.o[0m
[3.774s] [ 46%] Built target robot_interfaces__rosidl_typesupport_c
[3.798s] [ 48%] [32mBuilding C object CMakeFiles/robot_interfaces__rosidl_typesupport_introspection_c.dir/rosidl_typesupport_introspection_c/robot_interfaces/srv/detail/request_calculation__type_support.c.o[0m
[3.799s] [ 49%] [32mBuilding CXX object CMakeFiles/robot_interfaces__rosidl_typesupport_fastrtps_cpp.dir/rosidl_typesupport_fastrtps_cpp/robot_interfaces/srv/detail/dds_fastrtps/rotate_base__type_support.cpp.o[0m
[3.884s] [ 50%] [32mBuilding CXX object CMakeFiles/robot_interfaces__rosidl_typesupport_introspection_cpp.dir/rosidl_typesupport_introspection_cpp/robot_interfaces/msg/detail/imu__type_support.cpp.o[0m
[3.894s] [ 51%] [32mBuilding C object CMakeFiles/robot_interfaces__rosidl_typesupport_introspection_c.dir/rosidl_typesupport_introspection_c/robot_interfaces/srv/detail/request_action__type_support.c.o[0m
[3.993s] [ 53%] [32m[1mLinking C shared library librobot_interfaces__rosidl_typesupport_introspection_c.so[0m
[4.096s] [ 53%] Built target robot_interfaces__rosidl_typesupport_introspection_c
[4.114s] [ 54%] [32mBuilding CXX object CMakeFiles/robot_interfaces__rosidl_typesupport_cpp.dir/rosidl_typesupport_cpp/robot_interfaces/srv/control__type_support.cpp.o[0m
[4.117s] [ 55%] [32mBuilding CXX object CMakeFiles/robot_interfaces__rosidl_typesupport_fastrtps_c.dir/rosidl_typesupport_fastrtps_c/robot_interfaces/srv/detail/rotate_base__type_support_c.cpp.o[0m
[4.192s] [ 56%] [32mBuilding CXX object CMakeFiles/robot_interfaces__rosidl_typesupport_fastrtps_c.dir/rosidl_typesupport_fastrtps_c/robot_interfaces/srv/detail/push_ball__type_support_c.cpp.o[0m
[4.387s] [ 58%] [32mBuilding CXX object CMakeFiles/robot_interfaces__rosidl_typesupport_fastrtps_c.dir/rosidl_typesupport_fastrtps_c/robot_interfaces/srv/detail/control__type_support_c.cpp.o[0m
[4.428s] [ 59%] [32mBuilding CXX object CMakeFiles/robot_interfaces__rosidl_typesupport_fastrtps_cpp.dir/rosidl_typesupport_fastrtps_cpp/robot_interfaces/srv/detail/dds_fastrtps/push_ball__type_support.cpp.o[0m
[4.515s] [ 60%] [32mBuilding CXX object CMakeFiles/robot_interfaces__rosidl_typesupport_fastrtps_cpp.dir/rosidl_typesupport_fastrtps_cpp/robot_interfaces/srv/detail/dds_fastrtps/control__type_support.cpp.o[0m
[4.516s] [ 61%] [32mBuilding CXX object CMakeFiles/robot_interfaces__rosidl_typesupport_cpp.dir/rosidl_typesupport_cpp/robot_interfaces/srv/request_calculation__type_support.cpp.o[0m
[4.559s] [ 62%] [32mBuilding CXX object CMakeFiles/robot_interfaces__rosidl_typesupport_fastrtps_c.dir/rosidl_typesupport_fastrtps_c/robot_interfaces/srv/detail/request_calculation__type_support_c.cpp.o[0m
[4.568s] [ 64%] [32mBuilding CXX object CMakeFiles/robot_interfaces__rosidl_typesupport_introspection_cpp.dir/rosidl_typesupport_introspection_cpp/robot_interfaces/srv/detail/rotate_base__type_support.cpp.o[0m
[4.874s] [ 65%] [32mBuilding CXX object CMakeFiles/robot_interfaces__rosidl_typesupport_fastrtps_c.dir/rosidl_typesupport_fastrtps_c/robot_interfaces/srv/detail/request_action__type_support_c.cpp.o[0m
[4.916s] [ 66%] [32mBuilding CXX object CMakeFiles/robot_interfaces__rosidl_typesupport_fastrtps_cpp.dir/rosidl_typesupport_fastrtps_cpp/robot_interfaces/srv/detail/dds_fastrtps/request_calculation__type_support.cpp.o[0m
[5.078s] [ 67%] [32mBuilding CXX object CMakeFiles/robot_interfaces__rosidl_typesupport_cpp.dir/rosidl_typesupport_cpp/robot_interfaces/srv/request_action__type_support.cpp.o[0m
[5.099s] [ 69%] [32mBuilding CXX object CMakeFiles/robot_interfaces__rosidl_typesupport_fastrtps_cpp.dir/rosidl_typesupport_fastrtps_cpp/robot_interfaces/srv/detail/dds_fastrtps/request_action__type_support.cpp.o[0m
[5.163s] [ 70%] [32mBuilding CXX object CMakeFiles/robot_interfaces__rosidl_typesupport_introspection_cpp.dir/rosidl_typesupport_introspection_cpp/robot_interfaces/srv/detail/push_ball__type_support.cpp.o[0m
[5.228s] [ 71%] [32mBuilding CXX object CMakeFiles/robot_interfaces__rosidl_typesupport_introspection_cpp.dir/rosidl_typesupport_introspection_cpp/robot_interfaces/srv/detail/control__type_support.cpp.o[0m
[5.460s] [ 72%] [32mBuilding CXX object CMakeFiles/robot_interfaces__rosidl_typesupport_introspection_cpp.dir/rosidl_typesupport_introspection_cpp/robot_interfaces/srv/detail/request_calculation__type_support.cpp.o[0m
[5.605s] [ 74%] [32mBuilding CXX object CMakeFiles/robot_interfaces__rosidl_typesupport_introspection_cpp.dir/rosidl_typesupport_introspection_cpp/robot_interfaces/srv/detail/request_action__type_support.cpp.o[0m
[5.661s] [ 75%] [32m[1mLinking CXX shared library librobot_interfaces__rosidl_typesupport_cpp.so[0m
[5.712s] [ 76%] [32m[1mLinking CXX shared library librobot_interfaces__rosidl_typesupport_fastrtps_c.so[0m
[5.777s] [ 76%] Built target robot_interfaces__rosidl_typesupport_cpp
[5.809s] [35m[1mConsolidate compiler generated dependencies of target uart_node[0m
[5.837s] [ 77%] [32m[1mLinking CXX shared library librobot_interfaces__rosidl_typesupport_fastrtps_cpp.so[0m
[5.840s] [ 79%] [32mBuilding CXX object CMakeFiles/uart_node.dir/src/MCU_Interface.cpp.o[0m
[5.910s] [ 79%] Built target robot_interfaces__rosidl_typesupport_fastrtps_c
[5.988s] [ 79%] Built target robot_interfaces__rosidl_typesupport_fastrtps_cpp
[6.145s] [ 80%] [32m[1mLinking CXX shared library librobot_interfaces__rosidl_typesupport_introspection_cpp.so[0m
[6.190s] [ 80%] Built target robot_interfaces__rosidl_typesupport_introspection_cpp
[6.209s] [ 80%] Built target robot_interfaces
[6.229s] [ 81%] [34m[1mGenerating Python code for ROS interfaces[0m
[7.290s] [ 81%] Built target robot_interfaces__py
[7.311s] [35m[1mConsolidate compiler generated dependencies of target robot_interfaces__rosidl_generator_py[0m
[7.354s] [ 83%] [32mBuilding C object CMakeFiles/robot_interfaces__rosidl_generator_py.dir/rosidl_generator_py/robot_interfaces/msg/_imu_s.c.o[0m
[7.355s] [ 83%] [32mBuilding C object CMakeFiles/robot_interfaces__rosidl_generator_py.dir/rosidl_generator_py/robot_interfaces/msg/_base_cmd_s.c.o[0m
[7.360s] [ 85%] [32mBuilding C object CMakeFiles/robot_interfaces__rosidl_generator_py.dir/rosidl_generator_py/robot_interfaces/srv/_rotate_base_s.c.o[0m
[7.363s] [ 86%] [32mBuilding C object CMakeFiles/robot_interfaces__rosidl_generator_py.dir/rosidl_generator_py/robot_interfaces/srv/_push_ball_s.c.o[0m
[7.363s] [ 87%] [32mBuilding C object CMakeFiles/robot_interfaces__rosidl_generator_py.dir/rosidl_generator_py/robot_interfaces/srv/_control_s.c.o[0m
[7.369s] [ 88%] [32mBuilding C object CMakeFiles/robot_interfaces__rosidl_generator_py.dir/rosidl_generator_py/robot_interfaces/srv/_request_action_s.c.o[0m
[7.373s] [ 90%] [32mBuilding C object CMakeFiles/robot_interfaces__rosidl_generator_py.dir/rosidl_generator_py/robot_interfaces/srv/_request_calculation_s.c.o[0m
[7.722s] [ 91%] [32m[1mLinking C shared library rosidl_generator_py/robot_interfaces/librobot_interfaces__rosidl_generator_py.so[0m
[7.777s] [ 91%] Built target robot_interfaces__rosidl_generator_py
[7.794s] [35m[1mConsolidate compiler generated dependencies of target robot_interfaces__rosidl_typesupport_c__pyext[0m
[7.794s] [35m[1mConsolidate compiler generated dependencies of target robot_interfaces__rosidl_typesupport_fastrtps_c__pyext[0m
[7.795s] [35m[1mConsolidate compiler generated dependencies of target robot_interfaces__rosidl_typesupport_introspection_c__pyext[0m
[7.808s] [ 93%] [32mBuilding C object CMakeFiles/robot_interfaces__rosidl_typesupport_fastrtps_c__pyext.dir/rosidl_generator_py/robot_interfaces/_robot_interfaces_s.ep.rosidl_typesupport_fastrtps_c.c.o[0m
[7.808s] [ 95%] [32mBuilding C object CMakeFiles/robot_interfaces__rosidl_typesupport_c__pyext.dir/rosidl_generator_py/robot_interfaces/_robot_interfaces_s.ep.rosidl_typesupport_c.c.o[0m
[7.809s] [ 93%] [32mBuilding C object CMakeFiles/robot_interfaces__rosidl_typesupport_introspection_c__pyext.dir/rosidl_generator_py/robot_interfaces/_robot_interfaces_s.ep.rosidl_typesupport_introspection_c.c.o[0m
[8.031s] [ 96%] [32m[1mLinking C shared library rosidl_generator_py/robot_interfaces/robot_interfaces_s__rosidl_typesupport_introspection_c.cpython-312-x86_64-linux-gnu.so[0m
[8.040s] [ 97%] [32m[1mLinking C shared library rosidl_generator_py/robot_interfaces/robot_interfaces_s__rosidl_typesupport_fastrtps_c.cpython-312-x86_64-linux-gnu.so[0m
[8.056s] [ 98%] [32m[1mLinking C shared library rosidl_generator_py/robot_interfaces/robot_interfaces_s__rosidl_typesupport_c.cpython-312-x86_64-linux-gnu.so[0m
[8.073s] [ 98%] Built target robot_interfaces__rosidl_typesupport_introspection_c__pyext
[8.098s] [ 98%] Built target robot_interfaces__rosidl_typesupport_fastrtps_c__pyext
[8.103s] [ 98%] Built target robot_interfaces__rosidl_typesupport_c__pyext
[16.073s] [100%] [32m[1mLinking CXX executable uart_node[0m
[16.565s] [100%] Built target uart_node
[16.576s] Invoked command in '/home/ddon/software_robocon_2025/build/robot_interfaces' returned '0': CMAKE_PREFIX_PATH=${CMAKE_PREFIX_PATH}:/opt/ros/humble CONDA_PROMPT_MODIFIER=(base) /usr/bin/cmake --build /home/ddon/software_robocon_2025/build/robot_interfaces -- -j8 -l8
[16.584s] Invoking command in '/home/ddon/software_robocon_2025/build/robot_interfaces': CMAKE_PREFIX_PATH=${CMAKE_PREFIX_PATH}:/opt/ros/humble CONDA_PROMPT_MODIFIER=(base) /usr/bin/cmake --install /home/ddon/software_robocon_2025/build/robot_interfaces
[16.591s] -- Install configuration: ""
[16.591s] -- Up-to-date: /home/ddon/software_robocon_2025/install/robot_interfaces/share/ament_index/resource_index/rosidl_interfaces/robot_interfaces
[16.591s] -- Up-to-date: /home/ddon/software_robocon_2025/install/robot_interfaces/include/robot_interfaces/robot_interfaces
[16.591s] -- Up-to-date: /home/ddon/software_robocon_2025/install/robot_interfaces/include/robot_interfaces/robot_interfaces/msg
[16.591s] -- Up-to-date: /home/ddon/software_robocon_2025/install/robot_interfaces/include/robot_interfaces/robot_interfaces/msg/detail
[16.591s] -- Installing: /home/ddon/software_robocon_2025/install/robot_interfaces/include/robot_interfaces/robot_interfaces/msg/detail/imu__type_support.h
[16.591s] -- Installing: /home/ddon/software_robocon_2025/install/robot_interfaces/include/robot_interfaces/robot_interfaces/msg/detail/imu__functions.h
[16.592s] -- Installing: /home/ddon/software_robocon_2025/install/robot_interfaces/include/robot_interfaces/robot_interfaces/msg/detail/base_cmd__functions.h
[16.592s] -- Installing: /home/ddon/software_robocon_2025/install/robot_interfaces/include/robot_interfaces/robot_interfaces/msg/detail/base_cmd__struct.h
[16.592s] -- Installing: /home/ddon/software_robocon_2025/install/robot_interfaces/include/robot_interfaces/robot_interfaces/msg/detail/base_cmd__type_support.h
[16.592s] -- Installing: /home/ddon/software_robocon_2025/install/robot_interfaces/include/robot_interfaces/robot_interfaces/msg/detail/imu__struct.h
[16.592s] -- Installing: /home/ddon/software_robocon_2025/install/robot_interfaces/include/robot_interfaces/robot_interfaces/msg/detail/base_cmd__functions.c
[16.592s] -- Installing: /home/ddon/software_robocon_2025/install/robot_interfaces/include/robot_interfaces/robot_interfaces/msg/detail/imu__functions.c
[16.592s] -- Installing: /home/ddon/software_robocon_2025/install/robot_interfaces/include/robot_interfaces/robot_interfaces/msg/imu.h
[16.592s] -- Installing: /home/ddon/software_robocon_2025/install/robot_interfaces/include/robot_interfaces/robot_interfaces/msg/base_cmd.h
[16.593s] -- Up-to-date: /home/ddon/software_robocon_2025/install/robot_interfaces/include/robot_interfaces/robot_interfaces/msg/rosidl_generator_c__visibility_control.h
[16.593s] -- Up-to-date: /home/ddon/software_robocon_2025/install/robot_interfaces/include/robot_interfaces/robot_interfaces/srv
[16.593s] -- Up-to-date: /home/ddon/software_robocon_2025/install/robot_interfaces/include/robot_interfaces/robot_interfaces/srv/detail
[16.593s] -- Installing: /home/ddon/software_robocon_2025/install/robot_interfaces/include/robot_interfaces/robot_interfaces/srv/detail/request_calculation__functions.c
[16.593s] -- Installing: /home/ddon/software_robocon_2025/install/robot_interfaces/include/robot_interfaces/robot_interfaces/srv/detail/rotate_base__type_support.h
[16.593s] -- Installing: /home/ddon/software_robocon_2025/install/robot_interfaces/include/robot_interfaces/robot_interfaces/srv/detail/push_ball__type_support.h
[16.593s] -- Installing: /home/ddon/software_robocon_2025/install/robot_interfaces/include/robot_interfaces/robot_interfaces/srv/detail/push_ball__functions.h
[16.593s] -- Installing: /home/ddon/software_robocon_2025/install/robot_interfaces/include/robot_interfaces/robot_interfaces/srv/detail/rotate_base__functions.h
[16.594s] -- Installing: /home/ddon/software_robocon_2025/install/robot_interfaces/include/robot_interfaces/robot_interfaces/srv/detail/control__type_support.h
[16.594s] -- Installing: /home/ddon/software_robocon_2025/install/robot_interfaces/include/robot_interfaces/robot_interfaces/srv/detail/control__functions.c
[16.594s] -- Installing: /home/ddon/software_robocon_2025/install/robot_interfaces/include/robot_interfaces/robot_interfaces/srv/detail/push_ball__functions.c
[16.594s] -- Installing: /home/ddon/software_robocon_2025/install/robot_interfaces/include/robot_interfaces/robot_interfaces/srv/detail/request_calculation__functions.h
[16.594s] -- Installing: /home/ddon/software_robocon_2025/install/robot_interfaces/include/robot_interfaces/robot_interfaces/srv/detail/request_calculation__type_support.h
[16.594s] -- Installing: /home/ddon/software_robocon_2025/install/robot_interfaces/include/robot_interfaces/robot_interfaces/srv/detail/request_action__functions.h
[16.594s] -- Installing: /home/ddon/software_robocon_2025/install/robot_interfaces/include/robot_interfaces/robot_interfaces/srv/detail/request_action__functions.c
[16.594s] -- Installing: /home/ddon/software_robocon_2025/install/robot_interfaces/include/robot_interfaces/robot_interfaces/srv/detail/push_ball__struct.h
[16.594s] -- Installing: /home/ddon/software_robocon_2025/install/robot_interfaces/include/robot_interfaces/robot_interfaces/srv/detail/control__functions.h
[16.594s] -- Installing: /home/ddon/software_robocon_2025/install/robot_interfaces/include/robot_interfaces/robot_interfaces/srv/detail/control__struct.h
[16.595s] -- Installing: /home/ddon/software_robocon_2025/install/robot_interfaces/include/robot_interfaces/robot_interfaces/srv/detail/rotate_base__struct.h
[16.595s] -- Installing: /home/ddon/software_robocon_2025/install/robot_interfaces/include/robot_interfaces/robot_interfaces/srv/detail/rotate_base__functions.c
[16.595s] -- Installing: /home/ddon/software_robocon_2025/install/robot_interfaces/include/robot_interfaces/robot_interfaces/srv/detail/request_action__type_support.h
[16.595s] -- Installing: /home/ddon/software_robocon_2025/install/robot_interfaces/include/robot_interfaces/robot_interfaces/srv/detail/request_action__struct.h
[16.595s] -- Installing: /home/ddon/software_robocon_2025/install/robot_interfaces/include/robot_interfaces/robot_interfaces/srv/detail/request_calculation__struct.h
[16.595s] -- Installing: /home/ddon/software_robocon_2025/install/robot_interfaces/include/robot_interfaces/robot_interfaces/srv/control.h
[16.595s] -- Installing: /home/ddon/software_robocon_2025/install/robot_interfaces/include/robot_interfaces/robot_interfaces/srv/rotate_base.h
[16.595s] -- Installing: /home/ddon/software_robocon_2025/install/robot_interfaces/include/robot_interfaces/robot_interfaces/srv/request_action.h
[16.596s] -- Installing: /home/ddon/software_robocon_2025/install/robot_interfaces/include/robot_interfaces/robot_interfaces/srv/request_calculation.h
[16.596s] -- Installing: /home/ddon/software_robocon_2025/install/robot_interfaces/include/robot_interfaces/robot_interfaces/srv/push_ball.h
[16.596s] -- Up-to-date: /home/ddon/software_robocon_2025/install/robot_interfaces/share/robot_interfaces/environment/library_path.sh
[16.596s] -- Installing: /home/ddon/software_robocon_2025/install/robot_interfaces/share/robot_interfaces/environment/library_path.dsv
[16.596s] -- Installing: /home/ddon/software_robocon_2025/install/robot_interfaces/lib/librobot_interfaces__rosidl_generator_c.so
[16.596s] -- Set runtime path of "/home/ddon/software_robocon_2025/install/robot_interfaces/lib/librobot_interfaces__rosidl_generator_c.so" to ""
[16.596s] -- Up-to-date: /home/ddon/software_robocon_2025/install/robot_interfaces/include/robot_interfaces/robot_interfaces
[16.596s] -- Up-to-date: /home/ddon/software_robocon_2025/install/robot_interfaces/include/robot_interfaces/robot_interfaces/msg
[16.596s] -- Up-to-date: /home/ddon/software_robocon_2025/install/robot_interfaces/include/robot_interfaces/robot_interfaces/msg/rosidl_typesupport_fastrtps_c__visibility_control.h
[16.596s] -- Up-to-date: /home/ddon/software_robocon_2025/install/robot_interfaces/include/robot_interfaces/robot_interfaces/msg/detail
[16.597s] -- Installing: /home/ddon/software_robocon_2025/install/robot_interfaces/include/robot_interfaces/robot_interfaces/msg/detail/imu__rosidl_typesupport_fastrtps_c.h
[16.597s] -- Installing: /home/ddon/software_robocon_2025/install/robot_interfaces/include/robot_interfaces/robot_interfaces/msg/detail/base_cmd__rosidl_typesupport_fastrtps_c.h
[16.597s] -- Up-to-date: /home/ddon/software_robocon_2025/install/robot_interfaces/include/robot_interfaces/robot_interfaces/srv
[16.597s] -- Up-to-date: /home/ddon/software_robocon_2025/install/robot_interfaces/include/robot_interfaces/robot_interfaces/srv/detail
[16.597s] -- Installing: /home/ddon/software_robocon_2025/install/robot_interfaces/include/robot_interfaces/robot_interfaces/srv/detail/request_action__rosidl_typesupport_fastrtps_c.h
[16.597s] -- Installing: /home/ddon/software_robocon_2025/install/robot_interfaces/include/robot_interfaces/robot_interfaces/srv/detail/rotate_base__rosidl_typesupport_fastrtps_c.h
[16.597s] -- Installing: /home/ddon/software_robocon_2025/install/robot_interfaces/include/robot_interfaces/robot_interfaces/srv/detail/push_ball__rosidl_typesupport_fastrtps_c.h
[16.597s] -- Installing: /home/ddon/software_robocon_2025/install/robot_interfaces/include/robot_interfaces/robot_interfaces/srv/detail/request_calculation__rosidl_typesupport_fastrtps_c.h
[16.597s] -- Installing: /home/ddon/software_robocon_2025/install/robot_interfaces/include/robot_interfaces/robot_interfaces/srv/detail/control__rosidl_typesupport_fastrtps_c.h
[16.598s] -- Installing: /home/ddon/software_robocon_2025/install/robot_interfaces/lib/librobot_interfaces__rosidl_typesupport_fastrtps_c.so
[16.598s] -- Set runtime path of "/home/ddon/software_robocon_2025/install/robot_interfaces/lib/librobot_interfaces__rosidl_typesupport_fastrtps_c.so" to ""
[16.598s] -- Up-to-date: /home/ddon/software_robocon_2025/install/robot_interfaces/include/robot_interfaces/robot_interfaces
[16.598s] -- Up-to-date: /home/ddon/software_robocon_2025/install/robot_interfaces/include/robot_interfaces/robot_interfaces/msg
[16.598s] -- Up-to-date: /home/ddon/software_robocon_2025/install/robot_interfaces/include/robot_interfaces/robot_interfaces/msg/detail
[16.598s] -- Installing: /home/ddon/software_robocon_2025/install/robot_interfaces/include/robot_interfaces/robot_interfaces/msg/detail/imu__type_support.hpp
[16.598s] -- Installing: /home/ddon/software_robocon_2025/install/robot_interfaces/include/robot_interfaces/robot_interfaces/msg/detail/imu__traits.hpp
[16.598s] -- Installing: /home/ddon/software_robocon_2025/install/robot_interfaces/include/robot_interfaces/robot_interfaces/msg/detail/base_cmd__struct.hpp
[16.599s] -- Installing: /home/ddon/software_robocon_2025/install/robot_interfaces/include/robot_interfaces/robot_interfaces/msg/detail/imu__builder.hpp
[16.599s] -- Installing: /home/ddon/software_robocon_2025/install/robot_interfaces/include/robot_interfaces/robot_interfaces/msg/detail/base_cmd__builder.hpp
[16.599s] -- Installing: /home/ddon/software_robocon_2025/install/robot_interfaces/include/robot_interfaces/robot_interfaces/msg/detail/imu__struct.hpp
[16.599s] -- Installing: /home/ddon/software_robocon_2025/install/robot_interfaces/include/robot_interfaces/robot_interfaces/msg/detail/base_cmd__traits.hpp
[16.599s] -- Installing: /home/ddon/software_robocon_2025/install/robot_interfaces/include/robot_interfaces/robot_interfaces/msg/detail/base_cmd__type_support.hpp
[16.599s] -- Installing: /home/ddon/software_robocon_2025/install/robot_interfaces/include/robot_interfaces/robot_interfaces/msg/base_cmd.hpp
[16.599s] -- Installing: /home/ddon/software_robocon_2025/install/robot_interfaces/include/robot_interfaces/robot_interfaces/msg/imu.hpp
[16.599s] -- Up-to-date: /home/ddon/software_robocon_2025/install/robot_interfaces/include/robot_interfaces/robot_interfaces/msg/rosidl_generator_cpp__visibility_control.hpp
[16.599s] -- Up-to-date: /home/ddon/software_robocon_2025/install/robot_interfaces/include/robot_interfaces/robot_interfaces/srv
[16.600s] -- Up-to-date: /home/ddon/software_robocon_2025/install/robot_interfaces/include/robot_interfaces/robot_interfaces/srv/detail
[16.600s] -- Installing: /home/ddon/software_robocon_2025/install/robot_interfaces/include/robot_interfaces/robot_interfaces/srv/detail/request_calculation__type_support.hpp
[16.600s] -- Installing: /home/ddon/software_robocon_2025/install/robot_interfaces/include/robot_interfaces/robot_interfaces/srv/detail/rotate_base__builder.hpp
[16.600s] -- Installing: /home/ddon/software_robocon_2025/install/robot_interfaces/include/robot_interfaces/robot_interfaces/srv/detail/push_ball__struct.hpp
[16.600s] -- Installing: /home/ddon/software_robocon_2025/install/robot_interfaces/include/robot_interfaces/robot_interfaces/srv/detail/rotate_base__traits.hpp
[16.600s] -- Installing: /home/ddon/software_robocon_2025/install/robot_interfaces/include/robot_interfaces/robot_interfaces/srv/detail/control__traits.hpp
[16.600s] -- Installing: /home/ddon/software_robocon_2025/install/robot_interfaces/include/robot_interfaces/robot_interfaces/srv/detail/push_ball__type_support.hpp
[16.600s] -- Installing: /home/ddon/software_robocon_2025/install/robot_interfaces/include/robot_interfaces/robot_interfaces/srv/detail/control__builder.hpp
[16.600s] -- Installing: /home/ddon/software_robocon_2025/install/robot_interfaces/include/robot_interfaces/robot_interfaces/srv/detail/control__struct.hpp
[16.601s] -- Installing: /home/ddon/software_robocon_2025/install/robot_interfaces/include/robot_interfaces/robot_interfaces/srv/detail/push_ball__builder.hpp
[16.601s] -- Installing: /home/ddon/software_robocon_2025/install/robot_interfaces/include/robot_interfaces/robot_interfaces/srv/detail/request_action__builder.hpp
[16.601s] -- Installing: /home/ddon/software_robocon_2025/install/robot_interfaces/include/robot_interfaces/robot_interfaces/srv/detail/rotate_base__struct.hpp
[16.601s] -- Installing: /home/ddon/software_robocon_2025/install/robot_interfaces/include/robot_interfaces/robot_interfaces/srv/detail/request_calculation__struct.hpp
[16.601s] -- Installing: /home/ddon/software_robocon_2025/install/robot_interfaces/include/robot_interfaces/robot_interfaces/srv/detail/request_action__traits.hpp
[16.601s] -- Installing: /home/ddon/software_robocon_2025/install/robot_interfaces/include/robot_interfaces/robot_interfaces/srv/detail/request_calculation__traits.hpp
[16.601s] -- Installing: /home/ddon/software_robocon_2025/install/robot_interfaces/include/robot_interfaces/robot_interfaces/srv/detail/control__type_support.hpp
[16.601s] -- Installing: /home/ddon/software_robocon_2025/install/robot_interfaces/include/robot_interfaces/robot_interfaces/srv/detail/push_ball__traits.hpp
[16.601s] -- Installing: /home/ddon/software_robocon_2025/install/robot_interfaces/include/robot_interfaces/robot_interfaces/srv/detail/request_calculation__builder.hpp
[16.602s] -- Installing: /home/ddon/software_robocon_2025/install/robot_interfaces/include/robot_interfaces/robot_interfaces/srv/detail/request_action__struct.hpp
[16.602s] -- Installing: /home/ddon/software_robocon_2025/install/robot_interfaces/include/robot_interfaces/robot_interfaces/srv/detail/rotate_base__type_support.hpp
[16.602s] -- Installing: /home/ddon/software_robocon_2025/install/robot_interfaces/include/robot_interfaces/robot_interfaces/srv/detail/request_action__type_support.hpp
[16.602s] -- Installing: /home/ddon/software_robocon_2025/install/robot_interfaces/include/robot_interfaces/robot_interfaces/srv/request_calculation.hpp
[16.602s] -- Installing: /home/ddon/software_robocon_2025/install/robot_interfaces/include/robot_interfaces/robot_interfaces/srv/control.hpp
[16.602s] -- Installing: /home/ddon/software_robocon_2025/install/robot_interfaces/include/robot_interfaces/robot_interfaces/srv/rotate_base.hpp
[16.602s] -- Installing: /home/ddon/software_robocon_2025/install/robot_interfaces/include/robot_interfaces/robot_interfaces/srv/request_action.hpp
[16.602s] -- Installing: /home/ddon/software_robocon_2025/install/robot_interfaces/include/robot_interfaces/robot_interfaces/srv/push_ball.hpp
[16.602s] -- Up-to-date: /home/ddon/software_robocon_2025/install/robot_interfaces/include/robot_interfaces/robot_interfaces
[16.603s] -- Up-to-date: /home/ddon/software_robocon_2025/install/robot_interfaces/include/robot_interfaces/robot_interfaces/msg
[16.603s] -- Up-to-date: /home/ddon/software_robocon_2025/install/robot_interfaces/include/robot_interfaces/robot_interfaces/msg/detail
[16.603s] -- Installing: /home/ddon/software_robocon_2025/install/robot_interfaces/include/robot_interfaces/robot_interfaces/msg/detail/base_cmd__rosidl_typesupport_fastrtps_cpp.hpp
[16.603s] -- Installing: /home/ddon/software_robocon_2025/install/robot_interfaces/include/robot_interfaces/robot_interfaces/msg/detail/imu__rosidl_typesupport_fastrtps_cpp.hpp
[16.603s] -- Up-to-date: /home/ddon/software_robocon_2025/install/robot_interfaces/include/robot_interfaces/robot_interfaces/msg/detail/dds_fastrtps
[16.603s] -- Up-to-date: /home/ddon/software_robocon_2025/install/robot_interfaces/include/robot_interfaces/robot_interfaces/msg/rosidl_typesupport_fastrtps_cpp__visibility_control.h
[16.603s] -- Up-to-date: /home/ddon/software_robocon_2025/install/robot_interfaces/include/robot_interfaces/robot_interfaces/srv
[16.603s] -- Up-to-date: /home/ddon/software_robocon_2025/install/robot_interfaces/include/robot_interfaces/robot_interfaces/srv/detail
[16.603s] -- Installing: /home/ddon/software_robocon_2025/install/robot_interfaces/include/robot_interfaces/robot_interfaces/srv/detail/push_ball__rosidl_typesupport_fastrtps_cpp.hpp
[16.603s] -- Installing: /home/ddon/software_robocon_2025/install/robot_interfaces/include/robot_interfaces/robot_interfaces/srv/detail/control__rosidl_typesupport_fastrtps_cpp.hpp
[16.604s] -- Installing: /home/ddon/software_robocon_2025/install/robot_interfaces/include/robot_interfaces/robot_interfaces/srv/detail/request_action__rosidl_typesupport_fastrtps_cpp.hpp
[16.604s] -- Up-to-date: /home/ddon/software_robocon_2025/install/robot_interfaces/include/robot_interfaces/robot_interfaces/srv/detail/dds_fastrtps
[16.604s] -- Installing: /home/ddon/software_robocon_2025/install/robot_interfaces/include/robot_interfaces/robot_interfaces/srv/detail/rotate_base__rosidl_typesupport_fastrtps_cpp.hpp
[16.604s] -- Installing: /home/ddon/software_robocon_2025/install/robot_interfaces/include/robot_interfaces/robot_interfaces/srv/detail/request_calculation__rosidl_typesupport_fastrtps_cpp.hpp
[16.604s] -- Installing: /home/ddon/software_robocon_2025/install/robot_interfaces/lib/librobot_interfaces__rosidl_typesupport_fastrtps_cpp.so
[16.604s] -- Set runtime path of "/home/ddon/software_robocon_2025/install/robot_interfaces/lib/librobot_interfaces__rosidl_typesupport_fastrtps_cpp.so" to ""
[16.604s] -- Up-to-date: /home/ddon/software_robocon_2025/install/robot_interfaces/include/robot_interfaces/robot_interfaces
[16.604s] -- Up-to-date: /home/ddon/software_robocon_2025/install/robot_interfaces/include/robot_interfaces/robot_interfaces/msg
[16.604s] -- Up-to-date: /home/ddon/software_robocon_2025/install/robot_interfaces/include/robot_interfaces/robot_interfaces/msg/detail
[16.604s] -- Installing: /home/ddon/software_robocon_2025/install/robot_interfaces/include/robot_interfaces/robot_interfaces/msg/detail/imu__rosidl_typesupport_introspection_c.h
[16.604s] -- Installing: /home/ddon/software_robocon_2025/install/robot_interfaces/include/robot_interfaces/robot_interfaces/msg/detail/base_cmd__type_support.c
[16.605s] -- Installing: /home/ddon/software_robocon_2025/install/robot_interfaces/include/robot_interfaces/robot_interfaces/msg/detail/base_cmd__rosidl_typesupport_introspection_c.h
[16.605s] -- Installing: /home/ddon/software_robocon_2025/install/robot_interfaces/include/robot_interfaces/robot_interfaces/msg/detail/imu__type_support.c
[16.605s] -- Up-to-date: /home/ddon/software_robocon_2025/install/robot_interfaces/include/robot_interfaces/robot_interfaces/msg/rosidl_typesupport_introspection_c__visibility_control.h
[16.605s] -- Up-to-date: /home/ddon/software_robocon_2025/install/robot_interfaces/include/robot_interfaces/robot_interfaces/srv
[16.605s] -- Up-to-date: /home/ddon/software_robocon_2025/install/robot_interfaces/include/robot_interfaces/robot_interfaces/srv/detail
[16.605s] -- Installing: /home/ddon/software_robocon_2025/install/robot_interfaces/include/robot_interfaces/robot_interfaces/srv/detail/request_action__type_support.c
[16.605s] -- Installing: /home/ddon/software_robocon_2025/install/robot_interfaces/include/robot_interfaces/robot_interfaces/srv/detail/push_ball__rosidl_typesupport_introspection_c.h
[16.605s] -- Installing: /home/ddon/software_robocon_2025/install/robot_interfaces/include/robot_interfaces/robot_interfaces/srv/detail/control__type_support.c
[16.606s] -- Installing: /home/ddon/software_robocon_2025/install/robot_interfaces/include/robot_interfaces/robot_interfaces/srv/detail/rotate_base__rosidl_typesupport_introspection_c.h
[16.606s] -- Installing: /home/ddon/software_robocon_2025/install/robot_interfaces/include/robot_interfaces/robot_interfaces/srv/detail/push_ball__type_support.c
[16.606s] -- Installing: /home/ddon/software_robocon_2025/install/robot_interfaces/include/robot_interfaces/robot_interfaces/srv/detail/request_calculation__rosidl_typesupport_introspection_c.h
[16.606s] -- Installing: /home/ddon/software_robocon_2025/install/robot_interfaces/include/robot_interfaces/robot_interfaces/srv/detail/control__rosidl_typesupport_introspection_c.h
[16.606s] -- Installing: /home/ddon/software_robocon_2025/install/robot_interfaces/include/robot_interfaces/robot_interfaces/srv/detail/request_calculation__type_support.c
[16.606s] -- Installing: /home/ddon/software_robocon_2025/install/robot_interfaces/include/robot_interfaces/robot_interfaces/srv/detail/request_action__rosidl_typesupport_introspection_c.h
[16.606s] -- Installing: /home/ddon/software_robocon_2025/install/robot_interfaces/include/robot_interfaces/robot_interfaces/srv/detail/rotate_base__type_support.c
[16.606s] -- Installing: /home/ddon/software_robocon_2025/install/robot_interfaces/lib/librobot_interfaces__rosidl_typesupport_introspection_c.so
[16.606s] -- Set runtime path of "/home/ddon/software_robocon_2025/install/robot_interfaces/lib/librobot_interfaces__rosidl_typesupport_introspection_c.so" to ""
[16.607s] -- Installing: /home/ddon/software_robocon_2025/install/robot_interfaces/lib/librobot_interfaces__rosidl_typesupport_c.so
[16.607s] -- Set runtime path of "/home/ddon/software_robocon_2025/install/robot_interfaces/lib/librobot_interfaces__rosidl_typesupport_c.so" to ""
[16.607s] -- Up-to-date: /home/ddon/software_robocon_2025/install/robot_interfaces/include/robot_interfaces/robot_interfaces
[16.607s] -- Up-to-date: /home/ddon/software_robocon_2025/install/robot_interfaces/include/robot_interfaces/robot_interfaces/msg
[16.607s] -- Up-to-date: /home/ddon/software_robocon_2025/install/robot_interfaces/include/robot_interfaces/robot_interfaces/msg/detail
[16.607s] -- Installing: /home/ddon/software_robocon_2025/install/robot_interfaces/include/robot_interfaces/robot_interfaces/msg/detail/imu__type_support.cpp
[16.607s] -- Installing: /home/ddon/software_robocon_2025/install/robot_interfaces/include/robot_interfaces/robot_interfaces/msg/detail/base_cmd__type_support.cpp
[16.607s] -- Installing: /home/ddon/software_robocon_2025/install/robot_interfaces/include/robot_interfaces/robot_interfaces/msg/detail/imu__rosidl_typesupport_introspection_cpp.hpp
[16.607s] -- Installing: /home/ddon/software_robocon_2025/install/robot_interfaces/include/robot_interfaces/robot_interfaces/msg/detail/base_cmd__rosidl_typesupport_introspection_cpp.hpp
[16.607s] -- Up-to-date: /home/ddon/software_robocon_2025/install/robot_interfaces/include/robot_interfaces/robot_interfaces/srv
[16.608s] -- Up-to-date: /home/ddon/software_robocon_2025/install/robot_interfaces/include/robot_interfaces/robot_interfaces/srv/detail
[16.608s] -- Installing: /home/ddon/software_robocon_2025/install/robot_interfaces/include/robot_interfaces/robot_interfaces/srv/detail/push_ball__rosidl_typesupport_introspection_cpp.hpp
[16.608s] -- Installing: /home/ddon/software_robocon_2025/install/robot_interfaces/include/robot_interfaces/robot_interfaces/srv/detail/request_action__rosidl_typesupport_introspection_cpp.hpp
[16.608s] -- Installing: /home/ddon/software_robocon_2025/install/robot_interfaces/include/robot_interfaces/robot_interfaces/srv/detail/rotate_base__rosidl_typesupport_introspection_cpp.hpp
[16.608s] -- Installing: /home/ddon/software_robocon_2025/install/robot_interfaces/include/robot_interfaces/robot_interfaces/srv/detail/control__type_support.cpp
[16.608s] -- Installing: /home/ddon/software_robocon_2025/install/robot_interfaces/include/robot_interfaces/robot_interfaces/srv/detail/push_ball__type_support.cpp
[16.608s] -- Installing: /home/ddon/software_robocon_2025/install/robot_interfaces/include/robot_interfaces/robot_interfaces/srv/detail/control__rosidl_typesupport_introspection_cpp.hpp
[16.608s] -- Installing: /home/ddon/software_robocon_2025/install/robot_interfaces/include/robot_interfaces/robot_interfaces/srv/detail/request_calculation__rosidl_typesupport_introspection_cpp.hpp
[16.608s] -- Installing: /home/ddon/software_robocon_2025/install/robot_interfaces/include/robot_interfaces/robot_interfaces/srv/detail/request_calculation__type_support.cpp
[16.609s] -- Installing: /home/ddon/software_robocon_2025/install/robot_interfaces/include/robot_interfaces/robot_interfaces/srv/detail/request_action__type_support.cpp
[16.609s] -- Installing: /home/ddon/software_robocon_2025/install/robot_interfaces/include/robot_interfaces/robot_interfaces/srv/detail/rotate_base__type_support.cpp
[16.609s] -- Installing: /home/ddon/software_robocon_2025/install/robot_interfaces/lib/librobot_interfaces__rosidl_typesupport_introspection_cpp.so
[16.609s] -- Set runtime path of "/home/ddon/software_robocon_2025/install/robot_interfaces/lib/librobot_interfaces__rosidl_typesupport_introspection_cpp.so" to ""
[16.609s] -- Installing: /home/ddon/software_robocon_2025/install/robot_interfaces/lib/librobot_interfaces__rosidl_typesupport_cpp.so
[16.609s] -- Set runtime path of "/home/ddon/software_robocon_2025/install/robot_interfaces/lib/librobot_interfaces__rosidl_typesupport_cpp.so" to ""
[16.609s] -- Up-to-date: /home/ddon/software_robocon_2025/install/robot_interfaces/share/robot_interfaces/environment/pythonpath.sh
[16.609s] -- Installing: /home/ddon/software_robocon_2025/install/robot_interfaces/share/robot_interfaces/environment/pythonpath.dsv
[16.609s] -- Up-to-date: /home/ddon/software_robocon_2025/install/robot_interfaces/lib/python3.12/site-packages/robot_interfaces-0.0.0-py3.12.egg-info
[16.610s] -- Installing: /home/ddon/software_robocon_2025/install/robot_interfaces/lib/python3.12/site-packages/robot_interfaces-0.0.0-py3.12.egg-info/dependency_links.txt
[16.610s] -- Installing: /home/ddon/software_robocon_2025/install/robot_interfaces/lib/python3.12/site-packages/robot_interfaces-0.0.0-py3.12.egg-info/PKG-INFO
[16.610s] -- Installing: /home/ddon/software_robocon_2025/install/robot_interfaces/lib/python3.12/site-packages/robot_interfaces-0.0.0-py3.12.egg-info/top_level.txt
[16.610s] -- Installing: /home/ddon/software_robocon_2025/install/robot_interfaces/lib/python3.12/site-packages/robot_interfaces-0.0.0-py3.12.egg-info/SOURCES.txt
[16.610s] -- Up-to-date: /home/ddon/software_robocon_2025/install/robot_interfaces/lib/python3.12/site-packages/robot_interfaces
[16.610s] -- Up-to-date: /home/ddon/software_robocon_2025/install/robot_interfaces/lib/python3.12/site-packages/robot_interfaces/msg
[16.610s] -- Installing: /home/ddon/software_robocon_2025/install/robot_interfaces/lib/python3.12/site-packages/robot_interfaces/msg/_base_cmd.py
[16.610s] -- Installing: /home/ddon/software_robocon_2025/install/robot_interfaces/lib/python3.12/site-packages/robot_interfaces/msg/_imu_s.c
[16.610s] -- Installing: /home/ddon/software_robocon_2025/install/robot_interfaces/lib/python3.12/site-packages/robot_interfaces/msg/_imu.py
[16.611s] -- Installing: /home/ddon/software_robocon_2025/install/robot_interfaces/lib/python3.12/site-packages/robot_interfaces/msg/_base_cmd_s.c
[16.611s] -- Installing: /home/ddon/software_robocon_2025/install/robot_interfaces/lib/python3.12/site-packages/robot_interfaces/msg/__init__.py
[16.611s] -- Installing: /home/ddon/software_robocon_2025/install/robot_interfaces/lib/python3.12/site-packages/robot_interfaces/_robot_interfaces_s.ep.rosidl_typesupport_c.c
[16.611s] -- Installing: /home/ddon/software_robocon_2025/install/robot_interfaces/lib/python3.12/site-packages/robot_interfaces/_robot_interfaces_s.ep.rosidl_typesupport_introspection_c.c
[16.611s] -- Installing: /home/ddon/software_robocon_2025/install/robot_interfaces/lib/python3.12/site-packages/robot_interfaces/robot_interfaces_s__rosidl_typesupport_fastrtps_c.cpython-312-x86_64-linux-gnu.so
[16.611s] -- Installing: /home/ddon/software_robocon_2025/install/robot_interfaces/lib/python3.12/site-packages/robot_interfaces/robot_interfaces_s__rosidl_typesupport_c.cpython-312-x86_64-linux-gnu.so
[16.611s] -- Installing: /home/ddon/software_robocon_2025/install/robot_interfaces/lib/python3.12/site-packages/robot_interfaces/librobot_interfaces__rosidl_generator_py.so
[16.611s] -- Installing: /home/ddon/software_robocon_2025/install/robot_interfaces/lib/python3.12/site-packages/robot_interfaces/robot_interfaces_s__rosidl_typesupport_introspection_c.cpython-312-x86_64-linux-gnu.so
[16.611s] -- Installing: /home/ddon/software_robocon_2025/install/robot_interfaces/lib/python3.12/site-packages/robot_interfaces/_robot_interfaces_s.ep.rosidl_typesupport_fastrtps_c.c
[16.611s] -- Up-to-date: /home/ddon/software_robocon_2025/install/robot_interfaces/lib/python3.12/site-packages/robot_interfaces/srv
[16.612s] -- Installing: /home/ddon/software_robocon_2025/install/robot_interfaces/lib/python3.12/site-packages/robot_interfaces/srv/_request_action_s.c
[16.612s] -- Installing: /home/ddon/software_robocon_2025/install/robot_interfaces/lib/python3.12/site-packages/robot_interfaces/srv/_push_ball_s.c
[16.612s] -- Installing: /home/ddon/software_robocon_2025/install/robot_interfaces/lib/python3.12/site-packages/robot_interfaces/srv/_request_calculation_s.c
[16.612s] -- Installing: /home/ddon/software_robocon_2025/install/robot_interfaces/lib/python3.12/site-packages/robot_interfaces/srv/_request_calculation.py
[16.612s] -- Installing: /home/ddon/software_robocon_2025/install/robot_interfaces/lib/python3.12/site-packages/robot_interfaces/srv/_control_s.c
[16.612s] -- Installing: /home/ddon/software_robocon_2025/install/robot_interfaces/lib/python3.12/site-packages/robot_interfaces/srv/_rotate_base_s.c
[16.612s] -- Installing: /home/ddon/software_robocon_2025/install/robot_interfaces/lib/python3.12/site-packages/robot_interfaces/srv/_rotate_base.py
[16.612s] -- Installing: /home/ddon/software_robocon_2025/install/robot_interfaces/lib/python3.12/site-packages/robot_interfaces/srv/_control.py
[16.612s] -- Installing: /home/ddon/software_robocon_2025/install/robot_interfaces/lib/python3.12/site-packages/robot_interfaces/srv/_push_ball.py
[16.612s] -- Installing: /home/ddon/software_robocon_2025/install/robot_interfaces/lib/python3.12/site-packages/robot_interfaces/srv/_request_action.py
[16.613s] -- Installing: /home/ddon/software_robocon_2025/install/robot_interfaces/lib/python3.12/site-packages/robot_interfaces/srv/__init__.py
[16.613s] -- Installing: /home/ddon/software_robocon_2025/install/robot_interfaces/lib/python3.12/site-packages/robot_interfaces/__init__.py
[16.654s] Listing '/home/ddon/software_robocon_2025/install/robot_interfaces/lib/python3.12/site-packages/robot_interfaces'...
[16.654s] Compiling '/home/ddon/software_robocon_2025/install/robot_interfaces/lib/python3.12/site-packages/robot_interfaces/__init__.py'...
[16.654s] Listing '/home/ddon/software_robocon_2025/install/robot_interfaces/lib/python3.12/site-packages/robot_interfaces/msg'...
[16.654s] Compiling '/home/ddon/software_robocon_2025/install/robot_interfaces/lib/python3.12/site-packages/robot_interfaces/msg/__init__.py'...
[16.654s] Compiling '/home/ddon/software_robocon_2025/install/robot_interfaces/lib/python3.12/site-packages/robot_interfaces/msg/_base_cmd.py'...
[16.654s] Compiling '/home/ddon/software_robocon_2025/install/robot_interfaces/lib/python3.12/site-packages/robot_interfaces/msg/_imu.py'...
[16.654s] Listing '/home/ddon/software_robocon_2025/install/robot_interfaces/lib/python3.12/site-packages/robot_interfaces/srv'...
[16.655s] Compiling '/home/ddon/software_robocon_2025/install/robot_interfaces/lib/python3.12/site-packages/robot_interfaces/srv/__init__.py'...
[16.655s] Compiling '/home/ddon/software_robocon_2025/install/robot_interfaces/lib/python3.12/site-packages/robot_interfaces/srv/_control.py'...
[16.655s] Compiling '/home/ddon/software_robocon_2025/install/robot_interfaces/lib/python3.12/site-packages/robot_interfaces/srv/_push_ball.py'...
[16.655s] Compiling '/home/ddon/software_robocon_2025/install/robot_interfaces/lib/python3.12/site-packages/robot_interfaces/srv/_request_action.py'...
[16.655s] Compiling '/home/ddon/software_robocon_2025/install/robot_interfaces/lib/python3.12/site-packages/robot_interfaces/srv/_request_calculation.py'...
[16.655s] Compiling '/home/ddon/software_robocon_2025/install/robot_interfaces/lib/python3.12/site-packages/robot_interfaces/srv/_rotate_base.py'...
[16.658s] -- Installing: /home/ddon/software_robocon_2025/install/robot_interfaces/lib/python3.12/site-packages/robot_interfaces/robot_interfaces_s__rosidl_typesupport_fastrtps_c.cpython-312-x86_64-linux-gnu.so
[16.659s] -- Set runtime path of "/home/ddon/software_robocon_2025/install/robot_interfaces/lib/python3.12/site-packages/robot_interfaces/robot_interfaces_s__rosidl_typesupport_fastrtps_c.cpython-312-x86_64-linux-gnu.so" to ""
[16.659s] -- Installing: /home/ddon/software_robocon_2025/install/robot_interfaces/lib/python3.12/site-packages/robot_interfaces/robot_interfaces_s__rosidl_typesupport_introspection_c.cpython-312-x86_64-linux-gnu.so
[16.659s] -- Set runtime path of "/home/ddon/software_robocon_2025/install/robot_interfaces/lib/python3.12/site-packages/robot_interfaces/robot_interfaces_s__rosidl_typesupport_introspection_c.cpython-312-x86_64-linux-gnu.so" to ""
[16.659s] -- Installing: /home/ddon/software_robocon_2025/install/robot_interfaces/lib/python3.12/site-packages/robot_interfaces/robot_interfaces_s__rosidl_typesupport_c.cpython-312-x86_64-linux-gnu.so
[16.660s] -- Set runtime path of "/home/ddon/software_robocon_2025/install/robot_interfaces/lib/python3.12/site-packages/robot_interfaces/robot_interfaces_s__rosidl_typesupport_c.cpython-312-x86_64-linux-gnu.so" to ""
[16.660s] -- Installing: /home/ddon/software_robocon_2025/install/robot_interfaces/lib/librobot_interfaces__rosidl_generator_py.so
[16.661s] -- Set runtime path of "/home/ddon/software_robocon_2025/install/robot_interfaces/lib/librobot_interfaces__rosidl_generator_py.so" to ""
[16.661s] -- Up-to-date: /home/ddon/software_robocon_2025/install/robot_interfaces/share/robot_interfaces/msg/BaseCMD.idl
[16.661s] -- Up-to-date: /home/ddon/software_robocon_2025/install/robot_interfaces/share/robot_interfaces/msg/IMU.idl
[16.661s] -- Up-to-date: /home/ddon/software_robocon_2025/install/robot_interfaces/share/robot_interfaces/srv/RotateBase.idl
[16.661s] -- Up-to-date: /home/ddon/software_robocon_2025/install/robot_interfaces/share/robot_interfaces/srv/PushBall.idl
[16.661s] -- Installing: /home/ddon/software_robocon_2025/install/robot_interfaces/share/robot_interfaces/srv/Control.idl
[16.661s] -- Up-to-date: /home/ddon/software_robocon_2025/install/robot_interfaces/share/robot_interfaces/srv/RequestCalculation.idl
[16.661s] -- Up-to-date: /home/ddon/software_robocon_2025/install/robot_interfaces/share/robot_interfaces/srv/RequestAction.idl
[16.661s] -- Up-to-date: /home/ddon/software_robocon_2025/install/robot_interfaces/share/robot_interfaces/msg/BaseCMD.msg
[16.661s] -- Up-to-date: /home/ddon/software_robocon_2025/install/robot_interfaces/share/robot_interfaces/msg/IMU.msg
[16.661s] -- Up-to-date: /home/ddon/software_robocon_2025/install/robot_interfaces/share/robot_interfaces/srv/RotateBase.srv
[16.661s] -- Up-to-date: /home/ddon/software_robocon_2025/install/robot_interfaces/share/robot_interfaces/srv/RotateBase_Request.msg
[16.662s] -- Up-to-date: /home/ddon/software_robocon_2025/install/robot_interfaces/share/robot_interfaces/srv/RotateBase_Response.msg
[16.662s] -- Up-to-date: /home/ddon/software_robocon_2025/install/robot_interfaces/share/robot_interfaces/srv/PushBall.srv
[16.662s] -- Up-to-date: /home/ddon/software_robocon_2025/install/robot_interfaces/share/robot_interfaces/srv/PushBall_Request.msg
[16.662s] -- Up-to-date: /home/ddon/software_robocon_2025/install/robot_interfaces/share/robot_interfaces/srv/PushBall_Response.msg
[16.662s] -- Installing: /home/ddon/software_robocon_2025/install/robot_interfaces/share/robot_interfaces/srv/Control.srv
[16.662s] -- Up-to-date: /home/ddon/software_robocon_2025/install/robot_interfaces/share/robot_interfaces/srv/Control_Request.msg
[16.662s] -- Installing: /home/ddon/software_robocon_2025/install/robot_interfaces/share/robot_interfaces/srv/Control_Response.msg
[16.662s] -- Up-to-date: /home/ddon/software_robocon_2025/install/robot_interfaces/share/robot_interfaces/srv/RequestCalculation.srv
[16.662s] -- Up-to-date: /home/ddon/software_robocon_2025/install/robot_interfaces/share/robot_interfaces/srv/RequestCalculation_Request.msg
[16.662s] -- Up-to-date: /home/ddon/software_robocon_2025/install/robot_interfaces/share/robot_interfaces/srv/RequestCalculation_Response.msg
[16.662s] -- Up-to-date: /home/ddon/software_robocon_2025/install/robot_interfaces/share/robot_interfaces/srv/RequestAction.srv
[16.663s] -- Up-to-date: /home/ddon/software_robocon_2025/install/robot_interfaces/share/robot_interfaces/srv/RequestAction_Request.msg
[16.663s] -- Up-to-date: /home/ddon/software_robocon_2025/install/robot_interfaces/share/robot_interfaces/srv/RequestAction_Response.msg
[16.663s] -- Installing: /home/ddon/software_robocon_2025/install/robot_interfaces/lib/robot_interfaces/uart_node
[16.666s] -- Set runtime path of "/home/ddon/software_robocon_2025/install/robot_interfaces/lib/robot_interfaces/uart_node" to ""
[16.667s] -- Up-to-date: /home/ddon/software_robocon_2025/install/robot_interfaces/share/ament_index/resource_index/package_run_dependencies/robot_interfaces
[16.667s] -- Up-to-date: /home/ddon/software_robocon_2025/install/robot_interfaces/share/ament_index/resource_index/parent_prefix_path/robot_interfaces
[16.667s] -- Up-to-date: /home/ddon/software_robocon_2025/install/robot_interfaces/share/robot_interfaces/environment/ament_prefix_path.sh
[16.667s] -- Installing: /home/ddon/software_robocon_2025/install/robot_interfaces/share/robot_interfaces/environment/ament_prefix_path.dsv
[16.667s] -- Up-to-date: /home/ddon/software_robocon_2025/install/robot_interfaces/share/robot_interfaces/environment/path.sh
[16.667s] -- Installing: /home/ddon/software_robocon_2025/install/robot_interfaces/share/robot_interfaces/environment/path.dsv
[16.667s] -- Up-to-date: /home/ddon/software_robocon_2025/install/robot_interfaces/share/robot_interfaces/local_setup.bash
[16.667s] -- Up-to-date: /home/ddon/software_robocon_2025/install/robot_interfaces/share/robot_interfaces/local_setup.sh
[16.667s] -- Up-to-date: /home/ddon/software_robocon_2025/install/robot_interfaces/share/robot_interfaces/local_setup.zsh
[16.668s] -- Installing: /home/ddon/software_robocon_2025/install/robot_interfaces/share/robot_interfaces/local_setup.dsv
[16.668s] -- Installing: /home/ddon/software_robocon_2025/install/robot_interfaces/share/robot_interfaces/package.dsv
[16.668s] -- Up-to-date: /home/ddon/software_robocon_2025/install/robot_interfaces/share/ament_index/resource_index/packages/robot_interfaces
[16.668s] -- Up-to-date: /home/ddon/software_robocon_2025/install/robot_interfaces/share/robot_interfaces/cmake/export_robot_interfaces__rosidl_generator_cExport.cmake
[16.668s] -- Up-to-date: /home/ddon/software_robocon_2025/install/robot_interfaces/share/robot_interfaces/cmake/export_robot_interfaces__rosidl_generator_cExport-noconfig.cmake
[16.668s] -- Up-to-date: /home/ddon/software_robocon_2025/install/robot_interfaces/share/robot_interfaces/cmake/export_robot_interfaces__rosidl_typesupport_fastrtps_cExport.cmake
[16.668s] -- Up-to-date: /home/ddon/software_robocon_2025/install/robot_interfaces/share/robot_interfaces/cmake/export_robot_interfaces__rosidl_typesupport_fastrtps_cExport-noconfig.cmake
[16.668s] -- Up-to-date: /home/ddon/software_robocon_2025/install/robot_interfaces/share/robot_interfaces/cmake/export_robot_interfaces__rosidl_generator_cppExport.cmake
[16.668s] -- Up-to-date: /home/ddon/software_robocon_2025/install/robot_interfaces/share/robot_interfaces/cmake/export_robot_interfaces__rosidl_typesupport_fastrtps_cppExport.cmake
[16.669s] -- Up-to-date: /home/ddon/software_robocon_2025/install/robot_interfaces/share/robot_interfaces/cmake/export_robot_interfaces__rosidl_typesupport_fastrtps_cppExport-noconfig.cmake
[16.669s] -- Up-to-date: /home/ddon/software_robocon_2025/install/robot_interfaces/share/robot_interfaces/cmake/robot_interfaces__rosidl_typesupport_introspection_cExport.cmake
[16.669s] -- Up-to-date: /home/ddon/software_robocon_2025/install/robot_interfaces/share/robot_interfaces/cmake/robot_interfaces__rosidl_typesupport_introspection_cExport-noconfig.cmake
[16.669s] -- Up-to-date: /home/ddon/software_robocon_2025/install/robot_interfaces/share/robot_interfaces/cmake/robot_interfaces__rosidl_typesupport_cExport.cmake
[16.669s] -- Up-to-date: /home/ddon/software_robocon_2025/install/robot_interfaces/share/robot_interfaces/cmake/robot_interfaces__rosidl_typesupport_cExport-noconfig.cmake
[16.669s] -- Up-to-date: /home/ddon/software_robocon_2025/install/robot_interfaces/share/robot_interfaces/cmake/robot_interfaces__rosidl_typesupport_introspection_cppExport.cmake
[16.669s] -- Up-to-date: /home/ddon/software_robocon_2025/install/robot_interfaces/share/robot_interfaces/cmake/robot_interfaces__rosidl_typesupport_introspection_cppExport-noconfig.cmake
[16.669s] -- Up-to-date: /home/ddon/software_robocon_2025/install/robot_interfaces/share/robot_interfaces/cmake/robot_interfaces__rosidl_typesupport_cppExport.cmake
[16.670s] -- Up-to-date: /home/ddon/software_robocon_2025/install/robot_interfaces/share/robot_interfaces/cmake/robot_interfaces__rosidl_typesupport_cppExport-noconfig.cmake
[16.670s] -- Up-to-date: /home/ddon/software_robocon_2025/install/robot_interfaces/share/robot_interfaces/cmake/export_robot_interfaces__rosidl_generator_pyExport.cmake
[16.670s] -- Up-to-date: /home/ddon/software_robocon_2025/install/robot_interfaces/share/robot_interfaces/cmake/export_robot_interfaces__rosidl_generator_pyExport-noconfig.cmake
[16.670s] -- Up-to-date: /home/ddon/software_robocon_2025/install/robot_interfaces/share/robot_interfaces/cmake/rosidl_cmake-extras.cmake
[16.670s] -- Up-to-date: /home/ddon/software_robocon_2025/install/robot_interfaces/share/robot_interfaces/cmake/ament_cmake_export_include_directories-extras.cmake
[16.670s] -- Up-to-date: /home/ddon/software_robocon_2025/install/robot_interfaces/share/robot_interfaces/cmake/ament_cmake_export_libraries-extras.cmake
[16.670s] -- Up-to-date: /home/ddon/software_robocon_2025/install/robot_interfaces/share/robot_interfaces/cmake/ament_cmake_export_targets-extras.cmake
[16.670s] -- Up-to-date: /home/ddon/software_robocon_2025/install/robot_interfaces/share/robot_interfaces/cmake/rosidl_cmake_export_typesupport_targets-extras.cmake
[16.670s] -- Up-to-date: /home/ddon/software_robocon_2025/install/robot_interfaces/share/robot_interfaces/cmake/ament_cmake_export_dependencies-extras.cmake
[16.670s] -- Up-to-date: /home/ddon/software_robocon_2025/install/robot_interfaces/share/robot_interfaces/cmake/rosidl_cmake_export_typesupport_libraries-extras.cmake
[16.671s] -- Up-to-date: /home/ddon/software_robocon_2025/install/robot_interfaces/share/robot_interfaces/cmake/robot_interfacesConfig.cmake
[16.671s] -- Up-to-date: /home/ddon/software_robocon_2025/install/robot_interfaces/share/robot_interfaces/cmake/robot_interfacesConfig-version.cmake
[16.671s] -- Up-to-date: /home/ddon/software_robocon_2025/install/robot_interfaces/share/robot_interfaces/package.xml
[16.673s] Invoked command in '/home/ddon/software_robocon_2025/build/robot_interfaces' returned '0': CMAKE_PREFIX_PATH=${CMAKE_PREFIX_PATH}:/opt/ros/humble CONDA_PROMPT_MODIFIER=(base) /usr/bin/cmake --install /home/ddon/software_robocon_2025/build/robot_interfaces
