-- Found ament_cmake: 1.3.11 (/opt/ros/humble/share/ament_cmake/cmake)
-- Found rclcpp: 16.0.11 (/opt/ros/humble/share/rclcpp/cmake)
-- Found rosidl_generator_c: 3.1.6 (/opt/ros/humble/share/rosidl_generator_c/cmake)
-- Found rosidl_adapter: 3.1.6 (/opt/ros/humble/share/rosidl_adapter/cmake)
-- Found rosidl_generator_cpp: 3.1.6 (/opt/ros/humble/share/rosidl_generator_cpp/cmake)
-- Using all available rosidl_typesupport_c: rosidl_typesupport_fastrtps_c;rosidl_typesupport_introspection_c
-- Using all available rosidl_typesupport_cpp: rosidl_typesupport_fastrtps_cpp;rosidl_typesupport_introspection_cpp
-- Found rmw_implementation_cmake: 6.1.2 (/opt/ros/humble/share/rmw_implementation_cmake/cmake)
-- Found rmw_fastrtps_cpp: 6.2.7 (/opt/ros/humble/share/rmw_fastrtps_cpp/cmake)
-- Using RMW implementation 'rmw_fastrtps_cpp' as default
-- Found robot_interfaces: 0.0.0 (/home/ddon/software_robocon_2025/install/robot_interfaces/share/robot_interfaces/cmake)
-- Configuring done
-- Generating done
-- Build files have been written to: /home/ddon/software_robocon_2025/build/gamepad_interface
[35m[1mConsolidate compiler generated dependencies of target gamepad_driver[0m
[ 33%] Built target gamepad_driver
[35m[1mConsolidate compiler generated dependencies of target robot_input_mapper[0m
[ 66%] Built target robot_input_mapper
[35m[1mConsolidate compiler generated dependencies of target gamepad_node[0m
[100%] Built target gamepad_node
-- Install configuration: ""
-- Up-to-date: /home/ddon/software_robocon_2025/install/gamepad_interface/include
-- Up-to-date: /home/ddon/software_robocon_2025/install/gamepad_interface/include/gamepad_interface
-- Up-to-date: /home/ddon/software_robocon_2025/install/gamepad_interface/include/gamepad_interface/mapper.hpp
-- Up-to-date: /home/ddon/software_robocon_2025/install/gamepad_interface/include/gamepad_interface/gamepad.hpp
-- Up-to-date: /home/ddon/software_robocon_2025/install/gamepad_interface/lib/libgamepad_driver.a
-- Up-to-date: /home/ddon/software_robocon_2025/install/gamepad_interface/lib/librobot_input_mapper.a
-- Up-to-date: /home/ddon/software_robocon_2025/install/gamepad_interface/lib/gamepad_interface/gamepad_node
-- Up-to-date: /home/ddon/software_robocon_2025/install/gamepad_interface/share/ament_index/resource_index/package_run_dependencies/gamepad_interface
-- Up-to-date: /home/ddon/software_robocon_2025/install/gamepad_interface/share/ament_index/resource_index/parent_prefix_path/gamepad_interface
-- Up-to-date: /home/ddon/software_robocon_2025/install/gamepad_interface/share/gamepad_interface/environment/ament_prefix_path.sh
-- Installing: /home/ddon/software_robocon_2025/install/gamepad_interface/share/gamepad_interface/environment/ament_prefix_path.dsv
-- Up-to-date: /home/ddon/software_robocon_2025/install/gamepad_interface/share/gamepad_interface/environment/path.sh
-- Installing: /home/ddon/software_robocon_2025/install/gamepad_interface/share/gamepad_interface/environment/path.dsv
-- Up-to-date: /home/ddon/software_robocon_2025/install/gamepad_interface/share/gamepad_interface/local_setup.bash
-- Up-to-date: /home/ddon/software_robocon_2025/install/gamepad_interface/share/gamepad_interface/local_setup.sh
-- Up-to-date: /home/ddon/software_robocon_2025/install/gamepad_interface/share/gamepad_interface/local_setup.zsh
-- Installing: /home/ddon/software_robocon_2025/install/gamepad_interface/share/gamepad_interface/local_setup.dsv
-- Installing: /home/ddon/software_robocon_2025/install/gamepad_interface/share/gamepad_interface/package.dsv
-- Up-to-date: /home/ddon/software_robocon_2025/install/gamepad_interface/share/ament_index/resource_index/packages/gamepad_interface
-- Up-to-date: /home/ddon/software_robocon_2025/install/gamepad_interface/share/gamepad_interface/cmake/gamepad_interfaceConfig.cmake
-- Up-to-date: /home/ddon/software_robocon_2025/install/gamepad_interface/share/gamepad_interface/cmake/gamepad_interfaceConfig-version.cmake
-- Up-to-date: /home/ddon/software_robocon_2025/install/gamepad_interface/share/gamepad_interface/package.xml
