[0.019s] Invoking command in '/home/ddon/software_robocon_2025/build/gamepad_interface': CMAKE_PREFIX_PATH=${CMAKE_PREFIX_PATH}:/opt/ros/humble /usr/bin/cmake --build /home/ddon/software_robocon_2025/build/gamepad_interface -- -j8 -l8
[0.042s] -- Found ament_cmake: 1.3.11 (/opt/ros/humble/share/ament_cmake/cmake)
[0.230s] -- Found rclcpp: 16.0.11 (/opt/ros/humble/share/rclcpp/cmake)
[0.267s] -- Found rosidl_generator_c: 3.1.6 (/opt/ros/humble/share/rosidl_generator_c/cmake)
[0.271s] -- Found rosidl_adapter: 3.1.6 (/opt/ros/humble/share/rosidl_adapter/cmake)
[0.279s] -- Found rosidl_generator_cpp: 3.1.6 (/opt/ros/humble/share/rosidl_generator_cpp/cmake)
[0.293s] -- Using all available rosidl_typesupport_c: rosidl_typesupport_fastrtps_c;rosidl_typesupport_introspection_c
[0.313s] -- Using all available rosidl_typesupport_cpp: rosidl_typesupport_fastrtps_cpp;rosidl_typesupport_introspection_cpp
[0.361s] -- Found rmw_implementation_cmake: 6.1.2 (/opt/ros/humble/share/rmw_implementation_cmake/cmake)
[0.363s] -- Found rmw_fastrtps_cpp: 6.2.7 (/opt/ros/humble/share/rmw_fastrtps_cpp/cmake)
[0.478s] -- Using RMW implementation 'rmw_fastrtps_cpp' as default
[0.534s] -- Found robot_interfaces: 0.0.0 (/home/ddon/software_robocon_2025/install/robot_interfaces/share/robot_interfaces/cmake)
[0.615s] -- Configuring done
[0.625s] -- Generating done
[0.629s] -- Build files have been written to: /home/ddon/software_robocon_2025/build/gamepad_interface
[0.649s] [35m[1mConsolidate compiler generated dependencies of target gamepad_driver[0m
[0.658s] [ 33%] Built target gamepad_driver
[0.667s] [35m[1mConsolidate compiler generated dependencies of target robot_input_mapper[0m
[0.677s] [ 66%] Built target robot_input_mapper
[0.686s] [35m[1mConsolidate compiler generated dependencies of target gamepad_node[0m
[0.699s] [100%] Built target gamepad_node
[0.843s] Invoked command in '/home/ddon/software_robocon_2025/build/gamepad_interface' returned '0': CMAKE_PREFIX_PATH=${CMAKE_PREFIX_PATH}:/opt/ros/humble /usr/bin/cmake --build /home/ddon/software_robocon_2025/build/gamepad_interface -- -j8 -l8
[0.845s] Invoking command in '/home/ddon/software_robocon_2025/build/gamepad_interface': CMAKE_PREFIX_PATH=${CMAKE_PREFIX_PATH}:/opt/ros/humble /usr/bin/cmake --install /home/ddon/software_robocon_2025/build/gamepad_interface
[0.852s] -- Install configuration: ""
[0.852s] -- Up-to-date: /home/ddon/software_robocon_2025/install/gamepad_interface/include
[0.852s] -- Up-to-date: /home/ddon/software_robocon_2025/install/gamepad_interface/include/gamepad_interface
[0.852s] -- Up-to-date: /home/ddon/software_robocon_2025/install/gamepad_interface/include/gamepad_interface/mapper.hpp
[0.852s] -- Up-to-date: /home/ddon/software_robocon_2025/install/gamepad_interface/include/gamepad_interface/gamepad.hpp
[0.852s] -- Up-to-date: /home/ddon/software_robocon_2025/install/gamepad_interface/lib/libgamepad_driver.a
[0.853s] -- Up-to-date: /home/ddon/software_robocon_2025/install/gamepad_interface/lib/librobot_input_mapper.a
[0.853s] -- Up-to-date: /home/ddon/software_robocon_2025/install/gamepad_interface/lib/gamepad_interface/gamepad_node
[0.853s] -- Up-to-date: /home/ddon/software_robocon_2025/install/gamepad_interface/share/ament_index/resource_index/package_run_dependencies/gamepad_interface
[0.853s] -- Up-to-date: /home/ddon/software_robocon_2025/install/gamepad_interface/share/ament_index/resource_index/parent_prefix_path/gamepad_interface
[0.853s] -- Up-to-date: /home/ddon/software_robocon_2025/install/gamepad_interface/share/gamepad_interface/environment/ament_prefix_path.sh
[0.853s] -- Installing: /home/ddon/software_robocon_2025/install/gamepad_interface/share/gamepad_interface/environment/ament_prefix_path.dsv
[0.853s] -- Up-to-date: /home/ddon/software_robocon_2025/install/gamepad_interface/share/gamepad_interface/environment/path.sh
[0.853s] -- Installing: /home/ddon/software_robocon_2025/install/gamepad_interface/share/gamepad_interface/environment/path.dsv
[0.853s] -- Up-to-date: /home/ddon/software_robocon_2025/install/gamepad_interface/share/gamepad_interface/local_setup.bash
[0.853s] -- Up-to-date: /home/ddon/software_robocon_2025/install/gamepad_interface/share/gamepad_interface/local_setup.sh
[0.853s] -- Up-to-date: /home/ddon/software_robocon_2025/install/gamepad_interface/share/gamepad_interface/local_setup.zsh
[0.854s] -- Installing: /home/ddon/software_robocon_2025/install/gamepad_interface/share/gamepad_interface/local_setup.dsv
[0.854s] -- Installing: /home/ddon/software_robocon_2025/install/gamepad_interface/share/gamepad_interface/package.dsv
[0.854s] -- Up-to-date: /home/ddon/software_robocon_2025/install/gamepad_interface/share/ament_index/resource_index/packages/gamepad_interface
[0.854s] -- Up-to-date: /home/ddon/software_robocon_2025/install/gamepad_interface/share/gamepad_interface/cmake/gamepad_interfaceConfig.cmake
[0.854s] -- Up-to-date: /home/ddon/software_robocon_2025/install/gamepad_interface/share/gamepad_interface/cmake/gamepad_interfaceConfig-version.cmake
[0.854s] -- Up-to-date: /home/ddon/software_robocon_2025/install/gamepad_interface/share/gamepad_interface/package.xml
[0.855s] Invoked command in '/home/ddon/software_robocon_2025/build/gamepad_interface' returned '0': CMAKE_PREFIX_PATH=${CMAKE_PREFIX_PATH}:/opt/ros/humble /usr/bin/cmake --install /home/ddon/software_robocon_2025/build/gamepad_interface
