-- The C compiler identification is GNU 11.4.0
-- The CXX compiler identification is GNU 11.4.0
-- Detecting C compiler ABI info
-- Detecting C compiler ABI info - done
-- Check for working C compiler: /usr/bin/cc - skipped
-- Detecting C compile features
-- Detecting C compile features - done
-- Detecting CXX compiler ABI info
-- Detecting CXX compiler ABI info - done
-- Check for working CXX compiler: /usr/bin/c++ - skipped
-- Detecting CXX compile features
-- Detecting CXX compile features - done
-- Found ament_cmake: 1.3.11 (/opt/ros/humble/share/ament_cmake/cmake)
-- Found Python3: /usr/bin/python3 (found version "3.10.12") found components: Interpreter 
-- Found rosidl_default_generators: 1.2.0 (/opt/ros/humble/share/rosidl_default_generators/cmake)
-- Using all available rosidl_typesupport_c: rosidl_typesupport_fastrtps_c;rosidl_typesupport_introspection_c
-- Found rosidl_adapter: 3.1.6 (/opt/ros/humble/share/rosidl_adapter/cmake)
-- Using all available rosidl_typesupport_cpp: rosidl_typesupport_fastrtps_cpp;rosidl_typesupport_introspection_cpp
-- Found ament_cmake_ros: 0.10.0 (/opt/ros/humble/share/ament_cmake_ros/cmake)
-- Using all available rosidl_typesupport_c: rosidl_typesupport_fastrtps_c;rosidl_typesupport_introspection_c
-- Using all available rosidl_typesupport_cpp: rosidl_typesupport_fastrtps_cpp;rosidl_typesupport_introspection_cpp
-- Found PythonInterp: /usr/bin/python3.10 (found suitable version "3.10.12", minimum required is "3.6") 
-- Found python_cmake_module: 0.10.0 (/opt/ros/humble/share/python_cmake_module/cmake)
-- Found PythonLibs: /usr/lib/x86_64-linux-gnu/libpython3.10.so (found suitable version "3.10.12", minimum required is "3.5") 
-- Using PYTHON_EXECUTABLE: /usr/bin/python3.10
-- Using PYTHON_INCLUDE_DIRS: /usr/include/python3.10
-- Using PYTHON_LIBRARIES: /usr/lib/x86_64-linux-gnu/libpython3.10.so
-- Found PythonExtra: .so  
-- Configuring done
-- Generating done
-- Build files have been written to: /home/ddon/software_robocon_2025/build/robot_interfaces
[  1%] [34m[1mGenerating C code for ROS interfaces[0m
[  2%] [34m[1mGenerating C++ code for ROS interfaces[0m
[  2%] Built target ament_cmake_python_copy_robot_interfaces
running egg_info
creating robot_interfaces.egg-info
writing robot_interfaces.egg-info/PKG-INFO
writing dependency_links to robot_interfaces.egg-info/dependency_links.txt
writing top-level names to robot_interfaces.egg-info/top_level.txt
writing manifest file 'robot_interfaces.egg-info/SOURCES.txt'
reading manifest file 'robot_interfaces.egg-info/SOURCES.txt'
writing manifest file 'robot_interfaces.egg-info/SOURCES.txt'
[  2%] Built target ament_cmake_python_build_robot_interfaces_egg
[  2%] Built target robot_interfaces__cpp
[  3%] [34m[1mGenerating C++ type support for eProsima Fast-RTPS[0m
[  4%] [34m[1mGenerating C++ introspection for ROS interfaces[0m
[  5%] [34m[1mGenerating C++ type support dispatch for ROS interfaces[0m
[ 10%] [32mBuilding C object CMakeFiles/robot_interfaces__rosidl_generator_c.dir/rosidl_generator_c/robot_interfaces/srv/detail/request_calculation__functions.c.o[0m
[ 10%] [32mBuilding C object CMakeFiles/robot_interfaces__rosidl_generator_c.dir/rosidl_generator_c/robot_interfaces/msg/detail/base_cmd__functions.c.o[0m
[ 10%] [32mBuilding C object CMakeFiles/robot_interfaces__rosidl_generator_c.dir/rosidl_generator_c/robot_interfaces/msg/detail/imu__functions.c.o[0m
[ 10%] [32mBuilding C object CMakeFiles/robot_interfaces__rosidl_generator_c.dir/rosidl_generator_c/robot_interfaces/srv/detail/control__functions.c.o[0m
[ 10%] [32mBuilding C object CMakeFiles/robot_interfaces__rosidl_generator_c.dir/rosidl_generator_c/robot_interfaces/srv/detail/request_action__functions.c.o[0m
[ 11%] [32mBuilding C object CMakeFiles/robot_interfaces__rosidl_generator_c.dir/rosidl_generator_c/robot_interfaces/srv/detail/request_odrive__functions.c.o[0m
[ 12%] [32mBuilding C object CMakeFiles/robot_interfaces__rosidl_generator_c.dir/rosidl_generator_c/robot_interfaces/srv/detail/push_ball__functions.c.o[0m
[ 13%] [32mBuilding C object CMakeFiles/robot_interfaces__rosidl_generator_c.dir/rosidl_generator_c/robot_interfaces/srv/detail/request_mcu__functions.c.o[0m
[ 14%] [32mBuilding C object CMakeFiles/robot_interfaces__rosidl_generator_c.dir/rosidl_generator_c/robot_interfaces/srv/detail/rotate_base__functions.c.o[0m
[ 15%] [32m[1mLinking C shared library librobot_interfaces__rosidl_generator_c.so[0m
[ 15%] Built target robot_interfaces__rosidl_generator_c
[ 16%] [34m[1mGenerating C type support dispatch for ROS interfaces[0m
[ 17%] [34m[1mGenerating C introspection for ROS interfaces[0m
[ 18%] [34m[1mGenerating C type support for eProsima Fast-RTPS[0m
[ 20%] [32mBuilding CXX object CMakeFiles/robot_interfaces__rosidl_typesupport_cpp.dir/rosidl_typesupport_cpp/robot_interfaces/msg/imu__type_support.cpp.o[0m
[ 21%] [32mBuilding CXX object CMakeFiles/robot_interfaces__rosidl_typesupport_cpp.dir/rosidl_typesupport_cpp/robot_interfaces/srv/control__type_support.cpp.o[0m
[ 22%] [32mBuilding CXX object CMakeFiles/robot_interfaces__rosidl_typesupport_cpp.dir/rosidl_typesupport_cpp/robot_interfaces/msg/base_cmd__type_support.cpp.o[0m
[ 23%] [32mBuilding CXX object CMakeFiles/robot_interfaces__rosidl_typesupport_c.dir/rosidl_typesupport_c/robot_interfaces/msg/imu__type_support.cpp.o[0m
[ 24%] [32mBuilding CXX object CMakeFiles/robot_interfaces__rosidl_typesupport_c.dir/rosidl_typesupport_c/robot_interfaces/msg/base_cmd__type_support.cpp.o[0m
[ 25%] [32mBuilding CXX object CMakeFiles/robot_interfaces__rosidl_typesupport_c.dir/rosidl_typesupport_c/robot_interfaces/srv/control__type_support.cpp.o[0m
[ 26%] [32mBuilding CXX object CMakeFiles/robot_interfaces__rosidl_typesupport_c.dir/rosidl_typesupport_c/robot_interfaces/srv/request_calculation__type_support.cpp.o[0m
[ 27%] [32mBuilding CXX object CMakeFiles/robot_interfaces__rosidl_typesupport_c.dir/rosidl_typesupport_c/robot_interfaces/srv/request_action__type_support.cpp.o[0m
[ 28%] [32mBuilding CXX object CMakeFiles/robot_interfaces__rosidl_typesupport_introspection_cpp.dir/rosidl_typesupport_introspection_cpp/robot_interfaces/msg/detail/imu__type_support.cpp.o[0m
[ 29%] [32mBuilding CXX object CMakeFiles/robot_interfaces__rosidl_typesupport_c.dir/rosidl_typesupport_c/robot_interfaces/srv/request_odrive__type_support.cpp.o[0m
[ 30%] [32mBuilding CXX object CMakeFiles/robot_interfaces__rosidl_typesupport_c.dir/rosidl_typesupport_c/robot_interfaces/srv/rotate_base__type_support.cpp.o[0m
[ 31%] [32mBuilding CXX object CMakeFiles/robot_interfaces__rosidl_typesupport_c.dir/rosidl_typesupport_c/robot_interfaces/srv/push_ball__type_support.cpp.o[0m
[ 32%] [32mBuilding CXX object CMakeFiles/robot_interfaces__rosidl_typesupport_c.dir/rosidl_typesupport_c/robot_interfaces/srv/request_mcu__type_support.cpp.o[0m
[ 33%] [32mBuilding CXX object CMakeFiles/robot_interfaces__rosidl_typesupport_cpp.dir/rosidl_typesupport_cpp/robot_interfaces/srv/request_calculation__type_support.cpp.o[0m
[ 34%] [32m[1mLinking CXX shared library librobot_interfaces__rosidl_typesupport_c.so[0m
[ 35%] [32mBuilding CXX object CMakeFiles/robot_interfaces__rosidl_typesupport_introspection_cpp.dir/rosidl_typesupport_introspection_cpp/robot_interfaces/msg/detail/base_cmd__type_support.cpp.o[0m
[ 36%] [32mBuilding CXX object CMakeFiles/robot_interfaces__rosidl_typesupport_cpp.dir/rosidl_typesupport_cpp/robot_interfaces/srv/request_action__type_support.cpp.o[0m
[ 36%] Built target robot_interfaces__rosidl_typesupport_c
[ 37%] [32mBuilding CXX object CMakeFiles/robot_interfaces__rosidl_typesupport_introspection_cpp.dir/rosidl_typesupport_introspection_cpp/robot_interfaces/srv/detail/control__type_support.cpp.o[0m
[ 38%] [32mBuilding CXX object CMakeFiles/robot_interfaces__rosidl_typesupport_fastrtps_cpp.dir/rosidl_typesupport_fastrtps_cpp/robot_interfaces/msg/detail/dds_fastrtps/imu__type_support.cpp.o[0m
[ 40%] [32mBuilding C object CMakeFiles/robot_interfaces__rosidl_typesupport_introspection_c.dir/rosidl_typesupport_introspection_c/robot_interfaces/msg/detail/imu__type_support.c.o[0m
[ 41%] [32mBuilding C object CMakeFiles/robot_interfaces__rosidl_typesupport_introspection_c.dir/rosidl_typesupport_introspection_c/robot_interfaces/msg/detail/base_cmd__type_support.c.o[0m
[ 42%] [32mBuilding C object CMakeFiles/robot_interfaces__rosidl_typesupport_introspection_c.dir/rosidl_typesupport_introspection_c/robot_interfaces/srv/detail/control__type_support.c.o[0m
[ 43%] [32mBuilding CXX object CMakeFiles/robot_interfaces__rosidl_typesupport_fastrtps_c.dir/rosidl_typesupport_fastrtps_c/robot_interfaces/msg/detail/imu__type_support_c.cpp.o[0m
[ 44%] [32mBuilding CXX object CMakeFiles/robot_interfaces__rosidl_typesupport_fastrtps_c.dir/rosidl_typesupport_fastrtps_c/robot_interfaces/msg/detail/base_cmd__type_support_c.cpp.o[0m
[ 46%] [32mBuilding C object CMakeFiles/robot_interfaces__rosidl_typesupport_introspection_c.dir/rosidl_typesupport_introspection_c/robot_interfaces/srv/detail/request_calculation__type_support.c.o[0m
[ 46%] [32mBuilding CXX object CMakeFiles/robot_interfaces__rosidl_typesupport_fastrtps_cpp.dir/rosidl_typesupport_fastrtps_cpp/robot_interfaces/msg/detail/dds_fastrtps/base_cmd__type_support.cpp.o[0m
[ 47%] [32mBuilding C object CMakeFiles/robot_interfaces__rosidl_typesupport_introspection_c.dir/rosidl_typesupport_introspection_c/robot_interfaces/srv/detail/request_action__type_support.c.o[0m
[ 48%] [32mBuilding CXX object CMakeFiles/robot_interfaces__rosidl_typesupport_cpp.dir/rosidl_typesupport_cpp/robot_interfaces/srv/request_odrive__type_support.cpp.o[0m
[ 49%] [32mBuilding C object CMakeFiles/robot_interfaces__rosidl_typesupport_introspection_c.dir/rosidl_typesupport_introspection_c/robot_interfaces/srv/detail/request_odrive__type_support.c.o[0m
[ 50%] [32mBuilding C object CMakeFiles/robot_interfaces__rosidl_typesupport_introspection_c.dir/rosidl_typesupport_introspection_c/robot_interfaces/srv/detail/rotate_base__type_support.c.o[0m
[ 51%] [32mBuilding C object CMakeFiles/robot_interfaces__rosidl_typesupport_introspection_c.dir/rosidl_typesupport_introspection_c/robot_interfaces/srv/detail/push_ball__type_support.c.o[0m
[ 52%] [32mBuilding CXX object CMakeFiles/robot_interfaces__rosidl_typesupport_fastrtps_cpp.dir/rosidl_typesupport_fastrtps_cpp/robot_interfaces/srv/detail/dds_fastrtps/control__type_support.cpp.o[0m
[ 53%] [32mBuilding C object CMakeFiles/robot_interfaces__rosidl_typesupport_introspection_c.dir/rosidl_typesupport_introspection_c/robot_interfaces/srv/detail/request_mcu__type_support.c.o[0m
[ 54%] [32mBuilding CXX object CMakeFiles/robot_interfaces__rosidl_typesupport_introspection_cpp.dir/rosidl_typesupport_introspection_cpp/robot_interfaces/srv/detail/request_calculation__type_support.cpp.o[0m
[ 55%] [32m[1mLinking C shared library librobot_interfaces__rosidl_typesupport_introspection_c.so[0m
[ 55%] Built target robot_interfaces__rosidl_typesupport_introspection_c
[ 56%] [32mBuilding CXX object CMakeFiles/robot_interfaces__rosidl_typesupport_fastrtps_cpp.dir/rosidl_typesupport_fastrtps_cpp/robot_interfaces/srv/detail/dds_fastrtps/request_calculation__type_support.cpp.o[0m
[ 57%] [32mBuilding CXX object CMakeFiles/robot_interfaces__rosidl_typesupport_fastrtps_c.dir/rosidl_typesupport_fastrtps_c/robot_interfaces/srv/detail/control__type_support_c.cpp.o[0m
[ 58%] [32mBuilding CXX object CMakeFiles/robot_interfaces__rosidl_typesupport_cpp.dir/rosidl_typesupport_cpp/robot_interfaces/srv/rotate_base__type_support.cpp.o[0m
[ 60%] [32mBuilding CXX object CMakeFiles/robot_interfaces__rosidl_typesupport_introspection_cpp.dir/rosidl_typesupport_introspection_cpp/robot_interfaces/srv/detail/request_action__type_support.cpp.o[0m
[ 61%] [32mBuilding CXX object CMakeFiles/robot_interfaces__rosidl_typesupport_introspection_cpp.dir/rosidl_typesupport_introspection_cpp/robot_interfaces/srv/detail/request_odrive__type_support.cpp.o[0m
[ 62%] [32mBuilding CXX object CMakeFiles/robot_interfaces__rosidl_typesupport_introspection_cpp.dir/rosidl_typesupport_introspection_cpp/robot_interfaces/srv/detail/rotate_base__type_support.cpp.o[0m
[ 63%] [32mBuilding CXX object CMakeFiles/robot_interfaces__rosidl_typesupport_introspection_cpp.dir/rosidl_typesupport_introspection_cpp/robot_interfaces/srv/detail/push_ball__type_support.cpp.o[0m
[ 64%] [32mBuilding CXX object CMakeFiles/robot_interfaces__rosidl_typesupport_cpp.dir/rosidl_typesupport_cpp/robot_interfaces/srv/push_ball__type_support.cpp.o[0m
[ 65%] [32mBuilding CXX object CMakeFiles/robot_interfaces__rosidl_typesupport_fastrtps_c.dir/rosidl_typesupport_fastrtps_c/robot_interfaces/srv/detail/request_calculation__type_support_c.cpp.o[0m
[ 66%] [32mBuilding CXX object CMakeFiles/robot_interfaces__rosidl_typesupport_cpp.dir/rosidl_typesupport_cpp/robot_interfaces/srv/request_mcu__type_support.cpp.o[0m
[ 67%] [32mBuilding CXX object CMakeFiles/robot_interfaces__rosidl_typesupport_fastrtps_c.dir/rosidl_typesupport_fastrtps_c/robot_interfaces/srv/detail/request_action__type_support_c.cpp.o[0m
[ 68%] [32mBuilding CXX object CMakeFiles/robot_interfaces__rosidl_typesupport_introspection_cpp.dir/rosidl_typesupport_introspection_cpp/robot_interfaces/srv/detail/request_mcu__type_support.cpp.o[0m
[ 69%] [32mBuilding CXX object CMakeFiles/robot_interfaces__rosidl_typesupport_fastrtps_cpp.dir/rosidl_typesupport_fastrtps_cpp/robot_interfaces/srv/detail/dds_fastrtps/request_action__type_support.cpp.o[0m
[ 70%] [32mBuilding CXX object CMakeFiles/robot_interfaces__rosidl_typesupport_fastrtps_c.dir/rosidl_typesupport_fastrtps_c/robot_interfaces/srv/detail/request_odrive__type_support_c.cpp.o[0m
[ 71%] [32mBuilding CXX object CMakeFiles/robot_interfaces__rosidl_typesupport_fastrtps_cpp.dir/rosidl_typesupport_fastrtps_cpp/robot_interfaces/srv/detail/dds_fastrtps/request_odrive__type_support.cpp.o[0m
[ 72%] [32m[1mLinking CXX shared library librobot_interfaces__rosidl_typesupport_cpp.so[0m
[ 72%] Built target robot_interfaces__rosidl_typesupport_cpp
[ 73%] [32mBuilding CXX object CMakeFiles/robot_interfaces__rosidl_typesupport_fastrtps_cpp.dir/rosidl_typesupport_fastrtps_cpp/robot_interfaces/srv/detail/dds_fastrtps/push_ball__type_support.cpp.o[0m
[ 74%] [32mBuilding CXX object CMakeFiles/robot_interfaces__rosidl_typesupport_fastrtps_cpp.dir/rosidl_typesupport_fastrtps_cpp/robot_interfaces/srv/detail/dds_fastrtps/rotate_base__type_support.cpp.o[0m
[ 75%] [32mBuilding CXX object CMakeFiles/robot_interfaces__rosidl_typesupport_fastrtps_cpp.dir/rosidl_typesupport_fastrtps_cpp/robot_interfaces/srv/detail/dds_fastrtps/request_mcu__type_support.cpp.o[0m
[ 76%] [32mBuilding CXX object CMakeFiles/robot_interfaces__rosidl_typesupport_fastrtps_c.dir/rosidl_typesupport_fastrtps_c/robot_interfaces/srv/detail/rotate_base__type_support_c.cpp.o[0m
[ 77%] [32m[1mLinking CXX shared library librobot_interfaces__rosidl_typesupport_introspection_cpp.so[0m
[ 78%] [32mBuilding CXX object CMakeFiles/robot_interfaces__rosidl_typesupport_fastrtps_c.dir/rosidl_typesupport_fastrtps_c/robot_interfaces/srv/detail/push_ball__type_support_c.cpp.o[0m
[ 78%] Built target robot_interfaces__rosidl_typesupport_introspection_cpp
[ 80%] [32mBuilding CXX object CMakeFiles/robot_interfaces__rosidl_typesupport_fastrtps_c.dir/rosidl_typesupport_fastrtps_c/robot_interfaces/srv/detail/request_mcu__type_support_c.cpp.o[0m
[ 81%] [32m[1mLinking CXX shared library librobot_interfaces__rosidl_typesupport_fastrtps_cpp.so[0m
[ 81%] Built target robot_interfaces__rosidl_typesupport_fastrtps_cpp
[ 82%] [32m[1mLinking CXX shared library librobot_interfaces__rosidl_typesupport_fastrtps_c.so[0m
[ 82%] Built target robot_interfaces__rosidl_typesupport_fastrtps_c
[ 82%] Built target robot_interfaces
[ 83%] [34m[1mGenerating Python code for ROS interfaces[0m
[ 83%] Built target robot_interfaces__py
[ 88%] [32mBuilding C object CMakeFiles/robot_interfaces__rosidl_generator_py.dir/rosidl_generator_py/robot_interfaces/msg/_base_cmd_s.c.o[0m
[ 88%] [32mBuilding C object CMakeFiles/robot_interfaces__rosidl_generator_py.dir/rosidl_generator_py/robot_interfaces/srv/_control_s.c.o[0m
[ 88%] [32mBuilding C object CMakeFiles/robot_interfaces__rosidl_generator_py.dir/rosidl_generator_py/robot_interfaces/srv/_request_calculation_s.c.o[0m
[ 88%] [32mBuilding C object CMakeFiles/robot_interfaces__rosidl_generator_py.dir/rosidl_generator_py/robot_interfaces/srv/_request_action_s.c.o[0m
[ 89%] [32mBuilding C object CMakeFiles/robot_interfaces__rosidl_generator_py.dir/rosidl_generator_py/robot_interfaces/srv/_request_odrive_s.c.o[0m
[ 88%] [32mBuilding C object CMakeFiles/robot_interfaces__rosidl_generator_py.dir/rosidl_generator_py/robot_interfaces/msg/_imu_s.c.o[0m
[ 90%] [32mBuilding C object CMakeFiles/robot_interfaces__rosidl_generator_py.dir/rosidl_generator_py/robot_interfaces/srv/_push_ball_s.c.o[0m
[ 91%] [32mBuilding C object CMakeFiles/robot_interfaces__rosidl_generator_py.dir/rosidl_generator_py/robot_interfaces/srv/_rotate_base_s.c.o[0m
[ 92%] [32mBuilding C object CMakeFiles/robot_interfaces__rosidl_generator_py.dir/rosidl_generator_py/robot_interfaces/srv/_request_mcu_s.c.o[0m
[ 93%] [32m[1mLinking C shared library rosidl_generator_py/robot_interfaces/librobot_interfaces__rosidl_generator_py.so[0m
[ 93%] Built target robot_interfaces__rosidl_generator_py
[ 95%] [32mBuilding C object CMakeFiles/robot_interfaces__rosidl_typesupport_fastrtps_c__pyext.dir/rosidl_generator_py/robot_interfaces/_robot_interfaces_s.ep.rosidl_typesupport_fastrtps_c.c.o[0m
[ 95%] [32mBuilding C object CMakeFiles/robot_interfaces__rosidl_typesupport_c__pyext.dir/rosidl_generator_py/robot_interfaces/_robot_interfaces_s.ep.rosidl_typesupport_c.c.o[0m
[ 96%] [32mBuilding C object CMakeFiles/robot_interfaces__rosidl_typesupport_introspection_c__pyext.dir/rosidl_generator_py/robot_interfaces/_robot_interfaces_s.ep.rosidl_typesupport_introspection_c.c.o[0m
[ 98%] [32m[1mLinking C shared library rosidl_generator_py/robot_interfaces/robot_interfaces_s__rosidl_typesupport_c.cpython-310-x86_64-linux-gnu.so[0m
[ 98%] [32m[1mLinking C shared library rosidl_generator_py/robot_interfaces/robot_interfaces_s__rosidl_typesupport_introspection_c.cpython-310-x86_64-linux-gnu.so[0m
[100%] [32m[1mLinking C shared library rosidl_generator_py/robot_interfaces/robot_interfaces_s__rosidl_typesupport_fastrtps_c.cpython-310-x86_64-linux-gnu.so[0m
[100%] Built target robot_interfaces__rosidl_typesupport_introspection_c__pyext
[100%] Built target robot_interfaces__rosidl_typesupport_c__pyext
[100%] Built target robot_interfaces__rosidl_typesupport_fastrtps_c__pyext
-- Install configuration: ""
-- Installing: /home/ddon/software_robocon_2025/install/robot_interfaces/share/ament_index/resource_index/rosidl_interfaces/robot_interfaces
-- Installing: /home/ddon/software_robocon_2025/install/robot_interfaces/include/robot_interfaces/robot_interfaces
-- Installing: /home/ddon/software_robocon_2025/install/robot_interfaces/include/robot_interfaces/robot_interfaces/msg
-- Installing: /home/ddon/software_robocon_2025/install/robot_interfaces/include/robot_interfaces/robot_interfaces/msg/detail
-- Installing: /home/ddon/software_robocon_2025/install/robot_interfaces/include/robot_interfaces/robot_interfaces/msg/detail/imu__type_support.h
-- Installing: /home/ddon/software_robocon_2025/install/robot_interfaces/include/robot_interfaces/robot_interfaces/msg/detail/imu__functions.h
-- Installing: /home/ddon/software_robocon_2025/install/robot_interfaces/include/robot_interfaces/robot_interfaces/msg/detail/base_cmd__functions.h
-- Installing: /home/ddon/software_robocon_2025/install/robot_interfaces/include/robot_interfaces/robot_interfaces/msg/detail/base_cmd__struct.h
-- Installing: /home/ddon/software_robocon_2025/install/robot_interfaces/include/robot_interfaces/robot_interfaces/msg/detail/base_cmd__type_support.h
-- Installing: /home/ddon/software_robocon_2025/install/robot_interfaces/include/robot_interfaces/robot_interfaces/msg/detail/imu__struct.h
-- Installing: /home/ddon/software_robocon_2025/install/robot_interfaces/include/robot_interfaces/robot_interfaces/msg/detail/base_cmd__functions.c
-- Installing: /home/ddon/software_robocon_2025/install/robot_interfaces/include/robot_interfaces/robot_interfaces/msg/detail/imu__functions.c
-- Installing: /home/ddon/software_robocon_2025/install/robot_interfaces/include/robot_interfaces/robot_interfaces/msg/imu.h
-- Installing: /home/ddon/software_robocon_2025/install/robot_interfaces/include/robot_interfaces/robot_interfaces/msg/base_cmd.h
-- Installing: /home/ddon/software_robocon_2025/install/robot_interfaces/include/robot_interfaces/robot_interfaces/msg/rosidl_generator_c__visibility_control.h
-- Installing: /home/ddon/software_robocon_2025/install/robot_interfaces/include/robot_interfaces/robot_interfaces/srv
-- Installing: /home/ddon/software_robocon_2025/install/robot_interfaces/include/robot_interfaces/robot_interfaces/srv/detail
-- Installing: /home/ddon/software_robocon_2025/install/robot_interfaces/include/robot_interfaces/robot_interfaces/srv/detail/request_mcu__type_support.h
-- Installing: /home/ddon/software_robocon_2025/install/robot_interfaces/include/robot_interfaces/robot_interfaces/srv/detail/request_calculation__functions.c
-- Installing: /home/ddon/software_robocon_2025/install/robot_interfaces/include/robot_interfaces/robot_interfaces/srv/detail/rotate_base__type_support.h
-- Installing: /home/ddon/software_robocon_2025/install/robot_interfaces/include/robot_interfaces/robot_interfaces/srv/detail/push_ball__type_support.h
-- Installing: /home/ddon/software_robocon_2025/install/robot_interfaces/include/robot_interfaces/robot_interfaces/srv/detail/request_odrive__functions.h
-- Installing: /home/ddon/software_robocon_2025/install/robot_interfaces/include/robot_interfaces/robot_interfaces/srv/detail/push_ball__functions.h
-- Installing: /home/ddon/software_robocon_2025/install/robot_interfaces/include/robot_interfaces/robot_interfaces/srv/detail/rotate_base__functions.h
-- Installing: /home/ddon/software_robocon_2025/install/robot_interfaces/include/robot_interfaces/robot_interfaces/srv/detail/request_mcu__functions.h
-- Installing: /home/ddon/software_robocon_2025/install/robot_interfaces/include/robot_interfaces/robot_interfaces/srv/detail/request_mcu__functions.c
-- Installing: /home/ddon/software_robocon_2025/install/robot_interfaces/include/robot_interfaces/robot_interfaces/srv/detail/request_mcu__struct.h
-- Installing: /home/ddon/software_robocon_2025/install/robot_interfaces/include/robot_interfaces/robot_interfaces/srv/detail/control__type_support.h
-- Installing: /home/ddon/software_robocon_2025/install/robot_interfaces/include/robot_interfaces/robot_interfaces/srv/detail/control__functions.c
-- Installing: /home/ddon/software_robocon_2025/install/robot_interfaces/include/robot_interfaces/robot_interfaces/srv/detail/push_ball__functions.c
-- Installing: /home/ddon/software_robocon_2025/install/robot_interfaces/include/robot_interfaces/robot_interfaces/srv/detail/request_calculation__functions.h
-- Installing: /home/ddon/software_robocon_2025/install/robot_interfaces/include/robot_interfaces/robot_interfaces/srv/detail/request_calculation__type_support.h
-- Installing: /home/ddon/software_robocon_2025/install/robot_interfaces/include/robot_interfaces/robot_interfaces/srv/detail/request_action__functions.h
-- Installing: /home/ddon/software_robocon_2025/install/robot_interfaces/include/robot_interfaces/robot_interfaces/srv/detail/request_action__functions.c
-- Installing: /home/ddon/software_robocon_2025/install/robot_interfaces/include/robot_interfaces/robot_interfaces/srv/detail/request_odrive__struct.h
-- Installing: /home/ddon/software_robocon_2025/install/robot_interfaces/include/robot_interfaces/robot_interfaces/srv/detail/push_ball__struct.h
-- Installing: /home/ddon/software_robocon_2025/install/robot_interfaces/include/robot_interfaces/robot_interfaces/srv/detail/control__functions.h
-- Installing: /home/ddon/software_robocon_2025/install/robot_interfaces/include/robot_interfaces/robot_interfaces/srv/detail/request_odrive__type_support.h
-- Installing: /home/ddon/software_robocon_2025/install/robot_interfaces/include/robot_interfaces/robot_interfaces/srv/detail/control__struct.h
-- Installing: /home/ddon/software_robocon_2025/install/robot_interfaces/include/robot_interfaces/robot_interfaces/srv/detail/rotate_base__struct.h
-- Installing: /home/ddon/software_robocon_2025/install/robot_interfaces/include/robot_interfaces/robot_interfaces/srv/detail/rotate_base__functions.c
-- Installing: /home/ddon/software_robocon_2025/install/robot_interfaces/include/robot_interfaces/robot_interfaces/srv/detail/request_action__type_support.h
-- Installing: /home/ddon/software_robocon_2025/install/robot_interfaces/include/robot_interfaces/robot_interfaces/srv/detail/request_action__struct.h
-- Installing: /home/ddon/software_robocon_2025/install/robot_interfaces/include/robot_interfaces/robot_interfaces/srv/detail/request_odrive__functions.c
-- Installing: /home/ddon/software_robocon_2025/install/robot_interfaces/include/robot_interfaces/robot_interfaces/srv/detail/request_calculation__struct.h
-- Installing: /home/ddon/software_robocon_2025/install/robot_interfaces/include/robot_interfaces/robot_interfaces/srv/request_mcu.h
-- Installing: /home/ddon/software_robocon_2025/install/robot_interfaces/include/robot_interfaces/robot_interfaces/srv/control.h
-- Installing: /home/ddon/software_robocon_2025/install/robot_interfaces/include/robot_interfaces/robot_interfaces/srv/request_odrive.h
-- Installing: /home/ddon/software_robocon_2025/install/robot_interfaces/include/robot_interfaces/robot_interfaces/srv/rotate_base.h
-- Installing: /home/ddon/software_robocon_2025/install/robot_interfaces/include/robot_interfaces/robot_interfaces/srv/request_action.h
-- Installing: /home/ddon/software_robocon_2025/install/robot_interfaces/include/robot_interfaces/robot_interfaces/srv/request_calculation.h
-- Installing: /home/ddon/software_robocon_2025/install/robot_interfaces/include/robot_interfaces/robot_interfaces/srv/push_ball.h
-- Installing: /home/ddon/software_robocon_2025/install/robot_interfaces/share/robot_interfaces/environment/library_path.sh
-- Installing: /home/ddon/software_robocon_2025/install/robot_interfaces/share/robot_interfaces/environment/library_path.dsv
-- Installing: /home/ddon/software_robocon_2025/install/robot_interfaces/lib/librobot_interfaces__rosidl_generator_c.so
-- Set runtime path of "/home/ddon/software_robocon_2025/install/robot_interfaces/lib/librobot_interfaces__rosidl_generator_c.so" to ""
-- Up-to-date: /home/ddon/software_robocon_2025/install/robot_interfaces/include/robot_interfaces/robot_interfaces
-- Up-to-date: /home/ddon/software_robocon_2025/install/robot_interfaces/include/robot_interfaces/robot_interfaces/msg
-- Installing: /home/ddon/software_robocon_2025/install/robot_interfaces/include/robot_interfaces/robot_interfaces/msg/rosidl_typesupport_fastrtps_c__visibility_control.h
-- Up-to-date: /home/ddon/software_robocon_2025/install/robot_interfaces/include/robot_interfaces/robot_interfaces/msg/detail
-- Installing: /home/ddon/software_robocon_2025/install/robot_interfaces/include/robot_interfaces/robot_interfaces/msg/detail/imu__rosidl_typesupport_fastrtps_c.h
-- Installing: /home/ddon/software_robocon_2025/install/robot_interfaces/include/robot_interfaces/robot_interfaces/msg/detail/base_cmd__rosidl_typesupport_fastrtps_c.h
-- Up-to-date: /home/ddon/software_robocon_2025/install/robot_interfaces/include/robot_interfaces/robot_interfaces/srv
-- Up-to-date: /home/ddon/software_robocon_2025/install/robot_interfaces/include/robot_interfaces/robot_interfaces/srv/detail
-- Installing: /home/ddon/software_robocon_2025/install/robot_interfaces/include/robot_interfaces/robot_interfaces/srv/detail/request_action__rosidl_typesupport_fastrtps_c.h
-- Installing: /home/ddon/software_robocon_2025/install/robot_interfaces/include/robot_interfaces/robot_interfaces/srv/detail/request_mcu__rosidl_typesupport_fastrtps_c.h
-- Installing: /home/ddon/software_robocon_2025/install/robot_interfaces/include/robot_interfaces/robot_interfaces/srv/detail/rotate_base__rosidl_typesupport_fastrtps_c.h
-- Installing: /home/ddon/software_robocon_2025/install/robot_interfaces/include/robot_interfaces/robot_interfaces/srv/detail/request_odrive__rosidl_typesupport_fastrtps_c.h
-- Installing: /home/ddon/software_robocon_2025/install/robot_interfaces/include/robot_interfaces/robot_interfaces/srv/detail/push_ball__rosidl_typesupport_fastrtps_c.h
-- Installing: /home/ddon/software_robocon_2025/install/robot_interfaces/include/robot_interfaces/robot_interfaces/srv/detail/request_calculation__rosidl_typesupport_fastrtps_c.h
-- Installing: /home/ddon/software_robocon_2025/install/robot_interfaces/include/robot_interfaces/robot_interfaces/srv/detail/control__rosidl_typesupport_fastrtps_c.h
-- Installing: /home/ddon/software_robocon_2025/install/robot_interfaces/lib/librobot_interfaces__rosidl_typesupport_fastrtps_c.so
-- Set runtime path of "/home/ddon/software_robocon_2025/install/robot_interfaces/lib/librobot_interfaces__rosidl_typesupport_fastrtps_c.so" to ""
-- Up-to-date: /home/ddon/software_robocon_2025/install/robot_interfaces/include/robot_interfaces/robot_interfaces
-- Up-to-date: /home/ddon/software_robocon_2025/install/robot_interfaces/include/robot_interfaces/robot_interfaces/msg
-- Up-to-date: /home/ddon/software_robocon_2025/install/robot_interfaces/include/robot_interfaces/robot_interfaces/msg/detail
-- Installing: /home/ddon/software_robocon_2025/install/robot_interfaces/include/robot_interfaces/robot_interfaces/msg/detail/imu__rosidl_typesupport_introspection_c.h
-- Installing: /home/ddon/software_robocon_2025/install/robot_interfaces/include/robot_interfaces/robot_interfaces/msg/detail/base_cmd__type_support.c
-- Installing: /home/ddon/software_robocon_2025/install/robot_interfaces/include/robot_interfaces/robot_interfaces/msg/detail/base_cmd__rosidl_typesupport_introspection_c.h
-- Installing: /home/ddon/software_robocon_2025/install/robot_interfaces/include/robot_interfaces/robot_interfaces/msg/detail/imu__type_support.c
-- Installing: /home/ddon/software_robocon_2025/install/robot_interfaces/include/robot_interfaces/robot_interfaces/msg/rosidl_typesupport_introspection_c__visibility_control.h
-- Up-to-date: /home/ddon/software_robocon_2025/install/robot_interfaces/include/robot_interfaces/robot_interfaces/srv
-- Up-to-date: /home/ddon/software_robocon_2025/install/robot_interfaces/include/robot_interfaces/robot_interfaces/srv/detail
-- Installing: /home/ddon/software_robocon_2025/install/robot_interfaces/include/robot_interfaces/robot_interfaces/srv/detail/request_action__type_support.c
-- Installing: /home/ddon/software_robocon_2025/install/robot_interfaces/include/robot_interfaces/robot_interfaces/srv/detail/push_ball__rosidl_typesupport_introspection_c.h
-- Installing: /home/ddon/software_robocon_2025/install/robot_interfaces/include/robot_interfaces/robot_interfaces/srv/detail/control__type_support.c
-- Installing: /home/ddon/software_robocon_2025/install/robot_interfaces/include/robot_interfaces/robot_interfaces/srv/detail/request_mcu__type_support.c
-- Installing: /home/ddon/software_robocon_2025/install/robot_interfaces/include/robot_interfaces/robot_interfaces/srv/detail/rotate_base__rosidl_typesupport_introspection_c.h
-- Installing: /home/ddon/software_robocon_2025/install/robot_interfaces/include/robot_interfaces/robot_interfaces/srv/detail/request_odrive__type_support.c
-- Installing: /home/ddon/software_robocon_2025/install/robot_interfaces/include/robot_interfaces/robot_interfaces/srv/detail/push_ball__type_support.c
-- Installing: /home/ddon/software_robocon_2025/install/robot_interfaces/include/robot_interfaces/robot_interfaces/srv/detail/request_mcu__rosidl_typesupport_introspection_c.h
-- Installing: /home/ddon/software_robocon_2025/install/robot_interfaces/include/robot_interfaces/robot_interfaces/srv/detail/request_calculation__rosidl_typesupport_introspection_c.h
-- Installing: /home/ddon/software_robocon_2025/install/robot_interfaces/include/robot_interfaces/robot_interfaces/srv/detail/control__rosidl_typesupport_introspection_c.h
-- Installing: /home/ddon/software_robocon_2025/install/robot_interfaces/include/robot_interfaces/robot_interfaces/srv/detail/request_calculation__type_support.c
-- Installing: /home/ddon/software_robocon_2025/install/robot_interfaces/include/robot_interfaces/robot_interfaces/srv/detail/request_action__rosidl_typesupport_introspection_c.h
-- Installing: /home/ddon/software_robocon_2025/install/robot_interfaces/include/robot_interfaces/robot_interfaces/srv/detail/rotate_base__type_support.c
-- Installing: /home/ddon/software_robocon_2025/install/robot_interfaces/include/robot_interfaces/robot_interfaces/srv/detail/request_odrive__rosidl_typesupport_introspection_c.h
-- Installing: /home/ddon/software_robocon_2025/install/robot_interfaces/lib/librobot_interfaces__rosidl_typesupport_introspection_c.so
-- Set runtime path of "/home/ddon/software_robocon_2025/install/robot_interfaces/lib/librobot_interfaces__rosidl_typesupport_introspection_c.so" to ""
-- Installing: /home/ddon/software_robocon_2025/install/robot_interfaces/lib/librobot_interfaces__rosidl_typesupport_c.so
-- Set runtime path of "/home/ddon/software_robocon_2025/install/robot_interfaces/lib/librobot_interfaces__rosidl_typesupport_c.so" to ""
-- Up-to-date: /home/ddon/software_robocon_2025/install/robot_interfaces/include/robot_interfaces/robot_interfaces
-- Up-to-date: /home/ddon/software_robocon_2025/install/robot_interfaces/include/robot_interfaces/robot_interfaces/msg
-- Up-to-date: /home/ddon/software_robocon_2025/install/robot_interfaces/include/robot_interfaces/robot_interfaces/msg/detail
-- Installing: /home/ddon/software_robocon_2025/install/robot_interfaces/include/robot_interfaces/robot_interfaces/msg/detail/imu__type_support.hpp
-- Installing: /home/ddon/software_robocon_2025/install/robot_interfaces/include/robot_interfaces/robot_interfaces/msg/detail/imu__traits.hpp
-- Installing: /home/ddon/software_robocon_2025/install/robot_interfaces/include/robot_interfaces/robot_interfaces/msg/detail/base_cmd__struct.hpp
-- Installing: /home/ddon/software_robocon_2025/install/robot_interfaces/include/robot_interfaces/robot_interfaces/msg/detail/imu__builder.hpp
-- Installing: /home/ddon/software_robocon_2025/install/robot_interfaces/include/robot_interfaces/robot_interfaces/msg/detail/base_cmd__builder.hpp
-- Installing: /home/ddon/software_robocon_2025/install/robot_interfaces/include/robot_interfaces/robot_interfaces/msg/detail/imu__struct.hpp
-- Installing: /home/ddon/software_robocon_2025/install/robot_interfaces/include/robot_interfaces/robot_interfaces/msg/detail/base_cmd__traits.hpp
-- Installing: /home/ddon/software_robocon_2025/install/robot_interfaces/include/robot_interfaces/robot_interfaces/msg/detail/base_cmd__type_support.hpp
-- Installing: /home/ddon/software_robocon_2025/install/robot_interfaces/include/robot_interfaces/robot_interfaces/msg/base_cmd.hpp
-- Installing: /home/ddon/software_robocon_2025/install/robot_interfaces/include/robot_interfaces/robot_interfaces/msg/imu.hpp
-- Installing: /home/ddon/software_robocon_2025/install/robot_interfaces/include/robot_interfaces/robot_interfaces/msg/rosidl_generator_cpp__visibility_control.hpp
-- Up-to-date: /home/ddon/software_robocon_2025/install/robot_interfaces/include/robot_interfaces/robot_interfaces/srv
-- Up-to-date: /home/ddon/software_robocon_2025/install/robot_interfaces/include/robot_interfaces/robot_interfaces/srv/detail
-- Installing: /home/ddon/software_robocon_2025/install/robot_interfaces/include/robot_interfaces/robot_interfaces/srv/detail/request_calculation__type_support.hpp
-- Installing: /home/ddon/software_robocon_2025/install/robot_interfaces/include/robot_interfaces/robot_interfaces/srv/detail/request_odrive__builder.hpp
-- Installing: /home/ddon/software_robocon_2025/install/robot_interfaces/include/robot_interfaces/robot_interfaces/srv/detail/rotate_base__builder.hpp
-- Installing: /home/ddon/software_robocon_2025/install/robot_interfaces/include/robot_interfaces/robot_interfaces/srv/detail/push_ball__struct.hpp
-- Installing: /home/ddon/software_robocon_2025/install/robot_interfaces/include/robot_interfaces/robot_interfaces/srv/detail/rotate_base__traits.hpp
-- Installing: /home/ddon/software_robocon_2025/install/robot_interfaces/include/robot_interfaces/robot_interfaces/srv/detail/control__traits.hpp
-- Installing: /home/ddon/software_robocon_2025/install/robot_interfaces/include/robot_interfaces/robot_interfaces/srv/detail/push_ball__type_support.hpp
-- Installing: /home/ddon/software_robocon_2025/install/robot_interfaces/include/robot_interfaces/robot_interfaces/srv/detail/control__builder.hpp
-- Installing: /home/ddon/software_robocon_2025/install/robot_interfaces/include/robot_interfaces/robot_interfaces/srv/detail/control__struct.hpp
-- Installing: /home/ddon/software_robocon_2025/install/robot_interfaces/include/robot_interfaces/robot_interfaces/srv/detail/request_mcu__type_support.hpp
-- Installing: /home/ddon/software_robocon_2025/install/robot_interfaces/include/robot_interfaces/robot_interfaces/srv/detail/push_ball__builder.hpp
-- Installing: /home/ddon/software_robocon_2025/install/robot_interfaces/include/robot_interfaces/robot_interfaces/srv/detail/request_odrive__struct.hpp
-- Installing: /home/ddon/software_robocon_2025/install/robot_interfaces/include/robot_interfaces/robot_interfaces/srv/detail/request_action__builder.hpp
-- Installing: /home/ddon/software_robocon_2025/install/robot_interfaces/include/robot_interfaces/robot_interfaces/srv/detail/request_mcu__struct.hpp
-- Installing: /home/ddon/software_robocon_2025/install/robot_interfaces/include/robot_interfaces/robot_interfaces/srv/detail/rotate_base__struct.hpp
-- Installing: /home/ddon/software_robocon_2025/install/robot_interfaces/include/robot_interfaces/robot_interfaces/srv/detail/request_calculation__struct.hpp
-- Installing: /home/ddon/software_robocon_2025/install/robot_interfaces/include/robot_interfaces/robot_interfaces/srv/detail/request_action__traits.hpp
-- Installing: /home/ddon/software_robocon_2025/install/robot_interfaces/include/robot_interfaces/robot_interfaces/srv/detail/request_calculation__traits.hpp
-- Installing: /home/ddon/software_robocon_2025/install/robot_interfaces/include/robot_interfaces/robot_interfaces/srv/detail/control__type_support.hpp
-- Installing: /home/ddon/software_robocon_2025/install/robot_interfaces/include/robot_interfaces/robot_interfaces/srv/detail/request_odrive__traits.hpp
-- Installing: /home/ddon/software_robocon_2025/install/robot_interfaces/include/robot_interfaces/robot_interfaces/srv/detail/push_ball__traits.hpp
-- Installing: /home/ddon/software_robocon_2025/install/robot_interfaces/include/robot_interfaces/robot_interfaces/srv/detail/request_odrive__type_support.hpp
-- Installing: /home/ddon/software_robocon_2025/install/robot_interfaces/include/robot_interfaces/robot_interfaces/srv/detail/request_calculation__builder.hpp
-- Installing: /home/ddon/software_robocon_2025/install/robot_interfaces/include/robot_interfaces/robot_interfaces/srv/detail/request_action__struct.hpp
-- Installing: /home/ddon/software_robocon_2025/install/robot_interfaces/include/robot_interfaces/robot_interfaces/srv/detail/rotate_base__type_support.hpp
-- Installing: /home/ddon/software_robocon_2025/install/robot_interfaces/include/robot_interfaces/robot_interfaces/srv/detail/request_mcu__builder.hpp
-- Installing: /home/ddon/software_robocon_2025/install/robot_interfaces/include/robot_interfaces/robot_interfaces/srv/detail/request_mcu__traits.hpp
-- Installing: /home/ddon/software_robocon_2025/install/robot_interfaces/include/robot_interfaces/robot_interfaces/srv/detail/request_action__type_support.hpp
-- Installing: /home/ddon/software_robocon_2025/install/robot_interfaces/include/robot_interfaces/robot_interfaces/srv/request_calculation.hpp
-- Installing: /home/ddon/software_robocon_2025/install/robot_interfaces/include/robot_interfaces/robot_interfaces/srv/control.hpp
-- Installing: /home/ddon/software_robocon_2025/install/robot_interfaces/include/robot_interfaces/robot_interfaces/srv/rotate_base.hpp
-- Installing: /home/ddon/software_robocon_2025/install/robot_interfaces/include/robot_interfaces/robot_interfaces/srv/request_odrive.hpp
-- Installing: /home/ddon/software_robocon_2025/install/robot_interfaces/include/robot_interfaces/robot_interfaces/srv/request_action.hpp
-- Installing: /home/ddon/software_robocon_2025/install/robot_interfaces/include/robot_interfaces/robot_interfaces/srv/request_mcu.hpp
-- Installing: /home/ddon/software_robocon_2025/install/robot_interfaces/include/robot_interfaces/robot_interfaces/srv/push_ball.hpp
-- Up-to-date: /home/ddon/software_robocon_2025/install/robot_interfaces/include/robot_interfaces/robot_interfaces
-- Up-to-date: /home/ddon/software_robocon_2025/install/robot_interfaces/include/robot_interfaces/robot_interfaces/msg
-- Up-to-date: /home/ddon/software_robocon_2025/install/robot_interfaces/include/robot_interfaces/robot_interfaces/msg/detail
-- Installing: /home/ddon/software_robocon_2025/install/robot_interfaces/include/robot_interfaces/robot_interfaces/msg/detail/base_cmd__rosidl_typesupport_fastrtps_cpp.hpp
-- Installing: /home/ddon/software_robocon_2025/install/robot_interfaces/include/robot_interfaces/robot_interfaces/msg/detail/imu__rosidl_typesupport_fastrtps_cpp.hpp
-- Installing: /home/ddon/software_robocon_2025/install/robot_interfaces/include/robot_interfaces/robot_interfaces/msg/detail/dds_fastrtps
-- Installing: /home/ddon/software_robocon_2025/install/robot_interfaces/include/robot_interfaces/robot_interfaces/msg/rosidl_typesupport_fastrtps_cpp__visibility_control.h
-- Up-to-date: /home/ddon/software_robocon_2025/install/robot_interfaces/include/robot_interfaces/robot_interfaces/srv
-- Up-to-date: /home/ddon/software_robocon_2025/install/robot_interfaces/include/robot_interfaces/robot_interfaces/srv/detail
-- Installing: /home/ddon/software_robocon_2025/install/robot_interfaces/include/robot_interfaces/robot_interfaces/srv/detail/push_ball__rosidl_typesupport_fastrtps_cpp.hpp
-- Installing: /home/ddon/software_robocon_2025/install/robot_interfaces/include/robot_interfaces/robot_interfaces/srv/detail/control__rosidl_typesupport_fastrtps_cpp.hpp
-- Installing: /home/ddon/software_robocon_2025/install/robot_interfaces/include/robot_interfaces/robot_interfaces/srv/detail/request_odrive__rosidl_typesupport_fastrtps_cpp.hpp
-- Installing: /home/ddon/software_robocon_2025/install/robot_interfaces/include/robot_interfaces/robot_interfaces/srv/detail/request_action__rosidl_typesupport_fastrtps_cpp.hpp
-- Installing: /home/ddon/software_robocon_2025/install/robot_interfaces/include/robot_interfaces/robot_interfaces/srv/detail/request_mcu__rosidl_typesupport_fastrtps_cpp.hpp
-- Installing: /home/ddon/software_robocon_2025/install/robot_interfaces/include/robot_interfaces/robot_interfaces/srv/detail/dds_fastrtps
-- Installing: /home/ddon/software_robocon_2025/install/robot_interfaces/include/robot_interfaces/robot_interfaces/srv/detail/rotate_base__rosidl_typesupport_fastrtps_cpp.hpp
-- Installing: /home/ddon/software_robocon_2025/install/robot_interfaces/include/robot_interfaces/robot_interfaces/srv/detail/request_calculation__rosidl_typesupport_fastrtps_cpp.hpp
-- Installing: /home/ddon/software_robocon_2025/install/robot_interfaces/lib/librobot_interfaces__rosidl_typesupport_fastrtps_cpp.so
-- Set runtime path of "/home/ddon/software_robocon_2025/install/robot_interfaces/lib/librobot_interfaces__rosidl_typesupport_fastrtps_cpp.so" to ""
-- Up-to-date: /home/ddon/software_robocon_2025/install/robot_interfaces/include/robot_interfaces/robot_interfaces
-- Up-to-date: /home/ddon/software_robocon_2025/install/robot_interfaces/include/robot_interfaces/robot_interfaces/msg
-- Up-to-date: /home/ddon/software_robocon_2025/install/robot_interfaces/include/robot_interfaces/robot_interfaces/msg/detail
-- Installing: /home/ddon/software_robocon_2025/install/robot_interfaces/include/robot_interfaces/robot_interfaces/msg/detail/imu__type_support.cpp
-- Installing: /home/ddon/software_robocon_2025/install/robot_interfaces/include/robot_interfaces/robot_interfaces/msg/detail/base_cmd__type_support.cpp
-- Installing: /home/ddon/software_robocon_2025/install/robot_interfaces/include/robot_interfaces/robot_interfaces/msg/detail/imu__rosidl_typesupport_introspection_cpp.hpp
-- Installing: /home/ddon/software_robocon_2025/install/robot_interfaces/include/robot_interfaces/robot_interfaces/msg/detail/base_cmd__rosidl_typesupport_introspection_cpp.hpp
-- Up-to-date: /home/ddon/software_robocon_2025/install/robot_interfaces/include/robot_interfaces/robot_interfaces/srv
-- Up-to-date: /home/ddon/software_robocon_2025/install/robot_interfaces/include/robot_interfaces/robot_interfaces/srv/detail
-- Installing: /home/ddon/software_robocon_2025/install/robot_interfaces/include/robot_interfaces/robot_interfaces/srv/detail/push_ball__rosidl_typesupport_introspection_cpp.hpp
-- Installing: /home/ddon/software_robocon_2025/install/robot_interfaces/include/robot_interfaces/robot_interfaces/srv/detail/request_action__rosidl_typesupport_introspection_cpp.hpp
-- Installing: /home/ddon/software_robocon_2025/install/robot_interfaces/include/robot_interfaces/robot_interfaces/srv/detail/request_mcu__rosidl_typesupport_introspection_cpp.hpp
-- Installing: /home/ddon/software_robocon_2025/install/robot_interfaces/include/robot_interfaces/robot_interfaces/srv/detail/rotate_base__rosidl_typesupport_introspection_cpp.hpp
-- Installing: /home/ddon/software_robocon_2025/install/robot_interfaces/include/robot_interfaces/robot_interfaces/srv/detail/control__type_support.cpp
-- Installing: /home/ddon/software_robocon_2025/install/robot_interfaces/include/robot_interfaces/robot_interfaces/srv/detail/push_ball__type_support.cpp
-- Installing: /home/ddon/software_robocon_2025/install/robot_interfaces/include/robot_interfaces/robot_interfaces/srv/detail/request_mcu__type_support.cpp
-- Installing: /home/ddon/software_robocon_2025/install/robot_interfaces/include/robot_interfaces/robot_interfaces/srv/detail/control__rosidl_typesupport_introspection_cpp.hpp
-- Installing: /home/ddon/software_robocon_2025/install/robot_interfaces/include/robot_interfaces/robot_interfaces/srv/detail/request_odrive__rosidl_typesupport_introspection_cpp.hpp
-- Installing: /home/ddon/software_robocon_2025/install/robot_interfaces/include/robot_interfaces/robot_interfaces/srv/detail/request_calculation__rosidl_typesupport_introspection_cpp.hpp
-- Installing: /home/ddon/software_robocon_2025/install/robot_interfaces/include/robot_interfaces/robot_interfaces/srv/detail/request_calculation__type_support.cpp
-- Installing: /home/ddon/software_robocon_2025/install/robot_interfaces/include/robot_interfaces/robot_interfaces/srv/detail/request_action__type_support.cpp
-- Installing: /home/ddon/software_robocon_2025/install/robot_interfaces/include/robot_interfaces/robot_interfaces/srv/detail/rotate_base__type_support.cpp
-- Installing: /home/ddon/software_robocon_2025/install/robot_interfaces/include/robot_interfaces/robot_interfaces/srv/detail/request_odrive__type_support.cpp
-- Installing: /home/ddon/software_robocon_2025/install/robot_interfaces/lib/librobot_interfaces__rosidl_typesupport_introspection_cpp.so
-- Set runtime path of "/home/ddon/software_robocon_2025/install/robot_interfaces/lib/librobot_interfaces__rosidl_typesupport_introspection_cpp.so" to ""
-- Installing: /home/ddon/software_robocon_2025/install/robot_interfaces/lib/librobot_interfaces__rosidl_typesupport_cpp.so
-- Set runtime path of "/home/ddon/software_robocon_2025/install/robot_interfaces/lib/librobot_interfaces__rosidl_typesupport_cpp.so" to ""
-- Installing: /home/ddon/software_robocon_2025/install/robot_interfaces/share/robot_interfaces/environment/pythonpath.sh
-- Installing: /home/ddon/software_robocon_2025/install/robot_interfaces/share/robot_interfaces/environment/pythonpath.dsv
-- Installing: /home/ddon/software_robocon_2025/install/robot_interfaces/local/lib/python3.10/dist-packages/robot_interfaces-0.0.0-py3.10.egg-info
-- Installing: /home/ddon/software_robocon_2025/install/robot_interfaces/local/lib/python3.10/dist-packages/robot_interfaces-0.0.0-py3.10.egg-info/dependency_links.txt
-- Installing: /home/ddon/software_robocon_2025/install/robot_interfaces/local/lib/python3.10/dist-packages/robot_interfaces-0.0.0-py3.10.egg-info/PKG-INFO
-- Installing: /home/ddon/software_robocon_2025/install/robot_interfaces/local/lib/python3.10/dist-packages/robot_interfaces-0.0.0-py3.10.egg-info/top_level.txt
-- Installing: /home/ddon/software_robocon_2025/install/robot_interfaces/local/lib/python3.10/dist-packages/robot_interfaces-0.0.0-py3.10.egg-info/SOURCES.txt
-- Installing: /home/ddon/software_robocon_2025/install/robot_interfaces/local/lib/python3.10/dist-packages/robot_interfaces
-- Installing: /home/ddon/software_robocon_2025/install/robot_interfaces/local/lib/python3.10/dist-packages/robot_interfaces/msg
-- Installing: /home/ddon/software_robocon_2025/install/robot_interfaces/local/lib/python3.10/dist-packages/robot_interfaces/msg/_base_cmd.py
-- Installing: /home/ddon/software_robocon_2025/install/robot_interfaces/local/lib/python3.10/dist-packages/robot_interfaces/msg/_imu_s.c
-- Installing: /home/ddon/software_robocon_2025/install/robot_interfaces/local/lib/python3.10/dist-packages/robot_interfaces/msg/_imu.py
-- Installing: /home/ddon/software_robocon_2025/install/robot_interfaces/local/lib/python3.10/dist-packages/robot_interfaces/msg/_base_cmd_s.c
-- Installing: /home/ddon/software_robocon_2025/install/robot_interfaces/local/lib/python3.10/dist-packages/robot_interfaces/msg/__init__.py
-- Installing: /home/ddon/software_robocon_2025/install/robot_interfaces/local/lib/python3.10/dist-packages/robot_interfaces/_robot_interfaces_s.ep.rosidl_typesupport_c.c
-- Installing: /home/ddon/software_robocon_2025/install/robot_interfaces/local/lib/python3.10/dist-packages/robot_interfaces/_robot_interfaces_s.ep.rosidl_typesupport_introspection_c.c
-- Installing: /home/ddon/software_robocon_2025/install/robot_interfaces/local/lib/python3.10/dist-packages/robot_interfaces/robot_interfaces_s__rosidl_typesupport_c.cpython-310-x86_64-linux-gnu.so
-- Installing: /home/ddon/software_robocon_2025/install/robot_interfaces/local/lib/python3.10/dist-packages/robot_interfaces/robot_interfaces_s__rosidl_typesupport_introspection_c.cpython-310-x86_64-linux-gnu.so
-- Installing: /home/ddon/software_robocon_2025/install/robot_interfaces/local/lib/python3.10/dist-packages/robot_interfaces/librobot_interfaces__rosidl_generator_py.so
-- Installing: /home/ddon/software_robocon_2025/install/robot_interfaces/local/lib/python3.10/dist-packages/robot_interfaces/_robot_interfaces_s.ep.rosidl_typesupport_fastrtps_c.c
-- Installing: /home/ddon/software_robocon_2025/install/robot_interfaces/local/lib/python3.10/dist-packages/robot_interfaces/srv
-- Installing: /home/ddon/software_robocon_2025/install/robot_interfaces/local/lib/python3.10/dist-packages/robot_interfaces/srv/_request_odrive_s.c
-- Installing: /home/ddon/software_robocon_2025/install/robot_interfaces/local/lib/python3.10/dist-packages/robot_interfaces/srv/_request_action_s.c
-- Installing: /home/ddon/software_robocon_2025/install/robot_interfaces/local/lib/python3.10/dist-packages/robot_interfaces/srv/_push_ball_s.c
-- Installing: /home/ddon/software_robocon_2025/install/robot_interfaces/local/lib/python3.10/dist-packages/robot_interfaces/srv/_request_calculation_s.c
-- Installing: /home/ddon/software_robocon_2025/install/robot_interfaces/local/lib/python3.10/dist-packages/robot_interfaces/srv/_request_mcu_s.c
-- Installing: /home/ddon/software_robocon_2025/install/robot_interfaces/local/lib/python3.10/dist-packages/robot_interfaces/srv/_request_calculation.py
-- Installing: /home/ddon/software_robocon_2025/install/robot_interfaces/local/lib/python3.10/dist-packages/robot_interfaces/srv/_control_s.c
-- Installing: /home/ddon/software_robocon_2025/install/robot_interfaces/local/lib/python3.10/dist-packages/robot_interfaces/srv/_rotate_base_s.c
-- Installing: /home/ddon/software_robocon_2025/install/robot_interfaces/local/lib/python3.10/dist-packages/robot_interfaces/srv/_rotate_base.py
-- Installing: /home/ddon/software_robocon_2025/install/robot_interfaces/local/lib/python3.10/dist-packages/robot_interfaces/srv/_control.py
-- Installing: /home/ddon/software_robocon_2025/install/robot_interfaces/local/lib/python3.10/dist-packages/robot_interfaces/srv/_push_ball.py
-- Installing: /home/ddon/software_robocon_2025/install/robot_interfaces/local/lib/python3.10/dist-packages/robot_interfaces/srv/_request_mcu.py
-- Installing: /home/ddon/software_robocon_2025/install/robot_interfaces/local/lib/python3.10/dist-packages/robot_interfaces/srv/_request_action.py
-- Installing: /home/ddon/software_robocon_2025/install/robot_interfaces/local/lib/python3.10/dist-packages/robot_interfaces/srv/_request_odrive.py
-- Installing: /home/ddon/software_robocon_2025/install/robot_interfaces/local/lib/python3.10/dist-packages/robot_interfaces/srv/__init__.py
-- Installing: /home/ddon/software_robocon_2025/install/robot_interfaces/local/lib/python3.10/dist-packages/robot_interfaces/__init__.py
-- Installing: /home/ddon/software_robocon_2025/install/robot_interfaces/local/lib/python3.10/dist-packages/robot_interfaces/robot_interfaces_s__rosidl_typesupport_fastrtps_c.cpython-310-x86_64-linux-gnu.so
Listing '/home/ddon/software_robocon_2025/install/robot_interfaces/local/lib/python3.10/dist-packages/robot_interfaces'...
Compiling '/home/ddon/software_robocon_2025/install/robot_interfaces/local/lib/python3.10/dist-packages/robot_interfaces/__init__.py'...
Listing '/home/ddon/software_robocon_2025/install/robot_interfaces/local/lib/python3.10/dist-packages/robot_interfaces/msg'...
Compiling '/home/ddon/software_robocon_2025/install/robot_interfaces/local/lib/python3.10/dist-packages/robot_interfaces/msg/__init__.py'...
Compiling '/home/ddon/software_robocon_2025/install/robot_interfaces/local/lib/python3.10/dist-packages/robot_interfaces/msg/_base_cmd.py'...
Compiling '/home/ddon/software_robocon_2025/install/robot_interfaces/local/lib/python3.10/dist-packages/robot_interfaces/msg/_imu.py'...
Listing '/home/ddon/software_robocon_2025/install/robot_interfaces/local/lib/python3.10/dist-packages/robot_interfaces/srv'...
Compiling '/home/ddon/software_robocon_2025/install/robot_interfaces/local/lib/python3.10/dist-packages/robot_interfaces/srv/__init__.py'...
Compiling '/home/ddon/software_robocon_2025/install/robot_interfaces/local/lib/python3.10/dist-packages/robot_interfaces/srv/_control.py'...
Compiling '/home/ddon/software_robocon_2025/install/robot_interfaces/local/lib/python3.10/dist-packages/robot_interfaces/srv/_push_ball.py'...
Compiling '/home/ddon/software_robocon_2025/install/robot_interfaces/local/lib/python3.10/dist-packages/robot_interfaces/srv/_request_action.py'...
Compiling '/home/ddon/software_robocon_2025/install/robot_interfaces/local/lib/python3.10/dist-packages/robot_interfaces/srv/_request_calculation.py'...
Compiling '/home/ddon/software_robocon_2025/install/robot_interfaces/local/lib/python3.10/dist-packages/robot_interfaces/srv/_request_mcu.py'...
Compiling '/home/ddon/software_robocon_2025/install/robot_interfaces/local/lib/python3.10/dist-packages/robot_interfaces/srv/_request_odrive.py'...
Compiling '/home/ddon/software_robocon_2025/install/robot_interfaces/local/lib/python3.10/dist-packages/robot_interfaces/srv/_rotate_base.py'...
-- Installing: /home/ddon/software_robocon_2025/install/robot_interfaces/local/lib/python3.10/dist-packages/robot_interfaces/robot_interfaces_s__rosidl_typesupport_fastrtps_c.cpython-310-x86_64-linux-gnu.so
-- Set runtime path of "/home/ddon/software_robocon_2025/install/robot_interfaces/local/lib/python3.10/dist-packages/robot_interfaces/robot_interfaces_s__rosidl_typesupport_fastrtps_c.cpython-310-x86_64-linux-gnu.so" to ""
-- Installing: /home/ddon/software_robocon_2025/install/robot_interfaces/local/lib/python3.10/dist-packages/robot_interfaces/robot_interfaces_s__rosidl_typesupport_introspection_c.cpython-310-x86_64-linux-gnu.so
-- Set runtime path of "/home/ddon/software_robocon_2025/install/robot_interfaces/local/lib/python3.10/dist-packages/robot_interfaces/robot_interfaces_s__rosidl_typesupport_introspection_c.cpython-310-x86_64-linux-gnu.so" to ""
-- Installing: /home/ddon/software_robocon_2025/install/robot_interfaces/local/lib/python3.10/dist-packages/robot_interfaces/robot_interfaces_s__rosidl_typesupport_c.cpython-310-x86_64-linux-gnu.so
-- Set runtime path of "/home/ddon/software_robocon_2025/install/robot_interfaces/local/lib/python3.10/dist-packages/robot_interfaces/robot_interfaces_s__rosidl_typesupport_c.cpython-310-x86_64-linux-gnu.so" to ""
-- Installing: /home/ddon/software_robocon_2025/install/robot_interfaces/lib/librobot_interfaces__rosidl_generator_py.so
-- Set runtime path of "/home/ddon/software_robocon_2025/install/robot_interfaces/lib/librobot_interfaces__rosidl_generator_py.so" to ""
-- Installing: /home/ddon/software_robocon_2025/install/robot_interfaces/share/robot_interfaces/msg/IMU.idl
-- Installing: /home/ddon/software_robocon_2025/install/robot_interfaces/share/robot_interfaces/msg/BaseCmd.idl
-- Installing: /home/ddon/software_robocon_2025/install/robot_interfaces/share/robot_interfaces/srv/Control.idl
-- Installing: /home/ddon/software_robocon_2025/install/robot_interfaces/share/robot_interfaces/srv/RequestCalculation.idl
-- Installing: /home/ddon/software_robocon_2025/install/robot_interfaces/share/robot_interfaces/srv/RequestAction.idl
-- Installing: /home/ddon/software_robocon_2025/install/robot_interfaces/share/robot_interfaces/srv/RequestOdrive.idl
-- Installing: /home/ddon/software_robocon_2025/install/robot_interfaces/share/robot_interfaces/srv/RotateBase.idl
-- Installing: /home/ddon/software_robocon_2025/install/robot_interfaces/share/robot_interfaces/srv/PushBall.idl
-- Installing: /home/ddon/software_robocon_2025/install/robot_interfaces/share/robot_interfaces/srv/RequestMcu.idl
-- Installing: /home/ddon/software_robocon_2025/install/robot_interfaces/share/robot_interfaces/msg/IMU.msg
-- Installing: /home/ddon/software_robocon_2025/install/robot_interfaces/share/robot_interfaces/msg/BaseCmd.msg
-- Installing: /home/ddon/software_robocon_2025/install/robot_interfaces/share/robot_interfaces/srv/Control.srv
-- Installing: /home/ddon/software_robocon_2025/install/robot_interfaces/share/robot_interfaces/srv/Control_Request.msg
-- Installing: /home/ddon/software_robocon_2025/install/robot_interfaces/share/robot_interfaces/srv/Control_Response.msg
-- Installing: /home/ddon/software_robocon_2025/install/robot_interfaces/share/robot_interfaces/srv/RequestCalculation.srv
-- Installing: /home/ddon/software_robocon_2025/install/robot_interfaces/share/robot_interfaces/srv/RequestCalculation_Request.msg
-- Installing: /home/ddon/software_robocon_2025/install/robot_interfaces/share/robot_interfaces/srv/RequestCalculation_Response.msg
-- Installing: /home/ddon/software_robocon_2025/install/robot_interfaces/share/robot_interfaces/srv/RequestAction.srv
-- Installing: /home/ddon/software_robocon_2025/install/robot_interfaces/share/robot_interfaces/srv/RequestAction_Request.msg
-- Installing: /home/ddon/software_robocon_2025/install/robot_interfaces/share/robot_interfaces/srv/RequestAction_Response.msg
-- Installing: /home/ddon/software_robocon_2025/install/robot_interfaces/share/robot_interfaces/srv/RequestOdrive.srv
-- Installing: /home/ddon/software_robocon_2025/install/robot_interfaces/share/robot_interfaces/srv/RequestOdrive_Request.msg
-- Installing: /home/ddon/software_robocon_2025/install/robot_interfaces/share/robot_interfaces/srv/RequestOdrive_Response.msg
-- Installing: /home/ddon/software_robocon_2025/install/robot_interfaces/share/robot_interfaces/srv/RotateBase.srv
-- Installing: /home/ddon/software_robocon_2025/install/robot_interfaces/share/robot_interfaces/srv/RotateBase_Request.msg
-- Installing: /home/ddon/software_robocon_2025/install/robot_interfaces/share/robot_interfaces/srv/RotateBase_Response.msg
-- Installing: /home/ddon/software_robocon_2025/install/robot_interfaces/share/robot_interfaces/srv/PushBall.srv
-- Installing: /home/ddon/software_robocon_2025/install/robot_interfaces/share/robot_interfaces/srv/PushBall_Request.msg
-- Installing: /home/ddon/software_robocon_2025/install/robot_interfaces/share/robot_interfaces/srv/PushBall_Response.msg
-- Installing: /home/ddon/software_robocon_2025/install/robot_interfaces/share/robot_interfaces/srv/RequestMcu.srv
-- Installing: /home/ddon/software_robocon_2025/install/robot_interfaces/share/robot_interfaces/srv/RequestMcu_Request.msg
-- Installing: /home/ddon/software_robocon_2025/install/robot_interfaces/share/robot_interfaces/srv/RequestMcu_Response.msg
-- Installing: /home/ddon/software_robocon_2025/install/robot_interfaces/share/ament_index/resource_index/package_run_dependencies/robot_interfaces
-- Installing: /home/ddon/software_robocon_2025/install/robot_interfaces/share/ament_index/resource_index/parent_prefix_path/robot_interfaces
-- Installing: /home/ddon/software_robocon_2025/install/robot_interfaces/share/robot_interfaces/environment/ament_prefix_path.sh
-- Installing: /home/ddon/software_robocon_2025/install/robot_interfaces/share/robot_interfaces/environment/ament_prefix_path.dsv
-- Installing: /home/ddon/software_robocon_2025/install/robot_interfaces/share/robot_interfaces/environment/path.sh
-- Installing: /home/ddon/software_robocon_2025/install/robot_interfaces/share/robot_interfaces/environment/path.dsv
-- Installing: /home/ddon/software_robocon_2025/install/robot_interfaces/share/robot_interfaces/local_setup.bash
-- Installing: /home/ddon/software_robocon_2025/install/robot_interfaces/share/robot_interfaces/local_setup.sh
-- Installing: /home/ddon/software_robocon_2025/install/robot_interfaces/share/robot_interfaces/local_setup.zsh
-- Installing: /home/ddon/software_robocon_2025/install/robot_interfaces/share/robot_interfaces/local_setup.dsv
-- Installing: /home/ddon/software_robocon_2025/install/robot_interfaces/share/robot_interfaces/package.dsv
-- Installing: /home/ddon/software_robocon_2025/install/robot_interfaces/share/ament_index/resource_index/packages/robot_interfaces
-- Installing: /home/ddon/software_robocon_2025/install/robot_interfaces/share/robot_interfaces/cmake/export_robot_interfaces__rosidl_generator_cExport.cmake
-- Installing: /home/ddon/software_robocon_2025/install/robot_interfaces/share/robot_interfaces/cmake/export_robot_interfaces__rosidl_generator_cExport-noconfig.cmake
-- Installing: /home/ddon/software_robocon_2025/install/robot_interfaces/share/robot_interfaces/cmake/export_robot_interfaces__rosidl_typesupport_fastrtps_cExport.cmake
-- Installing: /home/ddon/software_robocon_2025/install/robot_interfaces/share/robot_interfaces/cmake/export_robot_interfaces__rosidl_typesupport_fastrtps_cExport-noconfig.cmake
-- Installing: /home/ddon/software_robocon_2025/install/robot_interfaces/share/robot_interfaces/cmake/robot_interfaces__rosidl_typesupport_introspection_cExport.cmake
-- Installing: /home/ddon/software_robocon_2025/install/robot_interfaces/share/robot_interfaces/cmake/robot_interfaces__rosidl_typesupport_introspection_cExport-noconfig.cmake
-- Installing: /home/ddon/software_robocon_2025/install/robot_interfaces/share/robot_interfaces/cmake/robot_interfaces__rosidl_typesupport_cExport.cmake
-- Installing: /home/ddon/software_robocon_2025/install/robot_interfaces/share/robot_interfaces/cmake/robot_interfaces__rosidl_typesupport_cExport-noconfig.cmake
-- Installing: /home/ddon/software_robocon_2025/install/robot_interfaces/share/robot_interfaces/cmake/export_robot_interfaces__rosidl_generator_cppExport.cmake
-- Installing: /home/ddon/software_robocon_2025/install/robot_interfaces/share/robot_interfaces/cmake/export_robot_interfaces__rosidl_typesupport_fastrtps_cppExport.cmake
-- Installing: /home/ddon/software_robocon_2025/install/robot_interfaces/share/robot_interfaces/cmake/export_robot_interfaces__rosidl_typesupport_fastrtps_cppExport-noconfig.cmake
-- Installing: /home/ddon/software_robocon_2025/install/robot_interfaces/share/robot_interfaces/cmake/robot_interfaces__rosidl_typesupport_introspection_cppExport.cmake
-- Installing: /home/ddon/software_robocon_2025/install/robot_interfaces/share/robot_interfaces/cmake/robot_interfaces__rosidl_typesupport_introspection_cppExport-noconfig.cmake
-- Installing: /home/ddon/software_robocon_2025/install/robot_interfaces/share/robot_interfaces/cmake/robot_interfaces__rosidl_typesupport_cppExport.cmake
-- Installing: /home/ddon/software_robocon_2025/install/robot_interfaces/share/robot_interfaces/cmake/robot_interfaces__rosidl_typesupport_cppExport-noconfig.cmake
-- Installing: /home/ddon/software_robocon_2025/install/robot_interfaces/share/robot_interfaces/cmake/export_robot_interfaces__rosidl_generator_pyExport.cmake
-- Installing: /home/ddon/software_robocon_2025/install/robot_interfaces/share/robot_interfaces/cmake/export_robot_interfaces__rosidl_generator_pyExport-noconfig.cmake
-- Installing: /home/ddon/software_robocon_2025/install/robot_interfaces/share/robot_interfaces/cmake/rosidl_cmake-extras.cmake
-- Installing: /home/ddon/software_robocon_2025/install/robot_interfaces/share/robot_interfaces/cmake/ament_cmake_export_include_directories-extras.cmake
-- Installing: /home/ddon/software_robocon_2025/install/robot_interfaces/share/robot_interfaces/cmake/ament_cmake_export_libraries-extras.cmake
-- Installing: /home/ddon/software_robocon_2025/install/robot_interfaces/share/robot_interfaces/cmake/ament_cmake_export_targets-extras.cmake
-- Installing: /home/ddon/software_robocon_2025/install/robot_interfaces/share/robot_interfaces/cmake/rosidl_cmake_export_typesupport_targets-extras.cmake
-- Installing: /home/ddon/software_robocon_2025/install/robot_interfaces/share/robot_interfaces/cmake/ament_cmake_export_dependencies-extras.cmake
-- Installing: /home/ddon/software_robocon_2025/install/robot_interfaces/share/robot_interfaces/cmake/rosidl_cmake_export_typesupport_libraries-extras.cmake
-- Installing: /home/ddon/software_robocon_2025/install/robot_interfaces/share/robot_interfaces/cmake/robot_interfacesConfig.cmake
-- Installing: /home/ddon/software_robocon_2025/install/robot_interfaces/share/robot_interfaces/cmake/robot_interfacesConfig-version.cmake
-- Installing: /home/ddon/software_robocon_2025/install/robot_interfaces/share/robot_interfaces/package.xml
