[0.032s] Invoking command in '/home/ddon/software_robocon_2025/build/gamepad_interface': CMAKE_PREFIX_PATH=${CMAKE_PREFIX_PATH}:/home/ddon/software_robocon_2025/install/main_controller_pkg:/opt/ros/humble /usr/bin/cmake --build /home/ddon/software_robocon_2025/build/gamepad_interface -- -j8 -l8
[0.095s] [35m[1mConsolidate compiler generated dependencies of target gamepad_driver[0m
[0.130s] [ 33%] Built target gamepad_driver
[0.159s] [35m[1mConsolidate compiler generated dependencies of target robot_input_mapper[0m
[0.188s] [ 50%] [32mBuilding CXX object CMakeFiles/robot_input_mapper.dir/src/mapper.cpp.o[0m
[1.402s] [ 66%] [32m[1mLinking CXX static library librobot_input_mapper.a[0m
[1.441s] [ 66%] Built target robot_input_mapper
[1.457s] [35m[1mConsolidate compiler generated dependencies of target gamepad_node[0m
[1.479s] [ 83%] [32mBuilding CXX object CMakeFiles/gamepad_node.dir/src/gamepad_node.cpp.o[0m
[8.359s] [100%] [32m[1mLinking CXX executable gamepad_node[0m
[8.607s] [100%] Built target gamepad_node
[8.620s] Invoked command in '/home/ddon/software_robocon_2025/build/gamepad_interface' returned '0': CMAKE_PREFIX_PATH=${CMAKE_PREFIX_PATH}:/home/ddon/software_robocon_2025/install/main_controller_pkg:/opt/ros/humble /usr/bin/cmake --build /home/ddon/software_robocon_2025/build/gamepad_interface -- -j8 -l8
[8.622s] Invoking command in '/home/ddon/software_robocon_2025/build/gamepad_interface': CMAKE_PREFIX_PATH=${CMAKE_PREFIX_PATH}:/home/ddon/software_robocon_2025/install/main_controller_pkg:/opt/ros/humble /usr/bin/cmake --install /home/ddon/software_robocon_2025/build/gamepad_interface
[8.632s] -- Install configuration: ""
[8.633s] -- Up-to-date: /home/ddon/software_robocon_2025/install/gamepad_interface/include
[8.633s] -- Up-to-date: /home/ddon/software_robocon_2025/install/gamepad_interface/include/gamepad_interface
[8.633s] -- Installing: /home/ddon/software_robocon_2025/install/gamepad_interface/include/gamepad_interface/mapper.hpp
[8.633s] -- Up-to-date: /home/ddon/software_robocon_2025/install/gamepad_interface/include/gamepad_interface/gamepad.hpp
[8.633s] -- Up-to-date: /home/ddon/software_robocon_2025/install/gamepad_interface/lib/libgamepad_driver.a
[8.633s] -- Installing: /home/ddon/software_robocon_2025/install/gamepad_interface/lib/librobot_input_mapper.a
[8.634s] -- Installing: /home/ddon/software_robocon_2025/install/gamepad_interface/lib/gamepad_interface/gamepad_node
[8.635s] -- Set runtime path of "/home/ddon/software_robocon_2025/install/gamepad_interface/lib/gamepad_interface/gamepad_node" to ""
[8.635s] -- Up-to-date: /home/ddon/software_robocon_2025/install/gamepad_interface/share/ament_index/resource_index/package_run_dependencies/gamepad_interface
[8.635s] -- Up-to-date: /home/ddon/software_robocon_2025/install/gamepad_interface/share/ament_index/resource_index/parent_prefix_path/gamepad_interface
[8.636s] -- Up-to-date: /home/ddon/software_robocon_2025/install/gamepad_interface/share/gamepad_interface/environment/ament_prefix_path.sh
[8.636s] -- Up-to-date: /home/ddon/software_robocon_2025/install/gamepad_interface/share/gamepad_interface/environment/ament_prefix_path.dsv
[8.636s] -- Up-to-date: /home/ddon/software_robocon_2025/install/gamepad_interface/share/gamepad_interface/environment/path.sh
[8.636s] -- Up-to-date: /home/ddon/software_robocon_2025/install/gamepad_interface/share/gamepad_interface/environment/path.dsv
[8.636s] -- Up-to-date: /home/ddon/software_robocon_2025/install/gamepad_interface/share/gamepad_interface/local_setup.bash
[8.636s] -- Up-to-date: /home/ddon/software_robocon_2025/install/gamepad_interface/share/gamepad_interface/local_setup.sh
[8.636s] -- Up-to-date: /home/ddon/software_robocon_2025/install/gamepad_interface/share/gamepad_interface/local_setup.zsh
[8.637s] -- Up-to-date: /home/ddon/software_robocon_2025/install/gamepad_interface/share/gamepad_interface/local_setup.dsv
[8.637s] -- Installing: /home/ddon/software_robocon_2025/install/gamepad_interface/share/gamepad_interface/package.dsv
[8.637s] -- Up-to-date: /home/ddon/software_robocon_2025/install/gamepad_interface/share/ament_index/resource_index/packages/gamepad_interface
[8.637s] -- Up-to-date: /home/ddon/software_robocon_2025/install/gamepad_interface/share/gamepad_interface/cmake/gamepad_interfaceConfig.cmake
[8.637s] -- Up-to-date: /home/ddon/software_robocon_2025/install/gamepad_interface/share/gamepad_interface/cmake/gamepad_interfaceConfig-version.cmake
[8.637s] -- Up-to-date: /home/ddon/software_robocon_2025/install/gamepad_interface/share/gamepad_interface/package.xml
[8.640s] Invoked command in '/home/ddon/software_robocon_2025/build/gamepad_interface' returned '0': CMAKE_PREFIX_PATH=${CMAKE_PREFIX_PATH}:/home/ddon/software_robocon_2025/install/main_controller_pkg:/opt/ros/humble /usr/bin/cmake --install /home/ddon/software_robocon_2025/build/gamepad_interface
