[0.018s] Invoking command in '/home/ddon/software_robocon_2025/build/gamepad_interface': CMAKE_PREFIX_PATH=${CMAKE_PREFIX_PATH}:/opt/ros/humble CONDA_PROMPT_MODIFIER=(base) /usr/bin/cmake --build /home/ddon/software_robocon_2025/build/gamepad_interface -- -j8 -l8
[0.041s] -- Found ament_cmake: 1.3.11 (/opt/ros/humble/share/ament_cmake/cmake)
[0.248s] -- Found rclcpp: 16.0.11 (/opt/ros/humble/share/rclcpp/cmake)
[0.301s] -- Found rosidl_generator_c: 3.1.6 (/opt/ros/humble/share/rosidl_generator_c/cmake)
[0.303s] -- Found rosidl_adapter: 3.1.6 (/opt/ros/humble/share/rosidl_adapter/cmake)
[0.309s] -- Found rosidl_generator_cpp: 3.1.6 (/opt/ros/humble/share/rosidl_generator_cpp/cmake)
[0.323s] -- Using all available rosidl_typesupport_c: rosidl_typesupport_fastrtps_c;rosidl_typesupport_introspection_c
[0.342s] -- Using all available rosidl_typesupport_cpp: rosidl_typesupport_fastrtps_cpp;rosidl_typesupport_introspection_cpp
[0.395s] -- Found rmw_implementation_cmake: 6.1.2 (/opt/ros/humble/share/rmw_implementation_cmake/cmake)
[0.397s] -- Found rmw_fastrtps_cpp: 6.2.7 (/opt/ros/humble/share/rmw_fastrtps_cpp/cmake)
[0.535s] -- Using RMW implementation 'rmw_fastrtps_cpp' as default
[0.590s] -- Found sensor_msgs: 4.2.4 (/opt/ros/humble/share/sensor_msgs/cmake)
[0.633s] -- Configuring incomplete, errors occurred!
[0.633s] See also "/home/ddon/software_robocon_2025/build/gamepad_interface/CMakeFiles/CMakeOutput.log".
[0.633s] [31mCMake Error at CMakeLists.txt:13 (find_package):
[0.633s]   By not providing "Findrobot_interface.cmake" in CMAKE_MODULE_PATH this
[0.633s]   project has asked CMake to find a package configuration file provided by
[0.633s]   "robot_interface", but CMake did not find one.
[0.633s] 
[0.633s]   Could not find a package configuration file provided by "robot_interface"
[0.633s]   with any of the following names:
[0.633s] 
[0.634s]     robot_interfaceConfig.cmake
[0.634s]     robot_interface-config.cmake
[0.634s] 
[0.634s]   Add the installation prefix of "robot_interface" to CMAKE_PREFIX_PATH or
[0.634s]   set "robot_interface_DIR" to a directory containing one of the above files.
[0.634s]   If "robot_interface" provides a separate development package or SDK, be
[0.634s]   sure it has been installed.
[0.634s] 
[0.634s] [0m
[0.641s] gmake: *** [Makefile:226: cmake_check_build_system] Error 1
[0.643s] Invoked command in '/home/ddon/software_robocon_2025/build/gamepad_interface' returned '2': CMAKE_PREFIX_PATH=${CMAKE_PREFIX_PATH}:/opt/ros/humble CONDA_PROMPT_MODIFIER=(base) /usr/bin/cmake --build /home/ddon/software_robocon_2025/build/gamepad_interface -- -j8 -l8
