[0.012s] Invoking command in '/home/ddon/software_robocon_2025/build/robot_bringup': CMAKE_PREFIX_PATH=${CMAKE_PREFIX_PATH}:/opt/ros/humble /usr/bin/cmake /home/ddon/software_robocon_2025/robot_bringup -DCMAKE_INSTALL_PREFIX=/home/ddon/software_robocon_2025/install/robot_bringup
[0.058s] -- The C compiler identification is GNU 11.4.0
[0.104s] -- The CXX compiler identification is GNU 11.4.0
[0.111s] -- Detecting C compiler ABI info
[0.165s] -- Detecting C compiler ABI info - done
[0.172s] -- Check for working C compiler: /usr/bin/cc - skipped
[0.172s] -- Detecting C compile features
[0.172s] -- Detecting C compile features - done
[0.175s] -- Detecting CXX compiler ABI info
[0.239s] -- Detecting CXX compiler ABI info - done
[0.246s] -- Check for working CXX compiler: /usr/bin/c++ - skipped
[0.246s] -- Detecting CXX compile features
[0.246s] -- Detecting CXX compile features - done
[0.249s] -- Found ament_cmake: 1.3.11 (/opt/ros/humble/share/ament_cmake/cmake)
[0.387s] -- Found Python3: /usr/bin/python3 (found version "3.10.12") found components: Interpreter 
[0.537s] -- Configuring done
[0.539s] -- Generating done
[0.540s] -- Build files have been written to: /home/ddon/software_robocon_2025/build/robot_bringup
[0.544s] Invoked command in '/home/ddon/software_robocon_2025/build/robot_bringup' returned '0': CMAKE_PREFIX_PATH=${CMAKE_PREFIX_PATH}:/opt/ros/humble /usr/bin/cmake /home/ddon/software_robocon_2025/robot_bringup -DCMAKE_INSTALL_PREFIX=/home/ddon/software_robocon_2025/install/robot_bringup
[0.546s] Invoking command in '/home/ddon/software_robocon_2025/build/robot_bringup': CMAKE_PREFIX_PATH=${CMAKE_PREFIX_PATH}:/opt/ros/humble /usr/bin/cmake --build /home/ddon/software_robocon_2025/build/robot_bringup -- -j8 -l8
[0.575s] Invoked command in '/home/ddon/software_robocon_2025/build/robot_bringup' returned '0': CMAKE_PREFIX_PATH=${CMAKE_PREFIX_PATH}:/opt/ros/humble /usr/bin/cmake --build /home/ddon/software_robocon_2025/build/robot_bringup -- -j8 -l8
[0.582s] Invoking command in '/home/ddon/software_robocon_2025/build/robot_bringup': CMAKE_PREFIX_PATH=${CMAKE_PREFIX_PATH}:/opt/ros/humble /usr/bin/cmake --install /home/ddon/software_robocon_2025/build/robot_bringup
[0.588s] -- Install configuration: ""
[0.588s] -- Installing: /home/ddon/software_robocon_2025/install/robot_bringup/share/robot_bringup//launch
[0.588s] -- Installing: /home/ddon/software_robocon_2025/install/robot_bringup/share/robot_bringup//launch/complete_robot.launch.py
[0.588s] -- Installing: /home/ddon/software_robocon_2025/install/robot_bringup/share/ament_index/resource_index/package_run_dependencies/robot_bringup
[0.588s] -- Installing: /home/ddon/software_robocon_2025/install/robot_bringup/share/ament_index/resource_index/parent_prefix_path/robot_bringup
[0.588s] -- Installing: /home/ddon/software_robocon_2025/install/robot_bringup/share/robot_bringup/environment/ament_prefix_path.sh
[0.588s] -- Installing: /home/ddon/software_robocon_2025/install/robot_bringup/share/robot_bringup/environment/ament_prefix_path.dsv
[0.588s] -- Installing: /home/ddon/software_robocon_2025/install/robot_bringup/share/robot_bringup/environment/path.sh
[0.588s] -- Installing: /home/ddon/software_robocon_2025/install/robot_bringup/share/robot_bringup/environment/path.dsv
[0.589s] -- Installing: /home/ddon/software_robocon_2025/install/robot_bringup/share/robot_bringup/local_setup.bash
[0.589s] -- Installing: /home/ddon/software_robocon_2025/install/robot_bringup/share/robot_bringup/local_setup.sh
[0.589s] -- Installing: /home/ddon/software_robocon_2025/install/robot_bringup/share/robot_bringup/local_setup.zsh
[0.589s] -- Installing: /home/ddon/software_robocon_2025/install/robot_bringup/share/robot_bringup/local_setup.dsv
[0.589s] -- Installing: /home/ddon/software_robocon_2025/install/robot_bringup/share/robot_bringup/package.dsv
[0.589s] -- Installing: /home/ddon/software_robocon_2025/install/robot_bringup/share/ament_index/resource_index/packages/robot_bringup
[0.589s] -- Installing: /home/ddon/software_robocon_2025/install/robot_bringup/share/robot_bringup/cmake/robot_bringupConfig.cmake
[0.589s] -- Installing: /home/ddon/software_robocon_2025/install/robot_bringup/share/robot_bringup/cmake/robot_bringupConfig-version.cmake
[0.589s] -- Installing: /home/ddon/software_robocon_2025/install/robot_bringup/share/robot_bringup/package.xml
[0.591s] Invoked command in '/home/ddon/software_robocon_2025/build/robot_bringup' returned '0': CMAKE_PREFIX_PATH=${CMAKE_PREFIX_PATH}:/opt/ros/humble /usr/bin/cmake --install /home/ddon/software_robocon_2025/build/robot_bringup
