[0.089s] DEBUG:colcon:Command line arguments: ['/usr/bin/colcon', 'build', '--packages-skip', 'astra_cameras']
[0.089s] DEBUG:colcon:Parsed command line arguments: Namespace(log_base=None, log_level=None, verb_name='build', build_base='build', install_base='install', merge_install=False, symlink_install=False, test_result_base=None, continue_on_error=False, executor='parallel', parallel_workers=8, event_handlers=None, ignore_user_meta=False, metas=['./colcon.meta'], base_paths=['.'], packages_ignore=None, packages_ignore_regex=None, paths=None, packages_up_to=None, packages_up_to_regex=None, packages_above=None, packages_above_and_dependencies=None, packages_above_depth=None, packages_select_by_dep=None, packages_skip_by_dep=None, packages_skip_up_to=None, packages_select_build_failed=False, packages_skip_build_finished=False, packages_select_test_failures=False, packages_skip_test_passed=False, packages_select=None, packages_skip=['astra_cameras'], packages_select_regex=None, packages_skip_regex=None, packages_start=None, packages_end=None, allow_overriding=[], cmake_args=None, cmake_target=None, cmake_target_skip_unavailable=False, cmake_clean_cache=False, cmake_clean_first=False, cmake_force_configure=False, ament_cmake_args=None, catkin_cmake_args=None, catkin_skip_building_tests=False, mixin_files=None, mixin=None, verb_parser=<colcon_mixin.mixin.mixin_argument.MixinArgumentDecorator object at 0x72ba5d25ec50>, verb_extension=<colcon_core.verb.build.BuildVerb object at 0x72ba5d25e7a0>, main=<bound method BuildVerb.main of <colcon_core.verb.build.BuildVerb object at 0x72ba5d25e7a0>>, mixin_verb=('build',))
[0.251s] Level 1:colcon.colcon_core.package_discovery:discover_packages(colcon_meta) check parameters
[0.251s] Level 1:colcon.colcon_core.package_discovery:discover_packages(recursive) check parameters
[0.251s] Level 1:colcon.colcon_core.package_discovery:discover_packages(ignore) check parameters
[0.251s] Level 1:colcon.colcon_core.package_discovery:discover_packages(path) check parameters
[0.251s] Level 1:colcon.colcon_core.package_discovery:discover_packages(colcon_meta) discover
[0.251s] Level 1:colcon.colcon_core.package_discovery:discover_packages(recursive) discover
[0.251s] INFO:colcon.colcon_core.package_discovery:Crawling recursively for packages in '/home/ddon/software_robocon_2025'
[0.251s] Level 1:colcon.colcon_core.package_identification:_identify(.) by extensions ['ignore', 'ignore_ament_install']
[0.251s] Level 1:colcon.colcon_core.package_identification:_identify(.) by extension 'ignore'
[0.251s] Level 1:colcon.colcon_core.package_identification:_identify(.) by extension 'ignore_ament_install'
[0.251s] Level 1:colcon.colcon_core.package_identification:_identify(.) by extensions ['colcon_pkg']
[0.252s] Level 1:colcon.colcon_core.package_identification:_identify(.) by extension 'colcon_pkg'
[0.252s] Level 1:colcon.colcon_core.package_identification:_identify(.) by extensions ['colcon_meta']
[0.252s] Level 1:colcon.colcon_core.package_identification:_identify(.) by extension 'colcon_meta'
[0.252s] Level 1:colcon.colcon_core.package_identification:_identify(.) by extensions ['ros']
[0.252s] Level 1:colcon.colcon_core.package_identification:_identify(.) by extension 'ros'
[0.269s] Level 1:colcon.colcon_core.package_identification:_identify(.) by extensions ['cmake', 'python']
[0.269s] Level 1:colcon.colcon_core.package_identification:_identify(.) by extension 'cmake'
[0.269s] Level 1:colcon.colcon_core.package_identification:_identify(.) by extension 'python'
[0.269s] Level 1:colcon.colcon_core.package_identification:_identify(.) by extensions ['python_setup_py']
[0.269s] Level 1:colcon.colcon_core.package_identification:_identify(.) by extension 'python_setup_py'
[0.269s] Level 1:colcon.colcon_core.package_identification:_identify(Full robot calculation) by extensions ['ignore', 'ignore_ament_install']
[0.269s] Level 1:colcon.colcon_core.package_identification:_identify(Full robot calculation) by extension 'ignore'
[0.269s] Level 1:colcon.colcon_core.package_identification:_identify(Full robot calculation) by extension 'ignore_ament_install'
[0.270s] Level 1:colcon.colcon_core.package_identification:_identify(Full robot calculation) by extensions ['colcon_pkg']
[0.270s] Level 1:colcon.colcon_core.package_identification:_identify(Full robot calculation) by extension 'colcon_pkg'
[0.270s] Level 1:colcon.colcon_core.package_identification:_identify(Full robot calculation) by extensions ['colcon_meta']
[0.270s] Level 1:colcon.colcon_core.package_identification:_identify(Full robot calculation) by extension 'colcon_meta'
[0.270s] Level 1:colcon.colcon_core.package_identification:_identify(Full robot calculation) by extensions ['ros']
[0.270s] Level 1:colcon.colcon_core.package_identification:_identify(Full robot calculation) by extension 'ros'
[0.270s] Level 1:colcon.colcon_core.package_identification:_identify(Full robot calculation) by extensions ['cmake', 'python']
[0.270s] Level 1:colcon.colcon_core.package_identification:_identify(Full robot calculation) by extension 'cmake'
[0.270s] Level 1:colcon.colcon_core.package_identification:_identify(Full robot calculation) by extension 'python'
[0.270s] Level 1:colcon.colcon_core.package_identification:_identify(Full robot calculation) by extensions ['python_setup_py']
[0.270s] Level 1:colcon.colcon_core.package_identification:_identify(Full robot calculation) by extension 'python_setup_py'
[0.270s] Level 1:colcon.colcon_core.package_identification:_identify(Full robot calculation/__pycache__) by extensions ['ignore', 'ignore_ament_install']
[0.270s] Level 1:colcon.colcon_core.package_identification:_identify(Full robot calculation/__pycache__) by extension 'ignore'
[0.270s] Level 1:colcon.colcon_core.package_identification:_identify(Full robot calculation/__pycache__) by extension 'ignore_ament_install'
[0.270s] Level 1:colcon.colcon_core.package_identification:_identify(Full robot calculation/__pycache__) by extensions ['colcon_pkg']
[0.270s] Level 1:colcon.colcon_core.package_identification:_identify(Full robot calculation/__pycache__) by extension 'colcon_pkg'
[0.270s] Level 1:colcon.colcon_core.package_identification:_identify(Full robot calculation/__pycache__) by extensions ['colcon_meta']
[0.270s] Level 1:colcon.colcon_core.package_identification:_identify(Full robot calculation/__pycache__) by extension 'colcon_meta'
[0.270s] Level 1:colcon.colcon_core.package_identification:_identify(Full robot calculation/__pycache__) by extensions ['ros']
[0.270s] Level 1:colcon.colcon_core.package_identification:_identify(Full robot calculation/__pycache__) by extension 'ros'
[0.270s] Level 1:colcon.colcon_core.package_identification:_identify(Full robot calculation/__pycache__) by extensions ['cmake', 'python']
[0.270s] Level 1:colcon.colcon_core.package_identification:_identify(Full robot calculation/__pycache__) by extension 'cmake'
[0.270s] Level 1:colcon.colcon_core.package_identification:_identify(Full robot calculation/__pycache__) by extension 'python'
[0.270s] Level 1:colcon.colcon_core.package_identification:_identify(Full robot calculation/__pycache__) by extensions ['python_setup_py']
[0.271s] Level 1:colcon.colcon_core.package_identification:_identify(Full robot calculation/__pycache__) by extension 'python_setup_py'
[0.271s] Level 1:colcon.colcon_core.package_identification:_identify(build) by extensions ['ignore', 'ignore_ament_install']
[0.271s] Level 1:colcon.colcon_core.package_identification:_identify(build) by extension 'ignore'
[0.271s] Level 1:colcon.colcon_core.package_identification:_identify(build) ignored
[0.271s] Level 1:colcon.colcon_core.package_identification:_identify(gamepad_interface) by extensions ['ignore', 'ignore_ament_install']
[0.271s] Level 1:colcon.colcon_core.package_identification:_identify(gamepad_interface) by extension 'ignore'
[0.271s] Level 1:colcon.colcon_core.package_identification:_identify(gamepad_interface) by extension 'ignore_ament_install'
[0.271s] Level 1:colcon.colcon_core.package_identification:_identify(gamepad_interface) by extensions ['colcon_pkg']
[0.271s] Level 1:colcon.colcon_core.package_identification:_identify(gamepad_interface) by extension 'colcon_pkg'
[0.271s] Level 1:colcon.colcon_core.package_identification:_identify(gamepad_interface) by extensions ['colcon_meta']
[0.271s] Level 1:colcon.colcon_core.package_identification:_identify(gamepad_interface) by extension 'colcon_meta'
[0.271s] Level 1:colcon.colcon_core.package_identification:_identify(gamepad_interface) by extensions ['ros']
[0.271s] Level 1:colcon.colcon_core.package_identification:_identify(gamepad_interface) by extension 'ros'
[0.273s] DEBUG:colcon.colcon_core.package_identification:Package 'gamepad_interface' with type 'ros.ament_cmake' and name 'gamepad_interface'
[0.274s] Level 1:colcon.colcon_core.package_identification:_identify(install) by extensions ['ignore', 'ignore_ament_install']
[0.274s] Level 1:colcon.colcon_core.package_identification:_identify(install) by extension 'ignore'
[0.274s] Level 1:colcon.colcon_core.package_identification:_identify(install) ignored
[0.274s] Level 1:colcon.colcon_core.package_identification:_identify(log) by extensions ['ignore', 'ignore_ament_install']
[0.274s] Level 1:colcon.colcon_core.package_identification:_identify(log) by extension 'ignore'
[0.274s] Level 1:colcon.colcon_core.package_identification:_identify(log) ignored
[0.274s] Level 1:colcon.colcon_core.package_identification:_identify(main_controller_pkg) by extensions ['ignore', 'ignore_ament_install']
[0.274s] Level 1:colcon.colcon_core.package_identification:_identify(main_controller_pkg) by extension 'ignore'
[0.274s] Level 1:colcon.colcon_core.package_identification:_identify(main_controller_pkg) by extension 'ignore_ament_install'
[0.274s] Level 1:colcon.colcon_core.package_identification:_identify(main_controller_pkg) by extensions ['colcon_pkg']
[0.274s] Level 1:colcon.colcon_core.package_identification:_identify(main_controller_pkg) by extension 'colcon_pkg'
[0.274s] Level 1:colcon.colcon_core.package_identification:_identify(main_controller_pkg) by extensions ['colcon_meta']
[0.274s] Level 1:colcon.colcon_core.package_identification:_identify(main_controller_pkg) by extension 'colcon_meta'
[0.274s] Level 1:colcon.colcon_core.package_identification:_identify(main_controller_pkg) by extensions ['ros']
[0.274s] Level 1:colcon.colcon_core.package_identification:_identify(main_controller_pkg) by extension 'ros'
[0.275s] DEBUG:colcon.colcon_core.package_identification:Package 'main_controller_pkg' with type 'ros.ament_python' and name 'main_controller_pkg'
[0.275s] Level 1:colcon.colcon_core.package_identification:_identify(odrive_interface) by extensions ['ignore', 'ignore_ament_install']
[0.275s] Level 1:colcon.colcon_core.package_identification:_identify(odrive_interface) by extension 'ignore'
[0.275s] Level 1:colcon.colcon_core.package_identification:_identify(odrive_interface) by extension 'ignore_ament_install'
[0.275s] Level 1:colcon.colcon_core.package_identification:_identify(odrive_interface) by extensions ['colcon_pkg']
[0.275s] Level 1:colcon.colcon_core.package_identification:_identify(odrive_interface) by extension 'colcon_pkg'
[0.275s] Level 1:colcon.colcon_core.package_identification:_identify(odrive_interface) by extensions ['colcon_meta']
[0.275s] Level 1:colcon.colcon_core.package_identification:_identify(odrive_interface) by extension 'colcon_meta'
[0.275s] Level 1:colcon.colcon_core.package_identification:_identify(odrive_interface) by extensions ['ros']
[0.275s] Level 1:colcon.colcon_core.package_identification:_identify(odrive_interface) by extension 'ros'
[0.276s] DEBUG:colcon.colcon_core.package_identification:Package 'odrive_interface' with type 'ros.ament_cmake' and name 'odrive_interface'
[0.276s] Level 1:colcon.colcon_core.package_identification:_identify(robot_bringup) by extensions ['ignore', 'ignore_ament_install']
[0.276s] Level 1:colcon.colcon_core.package_identification:_identify(robot_bringup) by extension 'ignore'
[0.276s] Level 1:colcon.colcon_core.package_identification:_identify(robot_bringup) by extension 'ignore_ament_install'
[0.276s] Level 1:colcon.colcon_core.package_identification:_identify(robot_bringup) by extensions ['colcon_pkg']
[0.276s] Level 1:colcon.colcon_core.package_identification:_identify(robot_bringup) by extension 'colcon_pkg'
[0.276s] Level 1:colcon.colcon_core.package_identification:_identify(robot_bringup) by extensions ['colcon_meta']
[0.276s] Level 1:colcon.colcon_core.package_identification:_identify(robot_bringup) by extension 'colcon_meta'
[0.276s] Level 1:colcon.colcon_core.package_identification:_identify(robot_bringup) by extensions ['ros']
[0.276s] Level 1:colcon.colcon_core.package_identification:_identify(robot_bringup) by extension 'ros'
[0.277s] DEBUG:colcon.colcon_core.package_identification:Package 'robot_bringup' with type 'ros.ament_cmake' and name 'robot_bringup'
[0.277s] Level 1:colcon.colcon_core.package_identification:_identify(robot_interfaces) by extensions ['ignore', 'ignore_ament_install']
[0.277s] Level 1:colcon.colcon_core.package_identification:_identify(robot_interfaces) by extension 'ignore'
[0.277s] Level 1:colcon.colcon_core.package_identification:_identify(robot_interfaces) by extension 'ignore_ament_install'
[0.277s] Level 1:colcon.colcon_core.package_identification:_identify(robot_interfaces) by extensions ['colcon_pkg']
[0.277s] Level 1:colcon.colcon_core.package_identification:_identify(robot_interfaces) by extension 'colcon_pkg'
[0.277s] Level 1:colcon.colcon_core.package_identification:_identify(robot_interfaces) by extensions ['colcon_meta']
[0.277s] Level 1:colcon.colcon_core.package_identification:_identify(robot_interfaces) by extension 'colcon_meta'
[0.277s] Level 1:colcon.colcon_core.package_identification:_identify(robot_interfaces) by extensions ['ros']
[0.277s] Level 1:colcon.colcon_core.package_identification:_identify(robot_interfaces) by extension 'ros'
[0.278s] DEBUG:colcon.colcon_core.package_identification:Package 'robot_interfaces' with type 'ros.ament_cmake' and name 'robot_interfaces'
[0.278s] Level 1:colcon.colcon_core.package_identification:_identify(ros2_astra_camera) by extensions ['ignore', 'ignore_ament_install']
[0.278s] Level 1:colcon.colcon_core.package_identification:_identify(ros2_astra_camera) by extension 'ignore'
[0.278s] Level 1:colcon.colcon_core.package_identification:_identify(ros2_astra_camera) by extension 'ignore_ament_install'
[0.278s] Level 1:colcon.colcon_core.package_identification:_identify(ros2_astra_camera) by extensions ['colcon_pkg']
[0.278s] Level 1:colcon.colcon_core.package_identification:_identify(ros2_astra_camera) by extension 'colcon_pkg'
[0.278s] Level 1:colcon.colcon_core.package_identification:_identify(ros2_astra_camera) by extensions ['colcon_meta']
[0.278s] Level 1:colcon.colcon_core.package_identification:_identify(ros2_astra_camera) by extension 'colcon_meta'
[0.278s] Level 1:colcon.colcon_core.package_identification:_identify(ros2_astra_camera) by extensions ['ros']
[0.278s] Level 1:colcon.colcon_core.package_identification:_identify(ros2_astra_camera) by extension 'ros'
[0.278s] Level 1:colcon.colcon_core.package_identification:_identify(ros2_astra_camera) by extensions ['cmake', 'python']
[0.278s] Level 1:colcon.colcon_core.package_identification:_identify(ros2_astra_camera) by extension 'cmake'
[0.278s] Level 1:colcon.colcon_core.package_identification:_identify(ros2_astra_camera) by extension 'python'
[0.278s] Level 1:colcon.colcon_core.package_identification:_identify(ros2_astra_camera) by extensions ['python_setup_py']
[0.278s] Level 1:colcon.colcon_core.package_identification:_identify(ros2_astra_camera) by extension 'python_setup_py'
[0.278s] Level 1:colcon.colcon_core.package_identification:_identify(ros2_astra_camera/astra_camera) by extensions ['ignore', 'ignore_ament_install']
[0.278s] Level 1:colcon.colcon_core.package_identification:_identify(ros2_astra_camera/astra_camera) by extension 'ignore'
[0.278s] Level 1:colcon.colcon_core.package_identification:_identify(ros2_astra_camera/astra_camera) by extension 'ignore_ament_install'
[0.278s] Level 1:colcon.colcon_core.package_identification:_identify(ros2_astra_camera/astra_camera) by extensions ['colcon_pkg']
[0.278s] Level 1:colcon.colcon_core.package_identification:_identify(ros2_astra_camera/astra_camera) by extension 'colcon_pkg'
[0.279s] Level 1:colcon.colcon_core.package_identification:_identify(ros2_astra_camera/astra_camera) by extensions ['colcon_meta']
[0.279s] Level 1:colcon.colcon_core.package_identification:_identify(ros2_astra_camera/astra_camera) by extension 'colcon_meta'
[0.279s] Level 1:colcon.colcon_core.package_identification:_identify(ros2_astra_camera/astra_camera) by extensions ['ros']
[0.279s] Level 1:colcon.colcon_core.package_identification:_identify(ros2_astra_camera/astra_camera) by extension 'ros'
[0.280s] DEBUG:colcon.colcon_core.package_identification:Package 'ros2_astra_camera/astra_camera' with type 'ros.ament_cmake' and name 'astra_camera'
[0.280s] Level 1:colcon.colcon_core.package_identification:_identify(ros2_astra_camera/astra_camera_msgs) by extensions ['ignore', 'ignore_ament_install']
[0.280s] Level 1:colcon.colcon_core.package_identification:_identify(ros2_astra_camera/astra_camera_msgs) by extension 'ignore'
[0.281s] Level 1:colcon.colcon_core.package_identification:_identify(ros2_astra_camera/astra_camera_msgs) by extension 'ignore_ament_install'
[0.281s] Level 1:colcon.colcon_core.package_identification:_identify(ros2_astra_camera/astra_camera_msgs) by extensions ['colcon_pkg']
[0.281s] Level 1:colcon.colcon_core.package_identification:_identify(ros2_astra_camera/astra_camera_msgs) by extension 'colcon_pkg'
[0.281s] Level 1:colcon.colcon_core.package_identification:_identify(ros2_astra_camera/astra_camera_msgs) by extensions ['colcon_meta']
[0.281s] Level 1:colcon.colcon_core.package_identification:_identify(ros2_astra_camera/astra_camera_msgs) by extension 'colcon_meta'
[0.281s] Level 1:colcon.colcon_core.package_identification:_identify(ros2_astra_camera/astra_camera_msgs) by extensions ['ros']
[0.281s] Level 1:colcon.colcon_core.package_identification:_identify(ros2_astra_camera/astra_camera_msgs) by extension 'ros'
[0.281s] DEBUG:colcon.colcon_core.package_identification:Package 'ros2_astra_camera/astra_camera_msgs' with type 'ros.ament_cmake' and name 'astra_camera_msgs'
[0.281s] Level 1:colcon.colcon_core.package_discovery:discover_packages(recursive) using defaults
[0.281s] Level 1:colcon.colcon_core.package_discovery:discover_packages(ignore) discover
[0.281s] Level 1:colcon.colcon_core.package_discovery:discover_packages(ignore) using defaults
[0.281s] Level 1:colcon.colcon_core.package_discovery:discover_packages(path) discover
[0.281s] Level 1:colcon.colcon_core.package_discovery:discover_packages(path) using defaults
[0.282s] WARNING:colcon.colcon_core.package_selection:ignoring unknown package 'astra_cameras' in --packages-skip
[0.299s] Level 1:colcon.colcon_core.package_discovery:discover_packages(prefix_path) check parameters
[0.299s] Level 1:colcon.colcon_core.package_discovery:discover_packages(prefix_path) discover
[0.301s] DEBUG:colcon.colcon_installed_package_information.package_discovery:Found 7 installed packages in /home/ddon/software_robocon_2025/install
[0.301s] DEBUG:colcon.colcon_installed_package_information.package_discovery:Found 12 installed packages in /home/ddon/ros2_ws_cpp/install
[0.303s] DEBUG:colcon.colcon_installed_package_information.package_discovery:Found 272 installed packages in /opt/ros/humble
[0.304s] Level 1:colcon.colcon_core.package_discovery:discover_packages(prefix_path) using defaults
[0.336s] Level 5:colcon.colcon_core.verb:set package 'astra_camera_msgs' build argument 'cmake_args' from command line to 'None'
[0.336s] Level 5:colcon.colcon_core.verb:set package 'astra_camera_msgs' build argument 'cmake_target' from command line to 'None'
[0.336s] Level 5:colcon.colcon_core.verb:set package 'astra_camera_msgs' build argument 'cmake_target_skip_unavailable' from command line to 'False'
[0.336s] Level 5:colcon.colcon_core.verb:set package 'astra_camera_msgs' build argument 'cmake_clean_cache' from command line to 'False'
[0.336s] Level 5:colcon.colcon_core.verb:set package 'astra_camera_msgs' build argument 'cmake_clean_first' from command line to 'False'
[0.336s] Level 5:colcon.colcon_core.verb:set package 'astra_camera_msgs' build argument 'cmake_force_configure' from command line to 'False'
[0.336s] Level 5:colcon.colcon_core.verb:set package 'astra_camera_msgs' build argument 'ament_cmake_args' from command line to 'None'
[0.336s] Level 5:colcon.colcon_core.verb:set package 'astra_camera_msgs' build argument 'catkin_cmake_args' from command line to 'None'
[0.336s] Level 5:colcon.colcon_core.verb:set package 'astra_camera_msgs' build argument 'catkin_skip_building_tests' from command line to 'False'
[0.336s] DEBUG:colcon.colcon_core.verb:Building package 'astra_camera_msgs' with the following arguments: {'ament_cmake_args': None, 'build_base': '/home/ddon/software_robocon_2025/build/astra_camera_msgs', 'catkin_cmake_args': None, 'catkin_skip_building_tests': False, 'cmake_args': None, 'cmake_clean_cache': False, 'cmake_clean_first': False, 'cmake_force_configure': False, 'cmake_target': None, 'cmake_target_skip_unavailable': False, 'install_base': '/home/ddon/software_robocon_2025/install/astra_camera_msgs', 'merge_install': False, 'path': '/home/ddon/software_robocon_2025/ros2_astra_camera/astra_camera_msgs', 'symlink_install': False, 'test_result_base': None}
[0.336s] Level 5:colcon.colcon_core.verb:set package 'gamepad_interface' build argument 'cmake_args' from command line to 'None'
[0.336s] Level 5:colcon.colcon_core.verb:set package 'gamepad_interface' build argument 'cmake_target' from command line to 'None'
[0.336s] Level 5:colcon.colcon_core.verb:set package 'gamepad_interface' build argument 'cmake_target_skip_unavailable' from command line to 'False'
[0.336s] Level 5:colcon.colcon_core.verb:set package 'gamepad_interface' build argument 'cmake_clean_cache' from command line to 'False'
[0.336s] Level 5:colcon.colcon_core.verb:set package 'gamepad_interface' build argument 'cmake_clean_first' from command line to 'False'
[0.337s] Level 5:colcon.colcon_core.verb:set package 'gamepad_interface' build argument 'cmake_force_configure' from command line to 'False'
[0.337s] Level 5:colcon.colcon_core.verb:set package 'gamepad_interface' build argument 'ament_cmake_args' from command line to 'None'
[0.337s] Level 5:colcon.colcon_core.verb:set package 'gamepad_interface' build argument 'catkin_cmake_args' from command line to 'None'
[0.337s] Level 5:colcon.colcon_core.verb:set package 'gamepad_interface' build argument 'catkin_skip_building_tests' from command line to 'False'
[0.337s] DEBUG:colcon.colcon_core.verb:Building package 'gamepad_interface' with the following arguments: {'ament_cmake_args': None, 'build_base': '/home/ddon/software_robocon_2025/build/gamepad_interface', 'catkin_cmake_args': None, 'catkin_skip_building_tests': False, 'cmake_args': None, 'cmake_clean_cache': False, 'cmake_clean_first': False, 'cmake_force_configure': False, 'cmake_target': None, 'cmake_target_skip_unavailable': False, 'install_base': '/home/ddon/software_robocon_2025/install/gamepad_interface', 'merge_install': False, 'path': '/home/ddon/software_robocon_2025/gamepad_interface', 'symlink_install': False, 'test_result_base': None}
[0.337s] Level 5:colcon.colcon_core.verb:set package 'robot_bringup' build argument 'cmake_args' from command line to 'None'
[0.337s] Level 5:colcon.colcon_core.verb:set package 'robot_bringup' build argument 'cmake_target' from command line to 'None'
[0.337s] Level 5:colcon.colcon_core.verb:set package 'robot_bringup' build argument 'cmake_target_skip_unavailable' from command line to 'False'
[0.337s] Level 5:colcon.colcon_core.verb:set package 'robot_bringup' build argument 'cmake_clean_cache' from command line to 'False'
[0.337s] Level 5:colcon.colcon_core.verb:set package 'robot_bringup' build argument 'cmake_clean_first' from command line to 'False'
[0.337s] Level 5:colcon.colcon_core.verb:set package 'robot_bringup' build argument 'cmake_force_configure' from command line to 'False'
[0.337s] Level 5:colcon.colcon_core.verb:set package 'robot_bringup' build argument 'ament_cmake_args' from command line to 'None'
[0.337s] Level 5:colcon.colcon_core.verb:set package 'robot_bringup' build argument 'catkin_cmake_args' from command line to 'None'
[0.337s] Level 5:colcon.colcon_core.verb:set package 'robot_bringup' build argument 'catkin_skip_building_tests' from command line to 'False'
[0.337s] DEBUG:colcon.colcon_core.verb:Building package 'robot_bringup' with the following arguments: {'ament_cmake_args': None, 'build_base': '/home/ddon/software_robocon_2025/build/robot_bringup', 'catkin_cmake_args': None, 'catkin_skip_building_tests': False, 'cmake_args': None, 'cmake_clean_cache': False, 'cmake_clean_first': False, 'cmake_force_configure': False, 'cmake_target': None, 'cmake_target_skip_unavailable': False, 'install_base': '/home/ddon/software_robocon_2025/install/robot_bringup', 'merge_install': False, 'path': '/home/ddon/software_robocon_2025/robot_bringup', 'symlink_install': False, 'test_result_base': None}
[0.337s] Level 5:colcon.colcon_core.verb:set package 'robot_interfaces' build argument 'cmake_args' from command line to 'None'
[0.337s] Level 5:colcon.colcon_core.verb:set package 'robot_interfaces' build argument 'cmake_target' from command line to 'None'
[0.337s] Level 5:colcon.colcon_core.verb:set package 'robot_interfaces' build argument 'cmake_target_skip_unavailable' from command line to 'False'
[0.337s] Level 5:colcon.colcon_core.verb:set package 'robot_interfaces' build argument 'cmake_clean_cache' from command line to 'False'
[0.338s] Level 5:colcon.colcon_core.verb:set package 'robot_interfaces' build argument 'cmake_clean_first' from command line to 'False'
[0.338s] Level 5:colcon.colcon_core.verb:set package 'robot_interfaces' build argument 'cmake_force_configure' from command line to 'False'
[0.338s] Level 5:colcon.colcon_core.verb:set package 'robot_interfaces' build argument 'ament_cmake_args' from command line to 'None'
[0.338s] Level 5:colcon.colcon_core.verb:set package 'robot_interfaces' build argument 'catkin_cmake_args' from command line to 'None'
[0.338s] Level 5:colcon.colcon_core.verb:set package 'robot_interfaces' build argument 'catkin_skip_building_tests' from command line to 'False'
[0.338s] DEBUG:colcon.colcon_core.verb:Building package 'robot_interfaces' with the following arguments: {'ament_cmake_args': None, 'build_base': '/home/ddon/software_robocon_2025/build/robot_interfaces', 'catkin_cmake_args': None, 'catkin_skip_building_tests': False, 'cmake_args': None, 'cmake_clean_cache': False, 'cmake_clean_first': False, 'cmake_force_configure': False, 'cmake_target': None, 'cmake_target_skip_unavailable': False, 'install_base': '/home/ddon/software_robocon_2025/install/robot_interfaces', 'merge_install': False, 'path': '/home/ddon/software_robocon_2025/robot_interfaces', 'symlink_install': False, 'test_result_base': None}
[0.338s] Level 5:colcon.colcon_core.verb:set package 'astra_camera' build argument 'cmake_args' from command line to 'None'
[0.338s] Level 5:colcon.colcon_core.verb:set package 'astra_camera' build argument 'cmake_target' from command line to 'None'
[0.338s] Level 5:colcon.colcon_core.verb:set package 'astra_camera' build argument 'cmake_target_skip_unavailable' from command line to 'False'
[0.338s] Level 5:colcon.colcon_core.verb:set package 'astra_camera' build argument 'cmake_clean_cache' from command line to 'False'
[0.338s] Level 5:colcon.colcon_core.verb:set package 'astra_camera' build argument 'cmake_clean_first' from command line to 'False'
[0.338s] Level 5:colcon.colcon_core.verb:set package 'astra_camera' build argument 'cmake_force_configure' from command line to 'False'
[0.338s] Level 5:colcon.colcon_core.verb:set package 'astra_camera' build argument 'ament_cmake_args' from command line to 'None'
[0.338s] Level 5:colcon.colcon_core.verb:set package 'astra_camera' build argument 'catkin_cmake_args' from command line to 'None'
[0.338s] Level 5:colcon.colcon_core.verb:set package 'astra_camera' build argument 'catkin_skip_building_tests' from command line to 'False'
[0.338s] DEBUG:colcon.colcon_core.verb:Building package 'astra_camera' with the following arguments: {'ament_cmake_args': None, 'build_base': '/home/ddon/software_robocon_2025/build/astra_camera', 'catkin_cmake_args': None, 'catkin_skip_building_tests': False, 'cmake_args': None, 'cmake_clean_cache': False, 'cmake_clean_first': False, 'cmake_force_configure': False, 'cmake_target': None, 'cmake_target_skip_unavailable': False, 'install_base': '/home/ddon/software_robocon_2025/install/astra_camera', 'merge_install': False, 'path': '/home/ddon/software_robocon_2025/ros2_astra_camera/astra_camera', 'symlink_install': False, 'test_result_base': None}
[0.338s] Level 5:colcon.colcon_core.verb:set package 'main_controller_pkg' build argument 'cmake_args' from command line to 'None'
[0.338s] Level 5:colcon.colcon_core.verb:set package 'main_controller_pkg' build argument 'cmake_target' from command line to 'None'
[0.338s] Level 5:colcon.colcon_core.verb:set package 'main_controller_pkg' build argument 'cmake_target_skip_unavailable' from command line to 'False'
[0.338s] Level 5:colcon.colcon_core.verb:set package 'main_controller_pkg' build argument 'cmake_clean_cache' from command line to 'False'
[0.338s] Level 5:colcon.colcon_core.verb:set package 'main_controller_pkg' build argument 'cmake_clean_first' from command line to 'False'
[0.339s] Level 5:colcon.colcon_core.verb:set package 'main_controller_pkg' build argument 'cmake_force_configure' from command line to 'False'
[0.339s] Level 5:colcon.colcon_core.verb:set package 'main_controller_pkg' build argument 'ament_cmake_args' from command line to 'None'
[0.339s] Level 5:colcon.colcon_core.verb:set package 'main_controller_pkg' build argument 'catkin_cmake_args' from command line to 'None'
[0.339s] Level 5:colcon.colcon_core.verb:set package 'main_controller_pkg' build argument 'catkin_skip_building_tests' from command line to 'False'
[0.339s] DEBUG:colcon.colcon_core.verb:Building package 'main_controller_pkg' with the following arguments: {'ament_cmake_args': None, 'build_base': '/home/ddon/software_robocon_2025/build/main_controller_pkg', 'catkin_cmake_args': None, 'catkin_skip_building_tests': False, 'cmake_args': None, 'cmake_clean_cache': False, 'cmake_clean_first': False, 'cmake_force_configure': False, 'cmake_target': None, 'cmake_target_skip_unavailable': False, 'install_base': '/home/ddon/software_robocon_2025/install/main_controller_pkg', 'merge_install': False, 'path': '/home/ddon/software_robocon_2025/main_controller_pkg', 'symlink_install': False, 'test_result_base': None}
[0.339s] Level 5:colcon.colcon_core.verb:set package 'odrive_interface' build argument 'cmake_args' from command line to 'None'
[0.339s] Level 5:colcon.colcon_core.verb:set package 'odrive_interface' build argument 'cmake_target' from command line to 'None'
[0.339s] Level 5:colcon.colcon_core.verb:set package 'odrive_interface' build argument 'cmake_target_skip_unavailable' from command line to 'False'
[0.339s] Level 5:colcon.colcon_core.verb:set package 'odrive_interface' build argument 'cmake_clean_cache' from command line to 'False'
[0.339s] Level 5:colcon.colcon_core.verb:set package 'odrive_interface' build argument 'cmake_clean_first' from command line to 'False'
[0.339s] Level 5:colcon.colcon_core.verb:set package 'odrive_interface' build argument 'cmake_force_configure' from command line to 'False'
[0.339s] Level 5:colcon.colcon_core.verb:set package 'odrive_interface' build argument 'ament_cmake_args' from command line to 'None'
[0.339s] Level 5:colcon.colcon_core.verb:set package 'odrive_interface' build argument 'catkin_cmake_args' from command line to 'None'
[0.339s] Level 5:colcon.colcon_core.verb:set package 'odrive_interface' build argument 'catkin_skip_building_tests' from command line to 'False'
[0.339s] DEBUG:colcon.colcon_core.verb:Building package 'odrive_interface' with the following arguments: {'ament_cmake_args': None, 'build_base': '/home/ddon/software_robocon_2025/build/odrive_interface', 'catkin_cmake_args': None, 'catkin_skip_building_tests': False, 'cmake_args': None, 'cmake_clean_cache': False, 'cmake_clean_first': False, 'cmake_force_configure': False, 'cmake_target': None, 'cmake_target_skip_unavailable': False, 'install_base': '/home/ddon/software_robocon_2025/install/odrive_interface', 'merge_install': False, 'path': '/home/ddon/software_robocon_2025/odrive_interface', 'symlink_install': False, 'test_result_base': None}
[0.339s] INFO:colcon.colcon_core.executor:Executing jobs using 'parallel' executor
[0.340s] DEBUG:colcon.colcon_parallel_executor.executor.parallel:run_until_complete
[0.340s] INFO:colcon.colcon_ros.task.ament_cmake.build:Building ROS package in '/home/ddon/software_robocon_2025/robot_interfaces' with build type 'ament_cmake'
[0.340s] INFO:colcon.colcon_cmake.task.cmake.build:Building CMake package in '/home/ddon/software_robocon_2025/robot_interfaces'
[0.342s] INFO:colcon.colcon_core.plugin_system:Skipping extension 'colcon_core.shell.bat': Not used on non-Windows systems
[0.342s] INFO:colcon.colcon_core.shell:Skip shell extension 'powershell' for command environment: Not usable outside of PowerShell
[0.342s] DEBUG:colcon.colcon_core.shell:Skip shell extension 'dsv' for command environment
[0.345s] INFO:colcon.colcon_ros.task.ament_cmake.build:Building ROS package in '/home/ddon/software_robocon_2025/ros2_astra_camera/astra_camera_msgs' with build type 'ament_cmake'
[0.346s] INFO:colcon.colcon_cmake.task.cmake.build:Building CMake package in '/home/ddon/software_robocon_2025/ros2_astra_camera/astra_camera_msgs'
[0.346s] INFO:colcon.colcon_core.shell:Skip shell extension 'powershell' for command environment: Not usable outside of PowerShell
[0.346s] DEBUG:colcon.colcon_core.shell:Skip shell extension 'dsv' for command environment
[0.349s] INFO:colcon.colcon_ros.task.ament_cmake.build:Building ROS package in '/home/ddon/software_robocon_2025/gamepad_interface' with build type 'ament_cmake'
[0.349s] INFO:colcon.colcon_cmake.task.cmake.build:Building CMake package in '/home/ddon/software_robocon_2025/gamepad_interface'
[0.349s] INFO:colcon.colcon_core.shell:Skip shell extension 'powershell' for command environment: Not usable outside of PowerShell
[0.349s] DEBUG:colcon.colcon_core.shell:Skip shell extension 'dsv' for command environment
[0.353s] INFO:colcon.colcon_ros.task.ament_cmake.build:Building ROS package in '/home/ddon/software_robocon_2025/robot_bringup' with build type 'ament_cmake'
[0.353s] INFO:colcon.colcon_cmake.task.cmake.build:Building CMake package in '/home/ddon/software_robocon_2025/robot_bringup'
[0.353s] INFO:colcon.colcon_core.shell:Skip shell extension 'powershell' for command environment: Not usable outside of PowerShell
[0.353s] DEBUG:colcon.colcon_core.shell:Skip shell extension 'dsv' for command environment
[0.361s] DEBUG:colcon.colcon_core.event_handler.log_command:Invoking command in '/home/ddon/software_robocon_2025/build/robot_interfaces': CMAKE_PREFIX_PATH=${CMAKE_PREFIX_PATH}:/opt/ros/humble /usr/bin/cmake --build /home/ddon/software_robocon_2025/build/robot_interfaces -- -j8 -l8
[0.364s] DEBUG:colcon.colcon_core.event_handler.log_command:Invoking command in '/home/ddon/software_robocon_2025/build/astra_camera_msgs': CMAKE_PREFIX_PATH=${CMAKE_PREFIX_PATH}:/opt/ros/humble /usr/bin/cmake --build /home/ddon/software_robocon_2025/build/astra_camera_msgs -- -j8 -l8
[0.366s] DEBUG:colcon.colcon_core.event_handler.log_command:Invoking command in '/home/ddon/software_robocon_2025/build/gamepad_interface': CMAKE_PREFIX_PATH=${CMAKE_PREFIX_PATH}:/opt/ros/humble /usr/bin/cmake --build /home/ddon/software_robocon_2025/build/gamepad_interface -- -j8 -l8
[0.371s] DEBUG:colcon.colcon_core.event_handler.log_command:Invoking command in '/home/ddon/software_robocon_2025/build/robot_bringup': CMAKE_PREFIX_PATH=${CMAKE_PREFIX_PATH}:/opt/ros/humble /usr/bin/cmake --build /home/ddon/software_robocon_2025/build/robot_bringup -- -j8 -l8
[0.417s] DEBUG:colcon.colcon_core.event_handler.log_command:Invoked command in '/home/ddon/software_robocon_2025/build/robot_bringup' returned '0': CMAKE_PREFIX_PATH=${CMAKE_PREFIX_PATH}:/opt/ros/humble /usr/bin/cmake --build /home/ddon/software_robocon_2025/build/robot_bringup -- -j8 -l8
[0.433s] DEBUG:colcon.colcon_core.event_handler.log_command:Invoking command in '/home/ddon/software_robocon_2025/build/robot_bringup': CMAKE_PREFIX_PATH=${CMAKE_PREFIX_PATH}:/opt/ros/humble /usr/bin/cmake --install /home/ddon/software_robocon_2025/build/robot_bringup
[0.456s] Level 1:colcon.colcon_core.environment:create_environment_scripts_only(robot_bringup)
[0.458s] DEBUG:colcon.colcon_core.event_handler.log_command:Invoked command in '/home/ddon/software_robocon_2025/build/robot_bringup' returned '0': CMAKE_PREFIX_PATH=${CMAKE_PREFIX_PATH}:/opt/ros/humble /usr/bin/cmake --install /home/ddon/software_robocon_2025/build/robot_bringup
[0.461s] Level 1:colcon.colcon_core.environment:checking '/home/ddon/software_robocon_2025/install/robot_bringup' for CMake module files
[0.463s] Level 1:colcon.colcon_core.environment:checking '/home/ddon/software_robocon_2025/install/robot_bringup' for CMake config files
[0.464s] Level 1:colcon.colcon_core.shell:create_environment_hook('robot_bringup', 'cmake_prefix_path')
[0.464s] INFO:colcon.colcon_core.shell:Creating environment hook '/home/ddon/software_robocon_2025/install/robot_bringup/share/robot_bringup/hook/cmake_prefix_path.ps1'
[0.465s] INFO:colcon.colcon_core.shell:Creating environment descriptor '/home/ddon/software_robocon_2025/install/robot_bringup/share/robot_bringup/hook/cmake_prefix_path.dsv'
[0.466s] INFO:colcon.colcon_core.shell:Creating environment hook '/home/ddon/software_robocon_2025/install/robot_bringup/share/robot_bringup/hook/cmake_prefix_path.sh'
[0.467s] Level 1:colcon.colcon_core.environment:checking '/home/ddon/software_robocon_2025/install/robot_bringup/bin'
[0.468s] Level 1:colcon.colcon_core.environment:checking '/home/ddon/software_robocon_2025/install/robot_bringup/lib/pkgconfig/robot_bringup.pc'
[0.468s] Level 1:colcon.colcon_core.environment:checking '/home/ddon/software_robocon_2025/install/robot_bringup/lib/python3.10/site-packages'
[0.468s] Level 1:colcon.colcon_core.environment:checking '/home/ddon/software_robocon_2025/install/robot_bringup/bin'
[0.469s] INFO:colcon.colcon_core.shell:Creating package script '/home/ddon/software_robocon_2025/install/robot_bringup/share/robot_bringup/package.ps1'
[0.470s] INFO:colcon.colcon_core.shell:Creating package descriptor '/home/ddon/software_robocon_2025/install/robot_bringup/share/robot_bringup/package.dsv'
[0.471s] INFO:colcon.colcon_core.shell:Creating package script '/home/ddon/software_robocon_2025/install/robot_bringup/share/robot_bringup/package.sh'
[0.473s] INFO:colcon.colcon_core.shell:Creating package script '/home/ddon/software_robocon_2025/install/robot_bringup/share/robot_bringup/package.bash'
[0.474s] INFO:colcon.colcon_core.shell:Creating package script '/home/ddon/software_robocon_2025/install/robot_bringup/share/robot_bringup/package.zsh'
[0.478s] Level 1:colcon.colcon_core.environment:create_file_with_runtime_dependencies(/home/ddon/software_robocon_2025/install/robot_bringup/share/colcon-core/packages/robot_bringup)
[0.481s] Level 1:colcon.colcon_core.environment:create_environment_scripts_only(robot_bringup)
[0.481s] Level 1:colcon.colcon_core.environment:checking '/home/ddon/software_robocon_2025/install/robot_bringup' for CMake module files
[0.482s] Level 1:colcon.colcon_core.environment:checking '/home/ddon/software_robocon_2025/install/robot_bringup' for CMake config files
[0.484s] Level 1:colcon.colcon_core.shell:create_environment_hook('robot_bringup', 'cmake_prefix_path')
[0.485s] INFO:colcon.colcon_core.shell:Creating environment hook '/home/ddon/software_robocon_2025/install/robot_bringup/share/robot_bringup/hook/cmake_prefix_path.ps1'
[0.485s] INFO:colcon.colcon_core.shell:Creating environment descriptor '/home/ddon/software_robocon_2025/install/robot_bringup/share/robot_bringup/hook/cmake_prefix_path.dsv'
[0.486s] INFO:colcon.colcon_core.shell:Creating environment hook '/home/ddon/software_robocon_2025/install/robot_bringup/share/robot_bringup/hook/cmake_prefix_path.sh'
[0.486s] Level 1:colcon.colcon_core.environment:checking '/home/ddon/software_robocon_2025/install/robot_bringup/bin'
[0.486s] Level 1:colcon.colcon_core.environment:checking '/home/ddon/software_robocon_2025/install/robot_bringup/lib/pkgconfig/robot_bringup.pc'
[0.487s] Level 1:colcon.colcon_core.environment:checking '/home/ddon/software_robocon_2025/install/robot_bringup/lib/python3.10/site-packages'
[0.487s] Level 1:colcon.colcon_core.environment:checking '/home/ddon/software_robocon_2025/install/robot_bringup/bin'
[0.487s] INFO:colcon.colcon_core.shell:Creating package script '/home/ddon/software_robocon_2025/install/robot_bringup/share/robot_bringup/package.ps1'
[0.488s] INFO:colcon.colcon_core.shell:Creating package descriptor '/home/ddon/software_robocon_2025/install/robot_bringup/share/robot_bringup/package.dsv'
[0.489s] INFO:colcon.colcon_core.shell:Creating package script '/home/ddon/software_robocon_2025/install/robot_bringup/share/robot_bringup/package.sh'
[0.490s] INFO:colcon.colcon_core.shell:Creating package script '/home/ddon/software_robocon_2025/install/robot_bringup/share/robot_bringup/package.bash'
[0.490s] INFO:colcon.colcon_core.shell:Creating package script '/home/ddon/software_robocon_2025/install/robot_bringup/share/robot_bringup/package.zsh'
[0.491s] Level 1:colcon.colcon_core.environment:create_file_with_runtime_dependencies(/home/ddon/software_robocon_2025/install/robot_bringup/share/colcon-core/packages/robot_bringup)
[0.526s] DEBUG:colcon.colcon_core.event_handler.log_command:Invoked command in '/home/ddon/software_robocon_2025/build/gamepad_interface' returned '0': CMAKE_PREFIX_PATH=${CMAKE_PREFIX_PATH}:/opt/ros/humble /usr/bin/cmake --build /home/ddon/software_robocon_2025/build/gamepad_interface -- -j8 -l8
[0.528s] DEBUG:colcon.colcon_core.event_handler.log_command:Invoking command in '/home/ddon/software_robocon_2025/build/gamepad_interface': CMAKE_PREFIX_PATH=${CMAKE_PREFIX_PATH}:/opt/ros/humble /usr/bin/cmake --install /home/ddon/software_robocon_2025/build/gamepad_interface
[0.540s] Level 1:colcon.colcon_core.environment:create_environment_scripts_only(gamepad_interface)
[0.540s] Level 1:colcon.colcon_core.environment:checking '/home/ddon/software_robocon_2025/install/gamepad_interface' for CMake module files
[0.541s] DEBUG:colcon.colcon_core.event_handler.log_command:Invoked command in '/home/ddon/software_robocon_2025/build/gamepad_interface' returned '0': CMAKE_PREFIX_PATH=${CMAKE_PREFIX_PATH}:/opt/ros/humble /usr/bin/cmake --install /home/ddon/software_robocon_2025/build/gamepad_interface
[0.542s] Level 1:colcon.colcon_core.environment:checking '/home/ddon/software_robocon_2025/install/gamepad_interface' for CMake config files
[0.542s] Level 1:colcon.colcon_core.shell:create_environment_hook('gamepad_interface', 'cmake_prefix_path')
[0.542s] INFO:colcon.colcon_core.shell:Creating environment hook '/home/ddon/software_robocon_2025/install/gamepad_interface/share/gamepad_interface/hook/cmake_prefix_path.ps1'
[0.543s] INFO:colcon.colcon_core.shell:Creating environment descriptor '/home/ddon/software_robocon_2025/install/gamepad_interface/share/gamepad_interface/hook/cmake_prefix_path.dsv'
[0.543s] INFO:colcon.colcon_core.shell:Creating environment hook '/home/ddon/software_robocon_2025/install/gamepad_interface/share/gamepad_interface/hook/cmake_prefix_path.sh'
[0.544s] Level 1:colcon.colcon_core.environment:checking '/home/ddon/software_robocon_2025/install/gamepad_interface/lib'
[0.544s] Level 1:colcon.colcon_core.environment:checking '/home/ddon/software_robocon_2025/install/gamepad_interface/bin'
[0.544s] Level 1:colcon.colcon_core.environment:checking '/home/ddon/software_robocon_2025/install/gamepad_interface/lib/pkgconfig/gamepad_interface.pc'
[0.545s] Level 1:colcon.colcon_core.environment:checking '/home/ddon/software_robocon_2025/install/gamepad_interface/lib/python3.10/site-packages'
[0.545s] Level 1:colcon.colcon_core.environment:checking '/home/ddon/software_robocon_2025/install/gamepad_interface/bin'
[0.545s] INFO:colcon.colcon_core.shell:Creating package script '/home/ddon/software_robocon_2025/install/gamepad_interface/share/gamepad_interface/package.ps1'
[0.546s] INFO:colcon.colcon_core.shell:Creating package descriptor '/home/ddon/software_robocon_2025/install/gamepad_interface/share/gamepad_interface/package.dsv'
[0.547s] INFO:colcon.colcon_core.shell:Creating package script '/home/ddon/software_robocon_2025/install/gamepad_interface/share/gamepad_interface/package.sh'
[0.547s] INFO:colcon.colcon_core.shell:Creating package script '/home/ddon/software_robocon_2025/install/gamepad_interface/share/gamepad_interface/package.bash'
[0.547s] INFO:colcon.colcon_core.shell:Creating package script '/home/ddon/software_robocon_2025/install/gamepad_interface/share/gamepad_interface/package.zsh'
[0.548s] Level 1:colcon.colcon_core.environment:create_file_with_runtime_dependencies(/home/ddon/software_robocon_2025/install/gamepad_interface/share/colcon-core/packages/gamepad_interface)
[0.548s] Level 1:colcon.colcon_core.environment:create_environment_scripts_only(gamepad_interface)
[0.548s] Level 1:colcon.colcon_core.environment:checking '/home/ddon/software_robocon_2025/install/gamepad_interface' for CMake module files
[0.549s] Level 1:colcon.colcon_core.environment:checking '/home/ddon/software_robocon_2025/install/gamepad_interface' for CMake config files
[0.549s] Level 1:colcon.colcon_core.shell:create_environment_hook('gamepad_interface', 'cmake_prefix_path')
[0.549s] INFO:colcon.colcon_core.shell:Creating environment hook '/home/ddon/software_robocon_2025/install/gamepad_interface/share/gamepad_interface/hook/cmake_prefix_path.ps1'
[0.550s] INFO:colcon.colcon_core.shell:Creating environment descriptor '/home/ddon/software_robocon_2025/install/gamepad_interface/share/gamepad_interface/hook/cmake_prefix_path.dsv'
[0.550s] INFO:colcon.colcon_core.shell:Creating environment hook '/home/ddon/software_robocon_2025/install/gamepad_interface/share/gamepad_interface/hook/cmake_prefix_path.sh'
[0.550s] Level 1:colcon.colcon_core.environment:checking '/home/ddon/software_robocon_2025/install/gamepad_interface/lib'
[0.550s] Level 1:colcon.colcon_core.environment:checking '/home/ddon/software_robocon_2025/install/gamepad_interface/bin'
[0.550s] Level 1:colcon.colcon_core.environment:checking '/home/ddon/software_robocon_2025/install/gamepad_interface/lib/pkgconfig/gamepad_interface.pc'
[0.551s] Level 1:colcon.colcon_core.environment:checking '/home/ddon/software_robocon_2025/install/gamepad_interface/lib/python3.10/site-packages'
[0.551s] Level 1:colcon.colcon_core.environment:checking '/home/ddon/software_robocon_2025/install/gamepad_interface/bin'
[0.551s] INFO:colcon.colcon_core.shell:Creating package script '/home/ddon/software_robocon_2025/install/gamepad_interface/share/gamepad_interface/package.ps1'
[0.552s] INFO:colcon.colcon_core.shell:Creating package descriptor '/home/ddon/software_robocon_2025/install/gamepad_interface/share/gamepad_interface/package.dsv'
[0.552s] INFO:colcon.colcon_core.shell:Creating package script '/home/ddon/software_robocon_2025/install/gamepad_interface/share/gamepad_interface/package.sh'
[0.553s] INFO:colcon.colcon_core.shell:Creating package script '/home/ddon/software_robocon_2025/install/gamepad_interface/share/gamepad_interface/package.bash'
[0.553s] INFO:colcon.colcon_core.shell:Creating package script '/home/ddon/software_robocon_2025/install/gamepad_interface/share/gamepad_interface/package.zsh'
[0.553s] Level 1:colcon.colcon_core.environment:create_file_with_runtime_dependencies(/home/ddon/software_robocon_2025/install/gamepad_interface/share/colcon-core/packages/gamepad_interface)
[0.831s] DEBUG:colcon.colcon_core.event_handler.log_command:Invoked command in '/home/ddon/software_robocon_2025/build/astra_camera_msgs' returned '0': CMAKE_PREFIX_PATH=${CMAKE_PREFIX_PATH}:/opt/ros/humble /usr/bin/cmake --build /home/ddon/software_robocon_2025/build/astra_camera_msgs -- -j8 -l8
[0.833s] DEBUG:colcon.colcon_core.event_handler.log_command:Invoking command in '/home/ddon/software_robocon_2025/build/astra_camera_msgs': CMAKE_PREFIX_PATH=${CMAKE_PREFIX_PATH}:/opt/ros/humble /usr/bin/cmake --install /home/ddon/software_robocon_2025/build/astra_camera_msgs
[0.864s] DEBUG:colcon.colcon_core.event_handler.log_command:Invoked command in '/home/ddon/software_robocon_2025/build/robot_interfaces' returned '0': CMAKE_PREFIX_PATH=${CMAKE_PREFIX_PATH}:/opt/ros/humble /usr/bin/cmake --build /home/ddon/software_robocon_2025/build/robot_interfaces -- -j8 -l8
[0.865s] DEBUG:colcon.colcon_core.event_handler.log_command:Invoking command in '/home/ddon/software_robocon_2025/build/robot_interfaces': CMAKE_PREFIX_PATH=${CMAKE_PREFIX_PATH}:/opt/ros/humble /usr/bin/cmake --install /home/ddon/software_robocon_2025/build/robot_interfaces
[0.891s] Level 1:colcon.colcon_core.environment:create_environment_scripts_only(astra_camera_msgs)
[0.891s] Level 1:colcon.colcon_core.environment:checking '/home/ddon/software_robocon_2025/install/astra_camera_msgs' for CMake module files
[0.891s] DEBUG:colcon.colcon_core.event_handler.log_command:Invoked command in '/home/ddon/software_robocon_2025/build/astra_camera_msgs' returned '0': CMAKE_PREFIX_PATH=${CMAKE_PREFIX_PATH}:/opt/ros/humble /usr/bin/cmake --install /home/ddon/software_robocon_2025/build/astra_camera_msgs
[0.892s] Level 1:colcon.colcon_core.environment:checking '/home/ddon/software_robocon_2025/install/astra_camera_msgs' for CMake config files
[0.892s] Level 1:colcon.colcon_core.shell:create_environment_hook('astra_camera_msgs', 'cmake_prefix_path')
[0.892s] INFO:colcon.colcon_core.shell:Creating environment hook '/home/ddon/software_robocon_2025/install/astra_camera_msgs/share/astra_camera_msgs/hook/cmake_prefix_path.ps1'
[0.893s] INFO:colcon.colcon_core.shell:Creating environment descriptor '/home/ddon/software_robocon_2025/install/astra_camera_msgs/share/astra_camera_msgs/hook/cmake_prefix_path.dsv'
[0.893s] INFO:colcon.colcon_core.shell:Creating environment hook '/home/ddon/software_robocon_2025/install/astra_camera_msgs/share/astra_camera_msgs/hook/cmake_prefix_path.sh'
[0.894s] Level 1:colcon.colcon_core.environment:checking '/home/ddon/software_robocon_2025/install/astra_camera_msgs/lib'
[0.894s] Level 1:colcon.colcon_core.shell:create_environment_hook('astra_camera_msgs', 'ld_library_path_lib')
[0.894s] INFO:colcon.colcon_core.shell:Creating environment hook '/home/ddon/software_robocon_2025/install/astra_camera_msgs/share/astra_camera_msgs/hook/ld_library_path_lib.ps1'
[0.894s] INFO:colcon.colcon_core.shell:Creating environment descriptor '/home/ddon/software_robocon_2025/install/astra_camera_msgs/share/astra_camera_msgs/hook/ld_library_path_lib.dsv'
[0.894s] INFO:colcon.colcon_core.shell:Creating environment hook '/home/ddon/software_robocon_2025/install/astra_camera_msgs/share/astra_camera_msgs/hook/ld_library_path_lib.sh'
[0.895s] Level 1:colcon.colcon_core.environment:checking '/home/ddon/software_robocon_2025/install/astra_camera_msgs/bin'
[0.895s] Level 1:colcon.colcon_core.environment:checking '/home/ddon/software_robocon_2025/install/astra_camera_msgs/lib/pkgconfig/astra_camera_msgs.pc'
[0.895s] Level 1:colcon.colcon_core.environment:checking '/home/ddon/software_robocon_2025/install/astra_camera_msgs/lib/python3.10/site-packages'
[0.895s] Level 1:colcon.colcon_core.environment:checking '/home/ddon/software_robocon_2025/install/astra_camera_msgs/bin'
[0.895s] INFO:colcon.colcon_core.shell:Creating package script '/home/ddon/software_robocon_2025/install/astra_camera_msgs/share/astra_camera_msgs/package.ps1'
[0.896s] INFO:colcon.colcon_core.shell:Creating package descriptor '/home/ddon/software_robocon_2025/install/astra_camera_msgs/share/astra_camera_msgs/package.dsv'
[0.896s] INFO:colcon.colcon_core.shell:Creating package script '/home/ddon/software_robocon_2025/install/astra_camera_msgs/share/astra_camera_msgs/package.sh'
[0.896s] INFO:colcon.colcon_core.shell:Creating package script '/home/ddon/software_robocon_2025/install/astra_camera_msgs/share/astra_camera_msgs/package.bash'
[0.897s] INFO:colcon.colcon_core.shell:Creating package script '/home/ddon/software_robocon_2025/install/astra_camera_msgs/share/astra_camera_msgs/package.zsh'
[0.897s] Level 1:colcon.colcon_core.environment:create_file_with_runtime_dependencies(/home/ddon/software_robocon_2025/install/astra_camera_msgs/share/colcon-core/packages/astra_camera_msgs)
[0.897s] Level 1:colcon.colcon_core.environment:create_environment_scripts_only(astra_camera_msgs)
[0.898s] Level 1:colcon.colcon_core.environment:checking '/home/ddon/software_robocon_2025/install/astra_camera_msgs' for CMake module files
[0.898s] Level 1:colcon.colcon_core.environment:checking '/home/ddon/software_robocon_2025/install/astra_camera_msgs' for CMake config files
[0.898s] Level 1:colcon.colcon_core.shell:create_environment_hook('astra_camera_msgs', 'cmake_prefix_path')
[0.899s] INFO:colcon.colcon_core.shell:Creating environment hook '/home/ddon/software_robocon_2025/install/astra_camera_msgs/share/astra_camera_msgs/hook/cmake_prefix_path.ps1'
[0.899s] INFO:colcon.colcon_core.shell:Creating environment descriptor '/home/ddon/software_robocon_2025/install/astra_camera_msgs/share/astra_camera_msgs/hook/cmake_prefix_path.dsv'
[0.899s] INFO:colcon.colcon_core.shell:Creating environment hook '/home/ddon/software_robocon_2025/install/astra_camera_msgs/share/astra_camera_msgs/hook/cmake_prefix_path.sh'
[0.900s] Level 1:colcon.colcon_core.environment:checking '/home/ddon/software_robocon_2025/install/astra_camera_msgs/lib'
[0.900s] Level 1:colcon.colcon_core.shell:create_environment_hook('astra_camera_msgs', 'ld_library_path_lib')
[0.900s] INFO:colcon.colcon_core.shell:Creating environment hook '/home/ddon/software_robocon_2025/install/astra_camera_msgs/share/astra_camera_msgs/hook/ld_library_path_lib.ps1'
[0.900s] INFO:colcon.colcon_core.shell:Creating environment descriptor '/home/ddon/software_robocon_2025/install/astra_camera_msgs/share/astra_camera_msgs/hook/ld_library_path_lib.dsv'
[0.901s] INFO:colcon.colcon_core.shell:Creating environment hook '/home/ddon/software_robocon_2025/install/astra_camera_msgs/share/astra_camera_msgs/hook/ld_library_path_lib.sh'
[0.901s] Level 1:colcon.colcon_core.environment:checking '/home/ddon/software_robocon_2025/install/astra_camera_msgs/bin'
[0.901s] Level 1:colcon.colcon_core.environment:checking '/home/ddon/software_robocon_2025/install/astra_camera_msgs/lib/pkgconfig/astra_camera_msgs.pc'
[0.901s] Level 1:colcon.colcon_core.environment:checking '/home/ddon/software_robocon_2025/install/astra_camera_msgs/lib/python3.10/site-packages'
[0.901s] Level 1:colcon.colcon_core.environment:checking '/home/ddon/software_robocon_2025/install/astra_camera_msgs/bin'
[0.902s] INFO:colcon.colcon_core.shell:Creating package script '/home/ddon/software_robocon_2025/install/astra_camera_msgs/share/astra_camera_msgs/package.ps1'
[0.902s] INFO:colcon.colcon_core.shell:Creating package descriptor '/home/ddon/software_robocon_2025/install/astra_camera_msgs/share/astra_camera_msgs/package.dsv'
[0.902s] INFO:colcon.colcon_core.shell:Creating package script '/home/ddon/software_robocon_2025/install/astra_camera_msgs/share/astra_camera_msgs/package.sh'
[0.903s] INFO:colcon.colcon_core.shell:Creating package script '/home/ddon/software_robocon_2025/install/astra_camera_msgs/share/astra_camera_msgs/package.bash'
[0.903s] INFO:colcon.colcon_core.shell:Creating package script '/home/ddon/software_robocon_2025/install/astra_camera_msgs/share/astra_camera_msgs/package.zsh'
[0.903s] Level 1:colcon.colcon_core.environment:create_file_with_runtime_dependencies(/home/ddon/software_robocon_2025/install/astra_camera_msgs/share/colcon-core/packages/astra_camera_msgs)
[0.904s] INFO:colcon.colcon_ros.task.ament_cmake.build:Building ROS package in '/home/ddon/software_robocon_2025/ros2_astra_camera/astra_camera' with build type 'ament_cmake'
[0.904s] INFO:colcon.colcon_cmake.task.cmake.build:Building CMake package in '/home/ddon/software_robocon_2025/ros2_astra_camera/astra_camera'
[0.904s] INFO:colcon.colcon_core.shell:Skip shell extension 'powershell' for command environment: Not usable outside of PowerShell
[0.904s] DEBUG:colcon.colcon_core.shell:Skip shell extension 'dsv' for command environment
[0.917s] Level 1:colcon.colcon_core.environment:create_environment_scripts_only(robot_interfaces)
[0.917s] Level 1:colcon.colcon_core.environment:checking '/home/ddon/software_robocon_2025/install/robot_interfaces' for CMake module files
[0.918s] DEBUG:colcon.colcon_core.event_handler.log_command:Invoking command in '/home/ddon/software_robocon_2025/build/astra_camera': AMENT_PREFIX_PATH=/home/ddon/software_robocon_2025/install/astra_camera_msgs:${AMENT_PREFIX_PATH} CMAKE_PREFIX_PATH=/home/ddon/software_robocon_2025/install/astra_camera_msgs:/home/ddon/software_robocon_2025/install/robot_interfaces:/home/ddon/ros2_ws_cpp/install/shooter_control:/home/ddon/ros2_ws_cpp/install/robot_interfaces:/home/ddon/ros2_ws_cpp/install/robot_bringup:/home/ddon/ros2_ws_cpp/install/odrive_interface:/home/ddon/ros2_ws_cpp/install/can_control_package:/home/ddon/ros2_ws_cpp/install/odrive_custom_msg:/home/ddon/ros2_ws_cpp/install/odrive_can_cpp:/home/ddon/ros2_ws_cpp/install/mecanum_drivetrain:/home/ddon/ros2_ws_cpp/install/gamepad_interface:/home/ddon/ros2_ws_cpp/install/dual_sense_controller:/home/ddon/ros2_ws_cpp/install/astra_camera_msgs:/opt/ros/humble LD_LIBRARY_PATH=/home/ddon/software_robocon_2025/install/astra_camera_msgs/lib:${LD_LIBRARY_PATH} PYTHONPATH=/home/ddon/software_robocon_2025/install/astra_camera_msgs/local/lib/python3.10/dist-packages:${PYTHONPATH} /usr/bin/cmake /home/ddon/software_robocon_2025/ros2_astra_camera/astra_camera -DCMAKE_INSTALL_PREFIX=/home/ddon/software_robocon_2025/install/astra_camera
[0.919s] Level 1:colcon.colcon_core.environment:checking '/home/ddon/software_robocon_2025/install/robot_interfaces' for CMake config files
[0.919s] DEBUG:colcon.colcon_core.event_handler.log_command:Invoked command in '/home/ddon/software_robocon_2025/build/robot_interfaces' returned '0': CMAKE_PREFIX_PATH=${CMAKE_PREFIX_PATH}:/opt/ros/humble /usr/bin/cmake --install /home/ddon/software_robocon_2025/build/robot_interfaces
[0.920s] Level 1:colcon.colcon_core.shell:create_environment_hook('robot_interfaces', 'cmake_prefix_path')
[0.920s] INFO:colcon.colcon_core.shell:Creating environment hook '/home/ddon/software_robocon_2025/install/robot_interfaces/share/robot_interfaces/hook/cmake_prefix_path.ps1'
[0.921s] INFO:colcon.colcon_core.shell:Creating environment descriptor '/home/ddon/software_robocon_2025/install/robot_interfaces/share/robot_interfaces/hook/cmake_prefix_path.dsv'
[0.921s] INFO:colcon.colcon_core.shell:Creating environment hook '/home/ddon/software_robocon_2025/install/robot_interfaces/share/robot_interfaces/hook/cmake_prefix_path.sh'
[0.922s] Level 1:colcon.colcon_core.environment:checking '/home/ddon/software_robocon_2025/install/robot_interfaces/lib'
[0.922s] Level 1:colcon.colcon_core.shell:create_environment_hook('robot_interfaces', 'ld_library_path_lib')
[0.922s] INFO:colcon.colcon_core.shell:Creating environment hook '/home/ddon/software_robocon_2025/install/robot_interfaces/share/robot_interfaces/hook/ld_library_path_lib.ps1'
[0.922s] INFO:colcon.colcon_core.shell:Creating environment descriptor '/home/ddon/software_robocon_2025/install/robot_interfaces/share/robot_interfaces/hook/ld_library_path_lib.dsv'
[0.923s] INFO:colcon.colcon_core.shell:Creating environment hook '/home/ddon/software_robocon_2025/install/robot_interfaces/share/robot_interfaces/hook/ld_library_path_lib.sh'
[0.923s] Level 1:colcon.colcon_core.environment:checking '/home/ddon/software_robocon_2025/install/robot_interfaces/bin'
[0.923s] Level 1:colcon.colcon_core.environment:checking '/home/ddon/software_robocon_2025/install/robot_interfaces/lib/pkgconfig/robot_interfaces.pc'
[0.923s] Level 1:colcon.colcon_core.environment:checking '/home/ddon/software_robocon_2025/install/robot_interfaces/lib/python3.10/site-packages'
[0.923s] Level 1:colcon.colcon_core.environment:checking '/home/ddon/software_robocon_2025/install/robot_interfaces/bin'
[0.924s] INFO:colcon.colcon_core.shell:Creating package script '/home/ddon/software_robocon_2025/install/robot_interfaces/share/robot_interfaces/package.ps1'
[0.924s] INFO:colcon.colcon_core.shell:Creating package descriptor '/home/ddon/software_robocon_2025/install/robot_interfaces/share/robot_interfaces/package.dsv'
[0.925s] INFO:colcon.colcon_core.shell:Creating package script '/home/ddon/software_robocon_2025/install/robot_interfaces/share/robot_interfaces/package.sh'
[0.925s] INFO:colcon.colcon_core.shell:Creating package script '/home/ddon/software_robocon_2025/install/robot_interfaces/share/robot_interfaces/package.bash'
[0.925s] INFO:colcon.colcon_core.shell:Creating package script '/home/ddon/software_robocon_2025/install/robot_interfaces/share/robot_interfaces/package.zsh'
[0.925s] Level 1:colcon.colcon_core.environment:create_file_with_runtime_dependencies(/home/ddon/software_robocon_2025/install/robot_interfaces/share/colcon-core/packages/robot_interfaces)
[0.926s] Level 1:colcon.colcon_core.environment:create_environment_scripts_only(robot_interfaces)
[0.926s] Level 1:colcon.colcon_core.environment:checking '/home/ddon/software_robocon_2025/install/robot_interfaces' for CMake module files
[0.927s] Level 1:colcon.colcon_core.environment:checking '/home/ddon/software_robocon_2025/install/robot_interfaces' for CMake config files
[0.927s] Level 1:colcon.colcon_core.shell:create_environment_hook('robot_interfaces', 'cmake_prefix_path')
[0.927s] INFO:colcon.colcon_core.shell:Creating environment hook '/home/ddon/software_robocon_2025/install/robot_interfaces/share/robot_interfaces/hook/cmake_prefix_path.ps1'
[0.928s] INFO:colcon.colcon_core.shell:Creating environment descriptor '/home/ddon/software_robocon_2025/install/robot_interfaces/share/robot_interfaces/hook/cmake_prefix_path.dsv'
[0.929s] INFO:colcon.colcon_core.shell:Creating environment hook '/home/ddon/software_robocon_2025/install/robot_interfaces/share/robot_interfaces/hook/cmake_prefix_path.sh'
[0.929s] Level 1:colcon.colcon_core.environment:checking '/home/ddon/software_robocon_2025/install/robot_interfaces/lib'
[0.930s] Level 1:colcon.colcon_core.shell:create_environment_hook('robot_interfaces', 'ld_library_path_lib')
[0.930s] INFO:colcon.colcon_core.shell:Creating environment hook '/home/ddon/software_robocon_2025/install/robot_interfaces/share/robot_interfaces/hook/ld_library_path_lib.ps1'
[0.930s] INFO:colcon.colcon_core.shell:Creating environment descriptor '/home/ddon/software_robocon_2025/install/robot_interfaces/share/robot_interfaces/hook/ld_library_path_lib.dsv'
[0.931s] INFO:colcon.colcon_core.shell:Creating environment hook '/home/ddon/software_robocon_2025/install/robot_interfaces/share/robot_interfaces/hook/ld_library_path_lib.sh'
[0.931s] Level 1:colcon.colcon_core.environment:checking '/home/ddon/software_robocon_2025/install/robot_interfaces/bin'
[0.931s] Level 1:colcon.colcon_core.environment:checking '/home/ddon/software_robocon_2025/install/robot_interfaces/lib/pkgconfig/robot_interfaces.pc'
[0.931s] Level 1:colcon.colcon_core.environment:checking '/home/ddon/software_robocon_2025/install/robot_interfaces/lib/python3.10/site-packages'
[0.931s] Level 1:colcon.colcon_core.environment:checking '/home/ddon/software_robocon_2025/install/robot_interfaces/bin'
[0.932s] INFO:colcon.colcon_core.shell:Creating package script '/home/ddon/software_robocon_2025/install/robot_interfaces/share/robot_interfaces/package.ps1'
[0.932s] INFO:colcon.colcon_core.shell:Creating package descriptor '/home/ddon/software_robocon_2025/install/robot_interfaces/share/robot_interfaces/package.dsv'
[0.933s] INFO:colcon.colcon_core.shell:Creating package script '/home/ddon/software_robocon_2025/install/robot_interfaces/share/robot_interfaces/package.sh'
[0.934s] INFO:colcon.colcon_core.shell:Creating package script '/home/ddon/software_robocon_2025/install/robot_interfaces/share/robot_interfaces/package.bash'
[0.935s] INFO:colcon.colcon_core.shell:Creating package script '/home/ddon/software_robocon_2025/install/robot_interfaces/share/robot_interfaces/package.zsh'
[0.935s] Level 1:colcon.colcon_core.environment:create_file_with_runtime_dependencies(/home/ddon/software_robocon_2025/install/robot_interfaces/share/colcon-core/packages/robot_interfaces)
[0.936s] INFO:colcon.colcon_ros.task.ament_python.build:Building ROS package in '/home/ddon/software_robocon_2025/main_controller_pkg' with build type 'ament_python'
[0.936s] Level 1:colcon.colcon_core.shell:create_environment_hook('main_controller_pkg', 'ament_prefix_path')
[0.936s] INFO:colcon.colcon_core.shell:Creating environment hook '/home/ddon/software_robocon_2025/install/main_controller_pkg/share/main_controller_pkg/hook/ament_prefix_path.ps1'
[0.937s] INFO:colcon.colcon_core.shell:Creating environment descriptor '/home/ddon/software_robocon_2025/install/main_controller_pkg/share/main_controller_pkg/hook/ament_prefix_path.dsv'
[0.937s] INFO:colcon.colcon_core.shell:Creating environment hook '/home/ddon/software_robocon_2025/install/main_controller_pkg/share/main_controller_pkg/hook/ament_prefix_path.sh'
[0.938s] INFO:colcon.colcon_core.shell:Skip shell extension 'powershell' for command environment: Not usable outside of PowerShell
[0.938s] DEBUG:colcon.colcon_core.shell:Skip shell extension 'dsv' for command environment
[0.941s] INFO:colcon.colcon_ros.task.ament_cmake.build:Building ROS package in '/home/ddon/software_robocon_2025/odrive_interface' with build type 'ament_cmake'
[0.941s] INFO:colcon.colcon_cmake.task.cmake.build:Building CMake package in '/home/ddon/software_robocon_2025/odrive_interface'
[0.941s] INFO:colcon.colcon_core.shell:Skip shell extension 'powershell' for command environment: Not usable outside of PowerShell
[0.941s] DEBUG:colcon.colcon_core.shell:Skip shell extension 'dsv' for command environment
[1.199s] INFO:colcon.colcon_core.task.python.build:Building Python package in '/home/ddon/software_robocon_2025/main_controller_pkg'
[1.199s] INFO:colcon.colcon_core.shell:Skip shell extension 'powershell' for command environment: Not usable outside of PowerShell
[1.199s] DEBUG:colcon.colcon_core.shell:Skip shell extension 'dsv' for command environment
[1.206s] DEBUG:colcon.colcon_core.event_handler.log_command:Invoking command in '/home/ddon/software_robocon_2025/build/odrive_interface': CMAKE_PREFIX_PATH=${CMAKE_PREFIX_PATH}:/opt/ros/humble /usr/bin/cmake --build /home/ddon/software_robocon_2025/build/odrive_interface -- -j8 -l8
[1.260s] DEBUG:colcon.colcon_core.event_handler.log_command:Invoked command in '/home/ddon/software_robocon_2025/build/odrive_interface' returned '0': CMAKE_PREFIX_PATH=${CMAKE_PREFIX_PATH}:/opt/ros/humble /usr/bin/cmake --build /home/ddon/software_robocon_2025/build/odrive_interface -- -j8 -l8
[1.263s] DEBUG:colcon.colcon_core.event_handler.log_command:Invoking command in '/home/ddon/software_robocon_2025/build/odrive_interface': CMAKE_PREFIX_PATH=${CMAKE_PREFIX_PATH}:/opt/ros/humble /usr/bin/cmake --install /home/ddon/software_robocon_2025/build/odrive_interface
[1.274s] Level 1:colcon.colcon_core.environment:create_environment_scripts_only(odrive_interface)
[1.275s] Level 1:colcon.colcon_core.environment:checking '/home/ddon/software_robocon_2025/install/odrive_interface' for CMake module files
[1.275s] DEBUG:colcon.colcon_core.event_handler.log_command:Invoked command in '/home/ddon/software_robocon_2025/build/odrive_interface' returned '0': CMAKE_PREFIX_PATH=${CMAKE_PREFIX_PATH}:/opt/ros/humble /usr/bin/cmake --install /home/ddon/software_robocon_2025/build/odrive_interface
[1.276s] Level 1:colcon.colcon_core.environment:checking '/home/ddon/software_robocon_2025/install/odrive_interface' for CMake config files
[1.276s] Level 1:colcon.colcon_core.shell:create_environment_hook('odrive_interface', 'cmake_prefix_path')
[1.276s] INFO:colcon.colcon_core.shell:Creating environment hook '/home/ddon/software_robocon_2025/install/odrive_interface/share/odrive_interface/hook/cmake_prefix_path.ps1'
[1.276s] INFO:colcon.colcon_core.shell:Creating environment descriptor '/home/ddon/software_robocon_2025/install/odrive_interface/share/odrive_interface/hook/cmake_prefix_path.dsv'
[1.277s] INFO:colcon.colcon_core.shell:Creating environment hook '/home/ddon/software_robocon_2025/install/odrive_interface/share/odrive_interface/hook/cmake_prefix_path.sh'
[1.277s] Level 1:colcon.colcon_core.environment:checking '/home/ddon/software_robocon_2025/install/odrive_interface/lib'
[1.277s] Level 1:colcon.colcon_core.environment:checking '/home/ddon/software_robocon_2025/install/odrive_interface/bin'
[1.277s] Level 1:colcon.colcon_core.environment:checking '/home/ddon/software_robocon_2025/install/odrive_interface/lib/pkgconfig/odrive_interface.pc'
[1.278s] Level 1:colcon.colcon_core.environment:checking '/home/ddon/software_robocon_2025/install/odrive_interface/lib/python3.10/site-packages'
[1.278s] Level 1:colcon.colcon_core.environment:checking '/home/ddon/software_robocon_2025/install/odrive_interface/bin'
[1.278s] INFO:colcon.colcon_core.shell:Creating package script '/home/ddon/software_robocon_2025/install/odrive_interface/share/odrive_interface/package.ps1'
[1.279s] INFO:colcon.colcon_core.shell:Creating package descriptor '/home/ddon/software_robocon_2025/install/odrive_interface/share/odrive_interface/package.dsv'
[1.279s] INFO:colcon.colcon_core.shell:Creating package script '/home/ddon/software_robocon_2025/install/odrive_interface/share/odrive_interface/package.sh'
[1.280s] INFO:colcon.colcon_core.shell:Creating package script '/home/ddon/software_robocon_2025/install/odrive_interface/share/odrive_interface/package.bash'
[1.280s] INFO:colcon.colcon_core.shell:Creating package script '/home/ddon/software_robocon_2025/install/odrive_interface/share/odrive_interface/package.zsh'
[1.280s] Level 1:colcon.colcon_core.environment:create_file_with_runtime_dependencies(/home/ddon/software_robocon_2025/install/odrive_interface/share/colcon-core/packages/odrive_interface)
[1.281s] Level 1:colcon.colcon_core.environment:create_environment_scripts_only(odrive_interface)
[1.281s] Level 1:colcon.colcon_core.environment:checking '/home/ddon/software_robocon_2025/install/odrive_interface' for CMake module files
[1.281s] Level 1:colcon.colcon_core.environment:checking '/home/ddon/software_robocon_2025/install/odrive_interface' for CMake config files
[1.281s] Level 1:colcon.colcon_core.shell:create_environment_hook('odrive_interface', 'cmake_prefix_path')
[1.281s] INFO:colcon.colcon_core.shell:Creating environment hook '/home/ddon/software_robocon_2025/install/odrive_interface/share/odrive_interface/hook/cmake_prefix_path.ps1'
[1.282s] INFO:colcon.colcon_core.shell:Creating environment descriptor '/home/ddon/software_robocon_2025/install/odrive_interface/share/odrive_interface/hook/cmake_prefix_path.dsv'
[1.282s] INFO:colcon.colcon_core.shell:Creating environment hook '/home/ddon/software_robocon_2025/install/odrive_interface/share/odrive_interface/hook/cmake_prefix_path.sh'
[1.283s] Level 1:colcon.colcon_core.environment:checking '/home/ddon/software_robocon_2025/install/odrive_interface/lib'
[1.283s] Level 1:colcon.colcon_core.environment:checking '/home/ddon/software_robocon_2025/install/odrive_interface/bin'
[1.283s] Level 1:colcon.colcon_core.environment:checking '/home/ddon/software_robocon_2025/install/odrive_interface/lib/pkgconfig/odrive_interface.pc'
[1.283s] Level 1:colcon.colcon_core.environment:checking '/home/ddon/software_robocon_2025/install/odrive_interface/lib/python3.10/site-packages'
[1.283s] Level 1:colcon.colcon_core.environment:checking '/home/ddon/software_robocon_2025/install/odrive_interface/bin'
[1.283s] INFO:colcon.colcon_core.shell:Creating package script '/home/ddon/software_robocon_2025/install/odrive_interface/share/odrive_interface/package.ps1'
[1.284s] INFO:colcon.colcon_core.shell:Creating package descriptor '/home/ddon/software_robocon_2025/install/odrive_interface/share/odrive_interface/package.dsv'
[1.284s] INFO:colcon.colcon_core.shell:Creating package script '/home/ddon/software_robocon_2025/install/odrive_interface/share/odrive_interface/package.sh'
[1.285s] INFO:colcon.colcon_core.shell:Creating package script '/home/ddon/software_robocon_2025/install/odrive_interface/share/odrive_interface/package.bash'
[1.285s] INFO:colcon.colcon_core.shell:Creating package script '/home/ddon/software_robocon_2025/install/odrive_interface/share/odrive_interface/package.zsh'
[1.285s] Level 1:colcon.colcon_core.environment:create_file_with_runtime_dependencies(/home/ddon/software_robocon_2025/install/odrive_interface/share/colcon-core/packages/odrive_interface)
[1.331s] DEBUG:colcon.colcon_core.event_handler.log_command:Invoked command in '/home/ddon/software_robocon_2025/build/astra_camera' returned '1': AMENT_PREFIX_PATH=/home/ddon/software_robocon_2025/install/astra_camera_msgs:${AMENT_PREFIX_PATH} CMAKE_PREFIX_PATH=/home/ddon/software_robocon_2025/install/astra_camera_msgs:/home/ddon/software_robocon_2025/install/robot_interfaces:/home/ddon/ros2_ws_cpp/install/shooter_control:/home/ddon/ros2_ws_cpp/install/robot_interfaces:/home/ddon/ros2_ws_cpp/install/robot_bringup:/home/ddon/ros2_ws_cpp/install/odrive_interface:/home/ddon/ros2_ws_cpp/install/can_control_package:/home/ddon/ros2_ws_cpp/install/odrive_custom_msg:/home/ddon/ros2_ws_cpp/install/odrive_can_cpp:/home/ddon/ros2_ws_cpp/install/mecanum_drivetrain:/home/ddon/ros2_ws_cpp/install/gamepad_interface:/home/ddon/ros2_ws_cpp/install/dual_sense_controller:/home/ddon/ros2_ws_cpp/install/astra_camera_msgs:/opt/ros/humble LD_LIBRARY_PATH=/home/ddon/software_robocon_2025/install/astra_camera_msgs/lib:${LD_LIBRARY_PATH} PYTHONPATH=/home/ddon/software_robocon_2025/install/astra_camera_msgs/local/lib/python3.10/dist-packages:${PYTHONPATH} /usr/bin/cmake /home/ddon/software_robocon_2025/ros2_astra_camera/astra_camera -DCMAKE_INSTALL_PREFIX=/home/ddon/software_robocon_2025/install/astra_camera
[1.341s] Level 1:colcon.colcon_core.environment:create_environment_scripts_only(astra_camera)
[1.342s] Level 1:colcon.colcon_core.environment:checking '/home/ddon/software_robocon_2025/install/astra_camera' for CMake module files
[1.342s] Level 1:colcon.colcon_core.environment:checking '/home/ddon/software_robocon_2025/install/astra_camera' for CMake config files
[1.343s] Level 1:colcon.colcon_core.environment:checking '/home/ddon/software_robocon_2025/install/astra_camera/bin'
[1.343s] Level 1:colcon.colcon_core.environment:checking '/home/ddon/software_robocon_2025/install/astra_camera/lib/pkgconfig/astra_camera.pc'
[1.343s] Level 1:colcon.colcon_core.environment:checking '/home/ddon/software_robocon_2025/install/astra_camera/lib/python3.10/site-packages'
[1.343s] Level 1:colcon.colcon_core.environment:checking '/home/ddon/software_robocon_2025/install/astra_camera/bin'
[1.343s] INFO:colcon.colcon_core.shell:Creating package script '/home/ddon/software_robocon_2025/install/astra_camera/share/astra_camera/package.ps1'
[1.344s] INFO:colcon.colcon_core.shell:Creating package descriptor '/home/ddon/software_robocon_2025/install/astra_camera/share/astra_camera/package.dsv'
[1.344s] INFO:colcon.colcon_core.shell:Creating package script '/home/ddon/software_robocon_2025/install/astra_camera/share/astra_camera/package.sh'
[1.344s] INFO:colcon.colcon_core.shell:Creating package script '/home/ddon/software_robocon_2025/install/astra_camera/share/astra_camera/package.bash'
[1.344s] INFO:colcon.colcon_core.shell:Creating package script '/home/ddon/software_robocon_2025/install/astra_camera/share/astra_camera/package.zsh'
[1.345s] Level 1:colcon.colcon_core.environment:create_file_with_runtime_dependencies(/home/ddon/software_robocon_2025/install/astra_camera/share/colcon-core/packages/astra_camera)
[1.530s] DEBUG:colcon.colcon_parallel_executor.executor.parallel:closing loop
[1.530s] DEBUG:colcon.colcon_parallel_executor.executor.parallel:loop closed
[1.530s] DEBUG:colcon.colcon_parallel_executor.executor.parallel:run_until_complete finished with '1'
[1.531s] DEBUG:colcon.colcon_core.event_reactor:joining thread
[1.535s] INFO:colcon.colcon_core.plugin_system:Skipping extension 'colcon_notification.desktop_notification.terminal_notifier': Not used on non-Darwin systems
[1.535s] INFO:colcon.colcon_core.plugin_system:Skipping extension 'colcon_notification.desktop_notification.win32': Not used on non-Windows systems
[1.535s] INFO:colcon.colcon_notification.desktop_notification:Sending desktop notification using 'notify2'
[1.544s] DEBUG:colcon.colcon_core.event_reactor:joined thread
[1.544s] INFO:colcon.colcon_core.shell:Creating prefix script '/home/ddon/software_robocon_2025/install/local_setup.ps1'
[1.546s] INFO:colcon.colcon_core.shell:Creating prefix util module '/home/ddon/software_robocon_2025/install/_local_setup_util_ps1.py'
[1.548s] INFO:colcon.colcon_core.shell:Creating prefix chain script '/home/ddon/software_robocon_2025/install/setup.ps1'
[1.550s] INFO:colcon.colcon_core.shell:Creating prefix script '/home/ddon/software_robocon_2025/install/local_setup.sh'
[1.552s] INFO:colcon.colcon_core.shell:Creating prefix util module '/home/ddon/software_robocon_2025/install/_local_setup_util_sh.py'
[1.553s] INFO:colcon.colcon_core.shell:Creating prefix chain script '/home/ddon/software_robocon_2025/install/setup.sh'
[1.555s] INFO:colcon.colcon_core.shell:Creating prefix script '/home/ddon/software_robocon_2025/install/local_setup.bash'
[1.556s] INFO:colcon.colcon_core.shell:Creating prefix chain script '/home/ddon/software_robocon_2025/install/setup.bash'
[1.558s] INFO:colcon.colcon_core.shell:Creating prefix script '/home/ddon/software_robocon_2025/install/local_setup.zsh'
[1.559s] INFO:colcon.colcon_core.shell:Creating prefix chain script '/home/ddon/software_robocon_2025/install/setup.zsh'
