[1.054s] Invoking command in '/home/ddon/software_robocon_2025/main_controller_pkg': CMAKE_PREFIX_PATH=/home/ddon/software_robocon_2025/install/robot_interfaces:/home/ddon/software_robocon_2025/install/odrive_interface:/home/ddon/software_robocon_2025/install/robot_bringup:/home/ddon/software_robocon_2025/install/gamepad_interface:/home/ddon/software_robocon_2025/install/astra_camera_msgs:/home/ddon/ros2_ws_cpp/install/shooter_control:/home/ddon/ros2_ws_cpp/install/robot_interfaces:/home/ddon/ros2_ws_cpp/install/robot_bringup:/home/ddon/ros2_ws_cpp/install/odrive_interface:/home/ddon/ros2_ws_cpp/install/can_control_package:/home/ddon/ros2_ws_cpp/install/odrive_custom_msg:/home/ddon/ros2_ws_cpp/install/odrive_can_cpp:/home/ddon/ros2_ws_cpp/install/mecanum_drivetrain:/home/ddon/ros2_ws_cpp/install/gamepad_interface:/home/ddon/ros2_ws_cpp/install/dual_sense_controller:/home/ddon/ros2_ws_cpp/install/astra_camera_msgs LD_LIBRARY_PATH=/home/ddon/software_robocon_2025/install/robot_interfaces/lib:/home/ddon/software_robocon_2025/install/astra_camera_msgs/lib:/home/ddon/ros2_ws_cpp/install/shooter_control/lib:/home/ddon/ros2_ws_cpp/install/robot_interfaces/lib:/home/ddon/ros2_ws_cpp/install/odrive_custom_msg/lib:/home/ddon/ros2_ws_cpp/install/mecanum_drivetrain/lib:/home/ddon/ros2_ws_cpp/install/astra_camera_msgs/lib:/opt/ros/humble/opt/rviz_ogre_vendor/lib:/opt/ros/humble/lib/x86_64-linux-gnu:/opt/ros/humble/lib PYTHONPATH=/home/ddon/software_robocon_2025/build/main_controller_pkg/prefix_override:/usr/lib/python3/dist-packages/colcon_core/task/python/colcon_distutils_commands:/home/ddon/software_robocon_2025/install/main_controller_pkg/lib/python3.10/site-packages:${PYTHONPATH} /usr/bin/python3 -W ignore:setup.py install is deprecated -W ignore:easy_install command is deprecated setup.py egg_info --egg-base ../build/main_controller_pkg build --build-base /home/ddon/software_robocon_2025/build/main_controller_pkg/build install --record /home/ddon/software_robocon_2025/build/main_controller_pkg/install.log --single-version-externally-managed install_data
[1.441s] running egg_info
[1.442s] writing ../build/main_controller_pkg/main_controller_pkg.egg-info/PKG-INFO
[1.442s] writing dependency_links to ../build/main_controller_pkg/main_controller_pkg.egg-info/dependency_links.txt
[1.443s] writing entry points to ../build/main_controller_pkg/main_controller_pkg.egg-info/entry_points.txt
[1.443s] writing requirements to ../build/main_controller_pkg/main_controller_pkg.egg-info/requires.txt
[1.443s] writing top-level names to ../build/main_controller_pkg/main_controller_pkg.egg-info/top_level.txt
[1.446s] reading manifest file '../build/main_controller_pkg/main_controller_pkg.egg-info/SOURCES.txt'
[1.447s] writing manifest file '../build/main_controller_pkg/main_controller_pkg.egg-info/SOURCES.txt'
[1.447s] running build
[1.447s] running build_py
[1.447s] running install
[1.448s] running install_lib
[1.450s] running install_data
[1.450s] running install_egg_info
[1.453s] removing '/home/ddon/software_robocon_2025/install/main_controller_pkg/lib/python3.10/site-packages/main_controller_pkg-0.0.0-py3.10.egg-info' (and everything under it)
[1.453s] Copying ../build/main_controller_pkg/main_controller_pkg.egg-info to /home/ddon/software_robocon_2025/install/main_controller_pkg/lib/python3.10/site-packages/main_controller_pkg-0.0.0-py3.10.egg-info
[1.454s] running install_scripts
[1.482s] Installing full_calculation_node script to /home/ddon/software_robocon_2025/install/main_controller_pkg/lib/main_controller_pkg
[1.482s] Installing main_controller_node script to /home/ddon/software_robocon_2025/install/main_controller_pkg/lib/main_controller_pkg
[1.483s] writing list of installed files to '/home/ddon/software_robocon_2025/build/main_controller_pkg/install.log'
[1.516s] Invoked command in '/home/ddon/software_robocon_2025/main_controller_pkg' returned '0': CMAKE_PREFIX_PATH=/home/ddon/software_robocon_2025/install/robot_interfaces:/home/ddon/software_robocon_2025/install/odrive_interface:/home/ddon/software_robocon_2025/install/robot_bringup:/home/ddon/software_robocon_2025/install/gamepad_interface:/home/ddon/software_robocon_2025/install/astra_camera_msgs:/home/ddon/ros2_ws_cpp/install/shooter_control:/home/ddon/ros2_ws_cpp/install/robot_interfaces:/home/ddon/ros2_ws_cpp/install/robot_bringup:/home/ddon/ros2_ws_cpp/install/odrive_interface:/home/ddon/ros2_ws_cpp/install/can_control_package:/home/ddon/ros2_ws_cpp/install/odrive_custom_msg:/home/ddon/ros2_ws_cpp/install/odrive_can_cpp:/home/ddon/ros2_ws_cpp/install/mecanum_drivetrain:/home/ddon/ros2_ws_cpp/install/gamepad_interface:/home/ddon/ros2_ws_cpp/install/dual_sense_controller:/home/ddon/ros2_ws_cpp/install/astra_camera_msgs LD_LIBRARY_PATH=/home/ddon/software_robocon_2025/install/robot_interfaces/lib:/home/ddon/software_robocon_2025/install/astra_camera_msgs/lib:/home/ddon/ros2_ws_cpp/install/shooter_control/lib:/home/ddon/ros2_ws_cpp/install/robot_interfaces/lib:/home/ddon/ros2_ws_cpp/install/odrive_custom_msg/lib:/home/ddon/ros2_ws_cpp/install/mecanum_drivetrain/lib:/home/ddon/ros2_ws_cpp/install/astra_camera_msgs/lib:/opt/ros/humble/opt/rviz_ogre_vendor/lib:/opt/ros/humble/lib/x86_64-linux-gnu:/opt/ros/humble/lib PYTHONPATH=/home/ddon/software_robocon_2025/build/main_controller_pkg/prefix_override:/usr/lib/python3/dist-packages/colcon_core/task/python/colcon_distutils_commands:/home/ddon/software_robocon_2025/install/main_controller_pkg/lib/python3.10/site-packages:${PYTHONPATH} /usr/bin/python3 -W ignore:setup.py install is deprecated -W ignore:easy_install command is deprecated setup.py egg_info --egg-base ../build/main_controller_pkg build --build-base /home/ddon/software_robocon_2025/build/main_controller_pkg/build install --record /home/ddon/software_robocon_2025/build/main_controller_pkg/install.log --single-version-externally-managed install_data
