[0.033s] Invoking command in '/home/ddon/software_robocon_2025/build/robot_bringup': CMAKE_PREFIX_PATH=${CMAKE_PREFIX_PATH}:/home/ddon/software_robocon_2025/install/main_controller_pkg:/opt/ros/humble /usr/bin/cmake --build /home/ddon/software_robocon_2025/build/robot_bringup -- -j8 -l8
[0.110s] Invoked command in '/home/ddon/software_robocon_2025/build/robot_bringup' returned '0': CMAKE_PREFIX_PATH=${CMAKE_PREFIX_PATH}:/home/ddon/software_robocon_2025/install/main_controller_pkg:/opt/ros/humble /usr/bin/cmake --build /home/ddon/software_robocon_2025/build/robot_bringup -- -j8 -l8
[0.137s] Invoking command in '/home/ddon/software_robocon_2025/build/robot_bringup': CMAKE_PREFIX_PATH=${CMAKE_PREFIX_PATH}:/home/ddon/software_robocon_2025/install/main_controller_pkg:/opt/ros/humble /usr/bin/cmake --install /home/ddon/software_robocon_2025/build/robot_bringup
[0.158s] -- Install configuration: ""
[0.158s] -- Up-to-date: /home/ddon/software_robocon_2025/install/robot_bringup/share/robot_bringup//launch
[0.158s] -- Up-to-date: /home/ddon/software_robocon_2025/install/robot_bringup/share/robot_bringup//launch/complete_robot.launch.py
[0.159s] -- Up-to-date: /home/ddon/software_robocon_2025/install/robot_bringup/share/ament_index/resource_index/package_run_dependencies/robot_bringup
[0.159s] -- Up-to-date: /home/ddon/software_robocon_2025/install/robot_bringup/share/ament_index/resource_index/parent_prefix_path/robot_bringup
[0.159s] -- Up-to-date: /home/ddon/software_robocon_2025/install/robot_bringup/share/robot_bringup/environment/ament_prefix_path.sh
[0.162s] -- Up-to-date: /home/ddon/software_robocon_2025/install/robot_bringup/share/robot_bringup/environment/ament_prefix_path.dsv
[0.162s] -- Up-to-date: /home/ddon/software_robocon_2025/install/robot_bringup/share/robot_bringup/environment/path.sh
[0.162s] -- Up-to-date: /home/ddon/software_robocon_2025/install/robot_bringup/share/robot_bringup/environment/path.dsv
[0.170s] -- Up-to-date: /home/ddon/software_robocon_2025/install/robot_bringup/share/robot_bringup/local_setup.bash
[0.170s] -- Up-to-date: /home/ddon/software_robocon_2025/install/robot_bringup/share/robot_bringup/local_setup.sh
[0.170s] -- Up-to-date: /home/ddon/software_robocon_2025/install/robot_bringup/share/robot_bringup/local_setup.zsh
[0.170s] -- Up-to-date: /home/ddon/software_robocon_2025/install/robot_bringup/share/robot_bringup/local_setup.dsv
[0.170s] -- Installing: /home/ddon/software_robocon_2025/install/robot_bringup/share/robot_bringup/package.dsv
[0.170s] -- Up-to-date: /home/ddon/software_robocon_2025/install/robot_bringup/share/ament_index/resource_index/packages/robot_bringup
[0.170s] -- Up-to-date: /home/ddon/software_robocon_2025/install/robot_bringup/share/robot_bringup/cmake/robot_bringupConfig.cmake
[0.170s] -- Up-to-date: /home/ddon/software_robocon_2025/install/robot_bringup/share/robot_bringup/cmake/robot_bringupConfig-version.cmake
[0.171s] -- Up-to-date: /home/ddon/software_robocon_2025/install/robot_bringup/share/robot_bringup/package.xml
[0.171s] Invoked command in '/home/ddon/software_robocon_2025/build/robot_bringup' returned '0': CMAKE_PREFIX_PATH=${CMAKE_PREFIX_PATH}:/home/ddon/software_robocon_2025/install/main_controller_pkg:/opt/ros/humble /usr/bin/cmake --install /home/ddon/software_robocon_2025/build/robot_bringup
