[0.017s] Invoking command in '/home/ddon/software_robocon_2025/build/gamepad_interface': CMAKE_PREFIX_PATH=${CMAKE_PREFIX_PATH}:/opt/ros/humble /usr/bin/cmake --build /home/ddon/software_robocon_2025/build/gamepad_interface -- -j8 -l8
[0.052s] [35m[1mConsolidate compiler generated dependencies of target gamepad_driver[0m
[0.068s] [ 33%] Built target gamepad_driver
[0.084s] [35m[1mConsolidate compiler generated dependencies of target robot_input_mapper[0m
[0.109s] [ 66%] Built target robot_input_mapper
[0.138s] [35m[1mConsolidate compiler generated dependencies of target gamepad_node[0m
[0.160s] [100%] Built target gamepad_node
[0.176s] Invoked command in '/home/ddon/software_robocon_2025/build/gamepad_interface' returned '0': CMAKE_PREFIX_PATH=${CMAKE_PREFIX_PATH}:/opt/ros/humble /usr/bin/cmake --build /home/ddon/software_robocon_2025/build/gamepad_interface -- -j8 -l8
[0.178s] Invoking command in '/home/ddon/software_robocon_2025/build/gamepad_interface': CMAKE_PREFIX_PATH=${CMAKE_PREFIX_PATH}:/opt/ros/humble /usr/bin/cmake --install /home/ddon/software_robocon_2025/build/gamepad_interface
[0.187s] -- Install configuration: ""
[0.187s] -- Up-to-date: /home/ddon/software_robocon_2025/install/gamepad_interface/include
[0.188s] -- Up-to-date: /home/ddon/software_robocon_2025/install/gamepad_interface/include/gamepad_interface
[0.188s] -- Up-to-date: /home/ddon/software_robocon_2025/install/gamepad_interface/include/gamepad_interface/mapper.hpp
[0.188s] -- Up-to-date: /home/ddon/software_robocon_2025/install/gamepad_interface/include/gamepad_interface/gamepad.hpp
[0.188s] -- Up-to-date: /home/ddon/software_robocon_2025/install/gamepad_interface/lib/libgamepad_driver.a
[0.188s] -- Up-to-date: /home/ddon/software_robocon_2025/install/gamepad_interface/lib/librobot_input_mapper.a
[0.188s] -- Up-to-date: /home/ddon/software_robocon_2025/install/gamepad_interface/lib/gamepad_interface/gamepad_node
[0.188s] -- Up-to-date: /home/ddon/software_robocon_2025/install/gamepad_interface/share/ament_index/resource_index/package_run_dependencies/gamepad_interface
[0.188s] -- Up-to-date: /home/ddon/software_robocon_2025/install/gamepad_interface/share/ament_index/resource_index/parent_prefix_path/gamepad_interface
[0.188s] -- Up-to-date: /home/ddon/software_robocon_2025/install/gamepad_interface/share/gamepad_interface/environment/ament_prefix_path.sh
[0.188s] -- Up-to-date: /home/ddon/software_robocon_2025/install/gamepad_interface/share/gamepad_interface/environment/ament_prefix_path.dsv
[0.189s] -- Up-to-date: /home/ddon/software_robocon_2025/install/gamepad_interface/share/gamepad_interface/environment/path.sh
[0.189s] -- Up-to-date: /home/ddon/software_robocon_2025/install/gamepad_interface/share/gamepad_interface/environment/path.dsv
[0.189s] -- Up-to-date: /home/ddon/software_robocon_2025/install/gamepad_interface/share/gamepad_interface/local_setup.bash
[0.189s] -- Up-to-date: /home/ddon/software_robocon_2025/install/gamepad_interface/share/gamepad_interface/local_setup.sh
[0.189s] -- Up-to-date: /home/ddon/software_robocon_2025/install/gamepad_interface/share/gamepad_interface/local_setup.zsh
[0.189s] -- Up-to-date: /home/ddon/software_robocon_2025/install/gamepad_interface/share/gamepad_interface/local_setup.dsv
[0.189s] -- Installing: /home/ddon/software_robocon_2025/install/gamepad_interface/share/gamepad_interface/package.dsv
[0.189s] -- Up-to-date: /home/ddon/software_robocon_2025/install/gamepad_interface/share/ament_index/resource_index/packages/gamepad_interface
[0.190s] -- Up-to-date: /home/ddon/software_robocon_2025/install/gamepad_interface/share/gamepad_interface/cmake/gamepad_interfaceConfig.cmake
[0.190s] -- Up-to-date: /home/ddon/software_robocon_2025/install/gamepad_interface/share/gamepad_interface/cmake/gamepad_interfaceConfig-version.cmake
[0.190s] -- Up-to-date: /home/ddon/software_robocon_2025/install/gamepad_interface/share/gamepad_interface/package.xml
[0.191s] Invoked command in '/home/ddon/software_robocon_2025/build/gamepad_interface' returned '0': CMAKE_PREFIX_PATH=${CMAKE_PREFIX_PATH}:/opt/ros/humble /usr/bin/cmake --install /home/ddon/software_robocon_2025/build/gamepad_interface
