[0.879s] Invoking command in '/home/ddon/software_robocon_2025/main_controller_pkg': CMAKE_PREFIX_PATH=/home/ddon/software_robocon_2025/install/robot_interfaces:/home/ddon/software_robocon_2025/install/odrive_interface:/home/ddon/software_robocon_2025/install/gamepad_interface:/home/ddon/software_robocon_2025/install/robot_bringup:/home/ddon/software_robocon_2025/install/astra_camera_msgs:/home/ddon/ros2_ws_cpp/install/shooter_control:/home/ddon/ros2_ws_cpp/install/robot_interfaces:/home/ddon/ros2_ws_cpp/install/robot_bringup:/home/ddon/ros2_ws_cpp/install/odrive_interface:/home/ddon/ros2_ws_cpp/install/can_control_package:/home/ddon/ros2_ws_cpp/install/odrive_custom_msg:/home/ddon/ros2_ws_cpp/install/odrive_can_cpp:/home/ddon/ros2_ws_cpp/install/mecanum_drivetrain:/home/ddon/ros2_ws_cpp/install/gamepad_interface:/home/ddon/ros2_ws_cpp/install/dual_sense_controller:/home/ddon/ros2_ws_cpp/install/astra_camera_msgs PYTHONPATH=/home/ddon/software_robocon_2025/build/main_controller_pkg/prefix_override:/usr/lib/python3/dist-packages/colcon_core/task/python/colcon_distutils_commands:/home/ddon/software_robocon_2025/install/main_controller_pkg/lib/python3.10/site-packages:${PYTHONPATH} /usr/bin/python3 -W ignore:setup.py install is deprecated -W ignore:easy_install command is deprecated setup.py egg_info --egg-base ../build/main_controller_pkg build --build-base /home/ddon/software_robocon_2025/build/main_controller_pkg/build install --record /home/ddon/software_robocon_2025/build/main_controller_pkg/install.log --single-version-externally-managed install_data
[1.266s] running egg_info
[1.266s] creating ../build/main_controller_pkg/main_controller_pkg.egg-info
[1.267s] writing ../build/main_controller_pkg/main_controller_pkg.egg-info/PKG-INFO
[1.267s] writing dependency_links to ../build/main_controller_pkg/main_controller_pkg.egg-info/dependency_links.txt
[1.267s] writing entry points to ../build/main_controller_pkg/main_controller_pkg.egg-info/entry_points.txt
[1.267s] writing requirements to ../build/main_controller_pkg/main_controller_pkg.egg-info/requires.txt
[1.268s] writing top-level names to ../build/main_controller_pkg/main_controller_pkg.egg-info/top_level.txt
[1.268s] writing manifest file '../build/main_controller_pkg/main_controller_pkg.egg-info/SOURCES.txt'
[1.270s] reading manifest file '../build/main_controller_pkg/main_controller_pkg.egg-info/SOURCES.txt'
[1.271s] writing manifest file '../build/main_controller_pkg/main_controller_pkg.egg-info/SOURCES.txt'
[1.271s] running build
[1.271s] running build_py
[1.271s] creating /home/ddon/software_robocon_2025/build/main_controller_pkg/build
[1.271s] creating /home/ddon/software_robocon_2025/build/main_controller_pkg/build/lib
[1.272s] creating /home/ddon/software_robocon_2025/build/main_controller_pkg/build/lib/main_controller_pkg
[1.272s] copying main_controller_pkg/main_controller_node.py -> /home/ddon/software_robocon_2025/build/main_controller_pkg/build/lib/main_controller_pkg
[1.272s] copying main_controller_pkg/full_calculation_node.py -> /home/ddon/software_robocon_2025/build/main_controller_pkg/build/lib/main_controller_pkg
[1.272s] copying main_controller_pkg/__init__.py -> /home/ddon/software_robocon_2025/build/main_controller_pkg/build/lib/main_controller_pkg
[1.272s] running install
[1.272s] running install_lib
[1.273s] creating /home/ddon/software_robocon_2025/install/main_controller_pkg/lib/python3.10/site-packages/main_controller_pkg
[1.273s] copying /home/ddon/software_robocon_2025/build/main_controller_pkg/build/lib/main_controller_pkg/main_controller_node.py -> /home/ddon/software_robocon_2025/install/main_controller_pkg/lib/python3.10/site-packages/main_controller_pkg
[1.274s] copying /home/ddon/software_robocon_2025/build/main_controller_pkg/build/lib/main_controller_pkg/full_calculation_node.py -> /home/ddon/software_robocon_2025/install/main_controller_pkg/lib/python3.10/site-packages/main_controller_pkg
[1.274s] copying /home/ddon/software_robocon_2025/build/main_controller_pkg/build/lib/main_controller_pkg/__init__.py -> /home/ddon/software_robocon_2025/install/main_controller_pkg/lib/python3.10/site-packages/main_controller_pkg
[1.275s] byte-compiling /home/ddon/software_robocon_2025/install/main_controller_pkg/lib/python3.10/site-packages/main_controller_pkg/main_controller_node.py to main_controller_node.cpython-310.pyc
[1.275s] byte-compiling /home/ddon/software_robocon_2025/install/main_controller_pkg/lib/python3.10/site-packages/main_controller_pkg/full_calculation_node.py to full_calculation_node.cpython-310.pyc
[1.276s] byte-compiling /home/ddon/software_robocon_2025/install/main_controller_pkg/lib/python3.10/site-packages/main_controller_pkg/__init__.py to __init__.cpython-310.pyc
[1.276s] running install_data
[1.277s] creating /home/ddon/software_robocon_2025/install/main_controller_pkg/share/ament_index
[1.277s] creating /home/ddon/software_robocon_2025/install/main_controller_pkg/share/ament_index/resource_index
[1.277s] creating /home/ddon/software_robocon_2025/install/main_controller_pkg/share/ament_index/resource_index/packages
[1.277s] copying resource/main_controller_pkg -> /home/ddon/software_robocon_2025/install/main_controller_pkg/share/ament_index/resource_index/packages
[1.277s] copying package.xml -> /home/ddon/software_robocon_2025/install/main_controller_pkg/share/main_controller_pkg
[1.277s] running install_egg_info
[1.278s] Copying ../build/main_controller_pkg/main_controller_pkg.egg-info to /home/ddon/software_robocon_2025/install/main_controller_pkg/lib/python3.10/site-packages/main_controller_pkg-0.0.0-py3.10.egg-info
[1.279s] running install_scripts
[1.300s] Installing full_calculation_node script to /home/ddon/software_robocon_2025/install/main_controller_pkg/lib/main_controller_pkg
[1.300s] Installing main_controller_node script to /home/ddon/software_robocon_2025/install/main_controller_pkg/lib/main_controller_pkg
[1.300s] writing list of installed files to '/home/ddon/software_robocon_2025/build/main_controller_pkg/install.log'
[1.334s] Invoked command in '/home/ddon/software_robocon_2025/main_controller_pkg' returned '0': CMAKE_PREFIX_PATH=/home/ddon/software_robocon_2025/install/robot_interfaces:/home/ddon/software_robocon_2025/install/odrive_interface:/home/ddon/software_robocon_2025/install/gamepad_interface:/home/ddon/software_robocon_2025/install/robot_bringup:/home/ddon/software_robocon_2025/install/astra_camera_msgs:/home/ddon/ros2_ws_cpp/install/shooter_control:/home/ddon/ros2_ws_cpp/install/robot_interfaces:/home/ddon/ros2_ws_cpp/install/robot_bringup:/home/ddon/ros2_ws_cpp/install/odrive_interface:/home/ddon/ros2_ws_cpp/install/can_control_package:/home/ddon/ros2_ws_cpp/install/odrive_custom_msg:/home/ddon/ros2_ws_cpp/install/odrive_can_cpp:/home/ddon/ros2_ws_cpp/install/mecanum_drivetrain:/home/ddon/ros2_ws_cpp/install/gamepad_interface:/home/ddon/ros2_ws_cpp/install/dual_sense_controller:/home/ddon/ros2_ws_cpp/install/astra_camera_msgs PYTHONPATH=/home/ddon/software_robocon_2025/build/main_controller_pkg/prefix_override:/usr/lib/python3/dist-packages/colcon_core/task/python/colcon_distutils_commands:/home/ddon/software_robocon_2025/install/main_controller_pkg/lib/python3.10/site-packages:${PYTHONPATH} /usr/bin/python3 -W ignore:setup.py install is deprecated -W ignore:easy_install command is deprecated setup.py egg_info --egg-base ../build/main_controller_pkg build --build-base /home/ddon/software_robocon_2025/build/main_controller_pkg/build install --record /home/ddon/software_robocon_2025/build/main_controller_pkg/install.log --single-version-externally-managed install_data
