[0.276s] Invoking command in '/home/ddon/software_robocon_2025/build/odrive_interface': CMAKE_PREFIX_PATH=/home/ddon/software_robocon_2025/install/robot_interfaces:/home/ddon/software_robocon_2025/install/odrive_interface:/home/ddon/software_robocon_2025/install/gamepad_interface:/home/ddon/software_robocon_2025/install/robot_bringup:/home/ddon/software_robocon_2025/install/astra_camera_msgs:/home/ddon/ros2_ws_cpp/install/shooter_control:/home/ddon/ros2_ws_cpp/install/robot_interfaces:/home/ddon/ros2_ws_cpp/install/robot_bringup:/home/ddon/ros2_ws_cpp/install/odrive_interface:/home/ddon/ros2_ws_cpp/install/can_control_package:/home/ddon/ros2_ws_cpp/install/odrive_custom_msg:/home/ddon/ros2_ws_cpp/install/odrive_can_cpp:/home/ddon/ros2_ws_cpp/install/mecanum_drivetrain:/home/ddon/ros2_ws_cpp/install/gamepad_interface:/home/ddon/ros2_ws_cpp/install/dual_sense_controller:/home/ddon/ros2_ws_cpp/install/astra_camera_msgs:/home/ddon/software_robocon_2025/install/main_controller_pkg:/opt/ros/humble /usr/bin/cmake --build /home/ddon/software_robocon_2025/build/odrive_interface -- -j8 -l8
[0.319s] [100%] Built target odrive_interface_node
[0.329s] Invoked command in '/home/ddon/software_robocon_2025/build/odrive_interface' returned '0': CMAKE_PREFIX_PATH=/home/ddon/software_robocon_2025/install/robot_interfaces:/home/ddon/software_robocon_2025/install/odrive_interface:/home/ddon/software_robocon_2025/install/gamepad_interface:/home/ddon/software_robocon_2025/install/robot_bringup:/home/ddon/software_robocon_2025/install/astra_camera_msgs:/home/ddon/ros2_ws_cpp/install/shooter_control:/home/ddon/ros2_ws_cpp/install/robot_interfaces:/home/ddon/ros2_ws_cpp/install/robot_bringup:/home/ddon/ros2_ws_cpp/install/odrive_interface:/home/ddon/ros2_ws_cpp/install/can_control_package:/home/ddon/ros2_ws_cpp/install/odrive_custom_msg:/home/ddon/ros2_ws_cpp/install/odrive_can_cpp:/home/ddon/ros2_ws_cpp/install/mecanum_drivetrain:/home/ddon/ros2_ws_cpp/install/gamepad_interface:/home/ddon/ros2_ws_cpp/install/dual_sense_controller:/home/ddon/ros2_ws_cpp/install/astra_camera_msgs:/home/ddon/software_robocon_2025/install/main_controller_pkg:/opt/ros/humble /usr/bin/cmake --build /home/ddon/software_robocon_2025/build/odrive_interface -- -j8 -l8
[0.330s] Invoking command in '/home/ddon/software_robocon_2025/build/odrive_interface': CMAKE_PREFIX_PATH=/home/ddon/software_robocon_2025/install/robot_interfaces:/home/ddon/software_robocon_2025/install/odrive_interface:/home/ddon/software_robocon_2025/install/gamepad_interface:/home/ddon/software_robocon_2025/install/robot_bringup:/home/ddon/software_robocon_2025/install/astra_camera_msgs:/home/ddon/ros2_ws_cpp/install/shooter_control:/home/ddon/ros2_ws_cpp/install/robot_interfaces:/home/ddon/ros2_ws_cpp/install/robot_bringup:/home/ddon/ros2_ws_cpp/install/odrive_interface:/home/ddon/ros2_ws_cpp/install/can_control_package:/home/ddon/ros2_ws_cpp/install/odrive_custom_msg:/home/ddon/ros2_ws_cpp/install/odrive_can_cpp:/home/ddon/ros2_ws_cpp/install/mecanum_drivetrain:/home/ddon/ros2_ws_cpp/install/gamepad_interface:/home/ddon/ros2_ws_cpp/install/dual_sense_controller:/home/ddon/ros2_ws_cpp/install/astra_camera_msgs:/home/ddon/software_robocon_2025/install/main_controller_pkg:/opt/ros/humble /usr/bin/cmake --install /home/ddon/software_robocon_2025/build/odrive_interface
[0.336s] -- Install configuration: ""
[0.336s] -- Up-to-date: /home/ddon/software_robocon_2025/install/odrive_interface/lib/odrive_interface/odrive_interface_node
[0.336s] -- Up-to-date: /home/ddon/software_robocon_2025/install/odrive_interface/include
[0.337s] -- Up-to-date: /home/ddon/software_robocon_2025/install/odrive_interface/include/odrive_interface
[0.337s] -- Up-to-date: /home/ddon/software_robocon_2025/install/odrive_interface/include/odrive_interface/can_comm.hpp
[0.337s] -- Up-to-date: /home/ddon/software_robocon_2025/install/odrive_interface/include/odrive_interface/odrive_motor.hpp
[0.337s] -- Up-to-date: /home/ddon/software_robocon_2025/install/odrive_interface/share/ament_index/resource_index/package_run_dependencies/odrive_interface
[0.337s] -- Up-to-date: /home/ddon/software_robocon_2025/install/odrive_interface/share/ament_index/resource_index/parent_prefix_path/odrive_interface
[0.337s] -- Up-to-date: /home/ddon/software_robocon_2025/install/odrive_interface/share/odrive_interface/environment/ament_prefix_path.sh
[0.337s] -- Up-to-date: /home/ddon/software_robocon_2025/install/odrive_interface/share/odrive_interface/environment/ament_prefix_path.dsv
[0.337s] -- Up-to-date: /home/ddon/software_robocon_2025/install/odrive_interface/share/odrive_interface/environment/path.sh
[0.337s] -- Up-to-date: /home/ddon/software_robocon_2025/install/odrive_interface/share/odrive_interface/environment/path.dsv
[0.337s] -- Up-to-date: /home/ddon/software_robocon_2025/install/odrive_interface/share/odrive_interface/local_setup.bash
[0.338s] -- Up-to-date: /home/ddon/software_robocon_2025/install/odrive_interface/share/odrive_interface/local_setup.sh
[0.338s] -- Up-to-date: /home/ddon/software_robocon_2025/install/odrive_interface/share/odrive_interface/local_setup.zsh
[0.338s] -- Up-to-date: /home/ddon/software_robocon_2025/install/odrive_interface/share/odrive_interface/local_setup.dsv
[0.338s] -- Installing: /home/ddon/software_robocon_2025/install/odrive_interface/share/odrive_interface/package.dsv
[0.338s] -- Up-to-date: /home/ddon/software_robocon_2025/install/odrive_interface/share/ament_index/resource_index/packages/odrive_interface
[0.338s] -- Up-to-date: /home/ddon/software_robocon_2025/install/odrive_interface/share/odrive_interface/cmake/odrive_interfaceConfig.cmake
[0.338s] -- Up-to-date: /home/ddon/software_robocon_2025/install/odrive_interface/share/odrive_interface/cmake/odrive_interfaceConfig-version.cmake
[0.338s] -- Up-to-date: /home/ddon/software_robocon_2025/install/odrive_interface/share/odrive_interface/package.xml
[0.340s] Invoked command in '/home/ddon/software_robocon_2025/build/odrive_interface' returned '0': CMAKE_PREFIX_PATH=/home/ddon/software_robocon_2025/install/robot_interfaces:/home/ddon/software_robocon_2025/install/odrive_interface:/home/ddon/software_robocon_2025/install/gamepad_interface:/home/ddon/software_robocon_2025/install/robot_bringup:/home/ddon/software_robocon_2025/install/astra_camera_msgs:/home/ddon/ros2_ws_cpp/install/shooter_control:/home/ddon/ros2_ws_cpp/install/robot_interfaces:/home/ddon/ros2_ws_cpp/install/robot_bringup:/home/ddon/ros2_ws_cpp/install/odrive_interface:/home/ddon/ros2_ws_cpp/install/can_control_package:/home/ddon/ros2_ws_cpp/install/odrive_custom_msg:/home/ddon/ros2_ws_cpp/install/odrive_can_cpp:/home/ddon/ros2_ws_cpp/install/mecanum_drivetrain:/home/ddon/ros2_ws_cpp/install/gamepad_interface:/home/ddon/ros2_ws_cpp/install/dual_sense_controller:/home/ddon/ros2_ws_cpp/install/astra_camera_msgs:/home/ddon/software_robocon_2025/install/main_controller_pkg:/opt/ros/humble /usr/bin/cmake --install /home/ddon/software_robocon_2025/build/odrive_interface
