[0.366s] Invoking command in '/home/ddon/software_robocon_2025/build/odrive_interface': CMAKE_PREFIX_PATH=${CMAKE_PREFIX_PATH}:/opt/ros/humble CONDA_PROMPT_MODIFIER=(base) /usr/bin/cmake --build /home/ddon/software_robocon_2025/build/odrive_interface -- -j8 -l8
[0.399s] -- Found ament_cmake: 1.3.11 (/opt/ros/humble/share/ament_cmake/cmake)
[0.611s] -- Found rclcpp: 16.0.11 (/opt/ros/humble/share/rclcpp/cmake)
[0.652s] -- Found rosidl_generator_c: 3.1.6 (/opt/ros/humble/share/rosidl_generator_c/cmake)
[0.656s] -- Found rosidl_adapter: 3.1.6 (/opt/ros/humble/share/rosidl_adapter/cmake)
[0.665s] -- Found rosidl_generator_cpp: 3.1.6 (/opt/ros/humble/share/rosidl_generator_cpp/cmake)
[0.680s] -- Using all available rosidl_typesupport_c: rosidl_typesupport_fastrtps_c;rosidl_typesupport_introspection_c
[0.693s] -- Using all available rosidl_typesupport_cpp: rosidl_typesupport_fastrtps_cpp;rosidl_typesupport_introspection_cpp
[0.723s] -- Found rmw_implementation_cmake: 6.1.2 (/opt/ros/humble/share/rmw_implementation_cmake/cmake)
[0.725s] -- Found rmw_fastrtps_cpp: 6.2.7 (/opt/ros/humble/share/rmw_fastrtps_cpp/cmake)
[0.812s] -- Using RMW implementation 'rmw_fastrtps_cpp' as default
[0.862s] -- Found robot_interfaces: 0.0.0 (/home/ddon/software_robocon_2025/install/robot_interfaces/share/robot_interfaces/cmake)
[0.872s] -- Found ament_lint_auto: 0.12.11 (/opt/ros/humble/share/ament_lint_auto/cmake)
[0.965s] -- Added test 'cppcheck' to perform static code analysis on C / C++ code
[0.966s] -- Configured cppcheck include dirs: 
[0.966s] -- Configured cppcheck exclude dirs and/or files: 
[0.966s] -- Added test 'lint_cmake' to check CMake code style
[0.967s] -- Added test 'uncrustify' to check C / C++ code style
[0.967s] -- Configured uncrustify additional arguments: 
[0.967s] -- Added test 'xmllint' to check XML markup files
[0.968s] -- Configuring done
[0.977s] -- Generating done
[0.980s] -- Build files have been written to: /home/ddon/software_robocon_2025/build/odrive_interface
[1.031s] [ 50%] [32mBuilding CXX object CMakeFiles/odrive_interface_node.dir/src/odrive_interface.cpp.o[0m
[1.267s] [01m[K/home/ddon/software_robocon_2025/odrive_interface/src/odrive_interface.cpp:4:10:[m[K [01;31m[Kfatal error: [m[Kodrive_interface/can_comm.hpp: No such file or directory
[1.268s]     4 | #include [01;31m[K"odrive_interface/can_comm.hpp"[m[K
[1.268s]       |          [01;31m[K^~~~~~~~~~~~~~~~~~~~~~~~~~~~~~~[m[K
[1.268s] compilation terminated.
[1.272s] gmake[2]: *** [CMakeFiles/odrive_interface_node.dir/build.make:76: CMakeFiles/odrive_interface_node.dir/src/odrive_interface.cpp.o] Error 1
[1.272s] gmake[1]: *** [CMakeFiles/Makefile2:137: CMakeFiles/odrive_interface_node.dir/all] Error 2
[1.272s] gmake: *** [Makefile:146: all] Error 2
