[0.016s] Invoking command in '/home/ddon/software_robocon_2025/build/robot_interfaces': CMAKE_PREFIX_PATH=${CMAKE_PREFIX_PATH}:/home/ddon/software_robocon_2025/install/main_controller_pkg:/opt/ros/humble /usr/bin/cmake --build /home/ddon/software_robocon_2025/build/robot_interfaces -- -j8 -l8
[0.055s] [35m[1mConsolidate compiler generated dependencies of target robot_interfaces__rosidl_generator_c[0m
[0.070s] [  1%] Built target robot_interfaces__cpp
[0.071s] [ 12%] Built target robot_interfaces__rosidl_generator_c
[0.079s] [ 12%] Built target ament_cmake_python_copy_robot_interfaces
[0.084s] [35m[1mConsolidate compiler generated dependencies of target robot_interfaces__rosidl_typesupport_introspection_cpp[0m
[0.084s] [35m[1mConsolidate compiler generated dependencies of target robot_interfaces__rosidl_typesupport_fastrtps_cpp[0m
[0.093s] [35m[1mConsolidate compiler generated dependencies of target robot_interfaces__rosidl_typesupport_introspection_c[0m
[0.093s] [35m[1mConsolidate compiler generated dependencies of target robot_interfaces__rosidl_typesupport_cpp[0m
[0.120s] [35m[1mConsolidate compiler generated dependencies of target robot_interfaces__rosidl_typesupport_c[0m
[0.120s] [35m[1mConsolidate compiler generated dependencies of target robot_interfaces__rosidl_typesupport_fastrtps_c[0m
[0.133s] [ 24%] Built target robot_interfaces__rosidl_typesupport_introspection_cpp
[0.135s] [ 35%] Built target robot_interfaces__rosidl_typesupport_introspection_c
[0.152s] [ 47%] Built target robot_interfaces__rosidl_typesupport_c
[0.153s] [ 58%] Built target robot_interfaces__rosidl_typesupport_fastrtps_cpp
[0.153s] [ 70%] Built target robot_interfaces__rosidl_typesupport_cpp
[0.155s] [ 82%] Built target robot_interfaces__rosidl_typesupport_fastrtps_c
[0.176s] [ 82%] Built target robot_interfaces
[0.197s] [ 83%] Built target robot_interfaces__py
[0.207s] [35m[1mConsolidate compiler generated dependencies of target robot_interfaces__rosidl_generator_py[0m
[0.227s] [ 93%] Built target robot_interfaces__rosidl_generator_py
[0.239s] [35m[1mConsolidate compiler generated dependencies of target robot_interfaces__rosidl_typesupport_fastrtps_c__pyext[0m
[0.239s] [35m[1mConsolidate compiler generated dependencies of target robot_interfaces__rosidl_typesupport_c__pyext[0m
[0.241s] [35m[1mConsolidate compiler generated dependencies of target robot_interfaces__rosidl_typesupport_introspection_c__pyext[0m
[0.261s] [ 95%] Built target robot_interfaces__rosidl_typesupport_fastrtps_c__pyext
[0.264s] [ 97%] Built target robot_interfaces__rosidl_typesupport_introspection_c__pyext
[0.274s] [100%] Built target robot_interfaces__rosidl_typesupport_c__pyext
[0.507s] running egg_info
[0.508s] writing robot_interfaces.egg-info/PKG-INFO
[0.508s] writing dependency_links to robot_interfaces.egg-info/dependency_links.txt
[0.508s] writing top-level names to robot_interfaces.egg-info/top_level.txt
[0.510s] reading manifest file 'robot_interfaces.egg-info/SOURCES.txt'
[0.510s] writing manifest file 'robot_interfaces.egg-info/SOURCES.txt'
[0.536s] [100%] Built target ament_cmake_python_build_robot_interfaces_egg
[0.548s] Invoked command in '/home/ddon/software_robocon_2025/build/robot_interfaces' returned '0': CMAKE_PREFIX_PATH=${CMAKE_PREFIX_PATH}:/home/ddon/software_robocon_2025/install/main_controller_pkg:/opt/ros/humble /usr/bin/cmake --build /home/ddon/software_robocon_2025/build/robot_interfaces -- -j8 -l8
[0.549s] Invoking command in '/home/ddon/software_robocon_2025/build/robot_interfaces': CMAKE_PREFIX_PATH=${CMAKE_PREFIX_PATH}:/home/ddon/software_robocon_2025/install/main_controller_pkg:/opt/ros/humble /usr/bin/cmake --install /home/ddon/software_robocon_2025/build/robot_interfaces
[0.556s] -- Install configuration: ""
[0.556s] -- Up-to-date: /home/ddon/software_robocon_2025/install/robot_interfaces/share/ament_index/resource_index/rosidl_interfaces/robot_interfaces
[0.557s] -- Up-to-date: /home/ddon/software_robocon_2025/install/robot_interfaces/include/robot_interfaces/robot_interfaces
[0.557s] -- Up-to-date: /home/ddon/software_robocon_2025/install/robot_interfaces/include/robot_interfaces/robot_interfaces/msg
[0.557s] -- Up-to-date: /home/ddon/software_robocon_2025/install/robot_interfaces/include/robot_interfaces/robot_interfaces/msg/detail
[0.557s] -- Up-to-date: /home/ddon/software_robocon_2025/install/robot_interfaces/include/robot_interfaces/robot_interfaces/msg/detail/imu__type_support.h
[0.557s] -- Up-to-date: /home/ddon/software_robocon_2025/install/robot_interfaces/include/robot_interfaces/robot_interfaces/msg/detail/imu__functions.h
[0.557s] -- Up-to-date: /home/ddon/software_robocon_2025/install/robot_interfaces/include/robot_interfaces/robot_interfaces/msg/detail/base_cmd__functions.h
[0.557s] -- Up-to-date: /home/ddon/software_robocon_2025/install/robot_interfaces/include/robot_interfaces/robot_interfaces/msg/detail/base_cmd__struct.h
[0.557s] -- Up-to-date: /home/ddon/software_robocon_2025/install/robot_interfaces/include/robot_interfaces/robot_interfaces/msg/detail/base_cmd__type_support.h
[0.558s] -- Up-to-date: /home/ddon/software_robocon_2025/install/robot_interfaces/include/robot_interfaces/robot_interfaces/msg/detail/imu__struct.h
[0.558s] -- Up-to-date: /home/ddon/software_robocon_2025/install/robot_interfaces/include/robot_interfaces/robot_interfaces/msg/detail/base_cmd__functions.c
[0.558s] -- Up-to-date: /home/ddon/software_robocon_2025/install/robot_interfaces/include/robot_interfaces/robot_interfaces/msg/detail/imu__functions.c
[0.558s] -- Up-to-date: /home/ddon/software_robocon_2025/install/robot_interfaces/include/robot_interfaces/robot_interfaces/msg/imu.h
[0.558s] -- Up-to-date: /home/ddon/software_robocon_2025/install/robot_interfaces/include/robot_interfaces/robot_interfaces/msg/base_cmd.h
[0.558s] -- Up-to-date: /home/ddon/software_robocon_2025/install/robot_interfaces/include/robot_interfaces/robot_interfaces/msg/rosidl_generator_c__visibility_control.h
[0.558s] -- Up-to-date: /home/ddon/software_robocon_2025/install/robot_interfaces/include/robot_interfaces/robot_interfaces/srv
[0.558s] -- Up-to-date: /home/ddon/software_robocon_2025/install/robot_interfaces/include/robot_interfaces/robot_interfaces/srv/detail
[0.558s] -- Up-to-date: /home/ddon/software_robocon_2025/install/robot_interfaces/include/robot_interfaces/robot_interfaces/srv/detail/request_mcu__type_support.h
[0.559s] -- Up-to-date: /home/ddon/software_robocon_2025/install/robot_interfaces/include/robot_interfaces/robot_interfaces/srv/detail/request_calculation__functions.c
[0.559s] -- Up-to-date: /home/ddon/software_robocon_2025/install/robot_interfaces/include/robot_interfaces/robot_interfaces/srv/detail/rotate_base__type_support.h
[0.559s] -- Up-to-date: /home/ddon/software_robocon_2025/install/robot_interfaces/include/robot_interfaces/robot_interfaces/srv/detail/push_ball__type_support.h
[0.559s] -- Up-to-date: /home/ddon/software_robocon_2025/install/robot_interfaces/include/robot_interfaces/robot_interfaces/srv/detail/request_odrive__functions.h
[0.559s] -- Up-to-date: /home/ddon/software_robocon_2025/install/robot_interfaces/include/robot_interfaces/robot_interfaces/srv/detail/push_ball__functions.h
[0.559s] -- Up-to-date: /home/ddon/software_robocon_2025/install/robot_interfaces/include/robot_interfaces/robot_interfaces/srv/detail/rotate_base__functions.h
[0.559s] -- Up-to-date: /home/ddon/software_robocon_2025/install/robot_interfaces/include/robot_interfaces/robot_interfaces/srv/detail/request_mcu__functions.h
[0.559s] -- Up-to-date: /home/ddon/software_robocon_2025/install/robot_interfaces/include/robot_interfaces/robot_interfaces/srv/detail/request_mcu__functions.c
[0.560s] -- Up-to-date: /home/ddon/software_robocon_2025/install/robot_interfaces/include/robot_interfaces/robot_interfaces/srv/detail/request_mcu__struct.h
[0.560s] -- Up-to-date: /home/ddon/software_robocon_2025/install/robot_interfaces/include/robot_interfaces/robot_interfaces/srv/detail/control__type_support.h
[0.560s] -- Up-to-date: /home/ddon/software_robocon_2025/install/robot_interfaces/include/robot_interfaces/robot_interfaces/srv/detail/control__functions.c
[0.560s] -- Up-to-date: /home/ddon/software_robocon_2025/install/robot_interfaces/include/robot_interfaces/robot_interfaces/srv/detail/push_ball__functions.c
[0.561s] -- Up-to-date: /home/ddon/software_robocon_2025/install/robot_interfaces/include/robot_interfaces/robot_interfaces/srv/detail/request_calculation__functions.h
[0.561s] -- Up-to-date: /home/ddon/software_robocon_2025/install/robot_interfaces/include/robot_interfaces/robot_interfaces/srv/detail/request_calculation__type_support.h
[0.561s] -- Up-to-date: /home/ddon/software_robocon_2025/install/robot_interfaces/include/robot_interfaces/robot_interfaces/srv/detail/request_action__functions.h
[0.561s] -- Up-to-date: /home/ddon/software_robocon_2025/install/robot_interfaces/include/robot_interfaces/robot_interfaces/srv/detail/request_action__functions.c
[0.561s] -- Up-to-date: /home/ddon/software_robocon_2025/install/robot_interfaces/include/robot_interfaces/robot_interfaces/srv/detail/request_odrive__struct.h
[0.561s] -- Up-to-date: /home/ddon/software_robocon_2025/install/robot_interfaces/include/robot_interfaces/robot_interfaces/srv/detail/push_ball__struct.h
[0.561s] -- Up-to-date: /home/ddon/software_robocon_2025/install/robot_interfaces/include/robot_interfaces/robot_interfaces/srv/detail/control__functions.h
[0.561s] -- Up-to-date: /home/ddon/software_robocon_2025/install/robot_interfaces/include/robot_interfaces/robot_interfaces/srv/detail/request_odrive__type_support.h
[0.562s] -- Up-to-date: /home/ddon/software_robocon_2025/install/robot_interfaces/include/robot_interfaces/robot_interfaces/srv/detail/control__struct.h
[0.562s] -- Up-to-date: /home/ddon/software_robocon_2025/install/robot_interfaces/include/robot_interfaces/robot_interfaces/srv/detail/rotate_base__struct.h
[0.562s] -- Up-to-date: /home/ddon/software_robocon_2025/install/robot_interfaces/include/robot_interfaces/robot_interfaces/srv/detail/rotate_base__functions.c
[0.562s] -- Up-to-date: /home/ddon/software_robocon_2025/install/robot_interfaces/include/robot_interfaces/robot_interfaces/srv/detail/request_action__type_support.h
[0.562s] -- Up-to-date: /home/ddon/software_robocon_2025/install/robot_interfaces/include/robot_interfaces/robot_interfaces/srv/detail/request_action__struct.h
[0.562s] -- Up-to-date: /home/ddon/software_robocon_2025/install/robot_interfaces/include/robot_interfaces/robot_interfaces/srv/detail/request_odrive__functions.c
[0.562s] -- Up-to-date: /home/ddon/software_robocon_2025/install/robot_interfaces/include/robot_interfaces/robot_interfaces/srv/detail/request_calculation__struct.h
[0.562s] -- Up-to-date: /home/ddon/software_robocon_2025/install/robot_interfaces/include/robot_interfaces/robot_interfaces/srv/request_mcu.h
[0.562s] -- Up-to-date: /home/ddon/software_robocon_2025/install/robot_interfaces/include/robot_interfaces/robot_interfaces/srv/control.h
[0.562s] -- Up-to-date: /home/ddon/software_robocon_2025/install/robot_interfaces/include/robot_interfaces/robot_interfaces/srv/request_odrive.h
[0.562s] -- Up-to-date: /home/ddon/software_robocon_2025/install/robot_interfaces/include/robot_interfaces/robot_interfaces/srv/rotate_base.h
[0.562s] -- Up-to-date: /home/ddon/software_robocon_2025/install/robot_interfaces/include/robot_interfaces/robot_interfaces/srv/request_action.h
[0.562s] -- Up-to-date: /home/ddon/software_robocon_2025/install/robot_interfaces/include/robot_interfaces/robot_interfaces/srv/request_calculation.h
[0.562s] -- Up-to-date: /home/ddon/software_robocon_2025/install/robot_interfaces/include/robot_interfaces/robot_interfaces/srv/push_ball.h
[0.562s] -- Up-to-date: /home/ddon/software_robocon_2025/install/robot_interfaces/share/robot_interfaces/environment/library_path.sh
[0.563s] -- Up-to-date: /home/ddon/software_robocon_2025/install/robot_interfaces/share/robot_interfaces/environment/library_path.dsv
[0.563s] -- Up-to-date: /home/ddon/software_robocon_2025/install/robot_interfaces/lib/librobot_interfaces__rosidl_generator_c.so
[0.563s] -- Up-to-date: /home/ddon/software_robocon_2025/install/robot_interfaces/include/robot_interfaces/robot_interfaces
[0.563s] -- Up-to-date: /home/ddon/software_robocon_2025/install/robot_interfaces/include/robot_interfaces/robot_interfaces/msg
[0.563s] -- Up-to-date: /home/ddon/software_robocon_2025/install/robot_interfaces/include/robot_interfaces/robot_interfaces/msg/rosidl_typesupport_fastrtps_c__visibility_control.h
[0.563s] -- Up-to-date: /home/ddon/software_robocon_2025/install/robot_interfaces/include/robot_interfaces/robot_interfaces/msg/detail
[0.563s] -- Up-to-date: /home/ddon/software_robocon_2025/install/robot_interfaces/include/robot_interfaces/robot_interfaces/msg/detail/imu__rosidl_typesupport_fastrtps_c.h
[0.563s] -- Up-to-date: /home/ddon/software_robocon_2025/install/robot_interfaces/include/robot_interfaces/robot_interfaces/msg/detail/base_cmd__rosidl_typesupport_fastrtps_c.h
[0.563s] -- Up-to-date: /home/ddon/software_robocon_2025/install/robot_interfaces/include/robot_interfaces/robot_interfaces/srv
[0.563s] -- Up-to-date: /home/ddon/software_robocon_2025/install/robot_interfaces/include/robot_interfaces/robot_interfaces/srv/detail
[0.563s] -- Up-to-date: /home/ddon/software_robocon_2025/install/robot_interfaces/include/robot_interfaces/robot_interfaces/srv/detail/request_action__rosidl_typesupport_fastrtps_c.h
[0.563s] -- Up-to-date: /home/ddon/software_robocon_2025/install/robot_interfaces/include/robot_interfaces/robot_interfaces/srv/detail/request_mcu__rosidl_typesupport_fastrtps_c.h
[0.563s] -- Up-to-date: /home/ddon/software_robocon_2025/install/robot_interfaces/include/robot_interfaces/robot_interfaces/srv/detail/rotate_base__rosidl_typesupport_fastrtps_c.h
[0.564s] -- Up-to-date: /home/ddon/software_robocon_2025/install/robot_interfaces/include/robot_interfaces/robot_interfaces/srv/detail/request_odrive__rosidl_typesupport_fastrtps_c.h
[0.564s] -- Up-to-date: /home/ddon/software_robocon_2025/install/robot_interfaces/include/robot_interfaces/robot_interfaces/srv/detail/push_ball__rosidl_typesupport_fastrtps_c.h
[0.564s] -- Up-to-date: /home/ddon/software_robocon_2025/install/robot_interfaces/include/robot_interfaces/robot_interfaces/srv/detail/request_calculation__rosidl_typesupport_fastrtps_c.h
[0.564s] -- Up-to-date: /home/ddon/software_robocon_2025/install/robot_interfaces/include/robot_interfaces/robot_interfaces/srv/detail/control__rosidl_typesupport_fastrtps_c.h
[0.564s] -- Up-to-date: /home/ddon/software_robocon_2025/install/robot_interfaces/lib/librobot_interfaces__rosidl_typesupport_fastrtps_c.so
[0.564s] -- Up-to-date: /home/ddon/software_robocon_2025/install/robot_interfaces/include/robot_interfaces/robot_interfaces
[0.564s] -- Up-to-date: /home/ddon/software_robocon_2025/install/robot_interfaces/include/robot_interfaces/robot_interfaces/msg
[0.564s] -- Up-to-date: /home/ddon/software_robocon_2025/install/robot_interfaces/include/robot_interfaces/robot_interfaces/msg/detail
[0.564s] -- Up-to-date: /home/ddon/software_robocon_2025/install/robot_interfaces/include/robot_interfaces/robot_interfaces/msg/detail/imu__rosidl_typesupport_introspection_c.h
[0.564s] -- Up-to-date: /home/ddon/software_robocon_2025/install/robot_interfaces/include/robot_interfaces/robot_interfaces/msg/detail/base_cmd__type_support.c
[0.564s] -- Up-to-date: /home/ddon/software_robocon_2025/install/robot_interfaces/include/robot_interfaces/robot_interfaces/msg/detail/base_cmd__rosidl_typesupport_introspection_c.h
[0.564s] -- Up-to-date: /home/ddon/software_robocon_2025/install/robot_interfaces/include/robot_interfaces/robot_interfaces/msg/detail/imu__type_support.c
[0.564s] -- Up-to-date: /home/ddon/software_robocon_2025/install/robot_interfaces/include/robot_interfaces/robot_interfaces/msg/rosidl_typesupport_introspection_c__visibility_control.h
[0.565s] -- Up-to-date: /home/ddon/software_robocon_2025/install/robot_interfaces/include/robot_interfaces/robot_interfaces/srv
[0.565s] -- Up-to-date: /home/ddon/software_robocon_2025/install/robot_interfaces/include/robot_interfaces/robot_interfaces/srv/detail
[0.565s] -- Up-to-date: /home/ddon/software_robocon_2025/install/robot_interfaces/include/robot_interfaces/robot_interfaces/srv/detail/request_action__type_support.c
[0.565s] -- Up-to-date: /home/ddon/software_robocon_2025/install/robot_interfaces/include/robot_interfaces/robot_interfaces/srv/detail/push_ball__rosidl_typesupport_introspection_c.h
[0.565s] -- Up-to-date: /home/ddon/software_robocon_2025/install/robot_interfaces/include/robot_interfaces/robot_interfaces/srv/detail/control__type_support.c
[0.565s] -- Up-to-date: /home/ddon/software_robocon_2025/install/robot_interfaces/include/robot_interfaces/robot_interfaces/srv/detail/request_mcu__type_support.c
[0.565s] -- Up-to-date: /home/ddon/software_robocon_2025/install/robot_interfaces/include/robot_interfaces/robot_interfaces/srv/detail/rotate_base__rosidl_typesupport_introspection_c.h
[0.565s] -- Up-to-date: /home/ddon/software_robocon_2025/install/robot_interfaces/include/robot_interfaces/robot_interfaces/srv/detail/request_odrive__type_support.c
[0.565s] -- Up-to-date: /home/ddon/software_robocon_2025/install/robot_interfaces/include/robot_interfaces/robot_interfaces/srv/detail/push_ball__type_support.c
[0.565s] -- Up-to-date: /home/ddon/software_robocon_2025/install/robot_interfaces/include/robot_interfaces/robot_interfaces/srv/detail/request_mcu__rosidl_typesupport_introspection_c.h
[0.565s] -- Up-to-date: /home/ddon/software_robocon_2025/install/robot_interfaces/include/robot_interfaces/robot_interfaces/srv/detail/request_calculation__rosidl_typesupport_introspection_c.h
[0.565s] -- Up-to-date: /home/ddon/software_robocon_2025/install/robot_interfaces/include/robot_interfaces/robot_interfaces/srv/detail/control__rosidl_typesupport_introspection_c.h
[0.565s] -- Up-to-date: /home/ddon/software_robocon_2025/install/robot_interfaces/include/robot_interfaces/robot_interfaces/srv/detail/request_calculation__type_support.c
[0.565s] -- Up-to-date: /home/ddon/software_robocon_2025/install/robot_interfaces/include/robot_interfaces/robot_interfaces/srv/detail/request_action__rosidl_typesupport_introspection_c.h
[0.565s] -- Up-to-date: /home/ddon/software_robocon_2025/install/robot_interfaces/include/robot_interfaces/robot_interfaces/srv/detail/rotate_base__type_support.c
[0.565s] -- Up-to-date: /home/ddon/software_robocon_2025/install/robot_interfaces/include/robot_interfaces/robot_interfaces/srv/detail/request_odrive__rosidl_typesupport_introspection_c.h
[0.565s] -- Up-to-date: /home/ddon/software_robocon_2025/install/robot_interfaces/lib/librobot_interfaces__rosidl_typesupport_introspection_c.so
[0.566s] -- Up-to-date: /home/ddon/software_robocon_2025/install/robot_interfaces/lib/librobot_interfaces__rosidl_typesupport_c.so
[0.567s] -- Up-to-date: /home/ddon/software_robocon_2025/install/robot_interfaces/include/robot_interfaces/robot_interfaces
[0.567s] -- Up-to-date: /home/ddon/software_robocon_2025/install/robot_interfaces/include/robot_interfaces/robot_interfaces/msg
[0.567s] -- Up-to-date: /home/ddon/software_robocon_2025/install/robot_interfaces/include/robot_interfaces/robot_interfaces/msg/detail
[0.567s] -- Up-to-date: /home/ddon/software_robocon_2025/install/robot_interfaces/include/robot_interfaces/robot_interfaces/msg/detail/imu__type_support.hpp
[0.567s] -- Up-to-date: /home/ddon/software_robocon_2025/install/robot_interfaces/include/robot_interfaces/robot_interfaces/msg/detail/imu__traits.hpp
[0.567s] -- Up-to-date: /home/ddon/software_robocon_2025/install/robot_interfaces/include/robot_interfaces/robot_interfaces/msg/detail/base_cmd__struct.hpp
[0.567s] -- Up-to-date: /home/ddon/software_robocon_2025/install/robot_interfaces/include/robot_interfaces/robot_interfaces/msg/detail/imu__builder.hpp
[0.567s] -- Up-to-date: /home/ddon/software_robocon_2025/install/robot_interfaces/include/robot_interfaces/robot_interfaces/msg/detail/base_cmd__builder.hpp
[0.567s] -- Up-to-date: /home/ddon/software_robocon_2025/install/robot_interfaces/include/robot_interfaces/robot_interfaces/msg/detail/imu__struct.hpp
[0.567s] -- Up-to-date: /home/ddon/software_robocon_2025/install/robot_interfaces/include/robot_interfaces/robot_interfaces/msg/detail/base_cmd__traits.hpp
[0.568s] -- Up-to-date: /home/ddon/software_robocon_2025/install/robot_interfaces/include/robot_interfaces/robot_interfaces/msg/detail/base_cmd__type_support.hpp
[0.568s] -- Up-to-date: /home/ddon/software_robocon_2025/install/robot_interfaces/include/robot_interfaces/robot_interfaces/msg/base_cmd.hpp
[0.568s] -- Up-to-date: /home/ddon/software_robocon_2025/install/robot_interfaces/include/robot_interfaces/robot_interfaces/msg/imu.hpp
[0.568s] -- Up-to-date: /home/ddon/software_robocon_2025/install/robot_interfaces/include/robot_interfaces/robot_interfaces/msg/rosidl_generator_cpp__visibility_control.hpp
[0.568s] -- Up-to-date: /home/ddon/software_robocon_2025/install/robot_interfaces/include/robot_interfaces/robot_interfaces/srv
[0.568s] -- Up-to-date: /home/ddon/software_robocon_2025/install/robot_interfaces/include/robot_interfaces/robot_interfaces/srv/detail
[0.568s] -- Up-to-date: /home/ddon/software_robocon_2025/install/robot_interfaces/include/robot_interfaces/robot_interfaces/srv/detail/request_calculation__type_support.hpp
[0.568s] -- Up-to-date: /home/ddon/software_robocon_2025/install/robot_interfaces/include/robot_interfaces/robot_interfaces/srv/detail/request_odrive__builder.hpp
[0.568s] -- Up-to-date: /home/ddon/software_robocon_2025/install/robot_interfaces/include/robot_interfaces/robot_interfaces/srv/detail/rotate_base__builder.hpp
[0.568s] -- Up-to-date: /home/ddon/software_robocon_2025/install/robot_interfaces/include/robot_interfaces/robot_interfaces/srv/detail/push_ball__struct.hpp
[0.568s] -- Up-to-date: /home/ddon/software_robocon_2025/install/robot_interfaces/include/robot_interfaces/robot_interfaces/srv/detail/rotate_base__traits.hpp
[0.568s] -- Up-to-date: /home/ddon/software_robocon_2025/install/robot_interfaces/include/robot_interfaces/robot_interfaces/srv/detail/control__traits.hpp
[0.568s] -- Up-to-date: /home/ddon/software_robocon_2025/install/robot_interfaces/include/robot_interfaces/robot_interfaces/srv/detail/push_ball__type_support.hpp
[0.568s] -- Up-to-date: /home/ddon/software_robocon_2025/install/robot_interfaces/include/robot_interfaces/robot_interfaces/srv/detail/control__builder.hpp
[0.568s] -- Up-to-date: /home/ddon/software_robocon_2025/install/robot_interfaces/include/robot_interfaces/robot_interfaces/srv/detail/control__struct.hpp
[0.569s] -- Up-to-date: /home/ddon/software_robocon_2025/install/robot_interfaces/include/robot_interfaces/robot_interfaces/srv/detail/request_mcu__type_support.hpp
[0.569s] -- Up-to-date: /home/ddon/software_robocon_2025/install/robot_interfaces/include/robot_interfaces/robot_interfaces/srv/detail/push_ball__builder.hpp
[0.569s] -- Up-to-date: /home/ddon/software_robocon_2025/install/robot_interfaces/include/robot_interfaces/robot_interfaces/srv/detail/request_odrive__struct.hpp
[0.569s] -- Up-to-date: /home/ddon/software_robocon_2025/install/robot_interfaces/include/robot_interfaces/robot_interfaces/srv/detail/request_action__builder.hpp
[0.569s] -- Up-to-date: /home/ddon/software_robocon_2025/install/robot_interfaces/include/robot_interfaces/robot_interfaces/srv/detail/request_mcu__struct.hpp
[0.569s] -- Up-to-date: /home/ddon/software_robocon_2025/install/robot_interfaces/include/robot_interfaces/robot_interfaces/srv/detail/rotate_base__struct.hpp
[0.569s] -- Up-to-date: /home/ddon/software_robocon_2025/install/robot_interfaces/include/robot_interfaces/robot_interfaces/srv/detail/request_calculation__struct.hpp
[0.569s] -- Up-to-date: /home/ddon/software_robocon_2025/install/robot_interfaces/include/robot_interfaces/robot_interfaces/srv/detail/request_action__traits.hpp
[0.569s] -- Up-to-date: /home/ddon/software_robocon_2025/install/robot_interfaces/include/robot_interfaces/robot_interfaces/srv/detail/request_calculation__traits.hpp
[0.569s] -- Up-to-date: /home/ddon/software_robocon_2025/install/robot_interfaces/include/robot_interfaces/robot_interfaces/srv/detail/control__type_support.hpp
[0.569s] -- Up-to-date: /home/ddon/software_robocon_2025/install/robot_interfaces/include/robot_interfaces/robot_interfaces/srv/detail/request_odrive__traits.hpp
[0.569s] -- Up-to-date: /home/ddon/software_robocon_2025/install/robot_interfaces/include/robot_interfaces/robot_interfaces/srv/detail/push_ball__traits.hpp
[0.569s] -- Up-to-date: /home/ddon/software_robocon_2025/install/robot_interfaces/include/robot_interfaces/robot_interfaces/srv/detail/request_odrive__type_support.hpp
[0.569s] -- Up-to-date: /home/ddon/software_robocon_2025/install/robot_interfaces/include/robot_interfaces/robot_interfaces/srv/detail/request_calculation__builder.hpp
[0.569s] -- Up-to-date: /home/ddon/software_robocon_2025/install/robot_interfaces/include/robot_interfaces/robot_interfaces/srv/detail/request_action__struct.hpp
[0.570s] -- Up-to-date: /home/ddon/software_robocon_2025/install/robot_interfaces/include/robot_interfaces/robot_interfaces/srv/detail/rotate_base__type_support.hpp
[0.570s] -- Up-to-date: /home/ddon/software_robocon_2025/install/robot_interfaces/include/robot_interfaces/robot_interfaces/srv/detail/request_mcu__builder.hpp
[0.570s] -- Up-to-date: /home/ddon/software_robocon_2025/install/robot_interfaces/include/robot_interfaces/robot_interfaces/srv/detail/request_mcu__traits.hpp
[0.570s] -- Up-to-date: /home/ddon/software_robocon_2025/install/robot_interfaces/include/robot_interfaces/robot_interfaces/srv/detail/request_action__type_support.hpp
[0.570s] -- Up-to-date: /home/ddon/software_robocon_2025/install/robot_interfaces/include/robot_interfaces/robot_interfaces/srv/request_calculation.hpp
[0.570s] -- Up-to-date: /home/ddon/software_robocon_2025/install/robot_interfaces/include/robot_interfaces/robot_interfaces/srv/control.hpp
[0.570s] -- Up-to-date: /home/ddon/software_robocon_2025/install/robot_interfaces/include/robot_interfaces/robot_interfaces/srv/rotate_base.hpp
[0.570s] -- Up-to-date: /home/ddon/software_robocon_2025/install/robot_interfaces/include/robot_interfaces/robot_interfaces/srv/request_odrive.hpp
[0.570s] -- Up-to-date: /home/ddon/software_robocon_2025/install/robot_interfaces/include/robot_interfaces/robot_interfaces/srv/request_action.hpp
[0.570s] -- Up-to-date: /home/ddon/software_robocon_2025/install/robot_interfaces/include/robot_interfaces/robot_interfaces/srv/request_mcu.hpp
[0.570s] -- Up-to-date: /home/ddon/software_robocon_2025/install/robot_interfaces/include/robot_interfaces/robot_interfaces/srv/push_ball.hpp
[0.570s] -- Up-to-date: /home/ddon/software_robocon_2025/install/robot_interfaces/include/robot_interfaces/robot_interfaces
[0.570s] -- Up-to-date: /home/ddon/software_robocon_2025/install/robot_interfaces/include/robot_interfaces/robot_interfaces/msg
[0.570s] -- Up-to-date: /home/ddon/software_robocon_2025/install/robot_interfaces/include/robot_interfaces/robot_interfaces/msg/detail
[0.571s] -- Up-to-date: /home/ddon/software_robocon_2025/install/robot_interfaces/include/robot_interfaces/robot_interfaces/msg/detail/base_cmd__rosidl_typesupport_fastrtps_cpp.hpp
[0.571s] -- Up-to-date: /home/ddon/software_robocon_2025/install/robot_interfaces/include/robot_interfaces/robot_interfaces/msg/detail/imu__rosidl_typesupport_fastrtps_cpp.hpp
[0.571s] -- Up-to-date: /home/ddon/software_robocon_2025/install/robot_interfaces/include/robot_interfaces/robot_interfaces/msg/detail/dds_fastrtps
[0.571s] -- Up-to-date: /home/ddon/software_robocon_2025/install/robot_interfaces/include/robot_interfaces/robot_interfaces/msg/rosidl_typesupport_fastrtps_cpp__visibility_control.h
[0.571s] -- Up-to-date: /home/ddon/software_robocon_2025/install/robot_interfaces/include/robot_interfaces/robot_interfaces/srv
[0.571s] -- Up-to-date: /home/ddon/software_robocon_2025/install/robot_interfaces/include/robot_interfaces/robot_interfaces/srv/detail
[0.571s] -- Up-to-date: /home/ddon/software_robocon_2025/install/robot_interfaces/include/robot_interfaces/robot_interfaces/srv/detail/push_ball__rosidl_typesupport_fastrtps_cpp.hpp
[0.571s] -- Up-to-date: /home/ddon/software_robocon_2025/install/robot_interfaces/include/robot_interfaces/robot_interfaces/srv/detail/control__rosidl_typesupport_fastrtps_cpp.hpp
[0.571s] -- Up-to-date: /home/ddon/software_robocon_2025/install/robot_interfaces/include/robot_interfaces/robot_interfaces/srv/detail/request_odrive__rosidl_typesupport_fastrtps_cpp.hpp
[0.571s] -- Up-to-date: /home/ddon/software_robocon_2025/install/robot_interfaces/include/robot_interfaces/robot_interfaces/srv/detail/request_action__rosidl_typesupport_fastrtps_cpp.hpp
[0.571s] -- Up-to-date: /home/ddon/software_robocon_2025/install/robot_interfaces/include/robot_interfaces/robot_interfaces/srv/detail/request_mcu__rosidl_typesupport_fastrtps_cpp.hpp
[0.571s] -- Up-to-date: /home/ddon/software_robocon_2025/install/robot_interfaces/include/robot_interfaces/robot_interfaces/srv/detail/dds_fastrtps
[0.572s] -- Up-to-date: /home/ddon/software_robocon_2025/install/robot_interfaces/include/robot_interfaces/robot_interfaces/srv/detail/rotate_base__rosidl_typesupport_fastrtps_cpp.hpp
[0.572s] -- Up-to-date: /home/ddon/software_robocon_2025/install/robot_interfaces/include/robot_interfaces/robot_interfaces/srv/detail/request_calculation__rosidl_typesupport_fastrtps_cpp.hpp
[0.572s] -- Up-to-date: /home/ddon/software_robocon_2025/install/robot_interfaces/lib/librobot_interfaces__rosidl_typesupport_fastrtps_cpp.so
[0.574s] -- Up-to-date: /home/ddon/software_robocon_2025/install/robot_interfaces/include/robot_interfaces/robot_interfaces
[0.574s] -- Up-to-date: /home/ddon/software_robocon_2025/install/robot_interfaces/include/robot_interfaces/robot_interfaces/msg
[0.574s] -- Up-to-date: /home/ddon/software_robocon_2025/install/robot_interfaces/include/robot_interfaces/robot_interfaces/msg/detail
[0.574s] -- Up-to-date: /home/ddon/software_robocon_2025/install/robot_interfaces/include/robot_interfaces/robot_interfaces/msg/detail/imu__type_support.cpp
[0.574s] -- Up-to-date: /home/ddon/software_robocon_2025/install/robot_interfaces/include/robot_interfaces/robot_interfaces/msg/detail/base_cmd__type_support.cpp
[0.574s] -- Up-to-date: /home/ddon/software_robocon_2025/install/robot_interfaces/include/robot_interfaces/robot_interfaces/msg/detail/imu__rosidl_typesupport_introspection_cpp.hpp
[0.574s] -- Up-to-date: /home/ddon/software_robocon_2025/install/robot_interfaces/include/robot_interfaces/robot_interfaces/msg/detail/base_cmd__rosidl_typesupport_introspection_cpp.hpp
[0.574s] -- Up-to-date: /home/ddon/software_robocon_2025/install/robot_interfaces/include/robot_interfaces/robot_interfaces/srv
[0.574s] -- Up-to-date: /home/ddon/software_robocon_2025/install/robot_interfaces/include/robot_interfaces/robot_interfaces/srv/detail
[0.574s] -- Up-to-date: /home/ddon/software_robocon_2025/install/robot_interfaces/include/robot_interfaces/robot_interfaces/srv/detail/push_ball__rosidl_typesupport_introspection_cpp.hpp
[0.575s] -- Up-to-date: /home/ddon/software_robocon_2025/install/robot_interfaces/include/robot_interfaces/robot_interfaces/srv/detail/request_action__rosidl_typesupport_introspection_cpp.hpp
[0.575s] -- Up-to-date: /home/ddon/software_robocon_2025/install/robot_interfaces/include/robot_interfaces/robot_interfaces/srv/detail/request_mcu__rosidl_typesupport_introspection_cpp.hpp
[0.575s] -- Up-to-date: /home/ddon/software_robocon_2025/install/robot_interfaces/include/robot_interfaces/robot_interfaces/srv/detail/rotate_base__rosidl_typesupport_introspection_cpp.hpp
[0.575s] -- Up-to-date: /home/ddon/software_robocon_2025/install/robot_interfaces/include/robot_interfaces/robot_interfaces/srv/detail/control__type_support.cpp
[0.575s] -- Up-to-date: /home/ddon/software_robocon_2025/install/robot_interfaces/include/robot_interfaces/robot_interfaces/srv/detail/push_ball__type_support.cpp
[0.575s] -- Up-to-date: /home/ddon/software_robocon_2025/install/robot_interfaces/include/robot_interfaces/robot_interfaces/srv/detail/request_mcu__type_support.cpp
[0.575s] -- Up-to-date: /home/ddon/software_robocon_2025/install/robot_interfaces/include/robot_interfaces/robot_interfaces/srv/detail/control__rosidl_typesupport_introspection_cpp.hpp
[0.575s] -- Up-to-date: /home/ddon/software_robocon_2025/install/robot_interfaces/include/robot_interfaces/robot_interfaces/srv/detail/request_odrive__rosidl_typesupport_introspection_cpp.hpp
[0.575s] -- Up-to-date: /home/ddon/software_robocon_2025/install/robot_interfaces/include/robot_interfaces/robot_interfaces/srv/detail/request_calculation__rosidl_typesupport_introspection_cpp.hpp
[0.575s] -- Up-to-date: /home/ddon/software_robocon_2025/install/robot_interfaces/include/robot_interfaces/robot_interfaces/srv/detail/request_calculation__type_support.cpp
[0.575s] -- Up-to-date: /home/ddon/software_robocon_2025/install/robot_interfaces/include/robot_interfaces/robot_interfaces/srv/detail/request_action__type_support.cpp
[0.575s] -- Up-to-date: /home/ddon/software_robocon_2025/install/robot_interfaces/include/robot_interfaces/robot_interfaces/srv/detail/rotate_base__type_support.cpp
[0.575s] -- Up-to-date: /home/ddon/software_robocon_2025/install/robot_interfaces/include/robot_interfaces/robot_interfaces/srv/detail/request_odrive__type_support.cpp
[0.577s] -- Up-to-date: /home/ddon/software_robocon_2025/install/robot_interfaces/lib/librobot_interfaces__rosidl_typesupport_introspection_cpp.so
[0.577s] -- Up-to-date: /home/ddon/software_robocon_2025/install/robot_interfaces/lib/librobot_interfaces__rosidl_typesupport_cpp.so
[0.577s] -- Up-to-date: /home/ddon/software_robocon_2025/install/robot_interfaces/share/robot_interfaces/environment/pythonpath.sh
[0.577s] -- Up-to-date: /home/ddon/software_robocon_2025/install/robot_interfaces/share/robot_interfaces/environment/pythonpath.dsv
[0.577s] -- Up-to-date: /home/ddon/software_robocon_2025/install/robot_interfaces/local/lib/python3.10/dist-packages/robot_interfaces-0.0.0-py3.10.egg-info
[0.577s] -- Installing: /home/ddon/software_robocon_2025/install/robot_interfaces/local/lib/python3.10/dist-packages/robot_interfaces-0.0.0-py3.10.egg-info/dependency_links.txt
[0.577s] -- Installing: /home/ddon/software_robocon_2025/install/robot_interfaces/local/lib/python3.10/dist-packages/robot_interfaces-0.0.0-py3.10.egg-info/PKG-INFO
[0.577s] -- Installing: /home/ddon/software_robocon_2025/install/robot_interfaces/local/lib/python3.10/dist-packages/robot_interfaces-0.0.0-py3.10.egg-info/top_level.txt
[0.578s] -- Installing: /home/ddon/software_robocon_2025/install/robot_interfaces/local/lib/python3.10/dist-packages/robot_interfaces-0.0.0-py3.10.egg-info/SOURCES.txt
[0.578s] -- Up-to-date: /home/ddon/software_robocon_2025/install/robot_interfaces/local/lib/python3.10/dist-packages/robot_interfaces
[0.578s] -- Up-to-date: /home/ddon/software_robocon_2025/install/robot_interfaces/local/lib/python3.10/dist-packages/robot_interfaces/msg
[0.578s] -- Up-to-date: /home/ddon/software_robocon_2025/install/robot_interfaces/local/lib/python3.10/dist-packages/robot_interfaces/msg/_base_cmd.py
[0.578s] -- Up-to-date: /home/ddon/software_robocon_2025/install/robot_interfaces/local/lib/python3.10/dist-packages/robot_interfaces/msg/_imu_s.c
[0.578s] -- Up-to-date: /home/ddon/software_robocon_2025/install/robot_interfaces/local/lib/python3.10/dist-packages/robot_interfaces/msg/_imu.py
[0.578s] -- Up-to-date: /home/ddon/software_robocon_2025/install/robot_interfaces/local/lib/python3.10/dist-packages/robot_interfaces/msg/_base_cmd_s.c
[0.578s] -- Up-to-date: /home/ddon/software_robocon_2025/install/robot_interfaces/local/lib/python3.10/dist-packages/robot_interfaces/msg/__init__.py
[0.578s] -- Up-to-date: /home/ddon/software_robocon_2025/install/robot_interfaces/local/lib/python3.10/dist-packages/robot_interfaces/_robot_interfaces_s.ep.rosidl_typesupport_c.c
[0.578s] -- Up-to-date: /home/ddon/software_robocon_2025/install/robot_interfaces/local/lib/python3.10/dist-packages/robot_interfaces/_robot_interfaces_s.ep.rosidl_typesupport_introspection_c.c
[0.579s] -- Up-to-date: /home/ddon/software_robocon_2025/install/robot_interfaces/local/lib/python3.10/dist-packages/robot_interfaces/robot_interfaces_s__rosidl_typesupport_c.cpython-310-x86_64-linux-gnu.so
[0.579s] -- Up-to-date: /home/ddon/software_robocon_2025/install/robot_interfaces/local/lib/python3.10/dist-packages/robot_interfaces/robot_interfaces_s__rosidl_typesupport_introspection_c.cpython-310-x86_64-linux-gnu.so
[0.579s] -- Up-to-date: /home/ddon/software_robocon_2025/install/robot_interfaces/local/lib/python3.10/dist-packages/robot_interfaces/librobot_interfaces__rosidl_generator_py.so
[0.579s] -- Up-to-date: /home/ddon/software_robocon_2025/install/robot_interfaces/local/lib/python3.10/dist-packages/robot_interfaces/_robot_interfaces_s.ep.rosidl_typesupport_fastrtps_c.c
[0.579s] -- Up-to-date: /home/ddon/software_robocon_2025/install/robot_interfaces/local/lib/python3.10/dist-packages/robot_interfaces/srv
[0.579s] -- Up-to-date: /home/ddon/software_robocon_2025/install/robot_interfaces/local/lib/python3.10/dist-packages/robot_interfaces/srv/_request_odrive_s.c
[0.579s] -- Up-to-date: /home/ddon/software_robocon_2025/install/robot_interfaces/local/lib/python3.10/dist-packages/robot_interfaces/srv/_request_action_s.c
[0.579s] -- Up-to-date: /home/ddon/software_robocon_2025/install/robot_interfaces/local/lib/python3.10/dist-packages/robot_interfaces/srv/_push_ball_s.c
[0.579s] -- Up-to-date: /home/ddon/software_robocon_2025/install/robot_interfaces/local/lib/python3.10/dist-packages/robot_interfaces/srv/_request_calculation_s.c
[0.579s] -- Up-to-date: /home/ddon/software_robocon_2025/install/robot_interfaces/local/lib/python3.10/dist-packages/robot_interfaces/srv/_request_mcu_s.c
[0.579s] -- Up-to-date: /home/ddon/software_robocon_2025/install/robot_interfaces/local/lib/python3.10/dist-packages/robot_interfaces/srv/_request_calculation.py
[0.579s] -- Up-to-date: /home/ddon/software_robocon_2025/install/robot_interfaces/local/lib/python3.10/dist-packages/robot_interfaces/srv/_control_s.c
[0.579s] -- Up-to-date: /home/ddon/software_robocon_2025/install/robot_interfaces/local/lib/python3.10/dist-packages/robot_interfaces/srv/_rotate_base_s.c
[0.579s] -- Up-to-date: /home/ddon/software_robocon_2025/install/robot_interfaces/local/lib/python3.10/dist-packages/robot_interfaces/srv/_rotate_base.py
[0.579s] -- Up-to-date: /home/ddon/software_robocon_2025/install/robot_interfaces/local/lib/python3.10/dist-packages/robot_interfaces/srv/_control.py
[0.580s] -- Up-to-date: /home/ddon/software_robocon_2025/install/robot_interfaces/local/lib/python3.10/dist-packages/robot_interfaces/srv/_push_ball.py
[0.580s] -- Up-to-date: /home/ddon/software_robocon_2025/install/robot_interfaces/local/lib/python3.10/dist-packages/robot_interfaces/srv/_request_mcu.py
[0.580s] -- Up-to-date: /home/ddon/software_robocon_2025/install/robot_interfaces/local/lib/python3.10/dist-packages/robot_interfaces/srv/_request_action.py
[0.580s] -- Up-to-date: /home/ddon/software_robocon_2025/install/robot_interfaces/local/lib/python3.10/dist-packages/robot_interfaces/srv/_request_odrive.py
[0.580s] -- Up-to-date: /home/ddon/software_robocon_2025/install/robot_interfaces/local/lib/python3.10/dist-packages/robot_interfaces/srv/__init__.py
[0.580s] -- Up-to-date: /home/ddon/software_robocon_2025/install/robot_interfaces/local/lib/python3.10/dist-packages/robot_interfaces/__init__.py
[0.580s] -- Up-to-date: /home/ddon/software_robocon_2025/install/robot_interfaces/local/lib/python3.10/dist-packages/robot_interfaces/robot_interfaces_s__rosidl_typesupport_fastrtps_c.cpython-310-x86_64-linux-gnu.so
[0.595s] Listing '/home/ddon/software_robocon_2025/install/robot_interfaces/local/lib/python3.10/dist-packages/robot_interfaces'...
[0.595s] Listing '/home/ddon/software_robocon_2025/install/robot_interfaces/local/lib/python3.10/dist-packages/robot_interfaces/msg'...
[0.595s] Listing '/home/ddon/software_robocon_2025/install/robot_interfaces/local/lib/python3.10/dist-packages/robot_interfaces/srv'...
[0.599s] -- Up-to-date: /home/ddon/software_robocon_2025/install/robot_interfaces/local/lib/python3.10/dist-packages/robot_interfaces/robot_interfaces_s__rosidl_typesupport_fastrtps_c.cpython-310-x86_64-linux-gnu.so
[0.599s] -- Up-to-date: /home/ddon/software_robocon_2025/install/robot_interfaces/local/lib/python3.10/dist-packages/robot_interfaces/robot_interfaces_s__rosidl_typesupport_introspection_c.cpython-310-x86_64-linux-gnu.so
[0.600s] -- Up-to-date: /home/ddon/software_robocon_2025/install/robot_interfaces/local/lib/python3.10/dist-packages/robot_interfaces/robot_interfaces_s__rosidl_typesupport_c.cpython-310-x86_64-linux-gnu.so
[0.600s] -- Up-to-date: /home/ddon/software_robocon_2025/install/robot_interfaces/lib/librobot_interfaces__rosidl_generator_py.so
[0.600s] -- Up-to-date: /home/ddon/software_robocon_2025/install/robot_interfaces/share/robot_interfaces/msg/IMU.idl
[0.600s] -- Up-to-date: /home/ddon/software_robocon_2025/install/robot_interfaces/share/robot_interfaces/msg/BaseCmd.idl
[0.600s] -- Up-to-date: /home/ddon/software_robocon_2025/install/robot_interfaces/share/robot_interfaces/srv/Control.idl
[0.600s] -- Up-to-date: /home/ddon/software_robocon_2025/install/robot_interfaces/share/robot_interfaces/srv/RequestCalculation.idl
[0.601s] -- Up-to-date: /home/ddon/software_robocon_2025/install/robot_interfaces/share/robot_interfaces/srv/RequestAction.idl
[0.601s] -- Up-to-date: /home/ddon/software_robocon_2025/install/robot_interfaces/share/robot_interfaces/srv/RequestOdrive.idl
[0.601s] -- Up-to-date: /home/ddon/software_robocon_2025/install/robot_interfaces/share/robot_interfaces/srv/RotateBase.idl
[0.601s] -- Up-to-date: /home/ddon/software_robocon_2025/install/robot_interfaces/share/robot_interfaces/srv/PushBall.idl
[0.601s] -- Up-to-date: /home/ddon/software_robocon_2025/install/robot_interfaces/share/robot_interfaces/srv/RequestMcu.idl
[0.601s] -- Up-to-date: /home/ddon/software_robocon_2025/install/robot_interfaces/share/robot_interfaces/msg/IMU.msg
[0.601s] -- Up-to-date: /home/ddon/software_robocon_2025/install/robot_interfaces/share/robot_interfaces/msg/BaseCmd.msg
[0.601s] -- Up-to-date: /home/ddon/software_robocon_2025/install/robot_interfaces/share/robot_interfaces/srv/Control.srv
[0.602s] -- Up-to-date: /home/ddon/software_robocon_2025/install/robot_interfaces/share/robot_interfaces/srv/Control_Request.msg
[0.602s] -- Up-to-date: /home/ddon/software_robocon_2025/install/robot_interfaces/share/robot_interfaces/srv/Control_Response.msg
[0.602s] -- Up-to-date: /home/ddon/software_robocon_2025/install/robot_interfaces/share/robot_interfaces/srv/RequestCalculation.srv
[0.602s] -- Up-to-date: /home/ddon/software_robocon_2025/install/robot_interfaces/share/robot_interfaces/srv/RequestCalculation_Request.msg
[0.602s] -- Up-to-date: /home/ddon/software_robocon_2025/install/robot_interfaces/share/robot_interfaces/srv/RequestCalculation_Response.msg
[0.602s] -- Up-to-date: /home/ddon/software_robocon_2025/install/robot_interfaces/share/robot_interfaces/srv/RequestAction.srv
[0.602s] -- Up-to-date: /home/ddon/software_robocon_2025/install/robot_interfaces/share/robot_interfaces/srv/RequestAction_Request.msg
[0.602s] -- Up-to-date: /home/ddon/software_robocon_2025/install/robot_interfaces/share/robot_interfaces/srv/RequestAction_Response.msg
[0.603s] -- Up-to-date: /home/ddon/software_robocon_2025/install/robot_interfaces/share/robot_interfaces/srv/RequestOdrive.srv
[0.603s] -- Up-to-date: /home/ddon/software_robocon_2025/install/robot_interfaces/share/robot_interfaces/srv/RequestOdrive_Request.msg
[0.603s] -- Up-to-date: /home/ddon/software_robocon_2025/install/robot_interfaces/share/robot_interfaces/srv/RequestOdrive_Response.msg
[0.603s] -- Up-to-date: /home/ddon/software_robocon_2025/install/robot_interfaces/share/robot_interfaces/srv/RotateBase.srv
[0.603s] -- Up-to-date: /home/ddon/software_robocon_2025/install/robot_interfaces/share/robot_interfaces/srv/RotateBase_Request.msg
[0.603s] -- Up-to-date: /home/ddon/software_robocon_2025/install/robot_interfaces/share/robot_interfaces/srv/RotateBase_Response.msg
[0.603s] -- Up-to-date: /home/ddon/software_robocon_2025/install/robot_interfaces/share/robot_interfaces/srv/PushBall.srv
[0.603s] -- Up-to-date: /home/ddon/software_robocon_2025/install/robot_interfaces/share/robot_interfaces/srv/PushBall_Request.msg
[0.603s] -- Up-to-date: /home/ddon/software_robocon_2025/install/robot_interfaces/share/robot_interfaces/srv/PushBall_Response.msg
[0.603s] -- Up-to-date: /home/ddon/software_robocon_2025/install/robot_interfaces/share/robot_interfaces/srv/RequestMcu.srv
[0.603s] -- Up-to-date: /home/ddon/software_robocon_2025/install/robot_interfaces/share/robot_interfaces/srv/RequestMcu_Request.msg
[0.603s] -- Up-to-date: /home/ddon/software_robocon_2025/install/robot_interfaces/share/robot_interfaces/srv/RequestMcu_Response.msg
[0.604s] -- Up-to-date: /home/ddon/software_robocon_2025/install/robot_interfaces/share/ament_index/resource_index/package_run_dependencies/robot_interfaces
[0.604s] -- Up-to-date: /home/ddon/software_robocon_2025/install/robot_interfaces/share/ament_index/resource_index/parent_prefix_path/robot_interfaces
[0.604s] -- Up-to-date: /home/ddon/software_robocon_2025/install/robot_interfaces/share/robot_interfaces/environment/ament_prefix_path.sh
[0.604s] -- Up-to-date: /home/ddon/software_robocon_2025/install/robot_interfaces/share/robot_interfaces/environment/ament_prefix_path.dsv
[0.604s] -- Up-to-date: /home/ddon/software_robocon_2025/install/robot_interfaces/share/robot_interfaces/environment/path.sh
[0.604s] -- Up-to-date: /home/ddon/software_robocon_2025/install/robot_interfaces/share/robot_interfaces/environment/path.dsv
[0.604s] -- Up-to-date: /home/ddon/software_robocon_2025/install/robot_interfaces/share/robot_interfaces/local_setup.bash
[0.604s] -- Up-to-date: /home/ddon/software_robocon_2025/install/robot_interfaces/share/robot_interfaces/local_setup.sh
[0.604s] -- Up-to-date: /home/ddon/software_robocon_2025/install/robot_interfaces/share/robot_interfaces/local_setup.zsh
[0.604s] -- Up-to-date: /home/ddon/software_robocon_2025/install/robot_interfaces/share/robot_interfaces/local_setup.dsv
[0.604s] -- Installing: /home/ddon/software_robocon_2025/install/robot_interfaces/share/robot_interfaces/package.dsv
[0.604s] -- Up-to-date: /home/ddon/software_robocon_2025/install/robot_interfaces/share/ament_index/resource_index/packages/robot_interfaces
[0.604s] -- Up-to-date: /home/ddon/software_robocon_2025/install/robot_interfaces/share/robot_interfaces/cmake/export_robot_interfaces__rosidl_generator_cExport.cmake
[0.605s] -- Up-to-date: /home/ddon/software_robocon_2025/install/robot_interfaces/share/robot_interfaces/cmake/export_robot_interfaces__rosidl_generator_cExport-noconfig.cmake
[0.605s] -- Up-to-date: /home/ddon/software_robocon_2025/install/robot_interfaces/share/robot_interfaces/cmake/export_robot_interfaces__rosidl_typesupport_fastrtps_cExport.cmake
[0.605s] -- Up-to-date: /home/ddon/software_robocon_2025/install/robot_interfaces/share/robot_interfaces/cmake/export_robot_interfaces__rosidl_typesupport_fastrtps_cExport-noconfig.cmake
[0.605s] -- Up-to-date: /home/ddon/software_robocon_2025/install/robot_interfaces/share/robot_interfaces/cmake/robot_interfaces__rosidl_typesupport_introspection_cExport.cmake
[0.605s] -- Up-to-date: /home/ddon/software_robocon_2025/install/robot_interfaces/share/robot_interfaces/cmake/robot_interfaces__rosidl_typesupport_introspection_cExport-noconfig.cmake
[0.605s] -- Up-to-date: /home/ddon/software_robocon_2025/install/robot_interfaces/share/robot_interfaces/cmake/robot_interfaces__rosidl_typesupport_cExport.cmake
[0.605s] -- Up-to-date: /home/ddon/software_robocon_2025/install/robot_interfaces/share/robot_interfaces/cmake/robot_interfaces__rosidl_typesupport_cExport-noconfig.cmake
[0.605s] -- Up-to-date: /home/ddon/software_robocon_2025/install/robot_interfaces/share/robot_interfaces/cmake/export_robot_interfaces__rosidl_generator_cppExport.cmake
[0.605s] -- Up-to-date: /home/ddon/software_robocon_2025/install/robot_interfaces/share/robot_interfaces/cmake/export_robot_interfaces__rosidl_typesupport_fastrtps_cppExport.cmake
[0.605s] -- Up-to-date: /home/ddon/software_robocon_2025/install/robot_interfaces/share/robot_interfaces/cmake/export_robot_interfaces__rosidl_typesupport_fastrtps_cppExport-noconfig.cmake
[0.605s] -- Up-to-date: /home/ddon/software_robocon_2025/install/robot_interfaces/share/robot_interfaces/cmake/robot_interfaces__rosidl_typesupport_introspection_cppExport.cmake
[0.605s] -- Up-to-date: /home/ddon/software_robocon_2025/install/robot_interfaces/share/robot_interfaces/cmake/robot_interfaces__rosidl_typesupport_introspection_cppExport-noconfig.cmake
[0.605s] -- Up-to-date: /home/ddon/software_robocon_2025/install/robot_interfaces/share/robot_interfaces/cmake/robot_interfaces__rosidl_typesupport_cppExport.cmake
[0.605s] -- Up-to-date: /home/ddon/software_robocon_2025/install/robot_interfaces/share/robot_interfaces/cmake/robot_interfaces__rosidl_typesupport_cppExport-noconfig.cmake
[0.605s] -- Up-to-date: /home/ddon/software_robocon_2025/install/robot_interfaces/share/robot_interfaces/cmake/export_robot_interfaces__rosidl_generator_pyExport.cmake
[0.605s] -- Up-to-date: /home/ddon/software_robocon_2025/install/robot_interfaces/share/robot_interfaces/cmake/export_robot_interfaces__rosidl_generator_pyExport-noconfig.cmake
[0.605s] -- Up-to-date: /home/ddon/software_robocon_2025/install/robot_interfaces/share/robot_interfaces/cmake/rosidl_cmake-extras.cmake
[0.605s] -- Up-to-date: /home/ddon/software_robocon_2025/install/robot_interfaces/share/robot_interfaces/cmake/ament_cmake_export_include_directories-extras.cmake
[0.605s] -- Up-to-date: /home/ddon/software_robocon_2025/install/robot_interfaces/share/robot_interfaces/cmake/ament_cmake_export_libraries-extras.cmake
[0.606s] -- Up-to-date: /home/ddon/software_robocon_2025/install/robot_interfaces/share/robot_interfaces/cmake/ament_cmake_export_targets-extras.cmake
[0.606s] -- Up-to-date: /home/ddon/software_robocon_2025/install/robot_interfaces/share/robot_interfaces/cmake/rosidl_cmake_export_typesupport_targets-extras.cmake
[0.606s] -- Up-to-date: /home/ddon/software_robocon_2025/install/robot_interfaces/share/robot_interfaces/cmake/ament_cmake_export_dependencies-extras.cmake
[0.606s] -- Up-to-date: /home/ddon/software_robocon_2025/install/robot_interfaces/share/robot_interfaces/cmake/rosidl_cmake_export_typesupport_libraries-extras.cmake
[0.606s] -- Up-to-date: /home/ddon/software_robocon_2025/install/robot_interfaces/share/robot_interfaces/cmake/robot_interfacesConfig.cmake
[0.606s] -- Up-to-date: /home/ddon/software_robocon_2025/install/robot_interfaces/share/robot_interfaces/cmake/robot_interfacesConfig-version.cmake
[0.606s] -- Up-to-date: /home/ddon/software_robocon_2025/install/robot_interfaces/share/robot_interfaces/package.xml
[0.607s] Invoked command in '/home/ddon/software_robocon_2025/build/robot_interfaces' returned '0': CMAKE_PREFIX_PATH=${CMAKE_PREFIX_PATH}:/home/ddon/software_robocon_2025/install/main_controller_pkg:/opt/ros/humble /usr/bin/cmake --install /home/ddon/software_robocon_2025/build/robot_interfaces
