[0.019s] Invoking command in '/home/ddon/software_robocon_2025/build/robot_bringup': CMAKE_PREFIX_PATH=${CMAKE_PREFIX_PATH}:/opt/ros/humble CONDA_PROMPT_MODIFIER=(base) /usr/bin/cmake /home/ddon/software_robocon_2025/robot_bringup -DCMAKE_INSTALL_PREFIX=/home/ddon/software_robocon_2025/install/robot_bringup
[0.066s] -- The C compiler identification is GNU 11.4.0
[0.118s] -- The CXX compiler identification is GNU 11.4.0
[0.126s] -- Detecting C compiler ABI info
[0.198s] -- Detecting C compiler ABI info - done
[0.210s] -- Check for working C compiler: /usr/bin/cc - skipped
[0.211s] -- Detecting C compile features
[0.211s] -- Detecting C compile features - done
[0.215s] -- Detecting CXX compiler ABI info
[0.293s] -- Detecting CXX compiler ABI info - done
[0.307s] -- Check for working CXX compiler: /usr/bin/c++ - skipped
[0.307s] -- Detecting CXX compile features
[0.308s] -- Detecting CXX compile features - done
[0.310s] -- Found ament_cmake: 1.3.11 (/opt/ros/humble/share/ament_cmake/cmake)
[0.751s] -- Found Python3: /home/ddon/miniconda3/bin/python3 (found version "3.12.2") found components: Interpreter 
[0.966s] -- Configuring done
[0.968s] -- Generating done
[0.970s] -- Build files have been written to: /home/ddon/software_robocon_2025/build/robot_bringup
[0.974s] Invoked command in '/home/ddon/software_robocon_2025/build/robot_bringup' returned '0': CMAKE_PREFIX_PATH=${CMAKE_PREFIX_PATH}:/opt/ros/humble CONDA_PROMPT_MODIFIER=(base) /usr/bin/cmake /home/ddon/software_robocon_2025/robot_bringup -DCMAKE_INSTALL_PREFIX=/home/ddon/software_robocon_2025/install/robot_bringup
[0.976s] Invoking command in '/home/ddon/software_robocon_2025/build/robot_bringup': CMAKE_PREFIX_PATH=${CMAKE_PREFIX_PATH}:/opt/ros/humble CONDA_PROMPT_MODIFIER=(base) /usr/bin/cmake --build /home/ddon/software_robocon_2025/build/robot_bringup -- -j8 -l8
[1.007s] Invoked command in '/home/ddon/software_robocon_2025/build/robot_bringup' returned '0': CMAKE_PREFIX_PATH=${CMAKE_PREFIX_PATH}:/opt/ros/humble CONDA_PROMPT_MODIFIER=(base) /usr/bin/cmake --build /home/ddon/software_robocon_2025/build/robot_bringup -- -j8 -l8
[1.016s] Invoking command in '/home/ddon/software_robocon_2025/build/robot_bringup': CMAKE_PREFIX_PATH=${CMAKE_PREFIX_PATH}:/opt/ros/humble CONDA_PROMPT_MODIFIER=(base) /usr/bin/cmake --install /home/ddon/software_robocon_2025/build/robot_bringup
[1.023s] -- Install configuration: ""
[1.023s] -- Installing: /home/ddon/software_robocon_2025/install/robot_bringup/share/robot_bringup//launch
[1.023s] -- Installing: /home/ddon/software_robocon_2025/install/robot_bringup/share/robot_bringup//launch/complete_robot.launch.py
[1.023s] -- Installing: /home/ddon/software_robocon_2025/install/robot_bringup/share/ament_index/resource_index/package_run_dependencies/robot_bringup
[1.023s] -- Installing: /home/ddon/software_robocon_2025/install/robot_bringup/share/ament_index/resource_index/parent_prefix_path/robot_bringup
[1.024s] -- Installing: /home/ddon/software_robocon_2025/install/robot_bringup/share/robot_bringup/environment/ament_prefix_path.sh
[1.024s] -- Installing: /home/ddon/software_robocon_2025/install/robot_bringup/share/robot_bringup/environment/ament_prefix_path.dsv
[1.024s] -- Installing: /home/ddon/software_robocon_2025/install/robot_bringup/share/robot_bringup/environment/path.sh
[1.024s] -- Installing: /home/ddon/software_robocon_2025/install/robot_bringup/share/robot_bringup/environment/path.dsv
[1.024s] -- Installing: /home/ddon/software_robocon_2025/install/robot_bringup/share/robot_bringup/local_setup.bash
[1.024s] -- Installing: /home/ddon/software_robocon_2025/install/robot_bringup/share/robot_bringup/local_setup.sh
[1.024s] -- Installing: /home/ddon/software_robocon_2025/install/robot_bringup/share/robot_bringup/local_setup.zsh
[1.025s] -- Installing: /home/ddon/software_robocon_2025/install/robot_bringup/share/robot_bringup/local_setup.dsv
[1.025s] -- Installing: /home/ddon/software_robocon_2025/install/robot_bringup/share/robot_bringup/package.dsv
[1.025s] -- Installing: /home/ddon/software_robocon_2025/install/robot_bringup/share/ament_index/resource_index/packages/robot_bringup
[1.025s] -- Installing: /home/ddon/software_robocon_2025/install/robot_bringup/share/robot_bringup/cmake/robot_bringupConfig.cmake
[1.025s] -- Installing: /home/ddon/software_robocon_2025/install/robot_bringup/share/robot_bringup/cmake/robot_bringupConfig-version.cmake
[1.025s] -- Installing: /home/ddon/software_robocon_2025/install/robot_bringup/share/robot_bringup/package.xml
[1.027s] Invoked command in '/home/ddon/software_robocon_2025/build/robot_bringup' returned '0': CMAKE_PREFIX_PATH=${CMAKE_PREFIX_PATH}:/opt/ros/humble CONDA_PROMPT_MODIFIER=(base) /usr/bin/cmake --install /home/ddon/software_robocon_2025/build/robot_bringup
