-- The C compiler identification is GNU 11.4.0
-- The CXX compiler identification is GNU 11.4.0
-- Detecting C compiler ABI info
-- Detecting C compiler ABI info - done
-- Check for working C compiler: /usr/bin/cc - skipped
-- Detecting C compile features
-- Detecting C compile features - done
-- Detecting CXX compiler ABI info
-- Detecting CXX compiler ABI info - done
-- Check for working CXX compiler: /usr/bin/c++ - skipped
-- Detecting CXX compile features
-- Detecting CXX compile features - done
-- Found ament_cmake: 1.3.11 (/opt/ros/humble/share/ament_cmake/cmake)
-- Found Python3: /usr/bin/python3 (found version "3.10.12") found components: Interpreter 
-- Found rclcpp: 16.0.11 (/opt/ros/humble/share/rclcpp/cmake)
-- Found rosidl_generator_c: 3.1.6 (/opt/ros/humble/share/rosidl_generator_c/cmake)
-- Found rosidl_adapter: 3.1.6 (/opt/ros/humble/share/rosidl_adapter/cmake)
-- Found rosidl_generator_cpp: 3.1.6 (/opt/ros/humble/share/rosidl_generator_cpp/cmake)
-- Using all available rosidl_typesupport_c: rosidl_typesupport_fastrtps_c;rosidl_typesupport_introspection_c
-- Using all available rosidl_typesupport_cpp: rosidl_typesupport_fastrtps_cpp;rosidl_typesupport_introspection_cpp
-- Found rmw_implementation_cmake: 6.1.2 (/opt/ros/humble/share/rmw_implementation_cmake/cmake)
-- Found rmw_fastrtps_cpp: 6.2.7 (/opt/ros/humble/share/rmw_fastrtps_cpp/cmake)
-- Found OpenSSL: /usr/lib/x86_64-linux-gnu/libcrypto.so (found version "3.0.2")  
-- Found FastRTPS: /opt/ros/humble/include  
-- Using RMW implementation 'rmw_fastrtps_cpp' as default
-- Looking for pthread.h
-- Looking for pthread.h - found
-- Performing Test CMAKE_HAVE_LIBC_PTHREAD
-- Performing Test CMAKE_HAVE_LIBC_PTHREAD - Success
-- Found Threads: TRUE  
-- Found robot_interfaces: 0.0.0 (/home/ddon/software_robocon_2025/install/robot_interfaces/share/robot_interfaces/cmake)
-- Configuring done
-- Generating done
-- Build files have been written to: /home/ddon/software_robocon_2025/build/mcu_interface
[ 50%] [32mBuilding CXX object CMakeFiles/uart_node.dir/src/MCU_Interface.cpp.o[0m
In file included from [01m[K/home/ddon/software_robocon_2025/mcu_interface/src/MCU_Interface.cpp:1[m[K:
[01m[K/home/ddon/software_robocon_2025/mcu_interface/include/mcu_interface/MCU_Interface.hpp:59:55:[m[K [01;31m[Kerror: [m[K‘[01m[KBaseCMD[m[K’ in namespace ‘[01m[Krobot_interfaces::msg[m[K’ does not name a type; did you mean ‘[01m[KBaseCmd[m[K’?
   59 |     void handle_base_cmd(const robot_interfaces::msg::[01;31m[KBaseCMD[m[K::SharedPtr msg); ///< Xử lý base_cmd (subscriber)
      |                                                       [01;31m[K^~~~~~~[m[K
      |                                                       [32m[KBaseCmd[m[K
[01m[K/home/ddon/software_robocon_2025/mcu_interface/include/mcu_interface/MCU_Interface.hpp:59:74:[m[K [01;31m[Kerror: [m[Kexpected unqualified-id before ‘[01m[Kmsg[m[K’
   59 |     void handle_base_cmd(const robot_interfaces::msg::BaseCMD::SharedPtr [01;31m[Kmsg[m[K); ///< Xử lý base_cmd (subscriber)
      |                                                                          [01;31m[K^~~[m[K
[01m[K/home/ddon/software_robocon_2025/mcu_interface/include/mcu_interface/MCU_Interface.hpp:59:73:[m[K [01;31m[Kerror: [m[Kexpected ‘[01m[K)[m[K’ before ‘[01m[Kmsg[m[K’
   59 |     void handle_base_cmd[34m[K([m[Kconst robot_interfaces::msg::BaseCMD::SharedPtr[01;31m[K [m[K[32m[Kmsg[m[K); ///< Xử lý base_cmd (subscriber)
      |                         [34m[K~[m[K                                               [01;31m[K^[m[K[32m[K~~~[m[K
      |                                                                         [32m[K)[m[K
[01m[K/home/ddon/software_robocon_2025/mcu_interface/include/mcu_interface/MCU_Interface.hpp:59:64:[m[K [01;31m[Kerror: [m[Kexpected ‘[01m[K;[m[K’ at end of member declaration
   59 |     void handle_base_cmd(const robot_interfaces::msg::BaseCMD::[01;31m[KSharedPtr[m[K msg); ///< Xử lý base_cmd (subscriber)
      |                                                                [01;31m[K^~~~~~~~~[m[K
      |                                                                         [32m[K;[m[K
[01m[K/home/ddon/software_robocon_2025/mcu_interface/include/mcu_interface/MCU_Interface.hpp:59:74:[m[K [01;31m[Kerror: [m[K‘[01m[Kmsg[m[K’ does not name a type
   59 |     void handle_base_cmd(const robot_interfaces::msg::BaseCMD::SharedPtr [01;31m[Kmsg[m[K); ///< Xử lý base_cmd (subscriber)
      |                                                                          [01;31m[K^~~[m[K
In file included from [01m[K/home/ddon/software_robocon_2025/mcu_interface/src/MCU_Interface.cpp:1[m[K:
[01m[K/home/ddon/software_robocon_2025/mcu_interface/include/mcu_interface/MCU_Interface.hpp:87:49:[m[K [01;31m[Kerror: [m[K‘[01m[KBaseCMD[m[K’ is not a member of ‘[01m[Krobot_interfaces::msg[m[K’; did you mean ‘[01m[KBaseCmd[m[K’?
   87 |     rclcpp::Subscription<robot_interfaces::msg::[01;31m[KBaseCMD[m[K>::SharedPtr sub_base_cmd_;
      |                                                 [01;31m[K^~~~~~~[m[K
      |                                                 [32m[KBaseCmd[m[K
[01m[K/home/ddon/software_robocon_2025/mcu_interface/include/mcu_interface/MCU_Interface.hpp:87:56:[m[K [01;31m[Kerror: [m[Ktemplate argument 1 is invalid
   87 |     rclcpp::Subscription<robot_interfaces::msg::BaseCMD[01;31m[K>[m[K::SharedPtr sub_base_cmd_;
      |                                                        [01;31m[K^[m[K
[01m[K/home/ddon/software_robocon_2025/mcu_interface/include/mcu_interface/MCU_Interface.hpp:87:56:[m[K [01;31m[Kerror: [m[Ktemplate argument 3 is invalid
[01m[K/home/ddon/software_robocon_2025/mcu_interface/include/mcu_interface/MCU_Interface.hpp:87:56:[m[K [01;31m[Kerror: [m[Ktemplate argument 4 is invalid
[01m[K/home/ddon/software_robocon_2025/mcu_interface/include/mcu_interface/MCU_Interface.hpp:87:56:[m[K [01;31m[Kerror: [m[Ktemplate argument 5 is invalid
[01m[K/home/ddon/software_robocon_2025/mcu_interface/include/mcu_interface/MCU_Interface.hpp:87:59:[m[K [01;31m[Kerror: [m[Kexpected ‘[01m[K;[m[K’ at end of member declaration
   87 |     rclcpp::Subscription<robot_interfaces::msg::BaseCMD>::[01;31m[KSharedPtr[m[K sub_base_cmd_;
      |                                                           [01;31m[K^~~~~~~~~[m[K
      |                                                                    [32m[K;[m[K
[01m[K/home/ddon/software_robocon_2025/mcu_interface/include/mcu_interface/MCU_Interface.hpp:87:69:[m[K [01;31m[Kerror: [m[K‘[01m[Ksub_base_cmd_[m[K’ does not name a type
   87 |     rclcpp::Subscription<robot_interfaces::msg::BaseCMD>::SharedPtr [01;31m[Ksub_base_cmd_[m[K;
      |                                                                     [01;31m[K^~~~~~~~~~~~~[m[K
[01m[K/home/ddon/software_robocon_2025/mcu_interface/src/MCU_Interface.cpp:[m[K In constructor ‘[01m[KUARTNode::UARTNode()[m[K’:
[01m[K/home/ddon/software_robocon_2025/mcu_interface/src/MCU_Interface.cpp:32:5:[m[K [01;31m[Kerror: [m[K‘[01m[Ksub_base_cmd_[m[K’ was not declared in this scope
   32 |     [01;31m[Ksub_base_cmd_[m[K = this->create_subscription<robot_interfaces::msg::BaseCMD>(
      |     [01;31m[K^~~~~~~~~~~~~[m[K
[01m[K/home/ddon/software_robocon_2025/mcu_interface/src/MCU_Interface.cpp:32:70:[m[K [01;31m[Kerror: [m[K‘[01m[KBaseCMD[m[K’ is not a member of ‘[01m[Krobot_interfaces::msg[m[K’; did you mean ‘[01m[KBaseCmd[m[K’?
   32 |     sub_base_cmd_ = this->create_subscription<robot_interfaces::msg::[01;31m[KBaseCMD[m[K>(
      |                                                                      [01;31m[K^~~~~~~[m[K
      |                                                                      [32m[KBaseCmd[m[K
[01m[K/home/ddon/software_robocon_2025/mcu_interface/src/MCU_Interface.cpp:32:78:[m[K [01;31m[Kerror: [m[Kno matching function for call to ‘[01m[KUARTNode::create_subscription<<expression error> >(const char [10], int, std::_Bind_helper<false, void (UARTNode::*)(...), UARTNode*, const std::_Placeholder<1>&>::type)[m[K’
   32 |     sub_base_cmd_ = [01;31m[Kthis->create_subscription<robot_interfaces::msg::BaseCMD>([m[K
      |                     [01;31m[K~~~~~~~~~~~~~~~~~~~~~~~~~~~~~~~~~~~~~~~~~~~~~~~~~~~~~~~~~^[m[K
   33 | [01;31m[K        "/base_cmd", 10,[m[K
      |         [01;31m[K~~~~~~~~~~~~~~~~[m[K                                                      
   34 | [01;31m[K        std::bind(&UARTNode::handle_base_cmd, this, std::placeholders::_1)[m[K
      |         [01;31m[K~~~~~~~~~~~~~~~~~~~~~~~~~~~~~~~~~~~~~~~~~~~~~~~~~~~~~~~~~~~~~~~~~~[m[K    
   35 | [01;31m[K    )[m[K;
      |     [01;31m[K~[m[K                                                                         
In file included from [01m[K/opt/ros/humble/include/rclcpp/rclcpp/executors/single_threaded_executor.hpp:28[m[K,
                 from [01m[K/opt/ros/humble/include/rclcpp/rclcpp/executors.hpp:22[m[K,
                 from [01m[K/opt/ros/humble/include/rclcpp/rclcpp/rclcpp.hpp:155[m[K,
                 from [01m[K/home/ddon/software_robocon_2025/mcu_interface/include/mcu_interface/MCU_Interface.hpp:3[m[K,
                 from [01m[K/home/ddon/software_robocon_2025/mcu_interface/src/MCU_Interface.cpp:1[m[K:
[01m[K/opt/ros/humble/include/rclcpp/rclcpp/node.hpp:219:3:[m[K [01;36m[Knote: [m[Kcandidate: ‘[01m[Ktemplate<class MessageT, class CallbackT, class AllocatorT, class SubscriptionT, class MessageMemoryStrategyT> std::shared_ptr<ROSMessageT> rclcpp::Node::create_subscription(const string&, const rclcpp::QoS&, CallbackT&&, const rclcpp::SubscriptionOptionsWithAllocator<AllocatorT>&, typename MessageMemoryStrategyT::SharedPtr)[m[K’
  219 |   [01;36m[Kcreate_subscription[m[K(
      |   [01;36m[K^~~~~~~~~~~~~~~~~~~[m[K
[01m[K/opt/ros/humble/include/rclcpp/rclcpp/node.hpp:219:3:[m[K [01;36m[Knote: [m[K  template argument deduction/substitution failed:
[01m[K/home/ddon/software_robocon_2025/mcu_interface/src/MCU_Interface.cpp:32:78:[m[K [01;31m[Kerror: [m[Ktemplate argument 1 is invalid
   32 |     sub_base_cmd_ = [01;31m[Kthis->create_subscription<robot_interfaces::msg::BaseCMD>([m[K
      |                     [01;31m[K~~~~~~~~~~~~~~~~~~~~~~~~~~~~~~~~~~~~~~~~~~~~~~~~~~~~~~~~~^[m[K
   33 | [01;31m[K        "/base_cmd", 10,[m[K
      |         [01;31m[K~~~~~~~~~~~~~~~~[m[K                                                      
   34 | [01;31m[K        std::bind(&UARTNode::handle_base_cmd, this, std::placeholders::_1)[m[K
      |         [01;31m[K~~~~~~~~~~~~~~~~~~~~~~~~~~~~~~~~~~~~~~~~~~~~~~~~~~~~~~~~~~~~~~~~~~[m[K    
   35 | [01;31m[K    )[m[K;
      |     [01;31m[K~[m[K                                                                         
[01m[K/home/ddon/software_robocon_2025/mcu_interface/src/MCU_Interface.cpp:[m[K At global scope:
[01m[K/home/ddon/software_robocon_2025/mcu_interface/src/MCU_Interface.cpp:187:61:[m[K [01;31m[Kerror: [m[K‘[01m[KBaseCMD[m[K’ in namespace ‘[01m[Krobot_interfaces::msg[m[K’ does not name a type; did you mean ‘[01m[KBaseCmd[m[K’?
  187 | void UARTNode::handle_base_cmd(const robot_interfaces::msg::[01;31m[KBaseCMD[m[K::SharedPtr msg) {
      |                                                             [01;31m[K^~~~~~~[m[K
      |                                                             [32m[KBaseCmd[m[K
[01m[K/home/ddon/software_robocon_2025/mcu_interface/src/MCU_Interface.cpp:187:80:[m[K [01;31m[Kerror: [m[Kexpected unqualified-id before ‘[01m[Kmsg[m[K’
  187 | void UARTNode::handle_base_cmd(const robot_interfaces::msg::BaseCMD::SharedPtr [01;31m[Kmsg[m[K) {
      |                                                                                [01;31m[K^~~[m[K
[01m[K/home/ddon/software_robocon_2025/mcu_interface/src/MCU_Interface.cpp:187:79:[m[K [01;31m[Kerror: [m[Kexpected ‘[01m[K)[m[K’ before ‘[01m[Kmsg[m[K’
  187 | void UARTNode::handle_base_cmd[34m[K([m[Kconst robot_interfaces::msg::BaseCMD::SharedPtr[01;31m[K [m[K[32m[Kmsg[m[K) {
      |                               [34m[K~[m[K                                               [01;31m[K^[m[K[32m[K~~~[m[K
      |                                                                               [32m[K)[m[K
[01m[K/home/ddon/software_robocon_2025/mcu_interface/src/MCU_Interface.cpp:187:80:[m[K [01;31m[Kerror: [m[Kexpected initializer before ‘[01m[Kmsg[m[K’
  187 | void UARTNode::handle_base_cmd(const robot_interfaces::msg::BaseCMD::SharedPtr [01;31m[Kmsg[m[K) {
      |                                                                                [01;31m[K^~~[m[K
gmake[2]: *** [CMakeFiles/uart_node.dir/build.make:76: CMakeFiles/uart_node.dir/src/MCU_Interface.cpp.o] Error 1
gmake[1]: *** [CMakeFiles/Makefile2:137: CMakeFiles/uart_node.dir/all] Error 2
gmake: *** [Makefile:146: all] Error 2
