[0.017s] Invoking command in '/home/ddon/software_robocon_2025/build/odrive_interface': CMAKE_PREFIX_PATH=${CMAKE_PREFIX_PATH}:/opt/ros/humble CONDA_PROMPT_MODIFIER=(base) /usr/bin/cmake /home/ddon/software_robocon_2025/odrive_interface -DCMAKE_INSTALL_PREFIX=/home/ddon/software_robocon_2025/install/odrive_interface
[0.066s] -- The C compiler identification is GNU 11.4.0
[0.121s] -- The CXX compiler identification is GNU 11.4.0
[0.127s] -- Detecting C compiler ABI info
[0.189s] -- Detecting C compiler ABI info - done
[0.199s] -- Check for working C compiler: /usr/bin/cc - skipped
[0.200s] -- Detecting C compile features
[0.200s] -- Detecting C compile features - done
[0.202s] -- Detecting CXX compiler ABI info
[0.282s] -- Detecting CXX compiler ABI info - done
[0.289s] -- Check for working CXX compiler: /usr/bin/c++ - skipped
[0.290s] -- Detecting CXX compile features
[0.290s] -- Detecting CXX compile features - done
[0.292s] -- Found ament_cmake: 1.3.11 (/opt/ros/humble/share/ament_cmake/cmake)
[0.672s] -- Found Python3: /home/ddon/miniconda3/bin/python3 (found version "3.12.2") found components: Interpreter 
[0.806s] -- Found rclcpp: 16.0.11 (/opt/ros/humble/share/rclcpp/cmake)
[0.850s] -- Found rosidl_generator_c: 3.1.6 (/opt/ros/humble/share/rosidl_generator_c/cmake)
[0.856s] -- Found rosidl_adapter: 3.1.6 (/opt/ros/humble/share/rosidl_adapter/cmake)
[0.868s] -- Found rosidl_generator_cpp: 3.1.6 (/opt/ros/humble/share/rosidl_generator_cpp/cmake)
[0.888s] -- Using all available rosidl_typesupport_c: rosidl_typesupport_fastrtps_c;rosidl_typesupport_introspection_c
[0.909s] -- Using all available rosidl_typesupport_cpp: rosidl_typesupport_fastrtps_cpp;rosidl_typesupport_introspection_cpp
[0.973s] -- Found rmw_implementation_cmake: 6.1.2 (/opt/ros/humble/share/rmw_implementation_cmake/cmake)
[0.979s] -- Found rmw_fastrtps_cpp: 6.2.7 (/opt/ros/humble/share/rmw_fastrtps_cpp/cmake)
[1.071s] -- Found OpenSSL: /usr/lib/x86_64-linux-gnu/libcrypto.so (found version "3.0.2")  
[1.098s] -- Found FastRTPS: /opt/ros/humble/include  
[1.141s] -- Using RMW implementation 'rmw_fastrtps_cpp' as default
[1.152s] -- Looking for pthread.h
[1.209s] -- Looking for pthread.h - found
[1.209s] -- Performing Test CMAKE_HAVE_LIBC_PTHREAD
[1.271s] -- Performing Test CMAKE_HAVE_LIBC_PTHREAD - Success
[1.271s] -- Found Threads: TRUE  
[1.318s] -- Found ament_lint_auto: 0.12.11 (/opt/ros/humble/share/ament_lint_auto/cmake)
[1.416s] -- Added test 'cppcheck' to perform static code analysis on C / C++ code
[1.416s] -- Configured cppcheck include dirs: 
[1.416s] -- Configured cppcheck exclude dirs and/or files: 
[1.417s] -- Added test 'lint_cmake' to check CMake code style
[1.418s] -- Added test 'uncrustify' to check C / C++ code style
[1.418s] -- Configured uncrustify additional arguments: 
[1.418s] -- Added test 'xmllint' to check XML markup files
[1.420s] -- Configuring done
[1.424s] -- Generating done
[1.428s] -- Build files have been written to: /home/ddon/software_robocon_2025/build/odrive_interface
[1.435s] Invoked command in '/home/ddon/software_robocon_2025/build/odrive_interface' returned '0': CMAKE_PREFIX_PATH=${CMAKE_PREFIX_PATH}:/opt/ros/humble CONDA_PROMPT_MODIFIER=(base) /usr/bin/cmake /home/ddon/software_robocon_2025/odrive_interface -DCMAKE_INSTALL_PREFIX=/home/ddon/software_robocon_2025/install/odrive_interface
[1.437s] Invoking command in '/home/ddon/software_robocon_2025/build/odrive_interface': CMAKE_PREFIX_PATH=${CMAKE_PREFIX_PATH}:/opt/ros/humble CONDA_PROMPT_MODIFIER=(base) /usr/bin/cmake --build /home/ddon/software_robocon_2025/build/odrive_interface -- -j8 -l8
[1.468s] Invoked command in '/home/ddon/software_robocon_2025/build/odrive_interface' returned '0': CMAKE_PREFIX_PATH=${CMAKE_PREFIX_PATH}:/opt/ros/humble CONDA_PROMPT_MODIFIER=(base) /usr/bin/cmake --build /home/ddon/software_robocon_2025/build/odrive_interface -- -j8 -l8
[1.469s] Invoking command in '/home/ddon/software_robocon_2025/build/odrive_interface': CMAKE_PREFIX_PATH=${CMAKE_PREFIX_PATH}:/opt/ros/humble CONDA_PROMPT_MODIFIER=(base) /usr/bin/cmake --install /home/ddon/software_robocon_2025/build/odrive_interface
[1.475s] -- Install configuration: ""
[1.475s] -- Installing: /home/ddon/software_robocon_2025/install/odrive_interface/share/ament_index/resource_index/package_run_dependencies/odrive_interface
[1.475s] -- Installing: /home/ddon/software_robocon_2025/install/odrive_interface/share/ament_index/resource_index/parent_prefix_path/odrive_interface
[1.475s] -- Installing: /home/ddon/software_robocon_2025/install/odrive_interface/share/odrive_interface/environment/ament_prefix_path.sh
[1.475s] -- Installing: /home/ddon/software_robocon_2025/install/odrive_interface/share/odrive_interface/environment/ament_prefix_path.dsv
[1.475s] -- Installing: /home/ddon/software_robocon_2025/install/odrive_interface/share/odrive_interface/environment/path.sh
[1.475s] -- Installing: /home/ddon/software_robocon_2025/install/odrive_interface/share/odrive_interface/environment/path.dsv
[1.475s] -- Installing: /home/ddon/software_robocon_2025/install/odrive_interface/share/odrive_interface/local_setup.bash
[1.476s] -- Installing: /home/ddon/software_robocon_2025/install/odrive_interface/share/odrive_interface/local_setup.sh
[1.476s] -- Installing: /home/ddon/software_robocon_2025/install/odrive_interface/share/odrive_interface/local_setup.zsh
[1.476s] -- Installing: /home/ddon/software_robocon_2025/install/odrive_interface/share/odrive_interface/local_setup.dsv
[1.476s] -- Installing: /home/ddon/software_robocon_2025/install/odrive_interface/share/odrive_interface/package.dsv
[1.476s] -- Installing: /home/ddon/software_robocon_2025/install/odrive_interface/share/ament_index/resource_index/packages/odrive_interface
[1.476s] -- Installing: /home/ddon/software_robocon_2025/install/odrive_interface/share/odrive_interface/cmake/odrive_interfaceConfig.cmake
[1.476s] -- Installing: /home/ddon/software_robocon_2025/install/odrive_interface/share/odrive_interface/cmake/odrive_interfaceConfig-version.cmake
[1.476s] -- Installing: /home/ddon/software_robocon_2025/install/odrive_interface/share/odrive_interface/package.xml
[1.478s] Invoked command in '/home/ddon/software_robocon_2025/build/odrive_interface' returned '0': CMAKE_PREFIX_PATH=${CMAKE_PREFIX_PATH}:/opt/ros/humble CONDA_PROMPT_MODIFIER=(base) /usr/bin/cmake --install /home/ddon/software_robocon_2025/build/odrive_interface
