[0.619s] Invoking command in '/home/ddon/software_robocon_2025/main_controller_pkg': PYTHONPATH=/home/ddon/software_robocon_2025/build/main_controller_pkg/prefix_override:/usr/lib/python3/dist-packages/colcon_core/task/python/colcon_distutils_commands:/home/ddon/software_robocon_2025/install/main_controller_pkg/lib/python3.10/site-packages:${PYTHONPATH} /usr/bin/python3 -W ignore:setup.py install is deprecated -W ignore:easy_install command is deprecated setup.py egg_info --egg-base ../build/main_controller_pkg build --build-base /home/ddon/software_robocon_2025/build/main_controller_pkg/build install --record /home/ddon/software_robocon_2025/build/main_controller_pkg/install.log --single-version-externally-managed install_data
[0.833s] running egg_info
[0.834s] writing ../build/main_controller_pkg/main_controller_pkg.egg-info/PKG-INFO
[0.834s] writing dependency_links to ../build/main_controller_pkg/main_controller_pkg.egg-info/dependency_links.txt
[0.834s] writing entry points to ../build/main_controller_pkg/main_controller_pkg.egg-info/entry_points.txt
[0.834s] writing requirements to ../build/main_controller_pkg/main_controller_pkg.egg-info/requires.txt
[0.834s] writing top-level names to ../build/main_controller_pkg/main_controller_pkg.egg-info/top_level.txt
[0.836s] reading manifest file '../build/main_controller_pkg/main_controller_pkg.egg-info/SOURCES.txt'
[0.837s] writing manifest file '../build/main_controller_pkg/main_controller_pkg.egg-info/SOURCES.txt'
[0.837s] running build
[0.837s] running build_py
[0.837s] running install
[0.837s] running install_lib
[0.838s] running install_data
[0.838s] running install_egg_info
[0.840s] removing '/home/ddon/software_robocon_2025/install/main_controller_pkg/lib/python3.10/site-packages/main_controller_pkg-0.0.0-py3.10.egg-info' (and everything under it)
[0.840s] Copying ../build/main_controller_pkg/main_controller_pkg.egg-info to /home/ddon/software_robocon_2025/install/main_controller_pkg/lib/python3.10/site-packages/main_controller_pkg-0.0.0-py3.10.egg-info
[0.841s] running install_scripts
[0.857s] Installing full_calculation_node script to /home/ddon/software_robocon_2025/install/main_controller_pkg/lib/main_controller_pkg
[0.857s] Installing main_controller_node script to /home/ddon/software_robocon_2025/install/main_controller_pkg/lib/main_controller_pkg
[0.858s] writing list of installed files to '/home/ddon/software_robocon_2025/build/main_controller_pkg/install.log'
[0.881s] Invoked command in '/home/ddon/software_robocon_2025/main_controller_pkg' returned '0': PYTHONPATH=/home/ddon/software_robocon_2025/build/main_controller_pkg/prefix_override:/usr/lib/python3/dist-packages/colcon_core/task/python/colcon_distutils_commands:/home/ddon/software_robocon_2025/install/main_controller_pkg/lib/python3.10/site-packages:${PYTHONPATH} /usr/bin/python3 -W ignore:setup.py install is deprecated -W ignore:easy_install command is deprecated setup.py egg_info --egg-base ../build/main_controller_pkg build --build-base /home/ddon/software_robocon_2025/build/main_controller_pkg/build install --record /home/ddon/software_robocon_2025/build/main_controller_pkg/install.log --single-version-externally-managed install_data
