[0.107s] DEBUG:colcon:Command line arguments: ['/usr/bin/colcon', 'build']
[0.107s] DEBUG:colcon:Parsed command line arguments: Namespace(log_base=None, log_level=None, verb_name='build', build_base='build', install_base='install', merge_install=False, symlink_install=False, test_result_base=None, continue_on_error=False, executor='parallel', parallel_workers=8, event_handlers=None, ignore_user_meta=False, metas=['./colcon.meta'], base_paths=['.'], packages_ignore=None, packages_ignore_regex=None, paths=None, packages_up_to=None, packages_up_to_regex=None, packages_above=None, packages_above_and_dependencies=None, packages_above_depth=None, packages_select_by_dep=None, packages_skip_by_dep=None, packages_skip_up_to=None, packages_select_build_failed=False, packages_skip_build_finished=False, packages_select_test_failures=False, packages_skip_test_passed=False, packages_select=None, packages_skip=None, packages_select_regex=None, packages_skip_regex=None, packages_start=None, packages_end=None, allow_overriding=[], cmake_args=None, cmake_target=None, cmake_target_skip_unavailable=False, cmake_clean_cache=False, cmake_clean_first=False, cmake_force_configure=False, ament_cmake_args=None, catkin_cmake_args=None, catkin_skip_building_tests=False, mixin_files=None, mixin=None, verb_parser=<colcon_mixin.mixin.mixin_argument.MixinArgumentDecorator object at 0x7d3768126590>, verb_extension=<colcon_core.verb.build.BuildVerb object at 0x7d37681260e0>, main=<bound method BuildVerb.main of <colcon_core.verb.build.BuildVerb object at 0x7d37681260e0>>, mixin_verb=('build',))
[0.272s] Level 1:colcon.colcon_core.package_discovery:discover_packages(colcon_meta) check parameters
[0.273s] Level 1:colcon.colcon_core.package_discovery:discover_packages(recursive) check parameters
[0.273s] Level 1:colcon.colcon_core.package_discovery:discover_packages(ignore) check parameters
[0.273s] Level 1:colcon.colcon_core.package_discovery:discover_packages(path) check parameters
[0.273s] Level 1:colcon.colcon_core.package_discovery:discover_packages(colcon_meta) discover
[0.273s] Level 1:colcon.colcon_core.package_discovery:discover_packages(recursive) discover
[0.273s] INFO:colcon.colcon_core.package_discovery:Crawling recursively for packages in '/home/ddon/software_robocon_2025'
[0.273s] Level 1:colcon.colcon_core.package_identification:_identify(.) by extensions ['ignore', 'ignore_ament_install']
[0.273s] Level 1:colcon.colcon_core.package_identification:_identify(.) by extension 'ignore'
[0.273s] Level 1:colcon.colcon_core.package_identification:_identify(.) by extension 'ignore_ament_install'
[0.273s] Level 1:colcon.colcon_core.package_identification:_identify(.) by extensions ['colcon_pkg']
[0.273s] Level 1:colcon.colcon_core.package_identification:_identify(.) by extension 'colcon_pkg'
[0.273s] Level 1:colcon.colcon_core.package_identification:_identify(.) by extensions ['colcon_meta']
[0.273s] Level 1:colcon.colcon_core.package_identification:_identify(.) by extension 'colcon_meta'
[0.273s] Level 1:colcon.colcon_core.package_identification:_identify(.) by extensions ['ros']
[0.273s] Level 1:colcon.colcon_core.package_identification:_identify(.) by extension 'ros'
[0.291s] Level 1:colcon.colcon_core.package_identification:_identify(.) by extensions ['cmake', 'python']
[0.291s] Level 1:colcon.colcon_core.package_identification:_identify(.) by extension 'cmake'
[0.291s] Level 1:colcon.colcon_core.package_identification:_identify(.) by extension 'python'
[0.291s] Level 1:colcon.colcon_core.package_identification:_identify(.) by extensions ['python_setup_py']
[0.291s] Level 1:colcon.colcon_core.package_identification:_identify(.) by extension 'python_setup_py'
[0.291s] Level 1:colcon.colcon_core.package_identification:_identify(Full robot calculation) by extensions ['ignore', 'ignore_ament_install']
[0.291s] Level 1:colcon.colcon_core.package_identification:_identify(Full robot calculation) by extension 'ignore'
[0.291s] Level 1:colcon.colcon_core.package_identification:_identify(Full robot calculation) by extension 'ignore_ament_install'
[0.291s] Level 1:colcon.colcon_core.package_identification:_identify(Full robot calculation) by extensions ['colcon_pkg']
[0.291s] Level 1:colcon.colcon_core.package_identification:_identify(Full robot calculation) by extension 'colcon_pkg'
[0.291s] Level 1:colcon.colcon_core.package_identification:_identify(Full robot calculation) by extensions ['colcon_meta']
[0.291s] Level 1:colcon.colcon_core.package_identification:_identify(Full robot calculation) by extension 'colcon_meta'
[0.291s] Level 1:colcon.colcon_core.package_identification:_identify(Full robot calculation) by extensions ['ros']
[0.291s] Level 1:colcon.colcon_core.package_identification:_identify(Full robot calculation) by extension 'ros'
[0.292s] Level 1:colcon.colcon_core.package_identification:_identify(Full robot calculation) by extensions ['cmake', 'python']
[0.292s] Level 1:colcon.colcon_core.package_identification:_identify(Full robot calculation) by extension 'cmake'
[0.292s] Level 1:colcon.colcon_core.package_identification:_identify(Full robot calculation) by extension 'python'
[0.292s] Level 1:colcon.colcon_core.package_identification:_identify(Full robot calculation) by extensions ['python_setup_py']
[0.292s] Level 1:colcon.colcon_core.package_identification:_identify(Full robot calculation) by extension 'python_setup_py'
[0.292s] Level 1:colcon.colcon_core.package_identification:_identify(Full robot calculation/__pycache__) by extensions ['ignore', 'ignore_ament_install']
[0.292s] Level 1:colcon.colcon_core.package_identification:_identify(Full robot calculation/__pycache__) by extension 'ignore'
[0.292s] Level 1:colcon.colcon_core.package_identification:_identify(Full robot calculation/__pycache__) by extension 'ignore_ament_install'
[0.292s] Level 1:colcon.colcon_core.package_identification:_identify(Full robot calculation/__pycache__) by extensions ['colcon_pkg']
[0.292s] Level 1:colcon.colcon_core.package_identification:_identify(Full robot calculation/__pycache__) by extension 'colcon_pkg'
[0.292s] Level 1:colcon.colcon_core.package_identification:_identify(Full robot calculation/__pycache__) by extensions ['colcon_meta']
[0.292s] Level 1:colcon.colcon_core.package_identification:_identify(Full robot calculation/__pycache__) by extension 'colcon_meta'
[0.292s] Level 1:colcon.colcon_core.package_identification:_identify(Full robot calculation/__pycache__) by extensions ['ros']
[0.292s] Level 1:colcon.colcon_core.package_identification:_identify(Full robot calculation/__pycache__) by extension 'ros'
[0.292s] Level 1:colcon.colcon_core.package_identification:_identify(Full robot calculation/__pycache__) by extensions ['cmake', 'python']
[0.292s] Level 1:colcon.colcon_core.package_identification:_identify(Full robot calculation/__pycache__) by extension 'cmake'
[0.292s] Level 1:colcon.colcon_core.package_identification:_identify(Full robot calculation/__pycache__) by extension 'python'
[0.292s] Level 1:colcon.colcon_core.package_identification:_identify(Full robot calculation/__pycache__) by extensions ['python_setup_py']
[0.292s] Level 1:colcon.colcon_core.package_identification:_identify(Full robot calculation/__pycache__) by extension 'python_setup_py'
[0.292s] Level 1:colcon.colcon_core.package_identification:_identify(build) by extensions ['ignore', 'ignore_ament_install']
[0.293s] Level 1:colcon.colcon_core.package_identification:_identify(build) by extension 'ignore'
[0.293s] Level 1:colcon.colcon_core.package_identification:_identify(build) ignored
[0.293s] Level 1:colcon.colcon_core.package_identification:_identify(gamepad_interface) by extensions ['ignore', 'ignore_ament_install']
[0.293s] Level 1:colcon.colcon_core.package_identification:_identify(gamepad_interface) by extension 'ignore'
[0.293s] Level 1:colcon.colcon_core.package_identification:_identify(gamepad_interface) by extension 'ignore_ament_install'
[0.293s] Level 1:colcon.colcon_core.package_identification:_identify(gamepad_interface) by extensions ['colcon_pkg']
[0.293s] Level 1:colcon.colcon_core.package_identification:_identify(gamepad_interface) by extension 'colcon_pkg'
[0.293s] Level 1:colcon.colcon_core.package_identification:_identify(gamepad_interface) by extensions ['colcon_meta']
[0.293s] Level 1:colcon.colcon_core.package_identification:_identify(gamepad_interface) by extension 'colcon_meta'
[0.293s] Level 1:colcon.colcon_core.package_identification:_identify(gamepad_interface) by extensions ['ros']
[0.293s] Level 1:colcon.colcon_core.package_identification:_identify(gamepad_interface) by extension 'ros'
[0.295s] DEBUG:colcon.colcon_core.package_identification:Package 'gamepad_interface' with type 'ros.ament_cmake' and name 'gamepad_interface'
[0.295s] Level 1:colcon.colcon_core.package_identification:_identify(install) by extensions ['ignore', 'ignore_ament_install']
[0.296s] Level 1:colcon.colcon_core.package_identification:_identify(install) by extension 'ignore'
[0.296s] Level 1:colcon.colcon_core.package_identification:_identify(install) ignored
[0.296s] Level 1:colcon.colcon_core.package_identification:_identify(log) by extensions ['ignore', 'ignore_ament_install']
[0.296s] Level 1:colcon.colcon_core.package_identification:_identify(log) by extension 'ignore'
[0.296s] Level 1:colcon.colcon_core.package_identification:_identify(log) ignored
[0.296s] Level 1:colcon.colcon_core.package_identification:_identify(main_controller_pkg) by extensions ['ignore', 'ignore_ament_install']
[0.296s] Level 1:colcon.colcon_core.package_identification:_identify(main_controller_pkg) by extension 'ignore'
[0.296s] Level 1:colcon.colcon_core.package_identification:_identify(main_controller_pkg) by extension 'ignore_ament_install'
[0.296s] Level 1:colcon.colcon_core.package_identification:_identify(main_controller_pkg) by extensions ['colcon_pkg']
[0.296s] Level 1:colcon.colcon_core.package_identification:_identify(main_controller_pkg) by extension 'colcon_pkg'
[0.296s] Level 1:colcon.colcon_core.package_identification:_identify(main_controller_pkg) by extensions ['colcon_meta']
[0.296s] Level 1:colcon.colcon_core.package_identification:_identify(main_controller_pkg) by extension 'colcon_meta'
[0.296s] Level 1:colcon.colcon_core.package_identification:_identify(main_controller_pkg) by extensions ['ros']
[0.296s] Level 1:colcon.colcon_core.package_identification:_identify(main_controller_pkg) by extension 'ros'
[0.297s] DEBUG:colcon.colcon_core.package_identification:Package 'main_controller_pkg' with type 'ros.ament_python' and name 'main_controller_pkg'
[0.297s] Level 1:colcon.colcon_core.package_identification:_identify(odrive_interface) by extensions ['ignore', 'ignore_ament_install']
[0.298s] Level 1:colcon.colcon_core.package_identification:_identify(odrive_interface) by extension 'ignore'
[0.298s] Level 1:colcon.colcon_core.package_identification:_identify(odrive_interface) by extension 'ignore_ament_install'
[0.298s] Level 1:colcon.colcon_core.package_identification:_identify(odrive_interface) by extensions ['colcon_pkg']
[0.298s] Level 1:colcon.colcon_core.package_identification:_identify(odrive_interface) by extension 'colcon_pkg'
[0.298s] Level 1:colcon.colcon_core.package_identification:_identify(odrive_interface) by extensions ['colcon_meta']
[0.298s] Level 1:colcon.colcon_core.package_identification:_identify(odrive_interface) by extension 'colcon_meta'
[0.298s] Level 1:colcon.colcon_core.package_identification:_identify(odrive_interface) by extensions ['ros']
[0.298s] Level 1:colcon.colcon_core.package_identification:_identify(odrive_interface) by extension 'ros'
[0.298s] DEBUG:colcon.colcon_core.package_identification:Package 'odrive_interface' with type 'ros.ament_cmake' and name 'odrive_interface'
[0.298s] Level 1:colcon.colcon_core.package_identification:_identify(robot_bringup) by extensions ['ignore', 'ignore_ament_install']
[0.299s] Level 1:colcon.colcon_core.package_identification:_identify(robot_bringup) by extension 'ignore'
[0.299s] Level 1:colcon.colcon_core.package_identification:_identify(robot_bringup) by extension 'ignore_ament_install'
[0.299s] Level 1:colcon.colcon_core.package_identification:_identify(robot_bringup) by extensions ['colcon_pkg']
[0.299s] Level 1:colcon.colcon_core.package_identification:_identify(robot_bringup) by extension 'colcon_pkg'
[0.299s] Level 1:colcon.colcon_core.package_identification:_identify(robot_bringup) by extensions ['colcon_meta']
[0.299s] Level 1:colcon.colcon_core.package_identification:_identify(robot_bringup) by extension 'colcon_meta'
[0.299s] Level 1:colcon.colcon_core.package_identification:_identify(robot_bringup) by extensions ['ros']
[0.299s] Level 1:colcon.colcon_core.package_identification:_identify(robot_bringup) by extension 'ros'
[0.299s] DEBUG:colcon.colcon_core.package_identification:Package 'robot_bringup' with type 'ros.ament_cmake' and name 'robot_bringup'
[0.300s] Level 1:colcon.colcon_core.package_identification:_identify(robot_interfaces) by extensions ['ignore', 'ignore_ament_install']
[0.300s] Level 1:colcon.colcon_core.package_identification:_identify(robot_interfaces) by extension 'ignore'
[0.300s] Level 1:colcon.colcon_core.package_identification:_identify(robot_interfaces) by extension 'ignore_ament_install'
[0.300s] Level 1:colcon.colcon_core.package_identification:_identify(robot_interfaces) by extensions ['colcon_pkg']
[0.300s] Level 1:colcon.colcon_core.package_identification:_identify(robot_interfaces) by extension 'colcon_pkg'
[0.300s] Level 1:colcon.colcon_core.package_identification:_identify(robot_interfaces) by extensions ['colcon_meta']
[0.300s] Level 1:colcon.colcon_core.package_identification:_identify(robot_interfaces) by extension 'colcon_meta'
[0.300s] Level 1:colcon.colcon_core.package_identification:_identify(robot_interfaces) by extensions ['ros']
[0.300s] Level 1:colcon.colcon_core.package_identification:_identify(robot_interfaces) by extension 'ros'
[0.300s] DEBUG:colcon.colcon_core.package_identification:Package 'robot_interfaces' with type 'ros.ament_cmake' and name 'robot_interfaces'
[0.301s] Level 1:colcon.colcon_core.package_identification:_identify(ros2_astra_camera) by extensions ['ignore', 'ignore_ament_install']
[0.301s] Level 1:colcon.colcon_core.package_identification:_identify(ros2_astra_camera) by extension 'ignore'
[0.301s] Level 1:colcon.colcon_core.package_identification:_identify(ros2_astra_camera) by extension 'ignore_ament_install'
[0.301s] Level 1:colcon.colcon_core.package_identification:_identify(ros2_astra_camera) by extensions ['colcon_pkg']
[0.301s] Level 1:colcon.colcon_core.package_identification:_identify(ros2_astra_camera) by extension 'colcon_pkg'
[0.301s] Level 1:colcon.colcon_core.package_identification:_identify(ros2_astra_camera) by extensions ['colcon_meta']
[0.301s] Level 1:colcon.colcon_core.package_identification:_identify(ros2_astra_camera) by extension 'colcon_meta'
[0.301s] Level 1:colcon.colcon_core.package_identification:_identify(ros2_astra_camera) by extensions ['ros']
[0.301s] Level 1:colcon.colcon_core.package_identification:_identify(ros2_astra_camera) by extension 'ros'
[0.301s] Level 1:colcon.colcon_core.package_identification:_identify(ros2_astra_camera) by extensions ['cmake', 'python']
[0.301s] Level 1:colcon.colcon_core.package_identification:_identify(ros2_astra_camera) by extension 'cmake'
[0.301s] Level 1:colcon.colcon_core.package_identification:_identify(ros2_astra_camera) by extension 'python'
[0.301s] Level 1:colcon.colcon_core.package_identification:_identify(ros2_astra_camera) by extensions ['python_setup_py']
[0.301s] Level 1:colcon.colcon_core.package_identification:_identify(ros2_astra_camera) by extension 'python_setup_py'
[0.301s] Level 1:colcon.colcon_core.package_identification:_identify(ros2_astra_camera/astra_camera) by extensions ['ignore', 'ignore_ament_install']
[0.301s] Level 1:colcon.colcon_core.package_identification:_identify(ros2_astra_camera/astra_camera) by extension 'ignore'
[0.301s] Level 1:colcon.colcon_core.package_identification:_identify(ros2_astra_camera/astra_camera) by extension 'ignore_ament_install'
[0.301s] Level 1:colcon.colcon_core.package_identification:_identify(ros2_astra_camera/astra_camera) by extensions ['colcon_pkg']
[0.301s] Level 1:colcon.colcon_core.package_identification:_identify(ros2_astra_camera/astra_camera) by extension 'colcon_pkg'
[0.301s] Level 1:colcon.colcon_core.package_identification:_identify(ros2_astra_camera/astra_camera) by extensions ['colcon_meta']
[0.301s] Level 1:colcon.colcon_core.package_identification:_identify(ros2_astra_camera/astra_camera) by extension 'colcon_meta'
[0.301s] Level 1:colcon.colcon_core.package_identification:_identify(ros2_astra_camera/astra_camera) by extensions ['ros']
[0.301s] Level 1:colcon.colcon_core.package_identification:_identify(ros2_astra_camera/astra_camera) by extension 'ros'
[0.303s] DEBUG:colcon.colcon_core.package_identification:Package 'ros2_astra_camera/astra_camera' with type 'ros.ament_cmake' and name 'astra_camera'
[0.303s] Level 1:colcon.colcon_core.package_identification:_identify(ros2_astra_camera/astra_camera_msgs) by extensions ['ignore', 'ignore_ament_install']
[0.303s] Level 1:colcon.colcon_core.package_identification:_identify(ros2_astra_camera/astra_camera_msgs) by extension 'ignore'
[0.303s] Level 1:colcon.colcon_core.package_identification:_identify(ros2_astra_camera/astra_camera_msgs) by extension 'ignore_ament_install'
[0.303s] Level 1:colcon.colcon_core.package_identification:_identify(ros2_astra_camera/astra_camera_msgs) by extensions ['colcon_pkg']
[0.303s] Level 1:colcon.colcon_core.package_identification:_identify(ros2_astra_camera/astra_camera_msgs) by extension 'colcon_pkg'
[0.303s] Level 1:colcon.colcon_core.package_identification:_identify(ros2_astra_camera/astra_camera_msgs) by extensions ['colcon_meta']
[0.303s] Level 1:colcon.colcon_core.package_identification:_identify(ros2_astra_camera/astra_camera_msgs) by extension 'colcon_meta'
[0.304s] Level 1:colcon.colcon_core.package_identification:_identify(ros2_astra_camera/astra_camera_msgs) by extensions ['ros']
[0.304s] Level 1:colcon.colcon_core.package_identification:_identify(ros2_astra_camera/astra_camera_msgs) by extension 'ros'
[0.304s] DEBUG:colcon.colcon_core.package_identification:Package 'ros2_astra_camera/astra_camera_msgs' with type 'ros.ament_cmake' and name 'astra_camera_msgs'
[0.304s] Level 1:colcon.colcon_core.package_discovery:discover_packages(recursive) using defaults
[0.304s] Level 1:colcon.colcon_core.package_discovery:discover_packages(ignore) discover
[0.304s] Level 1:colcon.colcon_core.package_discovery:discover_packages(ignore) using defaults
[0.304s] Level 1:colcon.colcon_core.package_discovery:discover_packages(path) discover
[0.304s] Level 1:colcon.colcon_core.package_discovery:discover_packages(path) using defaults
[0.321s] Level 1:colcon.colcon_core.package_discovery:discover_packages(prefix_path) check parameters
[0.321s] Level 1:colcon.colcon_core.package_discovery:discover_packages(prefix_path) discover
[0.323s] DEBUG:colcon.colcon_installed_package_information.package_discovery:Found 12 installed packages in /home/ddon/ros2_ws_cpp/install
[0.324s] DEBUG:colcon.colcon_installed_package_information.package_discovery:Found 272 installed packages in /opt/ros/humble
[0.325s] Level 1:colcon.colcon_core.package_discovery:discover_packages(prefix_path) using defaults
[0.356s] Level 5:colcon.colcon_core.verb:set package 'astra_camera_msgs' build argument 'cmake_args' from command line to 'None'
[0.356s] Level 5:colcon.colcon_core.verb:set package 'astra_camera_msgs' build argument 'cmake_target' from command line to 'None'
[0.356s] Level 5:colcon.colcon_core.verb:set package 'astra_camera_msgs' build argument 'cmake_target_skip_unavailable' from command line to 'False'
[0.356s] Level 5:colcon.colcon_core.verb:set package 'astra_camera_msgs' build argument 'cmake_clean_cache' from command line to 'False'
[0.356s] Level 5:colcon.colcon_core.verb:set package 'astra_camera_msgs' build argument 'cmake_clean_first' from command line to 'False'
[0.356s] Level 5:colcon.colcon_core.verb:set package 'astra_camera_msgs' build argument 'cmake_force_configure' from command line to 'False'
[0.356s] Level 5:colcon.colcon_core.verb:set package 'astra_camera_msgs' build argument 'ament_cmake_args' from command line to 'None'
[0.357s] Level 5:colcon.colcon_core.verb:set package 'astra_camera_msgs' build argument 'catkin_cmake_args' from command line to 'None'
[0.357s] Level 5:colcon.colcon_core.verb:set package 'astra_camera_msgs' build argument 'catkin_skip_building_tests' from command line to 'False'
[0.357s] DEBUG:colcon.colcon_core.verb:Building package 'astra_camera_msgs' with the following arguments: {'ament_cmake_args': None, 'build_base': '/home/ddon/software_robocon_2025/build/astra_camera_msgs', 'catkin_cmake_args': None, 'catkin_skip_building_tests': False, 'cmake_args': None, 'cmake_clean_cache': False, 'cmake_clean_first': False, 'cmake_force_configure': False, 'cmake_target': None, 'cmake_target_skip_unavailable': False, 'install_base': '/home/ddon/software_robocon_2025/install/astra_camera_msgs', 'merge_install': False, 'path': '/home/ddon/software_robocon_2025/ros2_astra_camera/astra_camera_msgs', 'symlink_install': False, 'test_result_base': None}
[0.357s] Level 5:colcon.colcon_core.verb:set package 'gamepad_interface' build argument 'cmake_args' from command line to 'None'
[0.357s] Level 5:colcon.colcon_core.verb:set package 'gamepad_interface' build argument 'cmake_target' from command line to 'None'
[0.357s] Level 5:colcon.colcon_core.verb:set package 'gamepad_interface' build argument 'cmake_target_skip_unavailable' from command line to 'False'
[0.357s] Level 5:colcon.colcon_core.verb:set package 'gamepad_interface' build argument 'cmake_clean_cache' from command line to 'False'
[0.357s] Level 5:colcon.colcon_core.verb:set package 'gamepad_interface' build argument 'cmake_clean_first' from command line to 'False'
[0.357s] Level 5:colcon.colcon_core.verb:set package 'gamepad_interface' build argument 'cmake_force_configure' from command line to 'False'
[0.357s] Level 5:colcon.colcon_core.verb:set package 'gamepad_interface' build argument 'ament_cmake_args' from command line to 'None'
[0.357s] Level 5:colcon.colcon_core.verb:set package 'gamepad_interface' build argument 'catkin_cmake_args' from command line to 'None'
[0.357s] Level 5:colcon.colcon_core.verb:set package 'gamepad_interface' build argument 'catkin_skip_building_tests' from command line to 'False'
[0.357s] DEBUG:colcon.colcon_core.verb:Building package 'gamepad_interface' with the following arguments: {'ament_cmake_args': None, 'build_base': '/home/ddon/software_robocon_2025/build/gamepad_interface', 'catkin_cmake_args': None, 'catkin_skip_building_tests': False, 'cmake_args': None, 'cmake_clean_cache': False, 'cmake_clean_first': False, 'cmake_force_configure': False, 'cmake_target': None, 'cmake_target_skip_unavailable': False, 'install_base': '/home/ddon/software_robocon_2025/install/gamepad_interface', 'merge_install': False, 'path': '/home/ddon/software_robocon_2025/gamepad_interface', 'symlink_install': False, 'test_result_base': None}
[0.357s] Level 5:colcon.colcon_core.verb:set package 'robot_bringup' build argument 'cmake_args' from command line to 'None'
[0.357s] Level 5:colcon.colcon_core.verb:set package 'robot_bringup' build argument 'cmake_target' from command line to 'None'
[0.357s] Level 5:colcon.colcon_core.verb:set package 'robot_bringup' build argument 'cmake_target_skip_unavailable' from command line to 'False'
[0.357s] Level 5:colcon.colcon_core.verb:set package 'robot_bringup' build argument 'cmake_clean_cache' from command line to 'False'
[0.357s] Level 5:colcon.colcon_core.verb:set package 'robot_bringup' build argument 'cmake_clean_first' from command line to 'False'
[0.357s] Level 5:colcon.colcon_core.verb:set package 'robot_bringup' build argument 'cmake_force_configure' from command line to 'False'
[0.358s] Level 5:colcon.colcon_core.verb:set package 'robot_bringup' build argument 'ament_cmake_args' from command line to 'None'
[0.358s] Level 5:colcon.colcon_core.verb:set package 'robot_bringup' build argument 'catkin_cmake_args' from command line to 'None'
[0.358s] Level 5:colcon.colcon_core.verb:set package 'robot_bringup' build argument 'catkin_skip_building_tests' from command line to 'False'
[0.358s] DEBUG:colcon.colcon_core.verb:Building package 'robot_bringup' with the following arguments: {'ament_cmake_args': None, 'build_base': '/home/ddon/software_robocon_2025/build/robot_bringup', 'catkin_cmake_args': None, 'catkin_skip_building_tests': False, 'cmake_args': None, 'cmake_clean_cache': False, 'cmake_clean_first': False, 'cmake_force_configure': False, 'cmake_target': None, 'cmake_target_skip_unavailable': False, 'install_base': '/home/ddon/software_robocon_2025/install/robot_bringup', 'merge_install': False, 'path': '/home/ddon/software_robocon_2025/robot_bringup', 'symlink_install': False, 'test_result_base': None}
[0.358s] Level 5:colcon.colcon_core.verb:set package 'robot_interfaces' build argument 'cmake_args' from command line to 'None'
[0.358s] Level 5:colcon.colcon_core.verb:set package 'robot_interfaces' build argument 'cmake_target' from command line to 'None'
[0.358s] Level 5:colcon.colcon_core.verb:set package 'robot_interfaces' build argument 'cmake_target_skip_unavailable' from command line to 'False'
[0.358s] Level 5:colcon.colcon_core.verb:set package 'robot_interfaces' build argument 'cmake_clean_cache' from command line to 'False'
[0.358s] Level 5:colcon.colcon_core.verb:set package 'robot_interfaces' build argument 'cmake_clean_first' from command line to 'False'
[0.358s] Level 5:colcon.colcon_core.verb:set package 'robot_interfaces' build argument 'cmake_force_configure' from command line to 'False'
[0.358s] Level 5:colcon.colcon_core.verb:set package 'robot_interfaces' build argument 'ament_cmake_args' from command line to 'None'
[0.358s] Level 5:colcon.colcon_core.verb:set package 'robot_interfaces' build argument 'catkin_cmake_args' from command line to 'None'
[0.358s] Level 5:colcon.colcon_core.verb:set package 'robot_interfaces' build argument 'catkin_skip_building_tests' from command line to 'False'
[0.358s] DEBUG:colcon.colcon_core.verb:Building package 'robot_interfaces' with the following arguments: {'ament_cmake_args': None, 'build_base': '/home/ddon/software_robocon_2025/build/robot_interfaces', 'catkin_cmake_args': None, 'catkin_skip_building_tests': False, 'cmake_args': None, 'cmake_clean_cache': False, 'cmake_clean_first': False, 'cmake_force_configure': False, 'cmake_target': None, 'cmake_target_skip_unavailable': False, 'install_base': '/home/ddon/software_robocon_2025/install/robot_interfaces', 'merge_install': False, 'path': '/home/ddon/software_robocon_2025/robot_interfaces', 'symlink_install': False, 'test_result_base': None}
[0.358s] Level 5:colcon.colcon_core.verb:set package 'astra_camera' build argument 'cmake_args' from command line to 'None'
[0.358s] Level 5:colcon.colcon_core.verb:set package 'astra_camera' build argument 'cmake_target' from command line to 'None'
[0.358s] Level 5:colcon.colcon_core.verb:set package 'astra_camera' build argument 'cmake_target_skip_unavailable' from command line to 'False'
[0.358s] Level 5:colcon.colcon_core.verb:set package 'astra_camera' build argument 'cmake_clean_cache' from command line to 'False'
[0.358s] Level 5:colcon.colcon_core.verb:set package 'astra_camera' build argument 'cmake_clean_first' from command line to 'False'
[0.358s] Level 5:colcon.colcon_core.verb:set package 'astra_camera' build argument 'cmake_force_configure' from command line to 'False'
[0.358s] Level 5:colcon.colcon_core.verb:set package 'astra_camera' build argument 'ament_cmake_args' from command line to 'None'
[0.358s] Level 5:colcon.colcon_core.verb:set package 'astra_camera' build argument 'catkin_cmake_args' from command line to 'None'
[0.359s] Level 5:colcon.colcon_core.verb:set package 'astra_camera' build argument 'catkin_skip_building_tests' from command line to 'False'
[0.359s] DEBUG:colcon.colcon_core.verb:Building package 'astra_camera' with the following arguments: {'ament_cmake_args': None, 'build_base': '/home/ddon/software_robocon_2025/build/astra_camera', 'catkin_cmake_args': None, 'catkin_skip_building_tests': False, 'cmake_args': None, 'cmake_clean_cache': False, 'cmake_clean_first': False, 'cmake_force_configure': False, 'cmake_target': None, 'cmake_target_skip_unavailable': False, 'install_base': '/home/ddon/software_robocon_2025/install/astra_camera', 'merge_install': False, 'path': '/home/ddon/software_robocon_2025/ros2_astra_camera/astra_camera', 'symlink_install': False, 'test_result_base': None}
[0.359s] Level 5:colcon.colcon_core.verb:set package 'main_controller_pkg' build argument 'cmake_args' from command line to 'None'
[0.359s] Level 5:colcon.colcon_core.verb:set package 'main_controller_pkg' build argument 'cmake_target' from command line to 'None'
[0.359s] Level 5:colcon.colcon_core.verb:set package 'main_controller_pkg' build argument 'cmake_target_skip_unavailable' from command line to 'False'
[0.359s] Level 5:colcon.colcon_core.verb:set package 'main_controller_pkg' build argument 'cmake_clean_cache' from command line to 'False'
[0.359s] Level 5:colcon.colcon_core.verb:set package 'main_controller_pkg' build argument 'cmake_clean_first' from command line to 'False'
[0.359s] Level 5:colcon.colcon_core.verb:set package 'main_controller_pkg' build argument 'cmake_force_configure' from command line to 'False'
[0.359s] Level 5:colcon.colcon_core.verb:set package 'main_controller_pkg' build argument 'ament_cmake_args' from command line to 'None'
[0.359s] Level 5:colcon.colcon_core.verb:set package 'main_controller_pkg' build argument 'catkin_cmake_args' from command line to 'None'
[0.359s] Level 5:colcon.colcon_core.verb:set package 'main_controller_pkg' build argument 'catkin_skip_building_tests' from command line to 'False'
[0.359s] DEBUG:colcon.colcon_core.verb:Building package 'main_controller_pkg' with the following arguments: {'ament_cmake_args': None, 'build_base': '/home/ddon/software_robocon_2025/build/main_controller_pkg', 'catkin_cmake_args': None, 'catkin_skip_building_tests': False, 'cmake_args': None, 'cmake_clean_cache': False, 'cmake_clean_first': False, 'cmake_force_configure': False, 'cmake_target': None, 'cmake_target_skip_unavailable': False, 'install_base': '/home/ddon/software_robocon_2025/install/main_controller_pkg', 'merge_install': False, 'path': '/home/ddon/software_robocon_2025/main_controller_pkg', 'symlink_install': False, 'test_result_base': None}
[0.359s] Level 5:colcon.colcon_core.verb:set package 'odrive_interface' build argument 'cmake_args' from command line to 'None'
[0.359s] Level 5:colcon.colcon_core.verb:set package 'odrive_interface' build argument 'cmake_target' from command line to 'None'
[0.359s] Level 5:colcon.colcon_core.verb:set package 'odrive_interface' build argument 'cmake_target_skip_unavailable' from command line to 'False'
[0.359s] Level 5:colcon.colcon_core.verb:set package 'odrive_interface' build argument 'cmake_clean_cache' from command line to 'False'
[0.359s] Level 5:colcon.colcon_core.verb:set package 'odrive_interface' build argument 'cmake_clean_first' from command line to 'False'
[0.359s] Level 5:colcon.colcon_core.verb:set package 'odrive_interface' build argument 'cmake_force_configure' from command line to 'False'
[0.359s] Level 5:colcon.colcon_core.verb:set package 'odrive_interface' build argument 'ament_cmake_args' from command line to 'None'
[0.359s] Level 5:colcon.colcon_core.verb:set package 'odrive_interface' build argument 'catkin_cmake_args' from command line to 'None'
[0.359s] Level 5:colcon.colcon_core.verb:set package 'odrive_interface' build argument 'catkin_skip_building_tests' from command line to 'False'
[0.360s] DEBUG:colcon.colcon_core.verb:Building package 'odrive_interface' with the following arguments: {'ament_cmake_args': None, 'build_base': '/home/ddon/software_robocon_2025/build/odrive_interface', 'catkin_cmake_args': None, 'catkin_skip_building_tests': False, 'cmake_args': None, 'cmake_clean_cache': False, 'cmake_clean_first': False, 'cmake_force_configure': False, 'cmake_target': None, 'cmake_target_skip_unavailable': False, 'install_base': '/home/ddon/software_robocon_2025/install/odrive_interface', 'merge_install': False, 'path': '/home/ddon/software_robocon_2025/odrive_interface', 'symlink_install': False, 'test_result_base': None}
[0.360s] INFO:colcon.colcon_core.executor:Executing jobs using 'parallel' executor
[0.361s] DEBUG:colcon.colcon_parallel_executor.executor.parallel:run_until_complete
[0.361s] INFO:colcon.colcon_ros.task.ament_cmake.build:Building ROS package in '/home/ddon/software_robocon_2025/robot_interfaces' with build type 'ament_cmake'
[0.361s] INFO:colcon.colcon_cmake.task.cmake.build:Building CMake package in '/home/ddon/software_robocon_2025/robot_interfaces'
[0.362s] INFO:colcon.colcon_core.plugin_system:Skipping extension 'colcon_core.shell.bat': Not used on non-Windows systems
[0.362s] INFO:colcon.colcon_core.shell:Skip shell extension 'powershell' for command environment: Not usable outside of PowerShell
[0.362s] DEBUG:colcon.colcon_core.shell:Skip shell extension 'dsv' for command environment
[0.365s] INFO:colcon.colcon_ros.task.ament_cmake.build:Building ROS package in '/home/ddon/software_robocon_2025/ros2_astra_camera/astra_camera_msgs' with build type 'ament_cmake'
[0.365s] INFO:colcon.colcon_cmake.task.cmake.build:Building CMake package in '/home/ddon/software_robocon_2025/ros2_astra_camera/astra_camera_msgs'
[0.365s] INFO:colcon.colcon_core.shell:Skip shell extension 'powershell' for command environment: Not usable outside of PowerShell
[0.365s] DEBUG:colcon.colcon_core.shell:Skip shell extension 'dsv' for command environment
[0.368s] INFO:colcon.colcon_ros.task.ament_cmake.build:Building ROS package in '/home/ddon/software_robocon_2025/gamepad_interface' with build type 'ament_cmake'
[0.368s] INFO:colcon.colcon_cmake.task.cmake.build:Building CMake package in '/home/ddon/software_robocon_2025/gamepad_interface'
[0.368s] INFO:colcon.colcon_core.shell:Skip shell extension 'powershell' for command environment: Not usable outside of PowerShell
[0.368s] DEBUG:colcon.colcon_core.shell:Skip shell extension 'dsv' for command environment
[0.370s] INFO:colcon.colcon_ros.task.ament_cmake.build:Building ROS package in '/home/ddon/software_robocon_2025/robot_bringup' with build type 'ament_cmake'
[0.371s] INFO:colcon.colcon_cmake.task.cmake.build:Building CMake package in '/home/ddon/software_robocon_2025/robot_bringup'
[0.371s] INFO:colcon.colcon_core.shell:Skip shell extension 'powershell' for command environment: Not usable outside of PowerShell
[0.371s] DEBUG:colcon.colcon_core.shell:Skip shell extension 'dsv' for command environment
[0.378s] DEBUG:colcon.colcon_core.event_handler.log_command:Invoking command in '/home/ddon/software_robocon_2025/build/robot_interfaces': CMAKE_PREFIX_PATH=${CMAKE_PREFIX_PATH}:/opt/ros/humble CONDA_PROMPT_MODIFIER=(base) /usr/bin/cmake --build /home/ddon/software_robocon_2025/build/robot_interfaces -- -j8 -l8
[0.381s] DEBUG:colcon.colcon_core.event_handler.log_command:Invoking command in '/home/ddon/software_robocon_2025/build/astra_camera_msgs': CMAKE_PREFIX_PATH=${CMAKE_PREFIX_PATH}:/opt/ros/humble CONDA_PROMPT_MODIFIER=(base) /usr/bin/cmake --build /home/ddon/software_robocon_2025/build/astra_camera_msgs -- -j8 -l8
[0.384s] DEBUG:colcon.colcon_core.event_handler.log_command:Invoking command in '/home/ddon/software_robocon_2025/build/gamepad_interface': CMAKE_PREFIX_PATH=${CMAKE_PREFIX_PATH}:/opt/ros/humble CONDA_PROMPT_MODIFIER=(base) /usr/bin/cmake --build /home/ddon/software_robocon_2025/build/gamepad_interface -- -j8 -l8
[0.388s] DEBUG:colcon.colcon_core.event_handler.log_command:Invoking command in '/home/ddon/software_robocon_2025/build/robot_bringup': CMAKE_PREFIX_PATH=${CMAKE_PREFIX_PATH}:/opt/ros/humble CONDA_PROMPT_MODIFIER=(base) /usr/bin/cmake --build /home/ddon/software_robocon_2025/build/robot_bringup -- -j8 -l8
[0.425s] DEBUG:colcon.colcon_core.event_handler.log_command:Invoked command in '/home/ddon/software_robocon_2025/build/robot_bringup' returned '0': CMAKE_PREFIX_PATH=${CMAKE_PREFIX_PATH}:/opt/ros/humble CONDA_PROMPT_MODIFIER=(base) /usr/bin/cmake --build /home/ddon/software_robocon_2025/build/robot_bringup -- -j8 -l8
[0.436s] DEBUG:colcon.colcon_core.event_handler.log_command:Invoking command in '/home/ddon/software_robocon_2025/build/robot_bringup': CMAKE_PREFIX_PATH=${CMAKE_PREFIX_PATH}:/opt/ros/humble CONDA_PROMPT_MODIFIER=(base) /usr/bin/cmake --install /home/ddon/software_robocon_2025/build/robot_bringup
[0.465s] Level 1:colcon.colcon_core.environment:create_environment_scripts_only(robot_bringup)
[0.467s] DEBUG:colcon.colcon_core.event_handler.log_command:Invoked command in '/home/ddon/software_robocon_2025/build/robot_bringup' returned '0': CMAKE_PREFIX_PATH=${CMAKE_PREFIX_PATH}:/opt/ros/humble CONDA_PROMPT_MODIFIER=(base) /usr/bin/cmake --install /home/ddon/software_robocon_2025/build/robot_bringup
[0.470s] Level 1:colcon.colcon_core.environment:checking '/home/ddon/software_robocon_2025/install/robot_bringup' for CMake module files
[0.470s] Level 1:colcon.colcon_core.environment:checking '/home/ddon/software_robocon_2025/install/robot_bringup' for CMake config files
[0.471s] Level 1:colcon.colcon_core.shell:create_environment_hook('robot_bringup', 'cmake_prefix_path')
[0.476s] INFO:colcon.colcon_core.shell:Creating environment hook '/home/ddon/software_robocon_2025/install/robot_bringup/share/robot_bringup/hook/cmake_prefix_path.ps1'
[0.479s] INFO:colcon.colcon_core.shell:Creating environment descriptor '/home/ddon/software_robocon_2025/install/robot_bringup/share/robot_bringup/hook/cmake_prefix_path.dsv'
[0.481s] INFO:colcon.colcon_core.shell:Creating environment hook '/home/ddon/software_robocon_2025/install/robot_bringup/share/robot_bringup/hook/cmake_prefix_path.sh'
[0.482s] Level 1:colcon.colcon_core.environment:checking '/home/ddon/software_robocon_2025/install/robot_bringup/bin'
[0.482s] Level 1:colcon.colcon_core.environment:checking '/home/ddon/software_robocon_2025/install/robot_bringup/lib/pkgconfig/robot_bringup.pc'
[0.483s] Level 1:colcon.colcon_core.environment:checking '/home/ddon/software_robocon_2025/install/robot_bringup/lib/python3.10/site-packages'
[0.483s] Level 1:colcon.colcon_core.environment:checking '/home/ddon/software_robocon_2025/install/robot_bringup/bin'
[0.484s] INFO:colcon.colcon_core.shell:Creating package script '/home/ddon/software_robocon_2025/install/robot_bringup/share/robot_bringup/package.ps1'
[0.485s] INFO:colcon.colcon_core.shell:Creating package descriptor '/home/ddon/software_robocon_2025/install/robot_bringup/share/robot_bringup/package.dsv'
[0.489s] INFO:colcon.colcon_core.shell:Creating package script '/home/ddon/software_robocon_2025/install/robot_bringup/share/robot_bringup/package.sh'
[0.491s] INFO:colcon.colcon_core.shell:Creating package script '/home/ddon/software_robocon_2025/install/robot_bringup/share/robot_bringup/package.bash'
[0.493s] INFO:colcon.colcon_core.shell:Creating package script '/home/ddon/software_robocon_2025/install/robot_bringup/share/robot_bringup/package.zsh'
[0.494s] Level 1:colcon.colcon_core.environment:create_file_with_runtime_dependencies(/home/ddon/software_robocon_2025/install/robot_bringup/share/colcon-core/packages/robot_bringup)
[0.495s] Level 1:colcon.colcon_core.environment:create_environment_scripts_only(robot_bringup)
[0.496s] Level 1:colcon.colcon_core.environment:checking '/home/ddon/software_robocon_2025/install/robot_bringup' for CMake module files
[0.497s] Level 1:colcon.colcon_core.environment:checking '/home/ddon/software_robocon_2025/install/robot_bringup' for CMake config files
[0.497s] Level 1:colcon.colcon_core.shell:create_environment_hook('robot_bringup', 'cmake_prefix_path')
[0.497s] INFO:colcon.colcon_core.shell:Creating environment hook '/home/ddon/software_robocon_2025/install/robot_bringup/share/robot_bringup/hook/cmake_prefix_path.ps1'
[0.498s] INFO:colcon.colcon_core.shell:Creating environment descriptor '/home/ddon/software_robocon_2025/install/robot_bringup/share/robot_bringup/hook/cmake_prefix_path.dsv'
[0.499s] INFO:colcon.colcon_core.shell:Creating environment hook '/home/ddon/software_robocon_2025/install/robot_bringup/share/robot_bringup/hook/cmake_prefix_path.sh'
[0.499s] Level 1:colcon.colcon_core.environment:checking '/home/ddon/software_robocon_2025/install/robot_bringup/bin'
[0.499s] Level 1:colcon.colcon_core.environment:checking '/home/ddon/software_robocon_2025/install/robot_bringup/lib/pkgconfig/robot_bringup.pc'
[0.500s] Level 1:colcon.colcon_core.environment:checking '/home/ddon/software_robocon_2025/install/robot_bringup/lib/python3.10/site-packages'
[0.500s] Level 1:colcon.colcon_core.environment:checking '/home/ddon/software_robocon_2025/install/robot_bringup/bin'
[0.501s] INFO:colcon.colcon_core.shell:Creating package script '/home/ddon/software_robocon_2025/install/robot_bringup/share/robot_bringup/package.ps1'
[0.502s] INFO:colcon.colcon_core.shell:Creating package descriptor '/home/ddon/software_robocon_2025/install/robot_bringup/share/robot_bringup/package.dsv'
[0.503s] INFO:colcon.colcon_core.shell:Creating package script '/home/ddon/software_robocon_2025/install/robot_bringup/share/robot_bringup/package.sh'
[0.507s] INFO:colcon.colcon_core.shell:Creating package script '/home/ddon/software_robocon_2025/install/robot_bringup/share/robot_bringup/package.bash'
[0.512s] INFO:colcon.colcon_core.shell:Creating package script '/home/ddon/software_robocon_2025/install/robot_bringup/share/robot_bringup/package.zsh'
[0.513s] Level 1:colcon.colcon_core.environment:create_file_with_runtime_dependencies(/home/ddon/software_robocon_2025/install/robot_bringup/share/colcon-core/packages/robot_bringup)
[1.053s] DEBUG:colcon.colcon_core.event_handler.log_command:Invoked command in '/home/ddon/software_robocon_2025/build/gamepad_interface' returned '2': CMAKE_PREFIX_PATH=${CMAKE_PREFIX_PATH}:/opt/ros/humble CONDA_PROMPT_MODIFIER=(base) /usr/bin/cmake --build /home/ddon/software_robocon_2025/build/gamepad_interface -- -j8 -l8
[1.054s] Level 1:colcon.colcon_core.environment:create_environment_scripts_only(gamepad_interface)
[1.054s] Level 1:colcon.colcon_core.environment:checking '/home/ddon/software_robocon_2025/install/gamepad_interface' for CMake module files
[1.055s] Level 1:colcon.colcon_core.environment:checking '/home/ddon/software_robocon_2025/install/gamepad_interface' for CMake config files
[1.055s] Level 1:colcon.colcon_core.shell:create_environment_hook('gamepad_interface', 'cmake_prefix_path')
[1.056s] INFO:colcon.colcon_core.shell:Creating environment hook '/home/ddon/software_robocon_2025/install/gamepad_interface/share/gamepad_interface/hook/cmake_prefix_path.ps1'
[1.056s] INFO:colcon.colcon_core.shell:Creating environment descriptor '/home/ddon/software_robocon_2025/install/gamepad_interface/share/gamepad_interface/hook/cmake_prefix_path.dsv'
[1.057s] INFO:colcon.colcon_core.shell:Creating environment hook '/home/ddon/software_robocon_2025/install/gamepad_interface/share/gamepad_interface/hook/cmake_prefix_path.sh'
[1.057s] Level 1:colcon.colcon_core.environment:checking '/home/ddon/software_robocon_2025/install/gamepad_interface/bin'
[1.057s] Level 1:colcon.colcon_core.environment:checking '/home/ddon/software_robocon_2025/install/gamepad_interface/lib/pkgconfig/gamepad_interface.pc'
[1.058s] Level 1:colcon.colcon_core.environment:checking '/home/ddon/software_robocon_2025/install/gamepad_interface/lib/python3.10/site-packages'
[1.058s] Level 1:colcon.colcon_core.environment:checking '/home/ddon/software_robocon_2025/install/gamepad_interface/bin'
[1.058s] INFO:colcon.colcon_core.shell:Creating package script '/home/ddon/software_robocon_2025/install/gamepad_interface/share/gamepad_interface/package.ps1'
[1.059s] INFO:colcon.colcon_core.shell:Creating package descriptor '/home/ddon/software_robocon_2025/install/gamepad_interface/share/gamepad_interface/package.dsv'
[1.060s] INFO:colcon.colcon_core.shell:Creating package script '/home/ddon/software_robocon_2025/install/gamepad_interface/share/gamepad_interface/package.sh'
[1.060s] INFO:colcon.colcon_core.shell:Creating package script '/home/ddon/software_robocon_2025/install/gamepad_interface/share/gamepad_interface/package.bash'
[1.061s] INFO:colcon.colcon_core.shell:Creating package script '/home/ddon/software_robocon_2025/install/gamepad_interface/share/gamepad_interface/package.zsh'
[1.061s] Level 1:colcon.colcon_core.environment:create_file_with_runtime_dependencies(/home/ddon/software_robocon_2025/install/gamepad_interface/share/colcon-core/packages/gamepad_interface)
[1.064s] DEBUG:colcon.colcon_parallel_executor.executor.parallel:closing loop
[1.065s] DEBUG:colcon.colcon_parallel_executor.executor.parallel:loop closed
[1.065s] DEBUG:colcon.colcon_parallel_executor.executor.parallel:run_until_complete finished with '2'
[1.065s] DEBUG:colcon.colcon_core.event_reactor:joining thread
[1.069s] INFO:colcon.colcon_core.plugin_system:Skipping extension 'colcon_notification.desktop_notification.terminal_notifier': Not used on non-Darwin systems
[1.069s] INFO:colcon.colcon_core.plugin_system:Skipping extension 'colcon_notification.desktop_notification.win32': Not used on non-Windows systems
[1.069s] INFO:colcon.colcon_notification.desktop_notification:Sending desktop notification using 'notify2'
[1.080s] DEBUG:colcon.colcon_core.event_reactor:joined thread
[1.080s] INFO:colcon.colcon_core.shell:Creating prefix script '/home/ddon/software_robocon_2025/install/local_setup.ps1'
[1.081s] INFO:colcon.colcon_core.shell:Creating prefix util module '/home/ddon/software_robocon_2025/install/_local_setup_util_ps1.py'
[1.082s] INFO:colcon.colcon_core.shell:Creating prefix chain script '/home/ddon/software_robocon_2025/install/setup.ps1'
[1.083s] INFO:colcon.colcon_core.shell:Creating prefix script '/home/ddon/software_robocon_2025/install/local_setup.sh'
[1.084s] INFO:colcon.colcon_core.shell:Creating prefix util module '/home/ddon/software_robocon_2025/install/_local_setup_util_sh.py'
[1.085s] INFO:colcon.colcon_core.shell:Creating prefix chain script '/home/ddon/software_robocon_2025/install/setup.sh'
[1.087s] INFO:colcon.colcon_core.shell:Creating prefix script '/home/ddon/software_robocon_2025/install/local_setup.bash'
[1.087s] INFO:colcon.colcon_core.shell:Creating prefix chain script '/home/ddon/software_robocon_2025/install/setup.bash'
[1.089s] INFO:colcon.colcon_core.shell:Creating prefix script '/home/ddon/software_robocon_2025/install/local_setup.zsh'
[1.090s] INFO:colcon.colcon_core.shell:Creating prefix chain script '/home/ddon/software_robocon_2025/install/setup.zsh'
