[  1%] Built target robot_interfaces__cpp
[ 12%] Built target robot_interfaces__rosidl_generator_c
[ 12%] Built target ament_cmake_python_copy_robot_interfaces
[ 23%] Built target robot_interfaces__rosidl_typesupport_cpp
[ 34%] Built target robot_interfaces__rosidl_typesupport_fastrtps_cpp
[ 45%] Built target robot_interfaces__rosidl_typesupport_introspection_cpp
[ 56%] Built target robot_interfaces__rosidl_typesupport_introspection_c
[ 67%] Built target robot_interfaces__rosidl_typesupport_c
[ 79%] Built target robot_interfaces__rosidl_typesupport_fastrtps_c
[ 80%] [32mBuilding CXX object CMakeFiles/uart_node.dir/src/MCU_Interface.cpp.o[0m
[ 80%] Built target robot_interfaces
[ 81%] Built target robot_interfaces__py
[ 91%] Built target robot_interfaces__rosidl_generator_py
[ 93%] Built target robot_interfaces__rosidl_typesupport_introspection_c__pyext
[ 98%] Built target robot_interfaces__rosidl_typesupport_fastrtps_c__pyext
[ 98%] Built target robot_interfaces__rosidl_typesupport_c__pyext
running egg_info
writing robot_interfaces.egg-info/PKG-INFO
writing dependency_links to robot_interfaces.egg-info/dependency_links.txt
writing top-level names to robot_interfaces.egg-info/top_level.txt
reading manifest file 'robot_interfaces.egg-info/SOURCES.txt'
writing manifest file 'robot_interfaces.egg-info/SOURCES.txt'
[ 98%] Built target ament_cmake_python_build_robot_interfaces_egg
