[0.009s] Invoking command in '/home/ddon/software_robocon_2025/build/robot_interfaces': CMAKE_PREFIX_PATH=${CMAKE_PREFIX_PATH}:/opt/ros/humble CONDA_PROMPT_MODIFIER=(base) /usr/bin/cmake --build /home/ddon/software_robocon_2025/build/robot_interfaces -- -j8 -l8
[0.054s] [  1%] Built target robot_interfaces__cpp
[0.054s] [ 12%] Built target robot_interfaces__rosidl_generator_c
[0.064s] [ 12%] Built target ament_cmake_python_copy_robot_interfaces
[0.078s] [ 23%] Built target robot_interfaces__rosidl_typesupport_cpp
[0.082s] [ 34%] Built target robot_interfaces__rosidl_typesupport_fastrtps_cpp
[0.082s] [ 45%] Built target robot_interfaces__rosidl_typesupport_introspection_cpp
[0.092s] [ 56%] Built target robot_interfaces__rosidl_typesupport_introspection_c
[0.094s] [ 67%] Built target robot_interfaces__rosidl_typesupport_c
[0.095s] [ 79%] Built target robot_interfaces__rosidl_typesupport_fastrtps_c
[0.104s] [ 80%] [32mBuilding CXX object CMakeFiles/uart_node.dir/src/MCU_Interface.cpp.o[0m
[0.111s] [ 80%] Built target robot_interfaces
[0.128s] [ 81%] Built target robot_interfaces__py
[0.151s] [ 91%] Built target robot_interfaces__rosidl_generator_py
[0.175s] [ 93%] Built target robot_interfaces__rosidl_typesupport_introspection_c__pyext
[0.178s] [ 98%] Built target robot_interfaces__rosidl_typesupport_fastrtps_c__pyext
[0.178s] [ 98%] Built target robot_interfaces__rosidl_typesupport_c__pyext
[0.317s] running egg_info
[0.339s] writing robot_interfaces.egg-info/PKG-INFO
[0.339s] writing dependency_links to robot_interfaces.egg-info/dependency_links.txt
[0.339s] writing top-level names to robot_interfaces.egg-info/top_level.txt
[0.436s] reading manifest file 'robot_interfaces.egg-info/SOURCES.txt'
[0.438s] writing manifest file 'robot_interfaces.egg-info/SOURCES.txt'
[0.477s] [ 98%] Built target ament_cmake_python_build_robot_interfaces_egg
[2.324s] [01m[K/home/ddon/software_robocon_2025/robot_interfaces/src/MCU_Interface.cpp:[m[K In constructor ‘[01m[KUARTNode::UARTNode()[m[K’:
[2.324s] [01m[K/home/ddon/software_robocon_2025/robot_interfaces/src/MCU_Interface.cpp:35:38:[m[K [01;31m[Kerror: [m[Kno matching function for call to ‘[01m[Kstd::chrono::duration<long int, std::ratio<1, 1000> >::duration(double)[m[K’
[2.324s]    35 |         std::chrono::milliseconds(1.5[01;31m[K)[m[K, std::bind(&UARTNode::process_uart_queue, this)
[2.324s]       |                                      [01;31m[K^[m[K
[2.324s] In file included from [01m[K/usr/include/c++/11/mutex:39[m[K,
[2.325s]                  from [01m[K/usr/include/c++/11/future:38[m[K,
[2.325s]                  from [01m[K/opt/ros/humble/include/rclcpp/rclcpp/executors.hpp:18[m[K,
[2.325s]                  from [01m[K/opt/ros/humble/include/rclcpp/rclcpp/rclcpp.hpp:155[m[K,
[2.325s]                  from [01m[K/home/ddon/software_robocon_2025/robot_interfaces/include/robot_interfaces/MCU_Interface.hpp:3[m[K,
[2.325s]                  from [01m[K/home/ddon/software_robocon_2025/robot_interfaces/src/MCU_Interface.cpp:1[m[K:
[2.325s] [01m[K/usr/include/c++/11/chrono:529:21:[m[K [01;36m[Knote: [m[Kcandidate: ‘[01m[Ktemplate<class _Rep2, class _Period2, class> constexpr std::chrono::duration<_Rep, _Period>::duration(const std::chrono::duration<_Rep, _Period>&) [with _Rep2 = _Rep2; _Period2 = _Period2; <template-parameter-2-3> = <template-parameter-1-3>; _Rep = long int; _Period = std::ratio<1, 1000>][m[K’
[2.325s]   529 |           constexpr [01;36m[Kduration[m[K(const duration<_Rep2, _Period2>& __d)
[2.325s]       |                     [01;36m[K^~~~~~~~[m[K
[2.325s] [01m[K/usr/include/c++/11/chrono:529:21:[m[K [01;36m[Knote: [m[K  template argument deduction/substitution failed:
[2.325s] [01m[K/home/ddon/software_robocon_2025/robot_interfaces/src/MCU_Interface.cpp:35:38:[m[K [01;36m[Knote: [m[K  mismatched types ‘[01m[Kconst std::chrono::duration<_Rep1, _Period1>[m[K’ and ‘[01m[Kdouble[m[K’
[2.325s]    35 |         std::chrono::milliseconds(1.5[01;36m[K)[m[K, std::bind(&UARTNode::process_uart_queue, this)
[2.325s]       |                                      [01;36m[K^[m[K
[2.325s] In file included from [01m[K/usr/include/c++/11/mutex:39[m[K,
[2.325s]                  from [01m[K/usr/include/c++/11/future:38[m[K,
[2.325s]                  from [01m[K/opt/ros/humble/include/rclcpp/rclcpp/executors.hpp:18[m[K,
[2.325s]                  from [01m[K/opt/ros/humble/include/rclcpp/rclcpp/rclcpp.hpp:155[m[K,
[2.325s]                  from [01m[K/home/ddon/software_robocon_2025/robot_interfaces/include/robot_interfaces/MCU_Interface.hpp:3[m[K,
[2.325s]                  from [01m[K/home/ddon/software_robocon_2025/robot_interfaces/src/MCU_Interface.cpp:1[m[K:
[2.325s] [01m[K/usr/include/c++/11/chrono:521:30:[m[K [01;36m[Knote: [m[Kcandidate: ‘[01m[Ktemplate<class _Rep2, class> constexpr std::chrono::duration<_Rep, _Period>::duration(const _Rep2&) [with _Rep2 = _Rep2; <template-parameter-2-2> = <template-parameter-1-2>; _Rep = long int; _Period = std::ratio<1, 1000>][m[K’
[2.325s]   521 |           constexpr explicit [01;36m[Kduration[m[K(const _Rep2& __rep)
[2.325s]       |                              [01;36m[K^~~~~~~~[m[K
[2.325s] [01m[K/usr/include/c++/11/chrono:521:30:[m[K [01;36m[Knote: [m[K  template argument deduction/substitution failed:
[2.326s] In file included from [01m[K/usr/include/c++/11/bits/move.h:57[m[K,
[2.326s]                  from [01m[K/usr/include/c++/11/bits/stl_pair.h:59[m[K,
[2.326s]                  from [01m[K/usr/include/c++/11/bits/stl_algobase.h:64[m[K,
[2.326s]                  from [01m[K/usr/include/c++/11/memory:63[m[K,
[2.326s]                  from [01m[K/opt/ros/humble/include/rclcpp/rclcpp/rclcpp.hpp:153[m[K,
[2.326s]                  from [01m[K/home/ddon/software_robocon_2025/robot_interfaces/include/robot_interfaces/MCU_Interface.hpp:3[m[K,
[2.326s]                  from [01m[K/home/ddon/software_robocon_2025/robot_interfaces/src/MCU_Interface.cpp:1[m[K:
[2.326s] /usr/include/c++/11/type_traits: In substitution of ‘[01m[Ktemplate<bool _Cond, class _Tp> using __enable_if_t = typename std::enable_if::type [with bool _Cond = false; _Tp = void][m[K’:
[2.326s] [01m[K/usr/include/c++/11/type_traits:2209:11:[m[K   required by substitution of ‘[01m[Ktemplate<class ... _Cond> using _Require = std::__enable_if_t<std::__and_< <template-parameter-1-1> >::value> [with _Cond = {std::is_convertible<const double&, long int>, std::__or_<std::chrono::treat_as_floating_point<long int>, std::__not_<std::chrono::treat_as_floating_point<double> > >}][m[K’
[2.326s] [01m[K/usr/include/c++/11/chrono:518:27:[m[K   required from here
[2.326s] [01m[K/usr/include/c++/11/type_traits:2205:11:[m[K [01;31m[Kerror: [m[Kno type named ‘[01m[Ktype[m[K’ in ‘[01m[Kstruct std::enable_if<false, void>[m[K’
[2.326s]  2205 |     using [01;31m[K__enable_if_t[m[K = typename enable_if<_Cond, _Tp>::type;
[2.326s]       |           [01;31m[K^~~~~~~~~~~~~[m[K
[2.326s] In file included from [01m[K/usr/include/c++/11/mutex:39[m[K,
[2.326s]                  from [01m[K/usr/include/c++/11/future:38[m[K,
[2.326s]                  from [01m[K/opt/ros/humble/include/rclcpp/rclcpp/executors.hpp:18[m[K,
[2.326s]                  from [01m[K/opt/ros/humble/include/rclcpp/rclcpp/rclcpp.hpp:155[m[K,
[2.326s]                  from [01m[K/home/ddon/software_robocon_2025/robot_interfaces/include/robot_interfaces/MCU_Interface.hpp:3[m[K,
[2.326s]                  from [01m[K/home/ddon/software_robocon_2025/robot_interfaces/src/MCU_Interface.cpp:1[m[K:
[2.327s] [01m[K/usr/include/c++/11/chrono:514:9:[m[K [01;36m[Knote: [m[Kcandidate: ‘[01m[Kconstexpr std::chrono::duration<_Rep, _Period>::duration(const std::chrono::duration<_Rep, _Period>&) [with _Rep = long int; _Period = std::ratio<1, 1000>][m[K’
[2.327s]   514 |         [01;36m[Kduration[m[K(const duration&) = default;
[2.327s]       |         [01;36m[K^~~~~~~~[m[K
[2.327s] [01m[K/usr/include/c++/11/chrono:514:18:[m[K [01;36m[Knote: [m[K  no known conversion for argument 1 from ‘[01m[Kdouble[m[K’ to ‘[01m[Kconst std::chrono::duration<long int, std::ratio<1, 1000> >&[m[K’
[2.327s]   514 |         duration([01;36m[Kconst duration&[m[K) = default;
[2.327s]       |                  [01;36m[K^~~~~~~~~~~~~~~[m[K
[2.327s] [01m[K/usr/include/c++/11/chrono:512:19:[m[K [01;36m[Knote: [m[Kcandidate: ‘[01m[Kstd::chrono::duration<_Rep, _Period>::duration() [with _Rep = long int; _Period = std::ratio<1, 1000>][m[K’
[2.327s]   512 |         constexpr [01;36m[Kduration[m[K() = default;
[2.327s]       |                   [01;36m[K^~~~~~~~[m[K
[2.327s] [01m[K/usr/include/c++/11/chrono:512:19:[m[K [01;36m[Knote: [m[K  candidate expects 0 arguments, 1 provided
[5.008s] gmake[2]: *** [CMakeFiles/uart_node.dir/build.make:76: CMakeFiles/uart_node.dir/src/MCU_Interface.cpp.o] Error 1
[5.009s] gmake[1]: *** [CMakeFiles/Makefile2:593: CMakeFiles/uart_node.dir/all] Error 2
[5.009s] gmake: *** [Makefile:146: all] Error 2
[5.011s] Invoked command in '/home/ddon/software_robocon_2025/build/robot_interfaces' returned '2': CMAKE_PREFIX_PATH=${CMAKE_PREFIX_PATH}:/opt/ros/humble CONDA_PROMPT_MODIFIER=(base) /usr/bin/cmake --build /home/ddon/software_robocon_2025/build/robot_interfaces -- -j8 -l8
