[0.043s] Invoking command in '/home/ddon/software_robocon_2025/build/gamepad_interface': CMAKE_PREFIX_PATH=${CMAKE_PREFIX_PATH}:/home/ddon/software_robocon_2025/install/main_controller_pkg:/opt/ros/humble /usr/bin/cmake --build /home/ddon/software_robocon_2025/build/gamepad_interface -- -j8 -l8
[0.123s] [ 33%] Built target gamepad_driver
[0.147s] [35m[1mConsolidate compiler generated dependencies of target robot_input_mapper[0m
[0.204s] [ 66%] Built target robot_input_mapper
[0.266s] [100%] Built target gamepad_node
[0.298s] Invoked command in '/home/ddon/software_robocon_2025/build/gamepad_interface' returned '0': CMAKE_PREFIX_PATH=${CMAKE_PREFIX_PATH}:/home/ddon/software_robocon_2025/install/main_controller_pkg:/opt/ros/humble /usr/bin/cmake --build /home/ddon/software_robocon_2025/build/gamepad_interface -- -j8 -l8
[0.299s] Invoking command in '/home/ddon/software_robocon_2025/build/gamepad_interface': CMAKE_PREFIX_PATH=${CMAKE_PREFIX_PATH}:/home/ddon/software_robocon_2025/install/main_controller_pkg:/opt/ros/humble /usr/bin/cmake --install /home/ddon/software_robocon_2025/build/gamepad_interface
[0.318s] -- Install configuration: ""
[0.319s] -- Up-to-date: /home/ddon/software_robocon_2025/install/gamepad_interface/include
[0.320s] -- Up-to-date: /home/ddon/software_robocon_2025/install/gamepad_interface/include/gamepad_interface
[0.320s] -- Up-to-date: /home/ddon/software_robocon_2025/install/gamepad_interface/include/gamepad_interface/mapper.hpp
[0.320s] -- Up-to-date: /home/ddon/software_robocon_2025/install/gamepad_interface/include/gamepad_interface/gamepad.hpp
[0.320s] -- Up-to-date: /home/ddon/software_robocon_2025/install/gamepad_interface/lib/libgamepad_driver.a
[0.320s] -- Up-to-date: /home/ddon/software_robocon_2025/install/gamepad_interface/lib/librobot_input_mapper.a
[0.321s] -- Up-to-date: /home/ddon/software_robocon_2025/install/gamepad_interface/lib/gamepad_interface/gamepad_node
[0.321s] -- Up-to-date: /home/ddon/software_robocon_2025/install/gamepad_interface/share/ament_index/resource_index/package_run_dependencies/gamepad_interface
[0.321s] -- Up-to-date: /home/ddon/software_robocon_2025/install/gamepad_interface/share/ament_index/resource_index/parent_prefix_path/gamepad_interface
[0.321s] -- Up-to-date: /home/ddon/software_robocon_2025/install/gamepad_interface/share/gamepad_interface/environment/ament_prefix_path.sh
[0.321s] -- Up-to-date: /home/ddon/software_robocon_2025/install/gamepad_interface/share/gamepad_interface/environment/ament_prefix_path.dsv
[0.321s] -- Up-to-date: /home/ddon/software_robocon_2025/install/gamepad_interface/share/gamepad_interface/environment/path.sh
[0.321s] -- Up-to-date: /home/ddon/software_robocon_2025/install/gamepad_interface/share/gamepad_interface/environment/path.dsv
[0.322s] -- Up-to-date: /home/ddon/software_robocon_2025/install/gamepad_interface/share/gamepad_interface/local_setup.bash
[0.322s] -- Up-to-date: /home/ddon/software_robocon_2025/install/gamepad_interface/share/gamepad_interface/local_setup.sh
[0.322s] -- Up-to-date: /home/ddon/software_robocon_2025/install/gamepad_interface/share/gamepad_interface/local_setup.zsh
[0.322s] -- Up-to-date: /home/ddon/software_robocon_2025/install/gamepad_interface/share/gamepad_interface/local_setup.dsv
[0.322s] -- Installing: /home/ddon/software_robocon_2025/install/gamepad_interface/share/gamepad_interface/package.dsv
[0.322s] -- Up-to-date: /home/ddon/software_robocon_2025/install/gamepad_interface/share/ament_index/resource_index/packages/gamepad_interface
[0.322s] -- Up-to-date: /home/ddon/software_robocon_2025/install/gamepad_interface/share/gamepad_interface/cmake/gamepad_interfaceConfig.cmake
[0.329s] -- Up-to-date: /home/ddon/software_robocon_2025/install/gamepad_interface/share/gamepad_interface/cmake/gamepad_interfaceConfig-version.cmake
[0.333s] -- Up-to-date: /home/ddon/software_robocon_2025/install/gamepad_interface/share/gamepad_interface/package.xml
[0.347s] Invoked command in '/home/ddon/software_robocon_2025/build/gamepad_interface' returned '0': CMAKE_PREFIX_PATH=${CMAKE_PREFIX_PATH}:/home/ddon/software_robocon_2025/install/main_controller_pkg:/opt/ros/humble /usr/bin/cmake --install /home/ddon/software_robocon_2025/build/gamepad_interface
