[0.021s] Invoking command in '/home/ddon/software_robocon_2025/build/robot_bringup': CMAKE_PREFIX_PATH=${CMAKE_PREFIX_PATH}:/opt/ros/humble /usr/bin/cmake /home/ddon/software_robocon_2025/robot_bringup -DCMAKE_INSTALL_PREFIX=/home/ddon/software_robocon_2025/install/robot_bringup
[0.079s] -- The C compiler identification is GNU 11.4.0
[0.138s] -- The CXX compiler identification is GNU 11.4.0
[0.146s] -- Detecting C compiler ABI info
[0.200s] -- Detecting C compiler ABI info - done
[0.207s] -- Check for working C compiler: /usr/bin/cc - skipped
[0.207s] -- Detecting C compile features
[0.208s] -- Detecting C compile features - done
[0.212s] -- Detecting CXX compiler ABI info
[0.279s] -- Detecting CXX compiler ABI info - done
[0.290s] -- Check for working CXX compiler: /usr/bin/c++ - skipped
[0.290s] -- Detecting CXX compile features
[0.291s] -- Detecting CXX compile features - done
[0.293s] -- Found ament_cmake: 1.3.11 (/opt/ros/humble/share/ament_cmake/cmake)
[0.448s] -- Found Python3: /usr/bin/python3 (found version "3.10.12") found components: Interpreter 
[0.642s] -- Configuring done
[0.645s] -- Generating done
[0.647s] -- Build files have been written to: /home/ddon/software_robocon_2025/build/robot_bringup
[0.652s] Invoked command in '/home/ddon/software_robocon_2025/build/robot_bringup' returned '0': CMAKE_PREFIX_PATH=${CMAKE_PREFIX_PATH}:/opt/ros/humble /usr/bin/cmake /home/ddon/software_robocon_2025/robot_bringup -DCMAKE_INSTALL_PREFIX=/home/ddon/software_robocon_2025/install/robot_bringup
[0.653s] Invoking command in '/home/ddon/software_robocon_2025/build/robot_bringup': CMAKE_PREFIX_PATH=${CMAKE_PREFIX_PATH}:/opt/ros/humble /usr/bin/cmake --build /home/ddon/software_robocon_2025/build/robot_bringup -- -j8 -l8
[0.683s] Invoked command in '/home/ddon/software_robocon_2025/build/robot_bringup' returned '0': CMAKE_PREFIX_PATH=${CMAKE_PREFIX_PATH}:/opt/ros/humble /usr/bin/cmake --build /home/ddon/software_robocon_2025/build/robot_bringup -- -j8 -l8
[0.694s] Invoking command in '/home/ddon/software_robocon_2025/build/robot_bringup': CMAKE_PREFIX_PATH=${CMAKE_PREFIX_PATH}:/opt/ros/humble /usr/bin/cmake --install /home/ddon/software_robocon_2025/build/robot_bringup
[0.699s] -- Install configuration: ""
[0.700s] -- Installing: /home/ddon/software_robocon_2025/install/robot_bringup/share/robot_bringup//launch
[0.700s] -- Installing: /home/ddon/software_robocon_2025/install/robot_bringup/share/robot_bringup//launch/complete_robot.launch.py
[0.700s] -- Installing: /home/ddon/software_robocon_2025/install/robot_bringup/share/ament_index/resource_index/package_run_dependencies/robot_bringup
[0.700s] -- Installing: /home/ddon/software_robocon_2025/install/robot_bringup/share/ament_index/resource_index/parent_prefix_path/robot_bringup
[0.700s] -- Installing: /home/ddon/software_robocon_2025/install/robot_bringup/share/robot_bringup/environment/ament_prefix_path.sh
[0.700s] -- Installing: /home/ddon/software_robocon_2025/install/robot_bringup/share/robot_bringup/environment/ament_prefix_path.dsv
[0.700s] -- Installing: /home/ddon/software_robocon_2025/install/robot_bringup/share/robot_bringup/environment/path.sh
[0.700s] -- Installing: /home/ddon/software_robocon_2025/install/robot_bringup/share/robot_bringup/environment/path.dsv
[0.700s] -- Installing: /home/ddon/software_robocon_2025/install/robot_bringup/share/robot_bringup/local_setup.bash
[0.701s] -- Installing: /home/ddon/software_robocon_2025/install/robot_bringup/share/robot_bringup/local_setup.sh
[0.701s] -- Installing: /home/ddon/software_robocon_2025/install/robot_bringup/share/robot_bringup/local_setup.zsh
[0.701s] -- Installing: /home/ddon/software_robocon_2025/install/robot_bringup/share/robot_bringup/local_setup.dsv
[0.701s] -- Installing: /home/ddon/software_robocon_2025/install/robot_bringup/share/robot_bringup/package.dsv
[0.701s] -- Installing: /home/ddon/software_robocon_2025/install/robot_bringup/share/ament_index/resource_index/packages/robot_bringup
[0.701s] -- Installing: /home/ddon/software_robocon_2025/install/robot_bringup/share/robot_bringup/cmake/robot_bringupConfig.cmake
[0.701s] -- Installing: /home/ddon/software_robocon_2025/install/robot_bringup/share/robot_bringup/cmake/robot_bringupConfig-version.cmake
[0.701s] -- Installing: /home/ddon/software_robocon_2025/install/robot_bringup/share/robot_bringup/package.xml
[0.703s] Invoked command in '/home/ddon/software_robocon_2025/build/robot_bringup' returned '0': CMAKE_PREFIX_PATH=${CMAKE_PREFIX_PATH}:/opt/ros/humble /usr/bin/cmake --install /home/ddon/software_robocon_2025/build/robot_bringup
