[0.924s] Invoking command in '/home/ddon/software_robocon_2025/main_controller_pkg': CONDA_PROMPT_MODIFIER=(base) PYTHONPATH=/home/ddon/software_robocon_2025/build/main_controller_pkg/prefix_override:/usr/lib/python3/dist-packages/colcon_core/task/python/colcon_distutils_commands:/home/ddon/software_robocon_2025/install/main_controller_pkg/lib/python3.10/site-packages:${PYTHONPATH} /usr/bin/python3 -W ignore:setup.py install is deprecated -W ignore:easy_install command is deprecated setup.py egg_info --egg-base ../build/main_controller_pkg build --build-base /home/ddon/software_robocon_2025/build/main_controller_pkg/build install --record /home/ddon/software_robocon_2025/build/main_controller_pkg/install.log --single-version-externally-managed install_data
[1.257s] running egg_info
[1.260s] creating ../build/main_controller_pkg/main_controller_pkg.egg-info
[1.260s] writing ../build/main_controller_pkg/main_controller_pkg.egg-info/PKG-INFO
[1.260s] writing dependency_links to ../build/main_controller_pkg/main_controller_pkg.egg-info/dependency_links.txt
[1.260s] writing entry points to ../build/main_controller_pkg/main_controller_pkg.egg-info/entry_points.txt
[1.260s] writing requirements to ../build/main_controller_pkg/main_controller_pkg.egg-info/requires.txt
[1.261s] writing top-level names to ../build/main_controller_pkg/main_controller_pkg.egg-info/top_level.txt
[1.261s] writing manifest file '../build/main_controller_pkg/main_controller_pkg.egg-info/SOURCES.txt'
[1.261s] reading manifest file '../build/main_controller_pkg/main_controller_pkg.egg-info/SOURCES.txt'
[1.262s] writing manifest file '../build/main_controller_pkg/main_controller_pkg.egg-info/SOURCES.txt'
[1.262s] running build
[1.262s] running build_py
[1.263s] creating /home/ddon/software_robocon_2025/build/main_controller_pkg/build
[1.263s] creating /home/ddon/software_robocon_2025/build/main_controller_pkg/build/lib
[1.263s] creating /home/ddon/software_robocon_2025/build/main_controller_pkg/build/lib/main_controller_pkg
[1.263s] copying main_controller_pkg/main_controller_node.py -> /home/ddon/software_robocon_2025/build/main_controller_pkg/build/lib/main_controller_pkg
[1.263s] copying main_controller_pkg/full_calculation_node.py -> /home/ddon/software_robocon_2025/build/main_controller_pkg/build/lib/main_controller_pkg
[1.264s] copying main_controller_pkg/__init__.py -> /home/ddon/software_robocon_2025/build/main_controller_pkg/build/lib/main_controller_pkg
[1.264s] running install
[1.265s] running install_lib
[1.266s] creating /home/ddon/software_robocon_2025/install/main_controller_pkg/lib/python3.10/site-packages/main_controller_pkg
[1.266s] copying /home/ddon/software_robocon_2025/build/main_controller_pkg/build/lib/main_controller_pkg/main_controller_node.py -> /home/ddon/software_robocon_2025/install/main_controller_pkg/lib/python3.10/site-packages/main_controller_pkg
[1.267s] copying /home/ddon/software_robocon_2025/build/main_controller_pkg/build/lib/main_controller_pkg/full_calculation_node.py -> /home/ddon/software_robocon_2025/install/main_controller_pkg/lib/python3.10/site-packages/main_controller_pkg
[1.267s] copying /home/ddon/software_robocon_2025/build/main_controller_pkg/build/lib/main_controller_pkg/__init__.py -> /home/ddon/software_robocon_2025/install/main_controller_pkg/lib/python3.10/site-packages/main_controller_pkg
[1.267s] byte-compiling /home/ddon/software_robocon_2025/install/main_controller_pkg/lib/python3.10/site-packages/main_controller_pkg/main_controller_node.py to main_controller_node.cpython-310.pyc
[1.268s] byte-compiling /home/ddon/software_robocon_2025/install/main_controller_pkg/lib/python3.10/site-packages/main_controller_pkg/full_calculation_node.py to full_calculation_node.cpython-310.pyc
[1.269s] byte-compiling /home/ddon/software_robocon_2025/install/main_controller_pkg/lib/python3.10/site-packages/main_controller_pkg/__init__.py to __init__.cpython-310.pyc
[1.269s] running install_data
[1.270s] creating /home/ddon/software_robocon_2025/install/main_controller_pkg/share/ament_index
[1.270s] creating /home/ddon/software_robocon_2025/install/main_controller_pkg/share/ament_index/resource_index
[1.270s] creating /home/ddon/software_robocon_2025/install/main_controller_pkg/share/ament_index/resource_index/packages
[1.270s] copying resource/main_controller_pkg -> /home/ddon/software_robocon_2025/install/main_controller_pkg/share/ament_index/resource_index/packages
[1.270s] copying package.xml -> /home/ddon/software_robocon_2025/install/main_controller_pkg/share/main_controller_pkg
[1.270s] running install_egg_info
[1.272s] Copying ../build/main_controller_pkg/main_controller_pkg.egg-info to /home/ddon/software_robocon_2025/install/main_controller_pkg/lib/python3.10/site-packages/main_controller_pkg-0.0.0-py3.10.egg-info
[1.273s] running install_scripts
[1.297s] Installing full_calculation_node script to /home/ddon/software_robocon_2025/install/main_controller_pkg/lib/main_controller_pkg
[1.297s] Installing main_controller_node script to /home/ddon/software_robocon_2025/install/main_controller_pkg/lib/main_controller_pkg
[1.298s] writing list of installed files to '/home/ddon/software_robocon_2025/build/main_controller_pkg/install.log'
[1.340s] Invoked command in '/home/ddon/software_robocon_2025/main_controller_pkg' returned '0': CONDA_PROMPT_MODIFIER=(base) PYTHONPATH=/home/ddon/software_robocon_2025/build/main_controller_pkg/prefix_override:/usr/lib/python3/dist-packages/colcon_core/task/python/colcon_distutils_commands:/home/ddon/software_robocon_2025/install/main_controller_pkg/lib/python3.10/site-packages:${PYTHONPATH} /usr/bin/python3 -W ignore:setup.py install is deprecated -W ignore:easy_install command is deprecated setup.py egg_info --egg-base ../build/main_controller_pkg build --build-base /home/ddon/software_robocon_2025/build/main_controller_pkg/build install --record /home/ddon/software_robocon_2025/build/main_controller_pkg/install.log --single-version-externally-managed install_data
