[0.017s] Invoking command in '/home/ddon/software_robocon_2025/build/robot_interfaces': CMAKE_PREFIX_PATH=${CMAKE_PREFIX_PATH}:/opt/ros/humble CONDA_PROMPT_MODIFIER=(base) /usr/bin/cmake --build /home/ddon/software_robocon_2025/build/robot_interfaces -- -j8 -l8
[0.060s] [35m[1mConsolidate compiler generated dependencies of target robot_interfaces__rosidl_generator_c[0m
[0.072s] [  1%] Built target robot_interfaces__cpp
[0.085s] [ 12%] Built target robot_interfaces__rosidl_generator_c
[0.098s] [ 12%] Built target ament_cmake_python_copy_robot_interfaces
[0.098s] [35m[1mConsolidate compiler generated dependencies of target robot_interfaces__rosidl_typesupport_introspection_cpp[0m
[0.100s] [35m[1mConsolidate compiler generated dependencies of target robot_interfaces__rosidl_typesupport_cpp[0m
[0.107s] [35m[1mConsolidate compiler generated dependencies of target robot_interfaces__rosidl_typesupport_fastrtps_cpp[0m
[0.111s] [35m[1mConsolidate compiler generated dependencies of target robot_interfaces__rosidl_typesupport_introspection_c[0m
[0.117s] [35m[1mConsolidate compiler generated dependencies of target robot_interfaces__rosidl_typesupport_fastrtps_c[0m
[0.128s] [35m[1mConsolidate compiler generated dependencies of target robot_interfaces__rosidl_typesupport_c[0m
[0.151s] [ 23%] Built target robot_interfaces__rosidl_typesupport_introspection_cpp
[0.153s] [ 34%] Built target robot_interfaces__rosidl_typesupport_cpp
[0.155s] [ 46%] Built target robot_interfaces__rosidl_typesupport_introspection_c
[0.158s] [ 57%] Built target robot_interfaces__rosidl_typesupport_fastrtps_cpp
[0.163s] [ 68%] Built target robot_interfaces__rosidl_typesupport_fastrtps_c
[0.166s] [ 79%] Built target robot_interfaces__rosidl_typesupport_c
[0.174s] [35m[1mConsolidate compiler generated dependencies of target uart_node[0m
[0.191s] [ 79%] Built target robot_interfaces
[0.199s] [ 82%] Built target uart_node
[0.225s] [ 83%] Built target robot_interfaces__py
[0.245s] [35m[1mConsolidate compiler generated dependencies of target robot_interfaces__rosidl_generator_py[0m
[0.264s] [ 93%] Built target robot_interfaces__rosidl_generator_py
[0.283s] [35m[1mConsolidate compiler generated dependencies of target robot_interfaces__rosidl_typesupport_fastrtps_c__pyext[0m
[0.285s] [35m[1mConsolidate compiler generated dependencies of target robot_interfaces__rosidl_typesupport_c__pyext[0m
[0.293s] [35m[1mConsolidate compiler generated dependencies of target robot_interfaces__rosidl_typesupport_introspection_c__pyext[0m
[0.309s] [ 95%] Built target robot_interfaces__rosidl_typesupport_c__pyext
[0.309s] [ 97%] Built target robot_interfaces__rosidl_typesupport_fastrtps_c__pyext
[0.315s] [100%] Built target robot_interfaces__rosidl_typesupport_introspection_c__pyext
[0.500s] running egg_info
[0.536s] writing robot_interfaces.egg-info/PKG-INFO
[0.536s] writing dependency_links to robot_interfaces.egg-info/dependency_links.txt
[0.537s] writing top-level names to robot_interfaces.egg-info/top_level.txt
[0.643s] reading manifest file 'robot_interfaces.egg-info/SOURCES.txt'
[0.644s] writing manifest file 'robot_interfaces.egg-info/SOURCES.txt'
[0.691s] [100%] Built target ament_cmake_python_build_robot_interfaces_egg
