-- Found ament_cmake: 1.3.11 (/opt/ros/humble/share/ament_cmake/cmake)
-- Found rclcpp: 16.0.11 (/opt/ros/humble/share/rclcpp/cmake)
-- Found rosidl_generator_c: 3.1.6 (/opt/ros/humble/share/rosidl_generator_c/cmake)
-- Found rosidl_adapter: 3.1.6 (/opt/ros/humble/share/rosidl_adapter/cmake)
-- Found rosidl_generator_cpp: 3.1.6 (/opt/ros/humble/share/rosidl_generator_cpp/cmake)
-- Using all available rosidl_typesupport_c: rosidl_typesupport_fastrtps_c;rosidl_typesupport_introspection_c
-- Using all available rosidl_typesupport_cpp: rosidl_typesupport_fastrtps_cpp;rosidl_typesupport_introspection_cpp
-- Found rmw_implementation_cmake: 6.1.2 (/opt/ros/humble/share/rmw_implementation_cmake/cmake)
-- Found rmw_fastrtps_cpp: 6.2.7 (/opt/ros/humble/share/rmw_fastrtps_cpp/cmake)
-- Using RMW implementation 'rmw_fastrtps_cpp' as default
-- Found robot_interfaces: 0.0.0 (/home/ddon/software_robocon_2025/install/robot_interfaces/share/robot_interfaces/cmake)
-- Found ament_lint_auto: 0.12.11 (/opt/ros/humble/share/ament_lint_auto/cmake)
-- Added test 'cppcheck' to perform static code analysis on C / C++ code
-- Configured cppcheck include dirs: $<BUILD_INTERFACE:/home/ddon/software_robocon_2025/odrive_interface/include>
-- Configured cppcheck exclude dirs and/or files: 
-- Added test 'lint_cmake' to check CMake code style
-- Added test 'uncrustify' to check C / C++ code style
-- Configured uncrustify additional arguments: 
-- Added test 'xmllint' to check XML markup files
-- Configuring done
-- Generating done
-- Build files have been written to: /home/ddon/software_robocon_2025/build/odrive_interface
[ 50%] [32mBuilding CXX object CMakeFiles/odrive_interface_node.dir/src/odrive_motor.cpp.o[0m
[ 50%] [32mBuilding CXX object CMakeFiles/odrive_interface_node.dir/src/odrive_interface.cpp.o[0m
[ 75%] [32mBuilding CXX object CMakeFiles/odrive_interface_node.dir/src/can_comm.cpp.o[0m
[100%] [32m[1mLinking CXX executable odrive_interface_node[0m
[100%] Built target odrive_interface_node
-- Install configuration: ""
-- Installing: /home/ddon/software_robocon_2025/install/odrive_interface/lib/odrive_interface/odrive_interface_node
-- Set runtime path of "/home/ddon/software_robocon_2025/install/odrive_interface/lib/odrive_interface/odrive_interface_node" to ""
-- Installing: /home/ddon/software_robocon_2025/install/odrive_interface/include
-- Installing: /home/ddon/software_robocon_2025/install/odrive_interface/include/odrive_interface
-- Installing: /home/ddon/software_robocon_2025/install/odrive_interface/include/odrive_interface/can_comm.hpp
-- Installing: /home/ddon/software_robocon_2025/install/odrive_interface/include/odrive_interface/odrive_motor.hpp
-- Installing: /home/ddon/software_robocon_2025/install/odrive_interface/share/ament_index/resource_index/package_run_dependencies/odrive_interface
-- Installing: /home/ddon/software_robocon_2025/install/odrive_interface/share/ament_index/resource_index/parent_prefix_path/odrive_interface
-- Up-to-date: /home/ddon/software_robocon_2025/install/odrive_interface/share/odrive_interface/environment/ament_prefix_path.sh
-- Installing: /home/ddon/software_robocon_2025/install/odrive_interface/share/odrive_interface/environment/ament_prefix_path.dsv
-- Up-to-date: /home/ddon/software_robocon_2025/install/odrive_interface/share/odrive_interface/environment/path.sh
-- Installing: /home/ddon/software_robocon_2025/install/odrive_interface/share/odrive_interface/environment/path.dsv
-- Up-to-date: /home/ddon/software_robocon_2025/install/odrive_interface/share/odrive_interface/local_setup.bash
-- Up-to-date: /home/ddon/software_robocon_2025/install/odrive_interface/share/odrive_interface/local_setup.sh
-- Up-to-date: /home/ddon/software_robocon_2025/install/odrive_interface/share/odrive_interface/local_setup.zsh
-- Installing: /home/ddon/software_robocon_2025/install/odrive_interface/share/odrive_interface/local_setup.dsv
-- Installing: /home/ddon/software_robocon_2025/install/odrive_interface/share/odrive_interface/package.dsv
-- Up-to-date: /home/ddon/software_robocon_2025/install/odrive_interface/share/ament_index/resource_index/packages/odrive_interface
-- Up-to-date: /home/ddon/software_robocon_2025/install/odrive_interface/share/odrive_interface/cmake/odrive_interfaceConfig.cmake
-- Up-to-date: /home/ddon/software_robocon_2025/install/odrive_interface/share/odrive_interface/cmake/odrive_interfaceConfig-version.cmake
-- Installing: /home/ddon/software_robocon_2025/install/odrive_interface/share/odrive_interface/package.xml
