[0.465s] Invoking command in '/home/ddon/software_robocon_2025/build/odrive_interface': CMAKE_PREFIX_PATH=${CMAKE_PREFIX_PATH}:/opt/ros/humble CONDA_PROMPT_MODIFIER=(base) /usr/bin/cmake --build /home/ddon/software_robocon_2025/build/odrive_interface -- -j8 -l8
[0.492s] -- Found ament_cmake: 1.3.11 (/opt/ros/humble/share/ament_cmake/cmake)
[0.667s] -- Found rclcpp: 16.0.11 (/opt/ros/humble/share/rclcpp/cmake)
[0.700s] -- Found rosidl_generator_c: 3.1.6 (/opt/ros/humble/share/rosidl_generator_c/cmake)
[0.703s] -- Found rosidl_adapter: 3.1.6 (/opt/ros/humble/share/rosidl_adapter/cmake)
[0.711s] -- Found rosidl_generator_cpp: 3.1.6 (/opt/ros/humble/share/rosidl_generator_cpp/cmake)
[0.723s] -- Using all available rosidl_typesupport_c: rosidl_typesupport_fastrtps_c;rosidl_typesupport_introspection_c
[0.738s] -- Using all available rosidl_typesupport_cpp: rosidl_typesupport_fastrtps_cpp;rosidl_typesupport_introspection_cpp
[0.777s] -- Found rmw_implementation_cmake: 6.1.2 (/opt/ros/humble/share/rmw_implementation_cmake/cmake)
[0.779s] -- Found rmw_fastrtps_cpp: 6.2.7 (/opt/ros/humble/share/rmw_fastrtps_cpp/cmake)
[0.891s] -- Using RMW implementation 'rmw_fastrtps_cpp' as default
[0.953s] -- Found robot_interfaces: 0.0.0 (/home/ddon/software_robocon_2025/install/robot_interfaces/share/robot_interfaces/cmake)
[0.968s] -- Found ament_lint_auto: 0.12.11 (/opt/ros/humble/share/ament_lint_auto/cmake)
[1.087s] -- Added test 'cppcheck' to perform static code analysis on C / C++ code
[1.087s] -- Configured cppcheck include dirs: $<BUILD_INTERFACE:/home/ddon/software_robocon_2025/odrive_interface/include>
[1.087s] -- Configured cppcheck exclude dirs and/or files: 
[1.088s] -- Added test 'lint_cmake' to check CMake code style
[1.089s] -- Added test 'uncrustify' to check C / C++ code style
[1.089s] -- Configured uncrustify additional arguments: 
[1.090s] -- Added test 'xmllint' to check XML markup files
[1.091s] -- Configuring done
[1.104s] -- Generating done
[1.110s] -- Build files have been written to: /home/ddon/software_robocon_2025/build/odrive_interface
[1.152s] [ 50%] [32mBuilding CXX object CMakeFiles/odrive_interface_node.dir/src/odrive_motor.cpp.o[0m
[1.152s] [ 50%] [32mBuilding CXX object CMakeFiles/odrive_interface_node.dir/src/odrive_interface.cpp.o[0m
[1.156s] [ 75%] [32mBuilding CXX object CMakeFiles/odrive_interface_node.dir/src/can_comm.cpp.o[0m
[6.340s] [100%] [32m[1mLinking CXX executable odrive_interface_node[0m
[6.579s] [100%] Built target odrive_interface_node
[6.591s] Invoked command in '/home/ddon/software_robocon_2025/build/odrive_interface' returned '0': CMAKE_PREFIX_PATH=${CMAKE_PREFIX_PATH}:/opt/ros/humble CONDA_PROMPT_MODIFIER=(base) /usr/bin/cmake --build /home/ddon/software_robocon_2025/build/odrive_interface -- -j8 -l8
[6.592s] Invoking command in '/home/ddon/software_robocon_2025/build/odrive_interface': CMAKE_PREFIX_PATH=${CMAKE_PREFIX_PATH}:/opt/ros/humble CONDA_PROMPT_MODIFIER=(base) /usr/bin/cmake --install /home/ddon/software_robocon_2025/build/odrive_interface
[6.601s] -- Install configuration: ""
[6.601s] -- Installing: /home/ddon/software_robocon_2025/install/odrive_interface/lib/odrive_interface/odrive_interface_node
[6.602s] -- Set runtime path of "/home/ddon/software_robocon_2025/install/odrive_interface/lib/odrive_interface/odrive_interface_node" to ""
[6.602s] -- Installing: /home/ddon/software_robocon_2025/install/odrive_interface/include
[6.602s] -- Installing: /home/ddon/software_robocon_2025/install/odrive_interface/include/odrive_interface
[6.602s] -- Installing: /home/ddon/software_robocon_2025/install/odrive_interface/include/odrive_interface/can_comm.hpp
[6.602s] -- Installing: /home/ddon/software_robocon_2025/install/odrive_interface/include/odrive_interface/odrive_motor.hpp
[6.603s] -- Installing: /home/ddon/software_robocon_2025/install/odrive_interface/share/ament_index/resource_index/package_run_dependencies/odrive_interface
[6.603s] -- Installing: /home/ddon/software_robocon_2025/install/odrive_interface/share/ament_index/resource_index/parent_prefix_path/odrive_interface
[6.603s] -- Up-to-date: /home/ddon/software_robocon_2025/install/odrive_interface/share/odrive_interface/environment/ament_prefix_path.sh
[6.603s] -- Installing: /home/ddon/software_robocon_2025/install/odrive_interface/share/odrive_interface/environment/ament_prefix_path.dsv
[6.603s] -- Up-to-date: /home/ddon/software_robocon_2025/install/odrive_interface/share/odrive_interface/environment/path.sh
[6.603s] -- Installing: /home/ddon/software_robocon_2025/install/odrive_interface/share/odrive_interface/environment/path.dsv
[6.603s] -- Up-to-date: /home/ddon/software_robocon_2025/install/odrive_interface/share/odrive_interface/local_setup.bash
[6.603s] -- Up-to-date: /home/ddon/software_robocon_2025/install/odrive_interface/share/odrive_interface/local_setup.sh
[6.604s] -- Up-to-date: /home/ddon/software_robocon_2025/install/odrive_interface/share/odrive_interface/local_setup.zsh
[6.604s] -- Installing: /home/ddon/software_robocon_2025/install/odrive_interface/share/odrive_interface/local_setup.dsv
[6.604s] -- Installing: /home/ddon/software_robocon_2025/install/odrive_interface/share/odrive_interface/package.dsv
[6.604s] -- Up-to-date: /home/ddon/software_robocon_2025/install/odrive_interface/share/ament_index/resource_index/packages/odrive_interface
[6.604s] -- Up-to-date: /home/ddon/software_robocon_2025/install/odrive_interface/share/odrive_interface/cmake/odrive_interfaceConfig.cmake
[6.604s] -- Up-to-date: /home/ddon/software_robocon_2025/install/odrive_interface/share/odrive_interface/cmake/odrive_interfaceConfig-version.cmake
[6.604s] -- Installing: /home/ddon/software_robocon_2025/install/odrive_interface/share/odrive_interface/package.xml
[6.606s] Invoked command in '/home/ddon/software_robocon_2025/build/odrive_interface' returned '0': CMAKE_PREFIX_PATH=${CMAKE_PREFIX_PATH}:/opt/ros/humble CONDA_PROMPT_MODIFIER=(base) /usr/bin/cmake --install /home/ddon/software_robocon_2025/build/odrive_interface
