[0.014s] Invoking command in '/home/ddon/software_robocon_2025/build/gamepad_interface': AMENT_PREFIX_PATH=/home/ddon/software_robocon_2025/install/robot_interfaces:${AMENT_PREFIX_PATH} CMAKE_PREFIX_PATH=/home/ddon/software_robocon_2025/install/robot_interfaces:/home/ddon/ros2_ws_cpp/install/shooter_control:/home/ddon/ros2_ws_cpp/install/robot_interfaces:/home/ddon/ros2_ws_cpp/install/robot_bringup:/home/ddon/ros2_ws_cpp/install/odrive_interface:/home/ddon/ros2_ws_cpp/install/can_control_package:/home/ddon/ros2_ws_cpp/install/odrive_custom_msg:/home/ddon/ros2_ws_cpp/install/odrive_can_cpp:/home/ddon/ros2_ws_cpp/install/mecanum_drivetrain:/home/ddon/ros2_ws_cpp/install/gamepad_interface:/home/ddon/ros2_ws_cpp/install/dual_sense_controller:/home/ddon/ros2_ws_cpp/install/astra_camera_msgs:/opt/ros/humble LD_LIBRARY_PATH=/home/ddon/software_robocon_2025/install/robot_interfaces/lib:${LD_LIBRARY_PATH} PYTHONPATH=/home/ddon/software_robocon_2025/install/robot_interfaces/local/lib/python3.10/dist-packages:${PYTHONPATH} /usr/bin/cmake /home/ddon/software_robocon_2025/gamepad_interface -DCMAKE_INSTALL_PREFIX=/home/ddon/software_robocon_2025/install/gamepad_interface
[0.340s] -- The C compiler identification is GNU 11.4.0
[0.340s] -- The CXX compiler identification is GNU 11.4.0
[0.340s] -- Detecting C compiler ABI info
[0.340s] -- Detecting C compiler ABI info - done
[0.340s] -- Check for working C compiler: /usr/bin/cc - skipped
[0.340s] -- Detecting C compile features
[0.340s] -- Detecting C compile features - done
[0.341s] -- Detecting CXX compiler ABI info
[0.341s] -- Detecting CXX compiler ABI info - done
[0.341s] -- Check for working CXX compiler: /usr/bin/c++ - skipped
[0.341s] -- Detecting CXX compile features
[0.341s] -- Detecting CXX compile features - done
[0.341s] -- Found ament_cmake: 1.3.11 (/opt/ros/humble/share/ament_cmake/cmake)
[0.422s] -- Found Python3: /usr/bin/python3 (found version "3.10.12") found components: Interpreter 
[0.541s] -- Found rclcpp: 16.0.11 (/opt/ros/humble/share/rclcpp/cmake)
[0.603s] -- Found rosidl_generator_c: 3.1.6 (/opt/ros/humble/share/rosidl_generator_c/cmake)
[0.614s] -- Found rosidl_adapter: 3.1.6 (/opt/ros/humble/share/rosidl_adapter/cmake)
[0.627s] -- Found rosidl_generator_cpp: 3.1.6 (/opt/ros/humble/share/rosidl_generator_cpp/cmake)
[0.647s] -- Using all available rosidl_typesupport_c: rosidl_typesupport_fastrtps_c;rosidl_typesupport_introspection_c
[0.681s] -- Using all available rosidl_typesupport_cpp: rosidl_typesupport_fastrtps_cpp;rosidl_typesupport_introspection_cpp
[0.736s] -- Found rmw_implementation_cmake: 6.1.2 (/opt/ros/humble/share/rmw_implementation_cmake/cmake)
[0.738s] -- Found rmw_fastrtps_cpp: 6.2.7 (/opt/ros/humble/share/rmw_fastrtps_cpp/cmake)
[0.838s] -- Found OpenSSL: /usr/lib/x86_64-linux-gnu/libcrypto.so (found version "3.0.2")  
[0.878s] -- Found FastRTPS: /opt/ros/humble/include  
[0.936s] -- Using RMW implementation 'rmw_fastrtps_cpp' as default
[0.949s] -- Looking for pthread.h
[1.037s] -- Looking for pthread.h - found
[1.038s] -- Performing Test CMAKE_HAVE_LIBC_PTHREAD
[1.104s] -- Performing Test CMAKE_HAVE_LIBC_PTHREAD - Success
[1.105s] -- Found Threads: TRUE  
[1.155s] -- Found robot_interfaces: 0.0.0 (/home/ddon/software_robocon_2025/install/robot_interfaces/share/robot_interfaces/cmake)
[1.221s] -- Configuring done
[1.229s] -- Generating done
[1.232s] -- Build files have been written to: /home/ddon/software_robocon_2025/build/gamepad_interface
[1.242s] Invoked command in '/home/ddon/software_robocon_2025/build/gamepad_interface' returned '0': AMENT_PREFIX_PATH=/home/ddon/software_robocon_2025/install/robot_interfaces:${AMENT_PREFIX_PATH} CMAKE_PREFIX_PATH=/home/ddon/software_robocon_2025/install/robot_interfaces:/home/ddon/ros2_ws_cpp/install/shooter_control:/home/ddon/ros2_ws_cpp/install/robot_interfaces:/home/ddon/ros2_ws_cpp/install/robot_bringup:/home/ddon/ros2_ws_cpp/install/odrive_interface:/home/ddon/ros2_ws_cpp/install/can_control_package:/home/ddon/ros2_ws_cpp/install/odrive_custom_msg:/home/ddon/ros2_ws_cpp/install/odrive_can_cpp:/home/ddon/ros2_ws_cpp/install/mecanum_drivetrain:/home/ddon/ros2_ws_cpp/install/gamepad_interface:/home/ddon/ros2_ws_cpp/install/dual_sense_controller:/home/ddon/ros2_ws_cpp/install/astra_camera_msgs:/opt/ros/humble LD_LIBRARY_PATH=/home/ddon/software_robocon_2025/install/robot_interfaces/lib:${LD_LIBRARY_PATH} PYTHONPATH=/home/ddon/software_robocon_2025/install/robot_interfaces/local/lib/python3.10/dist-packages:${PYTHONPATH} /usr/bin/cmake /home/ddon/software_robocon_2025/gamepad_interface -DCMAKE_INSTALL_PREFIX=/home/ddon/software_robocon_2025/install/gamepad_interface
[1.244s] Invoking command in '/home/ddon/software_robocon_2025/build/gamepad_interface': AMENT_PREFIX_PATH=/home/ddon/software_robocon_2025/install/robot_interfaces:${AMENT_PREFIX_PATH} CMAKE_PREFIX_PATH=/home/ddon/software_robocon_2025/install/robot_interfaces:/home/ddon/ros2_ws_cpp/install/shooter_control:/home/ddon/ros2_ws_cpp/install/robot_interfaces:/home/ddon/ros2_ws_cpp/install/robot_bringup:/home/ddon/ros2_ws_cpp/install/odrive_interface:/home/ddon/ros2_ws_cpp/install/can_control_package:/home/ddon/ros2_ws_cpp/install/odrive_custom_msg:/home/ddon/ros2_ws_cpp/install/odrive_can_cpp:/home/ddon/ros2_ws_cpp/install/mecanum_drivetrain:/home/ddon/ros2_ws_cpp/install/gamepad_interface:/home/ddon/ros2_ws_cpp/install/dual_sense_controller:/home/ddon/ros2_ws_cpp/install/astra_camera_msgs:/opt/ros/humble LD_LIBRARY_PATH=/home/ddon/software_robocon_2025/install/robot_interfaces/lib:${LD_LIBRARY_PATH} PYTHONPATH=/home/ddon/software_robocon_2025/install/robot_interfaces/local/lib/python3.10/dist-packages:${PYTHONPATH} /usr/bin/cmake --build /home/ddon/software_robocon_2025/build/gamepad_interface -- -j8 -l8
[1.282s] [ 16%] [32mBuilding CXX object CMakeFiles/gamepad_driver.dir/src/gamepad.cpp.o[0m
[1.586s] [ 33%] [32m[1mLinking CXX static library libgamepad_driver.a[0m
[1.622s] [ 33%] Built target gamepad_driver
[1.657s] [ 50%] [32mBuilding CXX object CMakeFiles/robot_input_mapper.dir/src/mapper.cpp.o[0m
[2.658s] [ 66%] [32m[1mLinking CXX static library librobot_input_mapper.a[0m
[2.737s] [ 66%] Built target robot_input_mapper
[2.798s] [ 83%] [32mBuilding CXX object CMakeFiles/gamepad_node.dir/src/gamepad_node.cpp.o[0m
[11.500s] [100%] [32m[1mLinking CXX executable gamepad_node[0m
[11.725s] [100%] Built target gamepad_node
[11.733s] Invoked command in '/home/ddon/software_robocon_2025/build/gamepad_interface' returned '0': AMENT_PREFIX_PATH=/home/ddon/software_robocon_2025/install/robot_interfaces:${AMENT_PREFIX_PATH} CMAKE_PREFIX_PATH=/home/ddon/software_robocon_2025/install/robot_interfaces:/home/ddon/ros2_ws_cpp/install/shooter_control:/home/ddon/ros2_ws_cpp/install/robot_interfaces:/home/ddon/ros2_ws_cpp/install/robot_bringup:/home/ddon/ros2_ws_cpp/install/odrive_interface:/home/ddon/ros2_ws_cpp/install/can_control_package:/home/ddon/ros2_ws_cpp/install/odrive_custom_msg:/home/ddon/ros2_ws_cpp/install/odrive_can_cpp:/home/ddon/ros2_ws_cpp/install/mecanum_drivetrain:/home/ddon/ros2_ws_cpp/install/gamepad_interface:/home/ddon/ros2_ws_cpp/install/dual_sense_controller:/home/ddon/ros2_ws_cpp/install/astra_camera_msgs:/opt/ros/humble LD_LIBRARY_PATH=/home/ddon/software_robocon_2025/install/robot_interfaces/lib:${LD_LIBRARY_PATH} PYTHONPATH=/home/ddon/software_robocon_2025/install/robot_interfaces/local/lib/python3.10/dist-packages:${PYTHONPATH} /usr/bin/cmake --build /home/ddon/software_robocon_2025/build/gamepad_interface -- -j8 -l8
[11.734s] Invoking command in '/home/ddon/software_robocon_2025/build/gamepad_interface': AMENT_PREFIX_PATH=/home/ddon/software_robocon_2025/install/robot_interfaces:${AMENT_PREFIX_PATH} CMAKE_PREFIX_PATH=/home/ddon/software_robocon_2025/install/robot_interfaces:/home/ddon/ros2_ws_cpp/install/shooter_control:/home/ddon/ros2_ws_cpp/install/robot_interfaces:/home/ddon/ros2_ws_cpp/install/robot_bringup:/home/ddon/ros2_ws_cpp/install/odrive_interface:/home/ddon/ros2_ws_cpp/install/can_control_package:/home/ddon/ros2_ws_cpp/install/odrive_custom_msg:/home/ddon/ros2_ws_cpp/install/odrive_can_cpp:/home/ddon/ros2_ws_cpp/install/mecanum_drivetrain:/home/ddon/ros2_ws_cpp/install/gamepad_interface:/home/ddon/ros2_ws_cpp/install/dual_sense_controller:/home/ddon/ros2_ws_cpp/install/astra_camera_msgs:/opt/ros/humble LD_LIBRARY_PATH=/home/ddon/software_robocon_2025/install/robot_interfaces/lib:${LD_LIBRARY_PATH} PYTHONPATH=/home/ddon/software_robocon_2025/install/robot_interfaces/local/lib/python3.10/dist-packages:${PYTHONPATH} /usr/bin/cmake --install /home/ddon/software_robocon_2025/build/gamepad_interface
[11.740s] -- Install configuration: ""
[11.740s] -- Installing: /home/ddon/software_robocon_2025/install/gamepad_interface/include
[11.740s] -- Installing: /home/ddon/software_robocon_2025/install/gamepad_interface/include/gamepad_interface
[11.740s] -- Installing: /home/ddon/software_robocon_2025/install/gamepad_interface/include/gamepad_interface/mapper.hpp
[11.740s] -- Installing: /home/ddon/software_robocon_2025/install/gamepad_interface/include/gamepad_interface/gamepad.hpp
[11.741s] -- Installing: /home/ddon/software_robocon_2025/install/gamepad_interface/lib/libgamepad_driver.a
[11.741s] -- Installing: /home/ddon/software_robocon_2025/install/gamepad_interface/lib/librobot_input_mapper.a
[11.741s] -- Installing: /home/ddon/software_robocon_2025/install/gamepad_interface/lib/gamepad_interface/gamepad_node
[11.742s] -- Set runtime path of "/home/ddon/software_robocon_2025/install/gamepad_interface/lib/gamepad_interface/gamepad_node" to ""
[11.742s] -- Installing: /home/ddon/software_robocon_2025/install/gamepad_interface/share/ament_index/resource_index/package_run_dependencies/gamepad_interface
[11.742s] -- Installing: /home/ddon/software_robocon_2025/install/gamepad_interface/share/ament_index/resource_index/parent_prefix_path/gamepad_interface
[11.742s] -- Installing: /home/ddon/software_robocon_2025/install/gamepad_interface/share/gamepad_interface/environment/ament_prefix_path.sh
[11.742s] -- Installing: /home/ddon/software_robocon_2025/install/gamepad_interface/share/gamepad_interface/environment/ament_prefix_path.dsv
[11.742s] -- Installing: /home/ddon/software_robocon_2025/install/gamepad_interface/share/gamepad_interface/environment/path.sh
[11.742s] -- Installing: /home/ddon/software_robocon_2025/install/gamepad_interface/share/gamepad_interface/environment/path.dsv
[11.743s] -- Installing: /home/ddon/software_robocon_2025/install/gamepad_interface/share/gamepad_interface/local_setup.bash
[11.743s] -- Installing: /home/ddon/software_robocon_2025/install/gamepad_interface/share/gamepad_interface/local_setup.sh
[11.743s] -- Installing: /home/ddon/software_robocon_2025/install/gamepad_interface/share/gamepad_interface/local_setup.zsh
[11.743s] -- Installing: /home/ddon/software_robocon_2025/install/gamepad_interface/share/gamepad_interface/local_setup.dsv
[11.743s] -- Installing: /home/ddon/software_robocon_2025/install/gamepad_interface/share/gamepad_interface/package.dsv
[11.743s] -- Installing: /home/ddon/software_robocon_2025/install/gamepad_interface/share/ament_index/resource_index/packages/gamepad_interface
[11.743s] -- Installing: /home/ddon/software_robocon_2025/install/gamepad_interface/share/gamepad_interface/cmake/gamepad_interfaceConfig.cmake
[11.743s] -- Installing: /home/ddon/software_robocon_2025/install/gamepad_interface/share/gamepad_interface/cmake/gamepad_interfaceConfig-version.cmake
[11.743s] -- Installing: /home/ddon/software_robocon_2025/install/gamepad_interface/share/gamepad_interface/package.xml
[11.745s] Invoked command in '/home/ddon/software_robocon_2025/build/gamepad_interface' returned '0': AMENT_PREFIX_PATH=/home/ddon/software_robocon_2025/install/robot_interfaces:${AMENT_PREFIX_PATH} CMAKE_PREFIX_PATH=/home/ddon/software_robocon_2025/install/robot_interfaces:/home/ddon/ros2_ws_cpp/install/shooter_control:/home/ddon/ros2_ws_cpp/install/robot_interfaces:/home/ddon/ros2_ws_cpp/install/robot_bringup:/home/ddon/ros2_ws_cpp/install/odrive_interface:/home/ddon/ros2_ws_cpp/install/can_control_package:/home/ddon/ros2_ws_cpp/install/odrive_custom_msg:/home/ddon/ros2_ws_cpp/install/odrive_can_cpp:/home/ddon/ros2_ws_cpp/install/mecanum_drivetrain:/home/ddon/ros2_ws_cpp/install/gamepad_interface:/home/ddon/ros2_ws_cpp/install/dual_sense_controller:/home/ddon/ros2_ws_cpp/install/astra_camera_msgs:/opt/ros/humble LD_LIBRARY_PATH=/home/ddon/software_robocon_2025/install/robot_interfaces/lib:${LD_LIBRARY_PATH} PYTHONPATH=/home/ddon/software_robocon_2025/install/robot_interfaces/local/lib/python3.10/dist-packages:${PYTHONPATH} /usr/bin/cmake --install /home/ddon/software_robocon_2025/build/gamepad_interface
