[0.018s] Invoking command in '/home/ddon/software_robocon_2025/build/gamepad_interface': CMAKE_PREFIX_PATH=${CMAKE_PREFIX_PATH}:/opt/ros/humble CONDA_PROMPT_MODIFIER=(base) /usr/bin/cmake --build /home/ddon/software_robocon_2025/build/gamepad_interface -- -j8 -l8
[0.040s] -- Found ament_cmake: 1.3.11 (/opt/ros/humble/share/ament_cmake/cmake)
[0.284s] -- Found rclcpp: 16.0.11 (/opt/ros/humble/share/rclcpp/cmake)
[0.321s] -- Found rosidl_generator_c: 3.1.6 (/opt/ros/humble/share/rosidl_generator_c/cmake)
[0.325s] -- Found rosidl_adapter: 3.1.6 (/opt/ros/humble/share/rosidl_adapter/cmake)
[0.334s] -- Found rosidl_generator_cpp: 3.1.6 (/opt/ros/humble/share/rosidl_generator_cpp/cmake)
[0.348s] -- Using all available rosidl_typesupport_c: rosidl_typesupport_fastrtps_c;rosidl_typesupport_introspection_c
[0.367s] -- Using all available rosidl_typesupport_cpp: rosidl_typesupport_fastrtps_cpp;rosidl_typesupport_introspection_cpp
[0.415s] -- Found rmw_implementation_cmake: 6.1.2 (/opt/ros/humble/share/rmw_implementation_cmake/cmake)
[0.417s] -- Found rmw_fastrtps_cpp: 6.2.7 (/opt/ros/humble/share/rmw_fastrtps_cpp/cmake)
[0.553s] -- Using RMW implementation 'rmw_fastrtps_cpp' as default
[0.630s] -- Found robot_interfaces: 0.0.0 (/home/ddon/software_robocon_2025/install/robot_interfaces/share/robot_interfaces/cmake)
[0.643s] [31mCMake Error at CMakeLists.txt:30 (target_link_libraries):
[0.644s]   Cannot specify link libraries for target "gamepad_node" which is not built
[0.644s]   by this project.
[0.644s] 
[0.644s] [0m
[0.644s] -- Configuring incomplete, errors occurred!
[0.644s] See also "/home/ddon/software_robocon_2025/build/gamepad_interface/CMakeFiles/CMakeOutput.log".
[0.655s] gmake: *** [Makefile:226: cmake_check_build_system] Error 1
[0.676s] Invoked command in '/home/ddon/software_robocon_2025/build/gamepad_interface' returned '2': CMAKE_PREFIX_PATH=${CMAKE_PREFIX_PATH}:/opt/ros/humble CONDA_PROMPT_MODIFIER=(base) /usr/bin/cmake --build /home/ddon/software_robocon_2025/build/gamepad_interface -- -j8 -l8
