[0.312s] Invoking command in '/home/ddon/software_robocon_2025/build/odrive_interface': CMAKE_PREFIX_PATH=${CMAKE_PREFIX_PATH}:/opt/ros/humble /usr/bin/cmake /home/ddon/software_robocon_2025/odrive_interface -DCMAKE_INSTALL_PREFIX=/home/ddon/software_robocon_2025/install/odrive_interface
[0.371s] -- The C compiler identification is GNU 11.4.0
[0.445s] -- The CXX compiler identification is GNU 11.4.0
[0.452s] -- Detecting C compiler ABI info
[0.535s] -- Detecting C compiler ABI info - done
[0.548s] -- Check for working C compiler: /usr/bin/cc - skipped
[0.548s] -- Detecting C compile features
[0.549s] -- Detecting C compile features - done
[0.555s] -- Detecting CXX compiler ABI info
[0.640s] -- Detecting CXX compiler ABI info - done
[0.653s] -- Check for working CXX compiler: /usr/bin/c++ - skipped
[0.653s] -- Detecting CXX compile features
[0.653s] -- Detecting CXX compile features - done
[0.655s] -- Found ament_cmake: 1.3.11 (/opt/ros/humble/share/ament_cmake/cmake)
[0.824s] -- Found Python3: /usr/bin/python3 (found version "3.10.12") found components: Interpreter 
[0.968s] -- Found rclcpp: 16.0.11 (/opt/ros/humble/share/rclcpp/cmake)
[1.037s] -- Found rosidl_generator_c: 3.1.6 (/opt/ros/humble/share/rosidl_generator_c/cmake)
[1.047s] -- Found rosidl_adapter: 3.1.6 (/opt/ros/humble/share/rosidl_adapter/cmake)
[1.062s] -- Found rosidl_generator_cpp: 3.1.6 (/opt/ros/humble/share/rosidl_generator_cpp/cmake)
[1.086s] -- Using all available rosidl_typesupport_c: rosidl_typesupport_fastrtps_c;rosidl_typesupport_introspection_c
[1.110s] -- Using all available rosidl_typesupport_cpp: rosidl_typesupport_fastrtps_cpp;rosidl_typesupport_introspection_cpp
[1.174s] -- Found rmw_implementation_cmake: 6.1.2 (/opt/ros/humble/share/rmw_implementation_cmake/cmake)
[1.176s] -- Found rmw_fastrtps_cpp: 6.2.7 (/opt/ros/humble/share/rmw_fastrtps_cpp/cmake)
[1.272s] -- Found OpenSSL: /usr/lib/x86_64-linux-gnu/libcrypto.so (found version "3.0.2")  
[1.298s] -- Found FastRTPS: /opt/ros/humble/include  
[1.334s] -- Using RMW implementation 'rmw_fastrtps_cpp' as default
[1.343s] -- Looking for pthread.h
[1.400s] -- Looking for pthread.h - found
[1.401s] -- Performing Test CMAKE_HAVE_LIBC_PTHREAD
[1.460s] -- Performing Test CMAKE_HAVE_LIBC_PTHREAD - Success
[1.461s] -- Found Threads: TRUE  
[1.516s] -- Found robot_interfaces: 0.0.0 (/home/ddon/software_robocon_2025/install/robot_interfaces/share/robot_interfaces/cmake)
[1.535s] -- Found ament_lint_auto: 0.12.11 (/opt/ros/humble/share/ament_lint_auto/cmake)
[1.670s] -- Added test 'cppcheck' to perform static code analysis on C / C++ code
[1.670s] -- Configured cppcheck include dirs: $<BUILD_INTERFACE:/home/ddon/software_robocon_2025/odrive_interface/include>
[1.670s] -- Configured cppcheck exclude dirs and/or files: 
[1.670s] -- Added test 'lint_cmake' to check CMake code style
[1.673s] -- Added test 'uncrustify' to check C / C++ code style
[1.674s] -- Configured uncrustify additional arguments: 
[1.678s] -- Added test 'xmllint' to check XML markup files
[1.684s] -- Configuring done
[1.702s] -- Generating done
[1.708s] -- Build files have been written to: /home/ddon/software_robocon_2025/build/odrive_interface
[1.729s] Invoked command in '/home/ddon/software_robocon_2025/build/odrive_interface' returned '0': CMAKE_PREFIX_PATH=${CMAKE_PREFIX_PATH}:/opt/ros/humble /usr/bin/cmake /home/ddon/software_robocon_2025/odrive_interface -DCMAKE_INSTALL_PREFIX=/home/ddon/software_robocon_2025/install/odrive_interface
[1.731s] Invoking command in '/home/ddon/software_robocon_2025/build/odrive_interface': CMAKE_PREFIX_PATH=${CMAKE_PREFIX_PATH}:/opt/ros/humble /usr/bin/cmake --build /home/ddon/software_robocon_2025/build/odrive_interface -- -j8 -l8
[1.832s] [ 25%] [32mBuilding CXX object CMakeFiles/odrive_interface_node.dir/src/odrive_interface.cpp.o[0m
[1.836s] [ 50%] [32mBuilding CXX object CMakeFiles/odrive_interface_node.dir/src/can_comm.cpp.o[0m
[1.836s] [ 75%] [32mBuilding CXX object CMakeFiles/odrive_interface_node.dir/src/odrive_motor.cpp.o[0m
[9.275s] [100%] [32m[1mLinking CXX executable odrive_interface_node[0m
[9.612s] [100%] Built target odrive_interface_node
[9.623s] Invoked command in '/home/ddon/software_robocon_2025/build/odrive_interface' returned '0': CMAKE_PREFIX_PATH=${CMAKE_PREFIX_PATH}:/opt/ros/humble /usr/bin/cmake --build /home/ddon/software_robocon_2025/build/odrive_interface -- -j8 -l8
[9.625s] Invoking command in '/home/ddon/software_robocon_2025/build/odrive_interface': CMAKE_PREFIX_PATH=${CMAKE_PREFIX_PATH}:/opt/ros/humble /usr/bin/cmake --install /home/ddon/software_robocon_2025/build/odrive_interface
[9.631s] -- Install configuration: ""
[9.631s] -- Installing: /home/ddon/software_robocon_2025/install/odrive_interface/lib/odrive_interface/odrive_interface_node
[9.632s] -- Set runtime path of "/home/ddon/software_robocon_2025/install/odrive_interface/lib/odrive_interface/odrive_interface_node" to ""
[9.632s] -- Installing: /home/ddon/software_robocon_2025/install/odrive_interface/include
[9.632s] -- Installing: /home/ddon/software_robocon_2025/install/odrive_interface/include/odrive_interface
[9.632s] -- Installing: /home/ddon/software_robocon_2025/install/odrive_interface/include/odrive_interface/can_comm.hpp
[9.632s] -- Installing: /home/ddon/software_robocon_2025/install/odrive_interface/include/odrive_interface/odrive_motor.hpp
[9.632s] -- Installing: /home/ddon/software_robocon_2025/install/odrive_interface/share/ament_index/resource_index/package_run_dependencies/odrive_interface
[9.633s] -- Installing: /home/ddon/software_robocon_2025/install/odrive_interface/share/ament_index/resource_index/parent_prefix_path/odrive_interface
[9.633s] -- Installing: /home/ddon/software_robocon_2025/install/odrive_interface/share/odrive_interface/environment/ament_prefix_path.sh
[9.633s] -- Installing: /home/ddon/software_robocon_2025/install/odrive_interface/share/odrive_interface/environment/ament_prefix_path.dsv
[9.633s] -- Installing: /home/ddon/software_robocon_2025/install/odrive_interface/share/odrive_interface/environment/path.sh
[9.633s] -- Installing: /home/ddon/software_robocon_2025/install/odrive_interface/share/odrive_interface/environment/path.dsv
[9.633s] -- Installing: /home/ddon/software_robocon_2025/install/odrive_interface/share/odrive_interface/local_setup.bash
[9.633s] -- Installing: /home/ddon/software_robocon_2025/install/odrive_interface/share/odrive_interface/local_setup.sh
[9.633s] -- Installing: /home/ddon/software_robocon_2025/install/odrive_interface/share/odrive_interface/local_setup.zsh
[9.634s] -- Installing: /home/ddon/software_robocon_2025/install/odrive_interface/share/odrive_interface/local_setup.dsv
[9.634s] -- Installing: /home/ddon/software_robocon_2025/install/odrive_interface/share/odrive_interface/package.dsv
[9.634s] -- Installing: /home/ddon/software_robocon_2025/install/odrive_interface/share/ament_index/resource_index/packages/odrive_interface
[9.634s] -- Installing: /home/ddon/software_robocon_2025/install/odrive_interface/share/odrive_interface/cmake/odrive_interfaceConfig.cmake
[9.634s] -- Installing: /home/ddon/software_robocon_2025/install/odrive_interface/share/odrive_interface/cmake/odrive_interfaceConfig-version.cmake
[9.634s] -- Installing: /home/ddon/software_robocon_2025/install/odrive_interface/share/odrive_interface/package.xml
[9.636s] Invoked command in '/home/ddon/software_robocon_2025/build/odrive_interface' returned '0': CMAKE_PREFIX_PATH=${CMAKE_PREFIX_PATH}:/opt/ros/humble /usr/bin/cmake --install /home/ddon/software_robocon_2025/build/odrive_interface
