[0.103s] DEBUG:colcon:Command line arguments: ['/usr/bin/colcon', 'build', '--packages-select', 'robot_interfaces']
[0.103s] DEBUG:colcon:Parsed command line arguments: Namespace(log_base=None, log_level=None, verb_name='build', build_base='build', install_base='install', merge_install=False, symlink_install=False, test_result_base=None, continue_on_error=False, executor='parallel', parallel_workers=8, event_handlers=None, ignore_user_meta=False, metas=['./colcon.meta'], base_paths=['.'], packages_ignore=None, packages_ignore_regex=None, paths=None, packages_up_to=None, packages_up_to_regex=None, packages_above=None, packages_above_and_dependencies=None, packages_above_depth=None, packages_select_by_dep=None, packages_skip_by_dep=None, packages_skip_up_to=None, packages_select_build_failed=False, packages_skip_build_finished=False, packages_select_test_failures=False, packages_skip_test_passed=False, packages_select=['robot_interfaces'], packages_skip=None, packages_select_regex=None, packages_skip_regex=None, packages_start=None, packages_end=None, allow_overriding=[], cmake_args=None, cmake_target=None, cmake_target_skip_unavailable=False, cmake_clean_cache=False, cmake_clean_first=False, cmake_force_configure=False, ament_cmake_args=None, catkin_cmake_args=None, catkin_skip_building_tests=False, mixin_files=None, mixin=None, verb_parser=<colcon_mixin.mixin.mixin_argument.MixinArgumentDecorator object at 0x78ccdce4e5c0>, verb_extension=<colcon_core.verb.build.BuildVerb object at 0x78ccdce4e110>, main=<bound method BuildVerb.main of <colcon_core.verb.build.BuildVerb object at 0x78ccdce4e110>>, mixin_verb=('build',))
[0.287s] Level 1:colcon.colcon_core.package_discovery:discover_packages(colcon_meta) check parameters
[0.287s] Level 1:colcon.colcon_core.package_discovery:discover_packages(recursive) check parameters
[0.287s] Level 1:colcon.colcon_core.package_discovery:discover_packages(ignore) check parameters
[0.287s] Level 1:colcon.colcon_core.package_discovery:discover_packages(path) check parameters
[0.287s] Level 1:colcon.colcon_core.package_discovery:discover_packages(colcon_meta) discover
[0.287s] Level 1:colcon.colcon_core.package_discovery:discover_packages(recursive) discover
[0.288s] INFO:colcon.colcon_core.package_discovery:Crawling recursively for packages in '/home/ddon/software_robocon_2025'
[0.288s] Level 1:colcon.colcon_core.package_identification:_identify(.) by extensions ['ignore', 'ignore_ament_install']
[0.288s] Level 1:colcon.colcon_core.package_identification:_identify(.) by extension 'ignore'
[0.288s] Level 1:colcon.colcon_core.package_identification:_identify(.) by extension 'ignore_ament_install'
[0.288s] Level 1:colcon.colcon_core.package_identification:_identify(.) by extensions ['colcon_pkg']
[0.288s] Level 1:colcon.colcon_core.package_identification:_identify(.) by extension 'colcon_pkg'
[0.288s] Level 1:colcon.colcon_core.package_identification:_identify(.) by extensions ['colcon_meta']
[0.288s] Level 1:colcon.colcon_core.package_identification:_identify(.) by extension 'colcon_meta'
[0.288s] Level 1:colcon.colcon_core.package_identification:_identify(.) by extensions ['ros']
[0.288s] Level 1:colcon.colcon_core.package_identification:_identify(.) by extension 'ros'
[0.307s] Level 1:colcon.colcon_core.package_identification:_identify(.) by extensions ['cmake', 'python']
[0.307s] Level 1:colcon.colcon_core.package_identification:_identify(.) by extension 'cmake'
[0.307s] Level 1:colcon.colcon_core.package_identification:_identify(.) by extension 'python'
[0.307s] Level 1:colcon.colcon_core.package_identification:_identify(.) by extensions ['python_setup_py']
[0.307s] Level 1:colcon.colcon_core.package_identification:_identify(.) by extension 'python_setup_py'
[0.307s] Level 1:colcon.colcon_core.package_identification:_identify(Full robot calculation) by extensions ['ignore', 'ignore_ament_install']
[0.307s] Level 1:colcon.colcon_core.package_identification:_identify(Full robot calculation) by extension 'ignore'
[0.307s] Level 1:colcon.colcon_core.package_identification:_identify(Full robot calculation) by extension 'ignore_ament_install'
[0.307s] Level 1:colcon.colcon_core.package_identification:_identify(Full robot calculation) by extensions ['colcon_pkg']
[0.308s] Level 1:colcon.colcon_core.package_identification:_identify(Full robot calculation) by extension 'colcon_pkg'
[0.308s] Level 1:colcon.colcon_core.package_identification:_identify(Full robot calculation) by extensions ['colcon_meta']
[0.308s] Level 1:colcon.colcon_core.package_identification:_identify(Full robot calculation) by extension 'colcon_meta'
[0.308s] Level 1:colcon.colcon_core.package_identification:_identify(Full robot calculation) by extensions ['ros']
[0.308s] Level 1:colcon.colcon_core.package_identification:_identify(Full robot calculation) by extension 'ros'
[0.308s] Level 1:colcon.colcon_core.package_identification:_identify(Full robot calculation) by extensions ['cmake', 'python']
[0.308s] Level 1:colcon.colcon_core.package_identification:_identify(Full robot calculation) by extension 'cmake'
[0.308s] Level 1:colcon.colcon_core.package_identification:_identify(Full robot calculation) by extension 'python'
[0.308s] Level 1:colcon.colcon_core.package_identification:_identify(Full robot calculation) by extensions ['python_setup_py']
[0.308s] Level 1:colcon.colcon_core.package_identification:_identify(Full robot calculation) by extension 'python_setup_py'
[0.308s] Level 1:colcon.colcon_core.package_identification:_identify(Full robot calculation/__pycache__) by extensions ['ignore', 'ignore_ament_install']
[0.308s] Level 1:colcon.colcon_core.package_identification:_identify(Full robot calculation/__pycache__) by extension 'ignore'
[0.308s] Level 1:colcon.colcon_core.package_identification:_identify(Full robot calculation/__pycache__) by extension 'ignore_ament_install'
[0.308s] Level 1:colcon.colcon_core.package_identification:_identify(Full robot calculation/__pycache__) by extensions ['colcon_pkg']
[0.308s] Level 1:colcon.colcon_core.package_identification:_identify(Full robot calculation/__pycache__) by extension 'colcon_pkg'
[0.308s] Level 1:colcon.colcon_core.package_identification:_identify(Full robot calculation/__pycache__) by extensions ['colcon_meta']
[0.308s] Level 1:colcon.colcon_core.package_identification:_identify(Full robot calculation/__pycache__) by extension 'colcon_meta'
[0.308s] Level 1:colcon.colcon_core.package_identification:_identify(Full robot calculation/__pycache__) by extensions ['ros']
[0.308s] Level 1:colcon.colcon_core.package_identification:_identify(Full robot calculation/__pycache__) by extension 'ros'
[0.308s] Level 1:colcon.colcon_core.package_identification:_identify(Full robot calculation/__pycache__) by extensions ['cmake', 'python']
[0.308s] Level 1:colcon.colcon_core.package_identification:_identify(Full robot calculation/__pycache__) by extension 'cmake'
[0.308s] Level 1:colcon.colcon_core.package_identification:_identify(Full robot calculation/__pycache__) by extension 'python'
[0.308s] Level 1:colcon.colcon_core.package_identification:_identify(Full robot calculation/__pycache__) by extensions ['python_setup_py']
[0.308s] Level 1:colcon.colcon_core.package_identification:_identify(Full robot calculation/__pycache__) by extension 'python_setup_py'
[0.309s] Level 1:colcon.colcon_core.package_identification:_identify(build) by extensions ['ignore', 'ignore_ament_install']
[0.309s] Level 1:colcon.colcon_core.package_identification:_identify(build) by extension 'ignore'
[0.309s] Level 1:colcon.colcon_core.package_identification:_identify(build) ignored
[0.309s] Level 1:colcon.colcon_core.package_identification:_identify(gamepad_interface) by extensions ['ignore', 'ignore_ament_install']
[0.309s] Level 1:colcon.colcon_core.package_identification:_identify(gamepad_interface) by extension 'ignore'
[0.309s] Level 1:colcon.colcon_core.package_identification:_identify(gamepad_interface) by extension 'ignore_ament_install'
[0.309s] Level 1:colcon.colcon_core.package_identification:_identify(gamepad_interface) by extensions ['colcon_pkg']
[0.309s] Level 1:colcon.colcon_core.package_identification:_identify(gamepad_interface) by extension 'colcon_pkg'
[0.309s] Level 1:colcon.colcon_core.package_identification:_identify(gamepad_interface) by extensions ['colcon_meta']
[0.309s] Level 1:colcon.colcon_core.package_identification:_identify(gamepad_interface) by extension 'colcon_meta'
[0.309s] Level 1:colcon.colcon_core.package_identification:_identify(gamepad_interface) by extensions ['ros']
[0.309s] Level 1:colcon.colcon_core.package_identification:_identify(gamepad_interface) by extension 'ros'
[0.311s] DEBUG:colcon.colcon_core.package_identification:Package 'gamepad_interface' with type 'ros.ament_cmake' and name 'gamepad_interface'
[0.312s] Level 1:colcon.colcon_core.package_identification:_identify(install) by extensions ['ignore', 'ignore_ament_install']
[0.312s] Level 1:colcon.colcon_core.package_identification:_identify(install) by extension 'ignore'
[0.312s] Level 1:colcon.colcon_core.package_identification:_identify(install) ignored
[0.312s] Level 1:colcon.colcon_core.package_identification:_identify(log) by extensions ['ignore', 'ignore_ament_install']
[0.312s] Level 1:colcon.colcon_core.package_identification:_identify(log) by extension 'ignore'
[0.312s] Level 1:colcon.colcon_core.package_identification:_identify(log) ignored
[0.312s] Level 1:colcon.colcon_core.package_identification:_identify(main_controller_pkg) by extensions ['ignore', 'ignore_ament_install']
[0.312s] Level 1:colcon.colcon_core.package_identification:_identify(main_controller_pkg) by extension 'ignore'
[0.312s] Level 1:colcon.colcon_core.package_identification:_identify(main_controller_pkg) by extension 'ignore_ament_install'
[0.312s] Level 1:colcon.colcon_core.package_identification:_identify(main_controller_pkg) by extensions ['colcon_pkg']
[0.312s] Level 1:colcon.colcon_core.package_identification:_identify(main_controller_pkg) by extension 'colcon_pkg'
[0.312s] Level 1:colcon.colcon_core.package_identification:_identify(main_controller_pkg) by extensions ['colcon_meta']
[0.312s] Level 1:colcon.colcon_core.package_identification:_identify(main_controller_pkg) by extension 'colcon_meta'
[0.312s] Level 1:colcon.colcon_core.package_identification:_identify(main_controller_pkg) by extensions ['ros']
[0.312s] Level 1:colcon.colcon_core.package_identification:_identify(main_controller_pkg) by extension 'ros'
[0.313s] DEBUG:colcon.colcon_core.package_identification:Package 'main_controller_pkg' with type 'ros.ament_python' and name 'main_controller_pkg'
[0.313s] Level 1:colcon.colcon_core.package_identification:_identify(odrive_interface) by extensions ['ignore', 'ignore_ament_install']
[0.313s] Level 1:colcon.colcon_core.package_identification:_identify(odrive_interface) by extension 'ignore'
[0.313s] Level 1:colcon.colcon_core.package_identification:_identify(odrive_interface) by extension 'ignore_ament_install'
[0.313s] Level 1:colcon.colcon_core.package_identification:_identify(odrive_interface) by extensions ['colcon_pkg']
[0.313s] Level 1:colcon.colcon_core.package_identification:_identify(odrive_interface) by extension 'colcon_pkg'
[0.313s] Level 1:colcon.colcon_core.package_identification:_identify(odrive_interface) by extensions ['colcon_meta']
[0.313s] Level 1:colcon.colcon_core.package_identification:_identify(odrive_interface) by extension 'colcon_meta'
[0.313s] Level 1:colcon.colcon_core.package_identification:_identify(odrive_interface) by extensions ['ros']
[0.313s] Level 1:colcon.colcon_core.package_identification:_identify(odrive_interface) by extension 'ros'
[0.314s] DEBUG:colcon.colcon_core.package_identification:Package 'odrive_interface' with type 'ros.ament_cmake' and name 'odrive_interface'
[0.314s] Level 1:colcon.colcon_core.package_identification:_identify(robot_bringup) by extensions ['ignore', 'ignore_ament_install']
[0.314s] Level 1:colcon.colcon_core.package_identification:_identify(robot_bringup) by extension 'ignore'
[0.314s] Level 1:colcon.colcon_core.package_identification:_identify(robot_bringup) by extension 'ignore_ament_install'
[0.314s] Level 1:colcon.colcon_core.package_identification:_identify(robot_bringup) by extensions ['colcon_pkg']
[0.314s] Level 1:colcon.colcon_core.package_identification:_identify(robot_bringup) by extension 'colcon_pkg'
[0.314s] Level 1:colcon.colcon_core.package_identification:_identify(robot_bringup) by extensions ['colcon_meta']
[0.314s] Level 1:colcon.colcon_core.package_identification:_identify(robot_bringup) by extension 'colcon_meta'
[0.314s] Level 1:colcon.colcon_core.package_identification:_identify(robot_bringup) by extensions ['ros']
[0.314s] Level 1:colcon.colcon_core.package_identification:_identify(robot_bringup) by extension 'ros'
[0.315s] DEBUG:colcon.colcon_core.package_identification:Package 'robot_bringup' with type 'ros.ament_cmake' and name 'robot_bringup'
[0.315s] Level 1:colcon.colcon_core.package_identification:_identify(robot_interfaces) by extensions ['ignore', 'ignore_ament_install']
[0.315s] Level 1:colcon.colcon_core.package_identification:_identify(robot_interfaces) by extension 'ignore'
[0.315s] Level 1:colcon.colcon_core.package_identification:_identify(robot_interfaces) by extension 'ignore_ament_install'
[0.315s] Level 1:colcon.colcon_core.package_identification:_identify(robot_interfaces) by extensions ['colcon_pkg']
[0.315s] Level 1:colcon.colcon_core.package_identification:_identify(robot_interfaces) by extension 'colcon_pkg'
[0.315s] Level 1:colcon.colcon_core.package_identification:_identify(robot_interfaces) by extensions ['colcon_meta']
[0.315s] Level 1:colcon.colcon_core.package_identification:_identify(robot_interfaces) by extension 'colcon_meta'
[0.315s] Level 1:colcon.colcon_core.package_identification:_identify(robot_interfaces) by extensions ['ros']
[0.315s] Level 1:colcon.colcon_core.package_identification:_identify(robot_interfaces) by extension 'ros'
[0.316s] DEBUG:colcon.colcon_core.package_identification:Package 'robot_interfaces' with type 'ros.ament_cmake' and name 'robot_interfaces'
[0.316s] Level 1:colcon.colcon_core.package_identification:_identify(ros2_astra_camera) by extensions ['ignore', 'ignore_ament_install']
[0.316s] Level 1:colcon.colcon_core.package_identification:_identify(ros2_astra_camera) by extension 'ignore'
[0.316s] Level 1:colcon.colcon_core.package_identification:_identify(ros2_astra_camera) by extension 'ignore_ament_install'
[0.316s] Level 1:colcon.colcon_core.package_identification:_identify(ros2_astra_camera) by extensions ['colcon_pkg']
[0.316s] Level 1:colcon.colcon_core.package_identification:_identify(ros2_astra_camera) by extension 'colcon_pkg'
[0.316s] Level 1:colcon.colcon_core.package_identification:_identify(ros2_astra_camera) by extensions ['colcon_meta']
[0.316s] Level 1:colcon.colcon_core.package_identification:_identify(ros2_astra_camera) by extension 'colcon_meta'
[0.316s] Level 1:colcon.colcon_core.package_identification:_identify(ros2_astra_camera) by extensions ['ros']
[0.316s] Level 1:colcon.colcon_core.package_identification:_identify(ros2_astra_camera) by extension 'ros'
[0.316s] Level 1:colcon.colcon_core.package_identification:_identify(ros2_astra_camera) by extensions ['cmake', 'python']
[0.316s] Level 1:colcon.colcon_core.package_identification:_identify(ros2_astra_camera) by extension 'cmake'
[0.316s] Level 1:colcon.colcon_core.package_identification:_identify(ros2_astra_camera) by extension 'python'
[0.316s] Level 1:colcon.colcon_core.package_identification:_identify(ros2_astra_camera) by extensions ['python_setup_py']
[0.316s] Level 1:colcon.colcon_core.package_identification:_identify(ros2_astra_camera) by extension 'python_setup_py'
[0.316s] Level 1:colcon.colcon_core.package_identification:_identify(ros2_astra_camera/astra_camera) by extensions ['ignore', 'ignore_ament_install']
[0.316s] Level 1:colcon.colcon_core.package_identification:_identify(ros2_astra_camera/astra_camera) by extension 'ignore'
[0.316s] Level 1:colcon.colcon_core.package_identification:_identify(ros2_astra_camera/astra_camera) by extension 'ignore_ament_install'
[0.316s] Level 1:colcon.colcon_core.package_identification:_identify(ros2_astra_camera/astra_camera) by extensions ['colcon_pkg']
[0.316s] Level 1:colcon.colcon_core.package_identification:_identify(ros2_astra_camera/astra_camera) by extension 'colcon_pkg'
[0.316s] Level 1:colcon.colcon_core.package_identification:_identify(ros2_astra_camera/astra_camera) by extensions ['colcon_meta']
[0.316s] Level 1:colcon.colcon_core.package_identification:_identify(ros2_astra_camera/astra_camera) by extension 'colcon_meta'
[0.317s] Level 1:colcon.colcon_core.package_identification:_identify(ros2_astra_camera/astra_camera) by extensions ['ros']
[0.317s] Level 1:colcon.colcon_core.package_identification:_identify(ros2_astra_camera/astra_camera) by extension 'ros'
[0.319s] DEBUG:colcon.colcon_core.package_identification:Package 'ros2_astra_camera/astra_camera' with type 'ros.ament_cmake' and name 'astra_camera'
[0.319s] Level 1:colcon.colcon_core.package_identification:_identify(ros2_astra_camera/astra_camera_msgs) by extensions ['ignore', 'ignore_ament_install']
[0.319s] Level 1:colcon.colcon_core.package_identification:_identify(ros2_astra_camera/astra_camera_msgs) by extension 'ignore'
[0.319s] Level 1:colcon.colcon_core.package_identification:_identify(ros2_astra_camera/astra_camera_msgs) by extension 'ignore_ament_install'
[0.319s] Level 1:colcon.colcon_core.package_identification:_identify(ros2_astra_camera/astra_camera_msgs) by extensions ['colcon_pkg']
[0.319s] Level 1:colcon.colcon_core.package_identification:_identify(ros2_astra_camera/astra_camera_msgs) by extension 'colcon_pkg'
[0.319s] Level 1:colcon.colcon_core.package_identification:_identify(ros2_astra_camera/astra_camera_msgs) by extensions ['colcon_meta']
[0.319s] Level 1:colcon.colcon_core.package_identification:_identify(ros2_astra_camera/astra_camera_msgs) by extension 'colcon_meta'
[0.319s] Level 1:colcon.colcon_core.package_identification:_identify(ros2_astra_camera/astra_camera_msgs) by extensions ['ros']
[0.319s] Level 1:colcon.colcon_core.package_identification:_identify(ros2_astra_camera/astra_camera_msgs) by extension 'ros'
[0.320s] DEBUG:colcon.colcon_core.package_identification:Package 'ros2_astra_camera/astra_camera_msgs' with type 'ros.ament_cmake' and name 'astra_camera_msgs'
[0.320s] Level 1:colcon.colcon_core.package_discovery:discover_packages(recursive) using defaults
[0.320s] Level 1:colcon.colcon_core.package_discovery:discover_packages(ignore) discover
[0.320s] Level 1:colcon.colcon_core.package_discovery:discover_packages(ignore) using defaults
[0.320s] Level 1:colcon.colcon_core.package_discovery:discover_packages(path) discover
[0.320s] Level 1:colcon.colcon_core.package_discovery:discover_packages(path) using defaults
[0.337s] INFO:colcon.colcon_core.package_selection:Skipping not selected package 'astra_camera_msgs' in 'ros2_astra_camera/astra_camera_msgs'
[0.337s] INFO:colcon.colcon_core.package_selection:Skipping not selected package 'gamepad_interface' in 'gamepad_interface'
[0.337s] INFO:colcon.colcon_core.package_selection:Skipping not selected package 'odrive_interface' in 'odrive_interface'
[0.337s] INFO:colcon.colcon_core.package_selection:Skipping not selected package 'robot_bringup' in 'robot_bringup'
[0.337s] INFO:colcon.colcon_core.package_selection:Skipping not selected package 'astra_camera' in 'ros2_astra_camera/astra_camera'
[0.337s] INFO:colcon.colcon_core.package_selection:Skipping not selected package 'main_controller_pkg' in 'main_controller_pkg'
[0.337s] Level 1:colcon.colcon_core.package_discovery:discover_packages(prefix_path) check parameters
[0.337s] Level 1:colcon.colcon_core.package_discovery:discover_packages(prefix_path) discover
[0.340s] DEBUG:colcon.colcon_installed_package_information.package_discovery:Found 12 installed packages in /home/ddon/ros2_ws_cpp/install
[0.341s] DEBUG:colcon.colcon_installed_package_information.package_discovery:Found 272 installed packages in /opt/ros/humble
[0.342s] Level 1:colcon.colcon_core.package_discovery:discover_packages(prefix_path) using defaults
[0.376s] Level 5:colcon.colcon_core.verb:set package 'robot_interfaces' build argument 'cmake_args' from command line to 'None'
[0.376s] Level 5:colcon.colcon_core.verb:set package 'robot_interfaces' build argument 'cmake_target' from command line to 'None'
[0.376s] Level 5:colcon.colcon_core.verb:set package 'robot_interfaces' build argument 'cmake_target_skip_unavailable' from command line to 'False'
[0.376s] Level 5:colcon.colcon_core.verb:set package 'robot_interfaces' build argument 'cmake_clean_cache' from command line to 'False'
[0.376s] Level 5:colcon.colcon_core.verb:set package 'robot_interfaces' build argument 'cmake_clean_first' from command line to 'False'
[0.376s] Level 5:colcon.colcon_core.verb:set package 'robot_interfaces' build argument 'cmake_force_configure' from command line to 'False'
[0.376s] Level 5:colcon.colcon_core.verb:set package 'robot_interfaces' build argument 'ament_cmake_args' from command line to 'None'
[0.376s] Level 5:colcon.colcon_core.verb:set package 'robot_interfaces' build argument 'catkin_cmake_args' from command line to 'None'
[0.376s] Level 5:colcon.colcon_core.verb:set package 'robot_interfaces' build argument 'catkin_skip_building_tests' from command line to 'False'
[0.376s] DEBUG:colcon.colcon_core.verb:Building package 'robot_interfaces' with the following arguments: {'ament_cmake_args': None, 'build_base': '/home/ddon/software_robocon_2025/build/robot_interfaces', 'catkin_cmake_args': None, 'catkin_skip_building_tests': False, 'cmake_args': None, 'cmake_clean_cache': False, 'cmake_clean_first': False, 'cmake_force_configure': False, 'cmake_target': None, 'cmake_target_skip_unavailable': False, 'install_base': '/home/ddon/software_robocon_2025/install/robot_interfaces', 'merge_install': False, 'path': '/home/ddon/software_robocon_2025/robot_interfaces', 'symlink_install': False, 'test_result_base': None}
[0.376s] INFO:colcon.colcon_core.executor:Executing jobs using 'parallel' executor
[0.377s] DEBUG:colcon.colcon_parallel_executor.executor.parallel:run_until_complete
[0.377s] INFO:colcon.colcon_ros.task.ament_cmake.build:Building ROS package in '/home/ddon/software_robocon_2025/robot_interfaces' with build type 'ament_cmake'
[0.377s] INFO:colcon.colcon_cmake.task.cmake.build:Building CMake package in '/home/ddon/software_robocon_2025/robot_interfaces'
[0.379s] INFO:colcon.colcon_core.plugin_system:Skipping extension 'colcon_core.shell.bat': Not used on non-Windows systems
[0.379s] INFO:colcon.colcon_core.shell:Skip shell extension 'powershell' for command environment: Not usable outside of PowerShell
[0.379s] DEBUG:colcon.colcon_core.shell:Skip shell extension 'dsv' for command environment
[0.387s] DEBUG:colcon.colcon_core.event_handler.log_command:Invoking command in '/home/ddon/software_robocon_2025/build/robot_interfaces': CMAKE_PREFIX_PATH=${CMAKE_PREFIX_PATH}:/opt/ros/humble CONDA_PROMPT_MODIFIER=(base) /usr/bin/cmake --build /home/ddon/software_robocon_2025/build/robot_interfaces -- -j8 -l8
[5.388s] DEBUG:colcon.colcon_core.event_handler.log_command:Invoked command in '/home/ddon/software_robocon_2025/build/robot_interfaces' returned '2': CMAKE_PREFIX_PATH=${CMAKE_PREFIX_PATH}:/opt/ros/humble CONDA_PROMPT_MODIFIER=(base) /usr/bin/cmake --build /home/ddon/software_robocon_2025/build/robot_interfaces -- -j8 -l8
[5.389s] Level 1:colcon.colcon_core.environment:create_environment_scripts_only(robot_interfaces)
[5.390s] Level 1:colcon.colcon_core.environment:checking '/home/ddon/software_robocon_2025/install/robot_interfaces' for CMake module files
[5.391s] Level 1:colcon.colcon_core.environment:checking '/home/ddon/software_robocon_2025/install/robot_interfaces' for CMake config files
[5.391s] Level 1:colcon.colcon_core.shell:create_environment_hook('robot_interfaces', 'cmake_prefix_path')
[5.392s] INFO:colcon.colcon_core.shell:Creating environment hook '/home/ddon/software_robocon_2025/install/robot_interfaces/share/robot_interfaces/hook/cmake_prefix_path.ps1'
[5.392s] INFO:colcon.colcon_core.shell:Creating environment descriptor '/home/ddon/software_robocon_2025/install/robot_interfaces/share/robot_interfaces/hook/cmake_prefix_path.dsv'
[5.392s] INFO:colcon.colcon_core.shell:Creating environment hook '/home/ddon/software_robocon_2025/install/robot_interfaces/share/robot_interfaces/hook/cmake_prefix_path.sh'
[5.393s] Level 1:colcon.colcon_core.environment:checking '/home/ddon/software_robocon_2025/install/robot_interfaces/lib'
[5.393s] Level 1:colcon.colcon_core.shell:create_environment_hook('robot_interfaces', 'ld_library_path_lib')
[5.393s] INFO:colcon.colcon_core.shell:Creating environment hook '/home/ddon/software_robocon_2025/install/robot_interfaces/share/robot_interfaces/hook/ld_library_path_lib.ps1'
[5.394s] INFO:colcon.colcon_core.shell:Creating environment descriptor '/home/ddon/software_robocon_2025/install/robot_interfaces/share/robot_interfaces/hook/ld_library_path_lib.dsv'
[5.394s] INFO:colcon.colcon_core.shell:Creating environment hook '/home/ddon/software_robocon_2025/install/robot_interfaces/share/robot_interfaces/hook/ld_library_path_lib.sh'
[5.394s] Level 1:colcon.colcon_core.environment:checking '/home/ddon/software_robocon_2025/install/robot_interfaces/bin'
[5.395s] Level 1:colcon.colcon_core.environment:checking '/home/ddon/software_robocon_2025/install/robot_interfaces/lib/pkgconfig/robot_interfaces.pc'
[5.395s] Level 1:colcon.colcon_core.environment:checking '/home/ddon/software_robocon_2025/install/robot_interfaces/lib/python3.10/site-packages'
[5.395s] Level 1:colcon.colcon_core.environment:checking '/home/ddon/software_robocon_2025/install/robot_interfaces/bin'
[5.395s] INFO:colcon.colcon_core.shell:Creating package script '/home/ddon/software_robocon_2025/install/robot_interfaces/share/robot_interfaces/package.ps1'
[5.396s] INFO:colcon.colcon_core.shell:Creating package descriptor '/home/ddon/software_robocon_2025/install/robot_interfaces/share/robot_interfaces/package.dsv'
[5.396s] INFO:colcon.colcon_core.shell:Creating package script '/home/ddon/software_robocon_2025/install/robot_interfaces/share/robot_interfaces/package.sh'
[5.397s] INFO:colcon.colcon_core.shell:Creating package script '/home/ddon/software_robocon_2025/install/robot_interfaces/share/robot_interfaces/package.bash'
[5.398s] INFO:colcon.colcon_core.shell:Creating package script '/home/ddon/software_robocon_2025/install/robot_interfaces/share/robot_interfaces/package.zsh'
[5.398s] Level 1:colcon.colcon_core.environment:create_file_with_runtime_dependencies(/home/ddon/software_robocon_2025/install/robot_interfaces/share/colcon-core/packages/robot_interfaces)
[5.408s] DEBUG:colcon.colcon_parallel_executor.executor.parallel:closing loop
[5.409s] DEBUG:colcon.colcon_parallel_executor.executor.parallel:loop closed
[5.409s] DEBUG:colcon.colcon_parallel_executor.executor.parallel:run_until_complete finished with '2'
[5.409s] DEBUG:colcon.colcon_core.event_reactor:joining thread
[5.413s] INFO:colcon.colcon_core.plugin_system:Skipping extension 'colcon_notification.desktop_notification.terminal_notifier': Not used on non-Darwin systems
[5.413s] INFO:colcon.colcon_core.plugin_system:Skipping extension 'colcon_notification.desktop_notification.win32': Not used on non-Windows systems
[5.413s] INFO:colcon.colcon_notification.desktop_notification:Sending desktop notification using 'notify2'
[5.422s] DEBUG:colcon.colcon_core.event_reactor:joined thread
[5.423s] INFO:colcon.colcon_core.shell:Creating prefix script '/home/ddon/software_robocon_2025/install/local_setup.ps1'
[5.424s] INFO:colcon.colcon_core.shell:Creating prefix util module '/home/ddon/software_robocon_2025/install/_local_setup_util_ps1.py'
[5.427s] INFO:colcon.colcon_core.shell:Creating prefix chain script '/home/ddon/software_robocon_2025/install/setup.ps1'
[5.429s] INFO:colcon.colcon_core.shell:Creating prefix script '/home/ddon/software_robocon_2025/install/local_setup.sh'
[5.430s] INFO:colcon.colcon_core.shell:Creating prefix util module '/home/ddon/software_robocon_2025/install/_local_setup_util_sh.py'
[5.431s] INFO:colcon.colcon_core.shell:Creating prefix chain script '/home/ddon/software_robocon_2025/install/setup.sh'
[5.433s] INFO:colcon.colcon_core.shell:Creating prefix script '/home/ddon/software_robocon_2025/install/local_setup.bash'
[5.434s] INFO:colcon.colcon_core.shell:Creating prefix chain script '/home/ddon/software_robocon_2025/install/setup.bash'
[5.436s] INFO:colcon.colcon_core.shell:Creating prefix script '/home/ddon/software_robocon_2025/install/local_setup.zsh'
[5.437s] INFO:colcon.colcon_core.shell:Creating prefix chain script '/home/ddon/software_robocon_2025/install/setup.zsh'
