[0.369s] Invoking command in '/home/ddon/software_robocon_2025/build/odrive_interface': CMAKE_PREFIX_PATH=/home/ddon/software_robocon_2025/install/robot_interfaces:/home/ddon/software_robocon_2025/install/odrive_interface:/home/ddon/software_robocon_2025/install/gamepad_interface:/home/ddon/software_robocon_2025/install/robot_bringup:/home/ddon/software_robocon_2025/install/astra_camera_msgs:/home/ddon/ros2_ws_cpp/install/shooter_control:/home/ddon/ros2_ws_cpp/install/robot_interfaces:/home/ddon/ros2_ws_cpp/install/robot_bringup:/home/ddon/ros2_ws_cpp/install/odrive_interface:/home/ddon/ros2_ws_cpp/install/can_control_package:/home/ddon/ros2_ws_cpp/install/odrive_custom_msg:/home/ddon/ros2_ws_cpp/install/odrive_can_cpp:/home/ddon/ros2_ws_cpp/install/mecanum_drivetrain:/home/ddon/ros2_ws_cpp/install/gamepad_interface:/home/ddon/ros2_ws_cpp/install/dual_sense_controller:/home/ddon/ros2_ws_cpp/install/astra_camera_msgs:/home/ddon/software_robocon_2025/install/main_controller_pkg:/opt/ros/humble /usr/bin/cmake /home/ddon/software_robocon_2025/odrive_interface -DCMAKE_INSTALL_PREFIX=/home/ddon/software_robocon_2025/install/odrive_interface
[0.439s] -- The C compiler identification is GNU 11.4.0
[0.541s] -- The CXX compiler identification is GNU 11.4.0
[0.568s] -- Detecting C compiler ABI info
[0.652s] -- Detecting C compiler ABI info - done
[0.658s] -- Check for working C compiler: /usr/bin/cc - skipped
[0.658s] -- Detecting C compile features
[0.659s] -- Detecting C compile features - done
[0.661s] -- Detecting CXX compiler ABI info
[0.736s] -- Detecting CXX compiler ABI info - done
[0.744s] -- Check for working CXX compiler: /usr/bin/c++ - skipped
[0.744s] -- Detecting CXX compile features
[0.745s] -- Detecting CXX compile features - done
[0.749s] -- Found ament_cmake: 1.3.11 (/opt/ros/humble/share/ament_cmake/cmake)
[0.944s] -- Found Python3: /usr/bin/python3 (found version "3.10.12") found components: Interpreter 
[1.071s] -- Found rclcpp: 16.0.11 (/opt/ros/humble/share/rclcpp/cmake)
[1.118s] -- Found rosidl_generator_c: 3.1.6 (/opt/ros/humble/share/rosidl_generator_c/cmake)
[1.123s] -- Found rosidl_adapter: 3.1.6 (/opt/ros/humble/share/rosidl_adapter/cmake)
[1.133s] -- Found rosidl_generator_cpp: 3.1.6 (/opt/ros/humble/share/rosidl_generator_cpp/cmake)
[1.145s] -- Using all available rosidl_typesupport_c: rosidl_typesupport_fastrtps_c;rosidl_typesupport_introspection_c
[1.162s] -- Using all available rosidl_typesupport_cpp: rosidl_typesupport_fastrtps_cpp;rosidl_typesupport_introspection_cpp
[1.208s] -- Found rmw_implementation_cmake: 6.1.2 (/opt/ros/humble/share/rmw_implementation_cmake/cmake)
[1.211s] -- Found rmw_fastrtps_cpp: 6.2.7 (/opt/ros/humble/share/rmw_fastrtps_cpp/cmake)
[1.302s] -- Found OpenSSL: /usr/lib/x86_64-linux-gnu/libcrypto.so (found version "3.0.2")  
[1.341s] -- Found FastRTPS: /opt/ros/humble/include  
[1.393s] -- Using RMW implementation 'rmw_fastrtps_cpp' as default
[1.407s] -- Looking for pthread.h
[1.468s] -- Looking for pthread.h - found
[1.469s] -- Performing Test CMAKE_HAVE_LIBC_PTHREAD
[1.538s] -- Performing Test CMAKE_HAVE_LIBC_PTHREAD - Success
[1.540s] -- Found Threads: TRUE  
[1.621s] -- Found robot_interfaces: 0.0.0 (/home/ddon/software_robocon_2025/install/robot_interfaces/share/robot_interfaces/cmake)
[1.640s] -- Found ament_lint_auto: 0.12.11 (/opt/ros/humble/share/ament_lint_auto/cmake)
[1.734s] -- Added test 'cppcheck' to perform static code analysis on C / C++ code
[1.735s] -- Configured cppcheck include dirs: $<BUILD_INTERFACE:/home/ddon/software_robocon_2025/odrive_interface/include>
[1.735s] -- Configured cppcheck exclude dirs and/or files: 
[1.736s] -- Added test 'lint_cmake' to check CMake code style
[1.738s] -- Added test 'uncrustify' to check C / C++ code style
[1.738s] -- Configured uncrustify additional arguments: 
[1.738s] -- Added test 'xmllint' to check XML markup files
[1.740s] -- Configuring done
[1.752s] -- Generating done
[1.757s] -- Build files have been written to: /home/ddon/software_robocon_2025/build/odrive_interface
[1.765s] Invoked command in '/home/ddon/software_robocon_2025/build/odrive_interface' returned '0': CMAKE_PREFIX_PATH=/home/ddon/software_robocon_2025/install/robot_interfaces:/home/ddon/software_robocon_2025/install/odrive_interface:/home/ddon/software_robocon_2025/install/gamepad_interface:/home/ddon/software_robocon_2025/install/robot_bringup:/home/ddon/software_robocon_2025/install/astra_camera_msgs:/home/ddon/ros2_ws_cpp/install/shooter_control:/home/ddon/ros2_ws_cpp/install/robot_interfaces:/home/ddon/ros2_ws_cpp/install/robot_bringup:/home/ddon/ros2_ws_cpp/install/odrive_interface:/home/ddon/ros2_ws_cpp/install/can_control_package:/home/ddon/ros2_ws_cpp/install/odrive_custom_msg:/home/ddon/ros2_ws_cpp/install/odrive_can_cpp:/home/ddon/ros2_ws_cpp/install/mecanum_drivetrain:/home/ddon/ros2_ws_cpp/install/gamepad_interface:/home/ddon/ros2_ws_cpp/install/dual_sense_controller:/home/ddon/ros2_ws_cpp/install/astra_camera_msgs:/home/ddon/software_robocon_2025/install/main_controller_pkg:/opt/ros/humble /usr/bin/cmake /home/ddon/software_robocon_2025/odrive_interface -DCMAKE_INSTALL_PREFIX=/home/ddon/software_robocon_2025/install/odrive_interface
[1.767s] Invoking command in '/home/ddon/software_robocon_2025/build/odrive_interface': CMAKE_PREFIX_PATH=/home/ddon/software_robocon_2025/install/robot_interfaces:/home/ddon/software_robocon_2025/install/odrive_interface:/home/ddon/software_robocon_2025/install/gamepad_interface:/home/ddon/software_robocon_2025/install/robot_bringup:/home/ddon/software_robocon_2025/install/astra_camera_msgs:/home/ddon/ros2_ws_cpp/install/shooter_control:/home/ddon/ros2_ws_cpp/install/robot_interfaces:/home/ddon/ros2_ws_cpp/install/robot_bringup:/home/ddon/ros2_ws_cpp/install/odrive_interface:/home/ddon/ros2_ws_cpp/install/can_control_package:/home/ddon/ros2_ws_cpp/install/odrive_custom_msg:/home/ddon/ros2_ws_cpp/install/odrive_can_cpp:/home/ddon/ros2_ws_cpp/install/mecanum_drivetrain:/home/ddon/ros2_ws_cpp/install/gamepad_interface:/home/ddon/ros2_ws_cpp/install/dual_sense_controller:/home/ddon/ros2_ws_cpp/install/astra_camera_msgs:/home/ddon/software_robocon_2025/install/main_controller_pkg:/opt/ros/humble /usr/bin/cmake --build /home/ddon/software_robocon_2025/build/odrive_interface -- -j8 -l8
[1.810s] [ 25%] [32mBuilding CXX object CMakeFiles/odrive_interface_node.dir/src/can_comm.cpp.o[0m
[1.810s] [ 75%] [32mBuilding CXX object CMakeFiles/odrive_interface_node.dir/src/odrive_motor.cpp.o[0m
[1.810s] [ 75%] [32mBuilding CXX object CMakeFiles/odrive_interface_node.dir/src/odrive_interface.cpp.o[0m
[6.566s] [100%] [32m[1mLinking CXX executable odrive_interface_node[0m
[6.793s] [100%] Built target odrive_interface_node
