[0.015s] Invoking command in '/home/ddon/software_robocon_2025/build/gamepad_interface': CMAKE_PREFIX_PATH=${CMAKE_PREFIX_PATH}:/opt/ros/humble CONDA_PROMPT_MODIFIER=(base) /usr/bin/cmake --build /home/ddon/software_robocon_2025/build/gamepad_interface -- -j8 -l8
[0.036s] -- Found ament_cmake: 1.3.11 (/opt/ros/humble/share/ament_cmake/cmake)
[0.291s] -- Found rclcpp: 16.0.11 (/opt/ros/humble/share/rclcpp/cmake)
[0.340s] -- Found rosidl_generator_c: 3.1.6 (/opt/ros/humble/share/rosidl_generator_c/cmake)
[0.343s] -- Found rosidl_adapter: 3.1.6 (/opt/ros/humble/share/rosidl_adapter/cmake)
[0.352s] -- Found rosidl_generator_cpp: 3.1.6 (/opt/ros/humble/share/rosidl_generator_cpp/cmake)
[0.368s] -- Using all available rosidl_typesupport_c: rosidl_typesupport_fastrtps_c;rosidl_typesupport_introspection_c
[0.388s] -- Using all available rosidl_typesupport_cpp: rosidl_typesupport_fastrtps_cpp;rosidl_typesupport_introspection_cpp
[0.439s] -- Found rmw_implementation_cmake: 6.1.2 (/opt/ros/humble/share/rmw_implementation_cmake/cmake)
[0.441s] -- Found rmw_fastrtps_cpp: 6.2.7 (/opt/ros/humble/share/rmw_fastrtps_cpp/cmake)
[0.583s] -- Using RMW implementation 'rmw_fastrtps_cpp' as default
[0.674s] [31mCMake Error at CMakeLists.txt:11 (find_package):
[0.674s]   By not providing "Findrobot_interfaces.cmake" in CMAKE_MODULE_PATH this
[0.674s]   project has asked CMake to find a package configuration file provided by
[0.674s]   "robot_interfaces", but CMake did not find one.
[0.674s] 
[0.674s]   Could not find a package configuration file provided by "robot_interfaces"
[0.674s]   with any of the following names:
[0.674s] 
[0.674s]     robot_interfacesConfig.cmake
[0.674s]     robot_interfaces-config.cmake
[0.674s] 
[0.674s]   Add the installation prefix of "robot_interfaces" to CMAKE_PREFIX_PATH or
[0.674s]   set "robot_interfaces_DIR" to a directory containing one of the above
[0.674s]   files.  If "robot_interfaces" provides a separate development package or
[0.675s]   SDK, be sure it has been installed.
[0.675s] 
[0.675s] [0m
[0.675s] -- Configuring incomplete, errors occurred!
[0.675s] See also "/home/ddon/software_robocon_2025/build/gamepad_interface/CMakeFiles/CMakeOutput.log".
[0.683s] gmake: *** [Makefile:226: cmake_check_build_system] Error 1
[0.685s] Invoked command in '/home/ddon/software_robocon_2025/build/gamepad_interface' returned '2': CMAKE_PREFIX_PATH=${CMAKE_PREFIX_PATH}:/opt/ros/humble CONDA_PROMPT_MODIFIER=(base) /usr/bin/cmake --build /home/ddon/software_robocon_2025/build/gamepad_interface -- -j8 -l8
