[0.058s] Invoking command in '/home/ddon/software_robocon_2025/build/astra_camera': CMAKE_PREFIX_PATH=/home/ddon/software_robocon_2025/install/astra_camera_msgs:/home/ddon/software_robocon_2025/install/robot_interfaces:/home/ddon/software_robocon_2025/install/robot_bringup:/home/ddon/software_robocon_2025/install/odrive_interface:/home/ddon/software_robocon_2025/install/gamepad_interface:/home/ddon/ros2_ws_cpp/install/robot_interfaces:/home/ddon/ros2_ws_cpp/install/robot_bringup:/home/ddon/ros2_ws_cpp/install/odrive_interface:/home/ddon/ros2_ws_cpp/install/gamepad_interface:/home/ddon/ros2_ws_cpp/install/astra_camera_msgs:/home/ddon/ros2_ws_cpp/install/shooter_control:/home/ddon/ros2_ws_cpp/install/can_control_package:/home/ddon/ros2_ws_cpp/install/odrive_custom_msg:/home/ddon/ros2_ws_cpp/install/odrive_can_cpp:/home/ddon/ros2_ws_cpp/install/mecanum_drivetrain:/home/ddon/ros2_ws_cpp/install/dual_sense_controller:/opt/ros/humble CONDA_PROMPT_MODIFIER=(base) LD_LIBRARY_PATH=/home/ddon/software_robocon_2025/install/astra_camera_msgs/lib:/home/ddon/software_robocon_2025/install/robot_interfaces/lib:/home/ddon/ros2_ws_cpp/install/robot_interfaces/lib:/home/ddon/ros2_ws_cpp/install/astra_camera_msgs/lib:/home/ddon/ros2_ws_cpp/install/shooter_control/lib:/home/ddon/ros2_ws_cpp/install/odrive_custom_msg/lib:/home/ddon/ros2_ws_cpp/install/mecanum_drivetrain/lib:/opt/ros/humble/opt/rviz_ogre_vendor/lib:/opt/ros/humble/lib/x86_64-linux-gnu:/opt/ros/humble/lib /usr/bin/cmake /home/ddon/software_robocon_2025/ros2_astra_camera/astra_camera -DCMAKE_INSTALL_PREFIX=/home/ddon/software_robocon_2025/install/astra_camera
[0.069s] -- Found ament_cmake: 1.3.11 (/opt/ros/humble/share/ament_cmake/cmake)
[0.227s] -- Found ament_index_cpp: 1.4.0 (/opt/ros/humble/share/ament_index_cpp/cmake)
[0.228s] -- Found astra_camera_msgs: 1.0.1 (/home/ddon/software_robocon_2025/install/astra_camera_msgs/share/astra_camera_msgs/cmake)
[0.262s] -- Found rosidl_generator_c: 3.1.6 (/opt/ros/humble/share/rosidl_generator_c/cmake)
[0.265s] -- Found rosidl_adapter: 3.1.6 (/opt/ros/humble/share/rosidl_adapter/cmake)
[0.270s] -- Found rosidl_generator_cpp: 3.1.6 (/opt/ros/humble/share/rosidl_generator_cpp/cmake)
[0.279s] -- Using all available rosidl_typesupport_c: rosidl_typesupport_fastrtps_c;rosidl_typesupport_introspection_c
[0.293s] -- Using all available rosidl_typesupport_cpp: rosidl_typesupport_fastrtps_cpp;rosidl_typesupport_introspection_cpp
[0.374s] -- Found camera_info_manager: 3.1.11 (/opt/ros/humble/share/camera_info_manager/cmake)
[0.408s] -- Found rmw_implementation_cmake: 6.1.2 (/opt/ros/humble/share/rmw_implementation_cmake/cmake)
[0.408s] -- Found rmw_fastrtps_cpp: 6.2.7 (/opt/ros/humble/share/rmw_fastrtps_cpp/cmake)
[0.558s] -- Using RMW implementation 'rmw_fastrtps_cpp' as default
[0.631s] -- Found class_loader: 2.2.0 (/opt/ros/humble/share/class_loader/cmake)
[0.637s] -- Found cv_bridge: 3.2.1 (/opt/ros/humble/share/cv_bridge/cmake)
[0.650s] -- Found message_filters: 4.3.5 (/opt/ros/humble/share/message_filters/cmake)
[0.655s] -- Found image_geometry: 3.2.1 (/opt/ros/humble/share/image_geometry/cmake)
[0.667s] [31mCMake Error at CMakeLists.txt:28 (find_package):
[0.667s]   By not providing "Findimage_publisher.cmake" in CMAKE_MODULE_PATH this
[0.667s]   project has asked CMake to find a package configuration file provided by
[0.667s]   "image_publisher", but CMake did not find one.
[0.667s] 
[0.667s]   Could not find a package configuration file provided by "image_publisher"
[0.667s]   with any of the following names:
[0.667s] 
[0.667s]     image_publisherConfig.cmake
[0.667s]     image_publisher-config.cmake
[0.668s] 
[0.668s]   Add the installation prefix of "image_publisher" to CMAKE_PREFIX_PATH or
[0.668s]   set "image_publisher_DIR" to a directory containing one of the above files.
[0.668s]   If "image_publisher" provides a separate development package or SDK, be
[0.668s]   sure it has been installed.
[0.668s] 
[0.668s] [0m
[0.668s] -- Configuring incomplete, errors occurred!
[0.668s] See also "/home/ddon/software_robocon_2025/build/astra_camera/CMakeFiles/CMakeOutput.log".
[0.677s] Invoked command in '/home/ddon/software_robocon_2025/build/astra_camera' returned '1': CMAKE_PREFIX_PATH=/home/ddon/software_robocon_2025/install/astra_camera_msgs:/home/ddon/software_robocon_2025/install/robot_interfaces:/home/ddon/software_robocon_2025/install/robot_bringup:/home/ddon/software_robocon_2025/install/odrive_interface:/home/ddon/software_robocon_2025/install/gamepad_interface:/home/ddon/ros2_ws_cpp/install/robot_interfaces:/home/ddon/ros2_ws_cpp/install/robot_bringup:/home/ddon/ros2_ws_cpp/install/odrive_interface:/home/ddon/ros2_ws_cpp/install/gamepad_interface:/home/ddon/ros2_ws_cpp/install/astra_camera_msgs:/home/ddon/ros2_ws_cpp/install/shooter_control:/home/ddon/ros2_ws_cpp/install/can_control_package:/home/ddon/ros2_ws_cpp/install/odrive_custom_msg:/home/ddon/ros2_ws_cpp/install/odrive_can_cpp:/home/ddon/ros2_ws_cpp/install/mecanum_drivetrain:/home/ddon/ros2_ws_cpp/install/dual_sense_controller:/opt/ros/humble CONDA_PROMPT_MODIFIER=(base) LD_LIBRARY_PATH=/home/ddon/software_robocon_2025/install/astra_camera_msgs/lib:/home/ddon/software_robocon_2025/install/robot_interfaces/lib:/home/ddon/ros2_ws_cpp/install/robot_interfaces/lib:/home/ddon/ros2_ws_cpp/install/astra_camera_msgs/lib:/home/ddon/ros2_ws_cpp/install/shooter_control/lib:/home/ddon/ros2_ws_cpp/install/odrive_custom_msg/lib:/home/ddon/ros2_ws_cpp/install/mecanum_drivetrain/lib:/opt/ros/humble/opt/rviz_ogre_vendor/lib:/opt/ros/humble/lib/x86_64-linux-gnu:/opt/ros/humble/lib /usr/bin/cmake /home/ddon/software_robocon_2025/ros2_astra_camera/astra_camera -DCMAKE_INSTALL_PREFIX=/home/ddon/software_robocon_2025/install/astra_camera
