[0.020s] Invoking command in '/home/ddon/software_robocon_2025/build/gamepad_interface': CMAKE_PREFIX_PATH=${CMAKE_PREFIX_PATH}:/opt/ros/humble CONDA_PROMPT_MODIFIER=(base) /usr/bin/cmake --build /home/ddon/software_robocon_2025/build/gamepad_interface -- -j8 -l8
[0.041s] -- Found ament_cmake: 1.3.11 (/opt/ros/humble/share/ament_cmake/cmake)
[0.270s] -- Found rclcpp: 16.0.11 (/opt/ros/humble/share/rclcpp/cmake)
[0.319s] -- Found rosidl_generator_c: 3.1.6 (/opt/ros/humble/share/rosidl_generator_c/cmake)
[0.324s] -- Found rosidl_adapter: 3.1.6 (/opt/ros/humble/share/rosidl_adapter/cmake)
[0.333s] -- Found rosidl_generator_cpp: 3.1.6 (/opt/ros/humble/share/rosidl_generator_cpp/cmake)
[0.349s] -- Using all available rosidl_typesupport_c: rosidl_typesupport_fastrtps_c;rosidl_typesupport_introspection_c
[0.370s] -- Using all available rosidl_typesupport_cpp: rosidl_typesupport_fastrtps_cpp;rosidl_typesupport_introspection_cpp
[0.423s] -- Found rmw_implementation_cmake: 6.1.2 (/opt/ros/humble/share/rmw_implementation_cmake/cmake)
[0.425s] -- Found rmw_fastrtps_cpp: 6.2.7 (/opt/ros/humble/share/rmw_fastrtps_cpp/cmake)
[0.546s] -- Using RMW implementation 'rmw_fastrtps_cpp' as default
[0.601s] -- Found robot_interfaces: 0.0.0 (/home/ddon/software_robocon_2025/install/robot_interfaces/share/robot_interfaces/cmake)
[0.746s] -- Configuring done
[0.757s] -- Generating done
[0.763s] -- Build files have been written to: /home/ddon/software_robocon_2025/build/gamepad_interface
[0.797s] [ 16%] [32mBuilding CXX object CMakeFiles/gamepad_driver.dir/src/gamepad.cpp.o[0m
[1.230s] [ 33%] [32m[1mLinking CXX static library libgamepad_driver.a[0m
[1.281s] [ 33%] Built target gamepad_driver
[1.309s] [ 50%] [32mBuilding CXX object CMakeFiles/robot_input_mapper.dir/src/mapper.cpp.o[0m
[2.121s] [ 66%] [32m[1mLinking CXX static library librobot_input_mapper.a[0m
[2.147s] [ 66%] Built target robot_input_mapper
[2.163s] [ 83%] [32mBuilding CXX object CMakeFiles/gamepad_node.dir/src/gamepad_node.cpp.o[0m
[7.258s] [100%] [32m[1mLinking CXX executable gamepad_node[0m
[7.474s] [100%] Built target gamepad_node
