[  1%] Built target astra_camera_msgs__cpp
[ 12%] Built target astra_camera_msgs__rosidl_generator_c
[ 12%] Built target ament_cmake_python_copy_astra_camera_msgs
[ 24%] Built target astra_camera_msgs__rosidl_typesupport_cpp
[ 35%] Built target astra_camera_msgs__rosidl_typesupport_introspection_cpp
[ 47%] Built target astra_camera_msgs__rosidl_typesupport_fastrtps_cpp
[ 64%] Built target astra_camera_msgs__rosidl_typesupport_fastrtps_c
[ 70%] Built target astra_camera_msgs__rosidl_typesupport_introspection_c
[ 82%] Built target astra_camera_msgs__rosidl_typesupport_c
[ 82%] Built target astra_camera_msgs
[ 83%] Built target astra_camera_msgs__py
[ 93%] Built target astra_camera_msgs__rosidl_generator_py
[ 95%] Built target astra_camera_msgs__rosidl_typesupport_fastrtps_c__pyext
[ 97%] Built target astra_camera_msgs__rosidl_typesupport_introspection_c__pyext
[100%] Built target astra_camera_msgs__rosidl_typesupport_c__pyext
running egg_info
writing astra_camera_msgs.egg-info/PKG-INFO
writing dependency_links to astra_camera_msgs.egg-info/dependency_links.txt
writing top-level names to astra_camera_msgs.egg-info/top_level.txt
reading manifest file 'astra_camera_msgs.egg-info/SOURCES.txt'
writing manifest file 'astra_camera_msgs.egg-info/SOURCES.txt'
[100%] Built target ament_cmake_python_build_astra_camera_msgs_egg
