[0.015s] Invoking command in '/home/ddon/software_robocon_2025/build/astra_camera_msgs': CMAKE_PREFIX_PATH=${CMAKE_PREFIX_PATH}:/opt/ros/humble CONDA_PROMPT_MODIFIER=(base) /usr/bin/cmake --build /home/ddon/software_robocon_2025/build/astra_camera_msgs -- -j8 -l8
[0.069s] [  1%] Built target astra_camera_msgs__cpp
[0.081s] [ 12%] Built target astra_camera_msgs__rosidl_generator_c
[0.094s] [ 12%] Built target ament_cmake_python_copy_astra_camera_msgs
[0.147s] [ 24%] Built target astra_camera_msgs__rosidl_typesupport_cpp
[0.152s] [ 35%] Built target astra_camera_msgs__rosidl_typesupport_introspection_cpp
[0.156s] [ 47%] Built target astra_camera_msgs__rosidl_typesupport_fastrtps_cpp
[0.162s] [ 64%] Built target astra_camera_msgs__rosidl_typesupport_fastrtps_c
[0.163s] [ 70%] Built target astra_camera_msgs__rosidl_typesupport_introspection_c
[0.164s] [ 82%] Built target astra_camera_msgs__rosidl_typesupport_c
[0.193s] [ 82%] Built target astra_camera_msgs
[0.227s] [ 83%] Built target astra_camera_msgs__py
[0.259s] [ 93%] Built target astra_camera_msgs__rosidl_generator_py
[0.301s] [ 95%] Built target astra_camera_msgs__rosidl_typesupport_fastrtps_c__pyext
[0.306s] [ 97%] Built target astra_camera_msgs__rosidl_typesupport_introspection_c__pyext
[0.313s] [100%] Built target astra_camera_msgs__rosidl_typesupport_c__pyext
[0.501s] running egg_info
[0.537s] writing astra_camera_msgs.egg-info/PKG-INFO
[0.537s] writing dependency_links to astra_camera_msgs.egg-info/dependency_links.txt
[0.538s] writing top-level names to astra_camera_msgs.egg-info/top_level.txt
[0.644s] reading manifest file 'astra_camera_msgs.egg-info/SOURCES.txt'
[0.644s] writing manifest file 'astra_camera_msgs.egg-info/SOURCES.txt'
[0.689s] [100%] Built target ament_cmake_python_build_astra_camera_msgs_egg
