[0.019s] Invoking command in '/home/ddon/software_robocon_2025/build/astra_camera_msgs': CMAKE_PREFIX_PATH=${CMAKE_PREFIX_PATH}:/opt/ros/humble CONDA_PROMPT_MODIFIER=(base) /usr/bin/cmake --build /home/ddon/software_robocon_2025/build/astra_camera_msgs -- -j8 -l8
[0.071s] [35m[1mConsolidate compiler generated dependencies of target astra_camera_msgs__rosidl_generator_c[0m
[0.080s] [  1%] Built target astra_camera_msgs__cpp
[0.095s] [  1%] Built target ament_cmake_python_copy_astra_camera_msgs
[0.098s] [ 12%] Built target astra_camera_msgs__rosidl_generator_c
[0.098s] [35m[1mConsolidate compiler generated dependencies of target astra_camera_msgs__rosidl_typesupport_introspection_cpp[0m
[0.102s] [35m[1mConsolidate compiler generated dependencies of target astra_camera_msgs__rosidl_typesupport_cpp[0m
[0.102s] [35m[1mConsolidate compiler generated dependencies of target astra_camera_msgs__rosidl_typesupport_fastrtps_cpp[0m
[0.123s] [35m[1mConsolidate compiler generated dependencies of target astra_camera_msgs__rosidl_typesupport_fastrtps_c[0m
[0.133s] [35m[1mConsolidate compiler generated dependencies of target astra_camera_msgs__rosidl_typesupport_introspection_c[0m
[0.135s] [ 24%] Built target astra_camera_msgs__rosidl_typesupport_cpp
[0.139s] [ 35%] Built target astra_camera_msgs__rosidl_typesupport_fastrtps_cpp
[0.139s] [35m[1mConsolidate compiler generated dependencies of target astra_camera_msgs__rosidl_typesupport_c[0m
[0.143s] [ 47%] Built target astra_camera_msgs__rosidl_typesupport_introspection_c
[0.146s] [ 58%] Built target astra_camera_msgs__rosidl_typesupport_introspection_cpp
[0.159s] [ 72%] Built target astra_camera_msgs__rosidl_typesupport_fastrtps_c
[0.159s] [ 82%] Built target astra_camera_msgs__rosidl_typesupport_c
[0.186s] [ 82%] Built target astra_camera_msgs
[0.217s] [ 83%] Built target astra_camera_msgs__py
[0.236s] [35m[1mConsolidate compiler generated dependencies of target astra_camera_msgs__rosidl_generator_py[0m
[0.261s] [ 93%] Built target astra_camera_msgs__rosidl_generator_py
[0.276s] [35m[1mConsolidate compiler generated dependencies of target astra_camera_msgs__rosidl_typesupport_fastrtps_c__pyext[0m
[0.281s] [35m[1mConsolidate compiler generated dependencies of target astra_camera_msgs__rosidl_typesupport_introspection_c__pyext[0m
[0.282s] [35m[1mConsolidate compiler generated dependencies of target astra_camera_msgs__rosidl_typesupport_c__pyext[0m
[0.295s] [ 95%] Built target astra_camera_msgs__rosidl_typesupport_fastrtps_c__pyext
[0.301s] [ 97%] Built target astra_camera_msgs__rosidl_typesupport_c__pyext
[0.303s] [100%] Built target astra_camera_msgs__rosidl_typesupport_introspection_c__pyext
[0.461s] running egg_info
[0.499s] writing astra_camera_msgs.egg-info/PKG-INFO
[0.499s] writing dependency_links to astra_camera_msgs.egg-info/dependency_links.txt
[0.501s] writing top-level names to astra_camera_msgs.egg-info/top_level.txt
[0.616s] reading manifest file 'astra_camera_msgs.egg-info/SOURCES.txt'
[0.617s] writing manifest file 'astra_camera_msgs.egg-info/SOURCES.txt'
[0.677s] [100%] Built target ament_cmake_python_build_astra_camera_msgs_egg
