[0.011s] Invoking command in '/home/ddon/software_robocon_2025/build/astra_camera': AMENT_PREFIX_PATH=/home/ddon/software_robocon_2025/install/astra_camera_msgs:${AMENT_PREFIX_PATH} CMAKE_PREFIX_PATH=/home/ddon/software_robocon_2025/install/astra_camera_msgs:/home/ddon/software_robocon_2025/install/robot_interfaces:/home/ddon/ros2_ws_cpp/install/shooter_control:/home/ddon/ros2_ws_cpp/install/robot_interfaces:/home/ddon/ros2_ws_cpp/install/robot_bringup:/home/ddon/ros2_ws_cpp/install/odrive_interface:/home/ddon/ros2_ws_cpp/install/can_control_package:/home/ddon/ros2_ws_cpp/install/odrive_custom_msg:/home/ddon/ros2_ws_cpp/install/odrive_can_cpp:/home/ddon/ros2_ws_cpp/install/mecanum_drivetrain:/home/ddon/ros2_ws_cpp/install/gamepad_interface:/home/ddon/ros2_ws_cpp/install/dual_sense_controller:/home/ddon/ros2_ws_cpp/install/astra_camera_msgs:/opt/ros/humble LD_LIBRARY_PATH=/home/ddon/software_robocon_2025/install/astra_camera_msgs/lib:${LD_LIBRARY_PATH} PYTHONPATH=/home/ddon/software_robocon_2025/install/astra_camera_msgs/local/lib/python3.10/dist-packages:${PYTHONPATH} /usr/bin/cmake /home/ddon/software_robocon_2025/ros2_astra_camera/astra_camera -DCMAKE_INSTALL_PREFIX=/home/ddon/software_robocon_2025/install/astra_camera
[0.063s] -- The C compiler identification is GNU 11.4.0
[0.111s] -- The CXX compiler identification is GNU 11.4.0
[0.117s] -- Detecting C compiler ABI info
[0.180s] -- Detecting C compiler ABI info - done
[0.191s] -- Check for working C compiler: /usr/bin/cc - skipped
[0.191s] -- Detecting C compile features
[0.192s] -- Detecting C compile features - done
[0.196s] -- Detecting CXX compiler ABI info
[0.266s] -- Detecting CXX compiler ABI info - done
[0.279s] -- Check for working CXX compiler: /usr/bin/c++ - skipped
[0.279s] -- Detecting CXX compile features
[0.280s] -- Detecting CXX compile features - done
[0.284s] -- Found ament_cmake: 1.3.11 (/opt/ros/humble/share/ament_cmake/cmake)
[0.437s] -- Found Python3: /usr/bin/python3 (found version "3.10.12") found components: Interpreter 
[0.530s] -- Found ament_index_cpp: 1.4.0 (/opt/ros/humble/share/ament_index_cpp/cmake)
[0.530s] -- Found astra_camera_msgs: 1.0.1 (/home/ddon/software_robocon_2025/install/astra_camera_msgs/share/astra_camera_msgs/cmake)
[0.570s] -- Found rosidl_generator_c: 3.1.6 (/opt/ros/humble/share/rosidl_generator_c/cmake)
[0.575s] -- Found rosidl_adapter: 3.1.6 (/opt/ros/humble/share/rosidl_adapter/cmake)
[0.583s] -- Found rosidl_generator_cpp: 3.1.6 (/opt/ros/humble/share/rosidl_generator_cpp/cmake)
[0.596s] -- Using all available rosidl_typesupport_c: rosidl_typesupport_fastrtps_c;rosidl_typesupport_introspection_c
[0.612s] -- Using all available rosidl_typesupport_cpp: rosidl_typesupport_fastrtps_cpp;rosidl_typesupport_introspection_cpp
[0.686s] -- Found camera_info_manager: 3.1.11 (/opt/ros/humble/share/camera_info_manager/cmake)
[0.724s] -- Found rmw_implementation_cmake: 6.1.2 (/opt/ros/humble/share/rmw_implementation_cmake/cmake)
[0.728s] -- Found rmw_fastrtps_cpp: 6.2.7 (/opt/ros/humble/share/rmw_fastrtps_cpp/cmake)
[0.800s] -- Found OpenSSL: /usr/lib/x86_64-linux-gnu/libcrypto.so (found version "3.0.2")  
[0.821s] -- Found FastRTPS: /opt/ros/humble/include  
[0.853s] -- Using RMW implementation 'rmw_fastrtps_cpp' as default
[0.862s] -- Looking for pthread.h
[0.918s] -- Looking for pthread.h - found
[0.918s] -- Performing Test CMAKE_HAVE_LIBC_PTHREAD
[0.976s] -- Performing Test CMAKE_HAVE_LIBC_PTHREAD - Success
[0.977s] -- Found Threads: TRUE  
[1.020s] -- Found class_loader: 2.2.0 (/opt/ros/humble/share/class_loader/cmake)
[1.028s] -- Found cv_bridge: 3.2.1 (/opt/ros/humble/share/cv_bridge/cmake)
[1.038s] -- Found message_filters: 4.3.5 (/opt/ros/humble/share/message_filters/cmake)
[1.048s] -- Found image_geometry: 3.2.1 (/opt/ros/humble/share/image_geometry/cmake)
[1.057s] [31mCMake Error at CMakeLists.txt:28 (find_package):
[1.058s]   By not providing "Findimage_publisher.cmake" in CMAKE_MODULE_PATH this
[1.058s]   project has asked CMake to find a package configuration file provided by
[1.058s]   "image_publisher", but CMake did not find one.
[1.058s] 
[1.058s]   Could not find a package configuration file provided by "image_publisher"
[1.058s]   with any of the following names:
[1.058s] 
[1.058s]     image_publisherConfig.cmake
[1.058s]     image_publisher-config.cmake
[1.058s] 
[1.058s]   Add the installation prefix of "image_publisher" to CMAKE_PREFIX_PATH or
[1.058s]   set "image_publisher_DIR" to a directory containing one of the above files.
[1.058s]   If "image_publisher" provides a separate development package or SDK, be
[1.059s]   sure it has been installed.
[1.059s] 
[1.059s] [0m
[1.059s] -- Configuring incomplete, errors occurred!
[1.059s] See also "/home/ddon/software_robocon_2025/build/astra_camera/CMakeFiles/CMakeOutput.log".
[1.065s] Invoked command in '/home/ddon/software_robocon_2025/build/astra_camera' returned '1': AMENT_PREFIX_PATH=/home/ddon/software_robocon_2025/install/astra_camera_msgs:${AMENT_PREFIX_PATH} CMAKE_PREFIX_PATH=/home/ddon/software_robocon_2025/install/astra_camera_msgs:/home/ddon/software_robocon_2025/install/robot_interfaces:/home/ddon/ros2_ws_cpp/install/shooter_control:/home/ddon/ros2_ws_cpp/install/robot_interfaces:/home/ddon/ros2_ws_cpp/install/robot_bringup:/home/ddon/ros2_ws_cpp/install/odrive_interface:/home/ddon/ros2_ws_cpp/install/can_control_package:/home/ddon/ros2_ws_cpp/install/odrive_custom_msg:/home/ddon/ros2_ws_cpp/install/odrive_can_cpp:/home/ddon/ros2_ws_cpp/install/mecanum_drivetrain:/home/ddon/ros2_ws_cpp/install/gamepad_interface:/home/ddon/ros2_ws_cpp/install/dual_sense_controller:/home/ddon/ros2_ws_cpp/install/astra_camera_msgs:/opt/ros/humble LD_LIBRARY_PATH=/home/ddon/software_robocon_2025/install/astra_camera_msgs/lib:${LD_LIBRARY_PATH} PYTHONPATH=/home/ddon/software_robocon_2025/install/astra_camera_msgs/local/lib/python3.10/dist-packages:${PYTHONPATH} /usr/bin/cmake /home/ddon/software_robocon_2025/ros2_astra_camera/astra_camera -DCMAKE_INSTALL_PREFIX=/home/ddon/software_robocon_2025/install/astra_camera
