[0.023s] Invoking command in '/home/ddon/software_robocon_2025/build/astra_camera_msgs': CMAKE_PREFIX_PATH=${CMAKE_PREFIX_PATH}:/opt/ros/humble /usr/bin/cmake /home/ddon/software_robocon_2025/ros2_astra_camera/astra_camera_msgs -DCMAKE_INSTALL_PREFIX=/home/ddon/software_robocon_2025/install/astra_camera_msgs
[0.083s] -- The C compiler identification is GNU 11.4.0
[0.136s] -- The CXX compiler identification is GNU 11.4.0
[0.141s] -- Detecting C compiler ABI info
[0.196s] -- Detecting C compiler ABI info - done
[0.203s] -- Check for working C compiler: /usr/bin/cc - skipped
[0.203s] -- Detecting C compile features
[0.203s] -- Detecting C compile features - done
[0.206s] -- Detecting CXX compiler ABI info
[0.274s] -- Detecting CXX compiler ABI info - done
[0.284s] -- Check for working CXX compiler: /usr/bin/c++ - skipped
[0.284s] -- Detecting CXX compile features
[0.285s] -- Detecting CXX compile features - done
[0.288s] -- Found ament_cmake: 1.3.11 (/opt/ros/humble/share/ament_cmake/cmake)
[0.447s] -- Found Python3: /usr/bin/python3 (found version "3.10.12") found components: Interpreter 
[0.547s] -- Found rosidl_default_generators: 1.2.0 (/opt/ros/humble/share/rosidl_default_generators/cmake)
[0.551s] -- Using all available rosidl_typesupport_c: rosidl_typesupport_fastrtps_c;rosidl_typesupport_introspection_c
[0.557s] -- Found rosidl_adapter: 3.1.6 (/opt/ros/humble/share/rosidl_adapter/cmake)
[0.600s] -- Using all available rosidl_typesupport_cpp: rosidl_typesupport_fastrtps_cpp;rosidl_typesupport_introspection_cpp
[0.650s] -- Found sensor_msgs: 4.2.4 (/opt/ros/humble/share/sensor_msgs/cmake)
[1.120s] -- Found ament_cmake_ros: 0.10.0 (/opt/ros/humble/share/ament_cmake_ros/cmake)
[1.458s] -- Using all available rosidl_typesupport_c: rosidl_typesupport_fastrtps_c;rosidl_typesupport_introspection_c
[1.876s] -- Using all available rosidl_typesupport_cpp: rosidl_typesupport_fastrtps_cpp;rosidl_typesupport_introspection_cpp
[1.896s] -- Found PythonInterp: /usr/bin/python3 (found suitable version "3.10.12", minimum required is "3.6") 
[1.899s] -- Found python_cmake_module: 0.10.0 (/opt/ros/humble/share/python_cmake_module/cmake)
[1.927s] -- Found PythonLibs: /usr/lib/x86_64-linux-gnu/libpython3.10.so (found suitable version "3.10.12", minimum required is "3.5") 
[1.928s] -- Using PYTHON_EXECUTABLE: /usr/bin/python3
[1.928s] -- Using PYTHON_INCLUDE_DIRS: /usr/include/python3.10
[1.928s] -- Using PYTHON_LIBRARIES: /usr/lib/x86_64-linux-gnu/libpython3.10.so
[1.948s] -- Found PythonExtra: .so  
[2.048s] -- Found ament_lint_auto: 0.12.11 (/opt/ros/humble/share/ament_lint_auto/cmake)
[2.067s] -- Added test 'copyright' to check source files copyright and LICENSE
[2.069s] -- Added test 'lint_cmake' to check CMake code style
[2.070s] -- Added test 'xmllint' to check XML markup files
[2.073s] -- Configuring done
[2.115s] -- Generating done
[2.129s] -- Build files have been written to: /home/ddon/software_robocon_2025/build/astra_camera_msgs
[2.141s] Invoked command in '/home/ddon/software_robocon_2025/build/astra_camera_msgs' returned '0': CMAKE_PREFIX_PATH=${CMAKE_PREFIX_PATH}:/opt/ros/humble /usr/bin/cmake /home/ddon/software_robocon_2025/ros2_astra_camera/astra_camera_msgs -DCMAKE_INSTALL_PREFIX=/home/ddon/software_robocon_2025/install/astra_camera_msgs
[2.142s] Invoking command in '/home/ddon/software_robocon_2025/build/astra_camera_msgs': CMAKE_PREFIX_PATH=${CMAKE_PREFIX_PATH}:/opt/ros/humble /usr/bin/cmake --build /home/ddon/software_robocon_2025/build/astra_camera_msgs -- -j8 -l8
[2.188s] [  1%] [34m[1mGenerating C code for ROS interfaces[0m
[2.202s] [  2%] [34m[1mGenerating C++ code for ROS interfaces[0m
[2.211s] [  2%] Built target ament_cmake_python_copy_astra_camera_msgs
[2.636s] running egg_info
[2.636s] creating astra_camera_msgs.egg-info
[2.637s] writing astra_camera_msgs.egg-info/PKG-INFO
[2.637s] writing dependency_links to astra_camera_msgs.egg-info/dependency_links.txt
[2.637s] writing top-level names to astra_camera_msgs.egg-info/top_level.txt
[2.637s] writing manifest file 'astra_camera_msgs.egg-info/SOURCES.txt'
[2.640s] reading manifest file 'astra_camera_msgs.egg-info/SOURCES.txt'
[2.640s] writing manifest file 'astra_camera_msgs.egg-info/SOURCES.txt'
[2.687s] [  2%] Built target ament_cmake_python_build_astra_camera_msgs_egg
[3.457s] [  2%] Built target astra_camera_msgs__cpp
[3.476s] [  3%] [34m[1mGenerating C++ type support for eProsima Fast-RTPS[0m
[3.477s] [  4%] [34m[1mGenerating C++ type support dispatch for ROS interfaces[0m
[3.487s] [  5%] [34m[1mGenerating C++ introspection for ROS interfaces[0m
[3.620s] [  6%] [32mBuilding C object CMakeFiles/astra_camera_msgs__rosidl_generator_c.dir/rosidl_generator_c/astra_camera_msgs/msg/detail/device_info__functions.c.o[0m
[3.621s] [  7%] [32mBuilding C object CMakeFiles/astra_camera_msgs__rosidl_generator_c.dir/rosidl_generator_c/astra_camera_msgs/msg/detail/extrinsics__functions.c.o[0m
[3.622s] [  8%] [32mBuilding C object CMakeFiles/astra_camera_msgs__rosidl_generator_c.dir/rosidl_generator_c/astra_camera_msgs/msg/detail/metadata__functions.c.o[0m
[3.631s] [  9%] [32mBuilding C object CMakeFiles/astra_camera_msgs__rosidl_generator_c.dir/rosidl_generator_c/astra_camera_msgs/srv/detail/get_device_info__functions.c.o[0m
[3.637s] [ 10%] [32mBuilding C object CMakeFiles/astra_camera_msgs__rosidl_generator_c.dir/rosidl_generator_c/astra_camera_msgs/srv/detail/get_camera_info__functions.c.o[0m
[3.717s] [ 11%] [32mBuilding C object CMakeFiles/astra_camera_msgs__rosidl_generator_c.dir/rosidl_generator_c/astra_camera_msgs/srv/detail/get_camera_params__functions.c.o[0m
[3.723s] [ 12%] [32mBuilding C object CMakeFiles/astra_camera_msgs__rosidl_generator_c.dir/rosidl_generator_c/astra_camera_msgs/srv/detail/get_int32__functions.c.o[0m
[3.727s] [ 13%] [32mBuilding C object CMakeFiles/astra_camera_msgs__rosidl_generator_c.dir/rosidl_generator_c/astra_camera_msgs/srv/detail/get_string__functions.c.o[0m
[3.785s] [ 14%] [32mBuilding C object CMakeFiles/astra_camera_msgs__rosidl_generator_c.dir/rosidl_generator_c/astra_camera_msgs/srv/detail/set_int32__functions.c.o[0m
[3.891s] [ 15%] [32m[1mLinking C shared library libastra_camera_msgs__rosidl_generator_c.so[0m
[3.979s] [ 15%] Built target astra_camera_msgs__rosidl_generator_c
[3.995s] [ 16%] [34m[1mGenerating C type support for eProsima Fast-RTPS[0m
[4.008s] [ 17%] [34m[1mGenerating C introspection for ROS interfaces[0m
[4.014s] [ 18%] [34m[1mGenerating C type support dispatch for ROS interfaces[0m
[4.625s] [ 20%] [32mBuilding CXX object CMakeFiles/astra_camera_msgs__rosidl_typesupport_cpp.dir/rosidl_typesupport_cpp/astra_camera_msgs/msg/device_info__type_support.cpp.o[0m
[4.637s] [ 21%] [32mBuilding CXX object CMakeFiles/astra_camera_msgs__rosidl_typesupport_cpp.dir/rosidl_typesupport_cpp/astra_camera_msgs/msg/extrinsics__type_support.cpp.o[0m
[4.639s] [ 22%] [32mBuilding CXX object CMakeFiles/astra_camera_msgs__rosidl_typesupport_cpp.dir/rosidl_typesupport_cpp/astra_camera_msgs/msg/metadata__type_support.cpp.o[0m
[5.140s] [ 23%] [32mBuilding CXX object CMakeFiles/astra_camera_msgs__rosidl_typesupport_cpp.dir/rosidl_typesupport_cpp/astra_camera_msgs/srv/get_device_info__type_support.cpp.o[0m
[5.154s] [ 24%] [32mBuilding CXX object CMakeFiles/astra_camera_msgs__rosidl_typesupport_introspection_cpp.dir/rosidl_typesupport_introspection_cpp/astra_camera_msgs/msg/detail/device_info__type_support.cpp.o[0m
[5.324s] [ 25%] [32mBuilding CXX object CMakeFiles/astra_camera_msgs__rosidl_typesupport_cpp.dir/rosidl_typesupport_cpp/astra_camera_msgs/srv/get_camera_info__type_support.cpp.o[0m
[5.362s] [ 26%] [32mBuilding CXX object CMakeFiles/astra_camera_msgs__rosidl_typesupport_cpp.dir/rosidl_typesupport_cpp/astra_camera_msgs/srv/get_camera_params__type_support.cpp.o[0m
[5.403s] [ 27%] [32mBuilding CXX object CMakeFiles/astra_camera_msgs__rosidl_typesupport_c.dir/rosidl_typesupport_c/astra_camera_msgs/msg/device_info__type_support.cpp.o[0m
[5.493s] [ 28%] [32mBuilding CXX object CMakeFiles/astra_camera_msgs__rosidl_typesupport_c.dir/rosidl_typesupport_c/astra_camera_msgs/msg/extrinsics__type_support.cpp.o[0m
[5.530s] [ 29%] [32mBuilding CXX object CMakeFiles/astra_camera_msgs__rosidl_typesupport_fastrtps_cpp.dir/rosidl_typesupport_fastrtps_cpp/astra_camera_msgs/msg/detail/dds_fastrtps/device_info__type_support.cpp.o[0m
[5.546s] [ 30%] [32mBuilding CXX object CMakeFiles/astra_camera_msgs__rosidl_typesupport_c.dir/rosidl_typesupport_c/astra_camera_msgs/msg/metadata__type_support.cpp.o[0m
[5.626s] [ 31%] [32mBuilding CXX object CMakeFiles/astra_camera_msgs__rosidl_typesupport_c.dir/rosidl_typesupport_c/astra_camera_msgs/srv/get_device_info__type_support.cpp.o[0m
[5.713s] [ 32%] [32mBuilding CXX object CMakeFiles/astra_camera_msgs__rosidl_typesupport_c.dir/rosidl_typesupport_c/astra_camera_msgs/srv/get_camera_info__type_support.cpp.o[0m
[5.808s] [ 33%] [32mBuilding CXX object CMakeFiles/astra_camera_msgs__rosidl_typesupport_c.dir/rosidl_typesupport_c/astra_camera_msgs/srv/get_camera_params__type_support.cpp.o[0m
[5.811s] [ 34%] [32mBuilding CXX object CMakeFiles/astra_camera_msgs__rosidl_typesupport_cpp.dir/rosidl_typesupport_cpp/astra_camera_msgs/srv/get_int32__type_support.cpp.o[0m
[5.855s] [ 35%] [32mBuilding CXX object CMakeFiles/astra_camera_msgs__rosidl_typesupport_introspection_cpp.dir/rosidl_typesupport_introspection_cpp/astra_camera_msgs/msg/detail/extrinsics__type_support.cpp.o[0m
[5.898s] [ 36%] [32mBuilding CXX object CMakeFiles/astra_camera_msgs__rosidl_typesupport_c.dir/rosidl_typesupport_c/astra_camera_msgs/srv/get_int32__type_support.cpp.o[0m
[5.982s] [ 37%] [32mBuilding CXX object CMakeFiles/astra_camera_msgs__rosidl_typesupport_introspection_cpp.dir/rosidl_typesupport_introspection_cpp/astra_camera_msgs/msg/detail/metadata__type_support.cpp.o[0m
[5.991s] [ 38%] [32mBuilding CXX object CMakeFiles/astra_camera_msgs__rosidl_typesupport_c.dir/rosidl_typesupport_c/astra_camera_msgs/srv/get_string__type_support.cpp.o[0m
[5.995s] [ 40%] [32mBuilding C object CMakeFiles/astra_camera_msgs__rosidl_typesupport_introspection_c.dir/rosidl_typesupport_introspection_c/astra_camera_msgs/msg/detail/device_info__type_support.c.o[0m
[6.035s] [ 41%] [32mBuilding CXX object CMakeFiles/astra_camera_msgs__rosidl_typesupport_fastrtps_cpp.dir/rosidl_typesupport_fastrtps_cpp/astra_camera_msgs/msg/detail/dds_fastrtps/extrinsics__type_support.cpp.o[0m
[6.046s] [ 42%] [32mBuilding CXX object CMakeFiles/astra_camera_msgs__rosidl_typesupport_c.dir/rosidl_typesupport_c/astra_camera_msgs/srv/set_int32__type_support.cpp.o[0m
[6.058s] [ 43%] [32mBuilding CXX object CMakeFiles/astra_camera_msgs__rosidl_typesupport_fastrtps_c.dir/rosidl_typesupport_fastrtps_c/astra_camera_msgs/msg/detail/device_info__type_support_c.cpp.o[0m
[6.081s] [ 44%] [32mBuilding C object CMakeFiles/astra_camera_msgs__rosidl_typesupport_introspection_c.dir/rosidl_typesupport_introspection_c/astra_camera_msgs/msg/detail/extrinsics__type_support.c.o[0m
[6.092s] [ 45%] [32m[1mLinking CXX shared library libastra_camera_msgs__rosidl_typesupport_c.so[0m
[6.170s] [ 45%] Built target astra_camera_msgs__rosidl_typesupport_c
[6.180s] [ 46%] [32mBuilding C object CMakeFiles/astra_camera_msgs__rosidl_typesupport_introspection_c.dir/rosidl_typesupport_introspection_c/astra_camera_msgs/msg/detail/metadata__type_support.c.o[0m
[6.198s] [ 47%] [32mBuilding CXX object CMakeFiles/astra_camera_msgs__rosidl_typesupport_fastrtps_cpp.dir/rosidl_typesupport_fastrtps_cpp/astra_camera_msgs/msg/detail/dds_fastrtps/metadata__type_support.cpp.o[0m
[6.284s] [ 48%] [32mBuilding C object CMakeFiles/astra_camera_msgs__rosidl_typesupport_introspection_c.dir/rosidl_typesupport_introspection_c/astra_camera_msgs/srv/detail/get_device_info__type_support.c.o[0m
[6.299s] [ 49%] [32mBuilding CXX object CMakeFiles/astra_camera_msgs__rosidl_typesupport_fastrtps_c.dir/rosidl_typesupport_fastrtps_c/astra_camera_msgs/msg/detail/extrinsics__type_support_c.cpp.o[0m
[6.399s] [ 50%] [32mBuilding C object CMakeFiles/astra_camera_msgs__rosidl_typesupport_introspection_c.dir/rosidl_typesupport_introspection_c/astra_camera_msgs/srv/detail/get_camera_info__type_support.c.o[0m
[6.506s] [ 51%] [32mBuilding C object CMakeFiles/astra_camera_msgs__rosidl_typesupport_introspection_c.dir/rosidl_typesupport_introspection_c/astra_camera_msgs/srv/detail/get_camera_params__type_support.c.o[0m
[6.507s] [ 52%] [32mBuilding CXX object CMakeFiles/astra_camera_msgs__rosidl_typesupport_cpp.dir/rosidl_typesupport_cpp/astra_camera_msgs/srv/get_string__type_support.cpp.o[0m
[6.517s] [ 53%] [32mBuilding CXX object CMakeFiles/astra_camera_msgs__rosidl_typesupport_introspection_cpp.dir/rosidl_typesupport_introspection_cpp/astra_camera_msgs/srv/detail/get_device_info__type_support.cpp.o[0m
[6.632s] [ 54%] [32mBuilding C object CMakeFiles/astra_camera_msgs__rosidl_typesupport_introspection_c.dir/rosidl_typesupport_introspection_c/astra_camera_msgs/srv/detail/get_int32__type_support.c.o[0m
[6.749s] [ 55%] [32mBuilding C object CMakeFiles/astra_camera_msgs__rosidl_typesupport_introspection_c.dir/rosidl_typesupport_introspection_c/astra_camera_msgs/srv/detail/get_string__type_support.c.o[0m
[6.819s] [ 56%] [32mBuilding CXX object CMakeFiles/astra_camera_msgs__rosidl_typesupport_introspection_cpp.dir/rosidl_typesupport_introspection_cpp/astra_camera_msgs/srv/detail/get_camera_info__type_support.cpp.o[0m
[6.828s] [ 57%] [32mBuilding C object CMakeFiles/astra_camera_msgs__rosidl_typesupport_introspection_c.dir/rosidl_typesupport_introspection_c/astra_camera_msgs/srv/detail/set_int32__type_support.c.o[0m
[6.863s] [ 58%] [32mBuilding CXX object CMakeFiles/astra_camera_msgs__rosidl_typesupport_introspection_cpp.dir/rosidl_typesupport_introspection_cpp/astra_camera_msgs/srv/detail/get_camera_params__type_support.cpp.o[0m
[6.958s] [ 60%] [32mBuilding CXX object CMakeFiles/astra_camera_msgs__rosidl_typesupport_introspection_cpp.dir/rosidl_typesupport_introspection_cpp/astra_camera_msgs/srv/detail/get_int32__type_support.cpp.o[0m
[6.972s] [ 61%] [32m[1mLinking C shared library libastra_camera_msgs__rosidl_typesupport_introspection_c.so[0m
[6.976s] [ 62%] [32mBuilding CXX object CMakeFiles/astra_camera_msgs__rosidl_typesupport_fastrtps_c.dir/rosidl_typesupport_fastrtps_c/astra_camera_msgs/msg/detail/metadata__type_support_c.cpp.o[0m
[7.050s] [ 62%] Built target astra_camera_msgs__rosidl_typesupport_introspection_c
[7.062s] [ 63%] [32mBuilding CXX object CMakeFiles/astra_camera_msgs__rosidl_typesupport_introspection_cpp.dir/rosidl_typesupport_introspection_cpp/astra_camera_msgs/srv/detail/get_string__type_support.cpp.o[0m
[7.158s] [ 64%] [32mBuilding CXX object CMakeFiles/astra_camera_msgs__rosidl_typesupport_fastrtps_cpp.dir/rosidl_typesupport_fastrtps_cpp/astra_camera_msgs/srv/detail/dds_fastrtps/get_device_info__type_support.cpp.o[0m
[7.292s] [ 65%] [32mBuilding CXX object CMakeFiles/astra_camera_msgs__rosidl_typesupport_cpp.dir/rosidl_typesupport_cpp/astra_camera_msgs/srv/set_int32__type_support.cpp.o[0m
[7.508s] [ 66%] [32mBuilding CXX object CMakeFiles/astra_camera_msgs__rosidl_typesupport_fastrtps_c.dir/rosidl_typesupport_fastrtps_c/astra_camera_msgs/srv/detail/get_device_info__type_support_c.cpp.o[0m
[7.568s] [ 67%] [32mBuilding CXX object CMakeFiles/astra_camera_msgs__rosidl_typesupport_fastrtps_c.dir/rosidl_typesupport_fastrtps_c/astra_camera_msgs/srv/detail/get_camera_info__type_support_c.cpp.o[0m
[7.719s] [ 68%] [32mBuilding CXX object CMakeFiles/astra_camera_msgs__rosidl_typesupport_fastrtps_cpp.dir/rosidl_typesupport_fastrtps_cpp/astra_camera_msgs/srv/detail/dds_fastrtps/get_camera_info__type_support.cpp.o[0m
[7.737s] [ 69%] [32m[1mLinking CXX shared library libastra_camera_msgs__rosidl_typesupport_cpp.so[0m
[7.858s] [ 69%] Built target astra_camera_msgs__rosidl_typesupport_cpp
[7.880s] [ 70%] [32mBuilding CXX object CMakeFiles/astra_camera_msgs__rosidl_typesupport_fastrtps_c.dir/rosidl_typesupport_fastrtps_c/astra_camera_msgs/srv/detail/get_camera_params__type_support_c.cpp.o[0m
[8.026s] [ 71%] [32mBuilding CXX object CMakeFiles/astra_camera_msgs__rosidl_typesupport_fastrtps_c.dir/rosidl_typesupport_fastrtps_c/astra_camera_msgs/srv/detail/get_int32__type_support_c.cpp.o[0m
[8.044s] [ 72%] [32mBuilding CXX object CMakeFiles/astra_camera_msgs__rosidl_typesupport_fastrtps_c.dir/rosidl_typesupport_fastrtps_c/astra_camera_msgs/srv/detail/get_string__type_support_c.cpp.o[0m
[8.059s] [ 73%] [32mBuilding CXX object CMakeFiles/astra_camera_msgs__rosidl_typesupport_fastrtps_c.dir/rosidl_typesupport_fastrtps_c/astra_camera_msgs/srv/detail/set_int32__type_support_c.cpp.o[0m
[8.080s] [ 74%] [32mBuilding CXX object CMakeFiles/astra_camera_msgs__rosidl_typesupport_introspection_cpp.dir/rosidl_typesupport_introspection_cpp/astra_camera_msgs/srv/detail/set_int32__type_support.cpp.o[0m
[8.130s] [ 75%] [32mBuilding CXX object CMakeFiles/astra_camera_msgs__rosidl_typesupport_fastrtps_cpp.dir/rosidl_typesupport_fastrtps_cpp/astra_camera_msgs/srv/detail/dds_fastrtps/get_camera_params__type_support.cpp.o[0m
[8.316s] [ 76%] [32mBuilding CXX object CMakeFiles/astra_camera_msgs__rosidl_typesupport_fastrtps_cpp.dir/rosidl_typesupport_fastrtps_cpp/astra_camera_msgs/srv/detail/dds_fastrtps/get_int32__type_support.cpp.o[0m
[8.640s] [ 77%] [32mBuilding CXX object CMakeFiles/astra_camera_msgs__rosidl_typesupport_fastrtps_cpp.dir/rosidl_typesupport_fastrtps_cpp/astra_camera_msgs/srv/detail/dds_fastrtps/get_string__type_support.cpp.o[0m
[8.729s] [ 78%] [32m[1mLinking CXX shared library libastra_camera_msgs__rosidl_typesupport_introspection_cpp.so[0m
[8.795s] [ 80%] [32mBuilding CXX object CMakeFiles/astra_camera_msgs__rosidl_typesupport_fastrtps_cpp.dir/rosidl_typesupport_fastrtps_cpp/astra_camera_msgs/srv/detail/dds_fastrtps/set_int32__type_support.cpp.o[0m
[8.879s] [ 81%] [32m[1mLinking CXX shared library libastra_camera_msgs__rosidl_typesupport_fastrtps_c.so[0m
[8.957s] [ 81%] Built target astra_camera_msgs__rosidl_typesupport_introspection_cpp
[9.054s] [ 81%] Built target astra_camera_msgs__rosidl_typesupport_fastrtps_c
[9.429s] [ 82%] [32m[1mLinking CXX shared library libastra_camera_msgs__rosidl_typesupport_fastrtps_cpp.so[0m
[9.511s] [ 82%] Built target astra_camera_msgs__rosidl_typesupport_fastrtps_cpp
[9.529s] [ 82%] Built target astra_camera_msgs
[9.549s] [ 83%] [34m[1mGenerating Python code for ROS interfaces[0m
[11.109s] [ 83%] Built target astra_camera_msgs__py
[11.135s] [ 84%] [32mBuilding C object CMakeFiles/astra_camera_msgs__rosidl_generator_py.dir/rosidl_generator_py/astra_camera_msgs/srv/_get_device_info_s.c.o[0m
[11.136s] [ 85%] [32mBuilding C object CMakeFiles/astra_camera_msgs__rosidl_generator_py.dir/rosidl_generator_py/astra_camera_msgs/msg/_device_info_s.c.o[0m
[11.137s] [ 86%] [32mBuilding C object CMakeFiles/astra_camera_msgs__rosidl_generator_py.dir/rosidl_generator_py/astra_camera_msgs/msg/_extrinsics_s.c.o[0m
[11.138s] [ 87%] [32mBuilding C object CMakeFiles/astra_camera_msgs__rosidl_generator_py.dir/rosidl_generator_py/astra_camera_msgs/srv/_get_string_s.c.o[0m
[11.141s] [ 88%] [32mBuilding C object CMakeFiles/astra_camera_msgs__rosidl_generator_py.dir/rosidl_generator_py/astra_camera_msgs/msg/_metadata_s.c.o[0m
[11.144s] [ 89%] [32mBuilding C object CMakeFiles/astra_camera_msgs__rosidl_generator_py.dir/rosidl_generator_py/astra_camera_msgs/srv/_get_camera_info_s.c.o[0m
[11.144s] [ 90%] [32mBuilding C object CMakeFiles/astra_camera_msgs__rosidl_generator_py.dir/rosidl_generator_py/astra_camera_msgs/srv/_get_camera_params_s.c.o[0m
[11.146s] [ 91%] [32mBuilding C object CMakeFiles/astra_camera_msgs__rosidl_generator_py.dir/rosidl_generator_py/astra_camera_msgs/srv/_get_int32_s.c.o[0m
[11.331s] [ 92%] [32mBuilding C object CMakeFiles/astra_camera_msgs__rosidl_generator_py.dir/rosidl_generator_py/astra_camera_msgs/srv/_set_int32_s.c.o[0m
[11.496s] [ 93%] [32m[1mLinking C shared library rosidl_generator_py/astra_camera_msgs/libastra_camera_msgs__rosidl_generator_py.so[0m
[11.537s] [ 93%] Built target astra_camera_msgs__rosidl_generator_py
[11.558s] [ 94%] [32mBuilding C object CMakeFiles/astra_camera_msgs__rosidl_typesupport_c__pyext.dir/rosidl_generator_py/astra_camera_msgs/_astra_camera_msgs_s.ep.rosidl_typesupport_c.c.o[0m
[11.563s] [ 95%] [32mBuilding C object CMakeFiles/astra_camera_msgs__rosidl_typesupport_introspection_c__pyext.dir/rosidl_generator_py/astra_camera_msgs/_astra_camera_msgs_s.ep.rosidl_typesupport_introspection_c.c.o[0m
[11.563s] [ 96%] [32mBuilding C object CMakeFiles/astra_camera_msgs__rosidl_typesupport_fastrtps_c__pyext.dir/rosidl_generator_py/astra_camera_msgs/_astra_camera_msgs_s.ep.rosidl_typesupport_fastrtps_c.c.o[0m
[11.767s] [ 97%] [32m[1mLinking C shared library rosidl_generator_py/astra_camera_msgs/astra_camera_msgs_s__rosidl_typesupport_c.cpython-310-x86_64-linux-gnu.so[0m
[11.770s] [ 98%] [32m[1mLinking C shared library rosidl_generator_py/astra_camera_msgs/astra_camera_msgs_s__rosidl_typesupport_fastrtps_c.cpython-310-x86_64-linux-gnu.so[0m
[11.773s] [100%] [32m[1mLinking C shared library rosidl_generator_py/astra_camera_msgs/astra_camera_msgs_s__rosidl_typesupport_introspection_c.cpython-310-x86_64-linux-gnu.so[0m
[11.829s] [100%] Built target astra_camera_msgs__rosidl_typesupport_c__pyext
[11.832s] [100%] Built target astra_camera_msgs__rosidl_typesupport_fastrtps_c__pyext
[11.832s] [100%] Built target astra_camera_msgs__rosidl_typesupport_introspection_c__pyext
[11.849s] Invoked command in '/home/ddon/software_robocon_2025/build/astra_camera_msgs' returned '0': CMAKE_PREFIX_PATH=${CMAKE_PREFIX_PATH}:/opt/ros/humble /usr/bin/cmake --build /home/ddon/software_robocon_2025/build/astra_camera_msgs -- -j8 -l8
[11.853s] Invoking command in '/home/ddon/software_robocon_2025/build/astra_camera_msgs': CMAKE_PREFIX_PATH=${CMAKE_PREFIX_PATH}:/opt/ros/humble /usr/bin/cmake --install /home/ddon/software_robocon_2025/build/astra_camera_msgs
[11.861s] -- Install configuration: ""
[11.862s] -- Installing: /home/ddon/software_robocon_2025/install/astra_camera_msgs/share/ament_index/resource_index/rosidl_interfaces/astra_camera_msgs
[11.862s] -- Installing: /home/ddon/software_robocon_2025/install/astra_camera_msgs/include/astra_camera_msgs/astra_camera_msgs
[11.862s] -- Installing: /home/ddon/software_robocon_2025/install/astra_camera_msgs/include/astra_camera_msgs/astra_camera_msgs/msg
[11.862s] -- Installing: /home/ddon/software_robocon_2025/install/astra_camera_msgs/include/astra_camera_msgs/astra_camera_msgs/msg/detail
[11.862s] -- Installing: /home/ddon/software_robocon_2025/install/astra_camera_msgs/include/astra_camera_msgs/astra_camera_msgs/msg/detail/device_info__functions.h
[11.863s] -- Installing: /home/ddon/software_robocon_2025/install/astra_camera_msgs/include/astra_camera_msgs/astra_camera_msgs/msg/detail/device_info__functions.c
[11.864s] -- Installing: /home/ddon/software_robocon_2025/install/astra_camera_msgs/include/astra_camera_msgs/astra_camera_msgs/msg/detail/extrinsics__functions.h
[11.864s] -- Installing: /home/ddon/software_robocon_2025/install/astra_camera_msgs/include/astra_camera_msgs/astra_camera_msgs/msg/detail/metadata__struct.h
[11.864s] -- Installing: /home/ddon/software_robocon_2025/install/astra_camera_msgs/include/astra_camera_msgs/astra_camera_msgs/msg/detail/metadata__functions.c
[11.864s] -- Installing: /home/ddon/software_robocon_2025/install/astra_camera_msgs/include/astra_camera_msgs/astra_camera_msgs/msg/detail/extrinsics__struct.h
[11.864s] -- Installing: /home/ddon/software_robocon_2025/install/astra_camera_msgs/include/astra_camera_msgs/astra_camera_msgs/msg/detail/device_info__struct.h
[11.864s] -- Installing: /home/ddon/software_robocon_2025/install/astra_camera_msgs/include/astra_camera_msgs/astra_camera_msgs/msg/detail/metadata__type_support.h
[11.864s] -- Installing: /home/ddon/software_robocon_2025/install/astra_camera_msgs/include/astra_camera_msgs/astra_camera_msgs/msg/detail/extrinsics__type_support.h
[11.864s] -- Installing: /home/ddon/software_robocon_2025/install/astra_camera_msgs/include/astra_camera_msgs/astra_camera_msgs/msg/detail/metadata__functions.h
[11.864s] -- Installing: /home/ddon/software_robocon_2025/install/astra_camera_msgs/include/astra_camera_msgs/astra_camera_msgs/msg/detail/device_info__type_support.h
[11.865s] -- Installing: /home/ddon/software_robocon_2025/install/astra_camera_msgs/include/astra_camera_msgs/astra_camera_msgs/msg/detail/extrinsics__functions.c
[11.865s] -- Installing: /home/ddon/software_robocon_2025/install/astra_camera_msgs/include/astra_camera_msgs/astra_camera_msgs/msg/metadata.h
[11.865s] -- Installing: /home/ddon/software_robocon_2025/install/astra_camera_msgs/include/astra_camera_msgs/astra_camera_msgs/msg/extrinsics.h
[11.865s] -- Installing: /home/ddon/software_robocon_2025/install/astra_camera_msgs/include/astra_camera_msgs/astra_camera_msgs/msg/device_info.h
[11.865s] -- Installing: /home/ddon/software_robocon_2025/install/astra_camera_msgs/include/astra_camera_msgs/astra_camera_msgs/msg/rosidl_generator_c__visibility_control.h
[11.865s] -- Installing: /home/ddon/software_robocon_2025/install/astra_camera_msgs/include/astra_camera_msgs/astra_camera_msgs/srv
[11.868s] -- Installing: /home/ddon/software_robocon_2025/install/astra_camera_msgs/include/astra_camera_msgs/astra_camera_msgs/srv/detail
[11.869s] -- Installing: /home/ddon/software_robocon_2025/install/astra_camera_msgs/include/astra_camera_msgs/astra_camera_msgs/srv/detail/get_device_info__struct.h
[11.869s] -- Installing: /home/ddon/software_robocon_2025/install/astra_camera_msgs/include/astra_camera_msgs/astra_camera_msgs/srv/detail/get_camera_params__struct.h
[11.869s] -- Installing: /home/ddon/software_robocon_2025/install/astra_camera_msgs/include/astra_camera_msgs/astra_camera_msgs/srv/detail/get_int32__struct.h
[11.869s] -- Installing: /home/ddon/software_robocon_2025/install/astra_camera_msgs/include/astra_camera_msgs/astra_camera_msgs/srv/detail/get_int32__functions.h
[11.869s] -- Installing: /home/ddon/software_robocon_2025/install/astra_camera_msgs/include/astra_camera_msgs/astra_camera_msgs/srv/detail/get_string__functions.c
[11.869s] -- Installing: /home/ddon/software_robocon_2025/install/astra_camera_msgs/include/astra_camera_msgs/astra_camera_msgs/srv/detail/set_int32__functions.c
[11.869s] -- Installing: /home/ddon/software_robocon_2025/install/astra_camera_msgs/include/astra_camera_msgs/astra_camera_msgs/srv/detail/get_device_info__functions.h
[11.869s] -- Installing: /home/ddon/software_robocon_2025/install/astra_camera_msgs/include/astra_camera_msgs/astra_camera_msgs/srv/detail/get_camera_info__struct.h
[11.869s] -- Installing: /home/ddon/software_robocon_2025/install/astra_camera_msgs/include/astra_camera_msgs/astra_camera_msgs/srv/detail/get_camera_params__functions.h
[11.870s] -- Installing: /home/ddon/software_robocon_2025/install/astra_camera_msgs/include/astra_camera_msgs/astra_camera_msgs/srv/detail/get_int32__functions.c
[11.870s] -- Installing: /home/ddon/software_robocon_2025/install/astra_camera_msgs/include/astra_camera_msgs/astra_camera_msgs/srv/detail/set_int32__struct.h
[11.870s] -- Installing: /home/ddon/software_robocon_2025/install/astra_camera_msgs/include/astra_camera_msgs/astra_camera_msgs/srv/detail/get_camera_params__type_support.h
[11.870s] -- Installing: /home/ddon/software_robocon_2025/install/astra_camera_msgs/include/astra_camera_msgs/astra_camera_msgs/srv/detail/get_int32__type_support.h
[11.870s] -- Installing: /home/ddon/software_robocon_2025/install/astra_camera_msgs/include/astra_camera_msgs/astra_camera_msgs/srv/detail/get_device_info__functions.c
[11.870s] -- Installing: /home/ddon/software_robocon_2025/install/astra_camera_msgs/include/astra_camera_msgs/astra_camera_msgs/srv/detail/get_device_info__type_support.h
[11.870s] -- Installing: /home/ddon/software_robocon_2025/install/astra_camera_msgs/include/astra_camera_msgs/astra_camera_msgs/srv/detail/set_int32__type_support.h
[11.870s] -- Installing: /home/ddon/software_robocon_2025/install/astra_camera_msgs/include/astra_camera_msgs/astra_camera_msgs/srv/detail/get_camera_info__type_support.h
[11.870s] -- Installing: /home/ddon/software_robocon_2025/install/astra_camera_msgs/include/astra_camera_msgs/astra_camera_msgs/srv/detail/get_camera_params__functions.c
[11.870s] -- Installing: /home/ddon/software_robocon_2025/install/astra_camera_msgs/include/astra_camera_msgs/astra_camera_msgs/srv/detail/get_string__functions.h
[11.870s] -- Installing: /home/ddon/software_robocon_2025/install/astra_camera_msgs/include/astra_camera_msgs/astra_camera_msgs/srv/detail/get_string__type_support.h
[11.871s] -- Installing: /home/ddon/software_robocon_2025/install/astra_camera_msgs/include/astra_camera_msgs/astra_camera_msgs/srv/detail/set_int32__functions.h
[11.871s] -- Installing: /home/ddon/software_robocon_2025/install/astra_camera_msgs/include/astra_camera_msgs/astra_camera_msgs/srv/detail/get_camera_info__functions.c
[11.871s] -- Installing: /home/ddon/software_robocon_2025/install/astra_camera_msgs/include/astra_camera_msgs/astra_camera_msgs/srv/detail/get_camera_info__functions.h
[11.871s] -- Installing: /home/ddon/software_robocon_2025/install/astra_camera_msgs/include/astra_camera_msgs/astra_camera_msgs/srv/detail/get_string__struct.h
[11.871s] -- Installing: /home/ddon/software_robocon_2025/install/astra_camera_msgs/include/astra_camera_msgs/astra_camera_msgs/srv/get_camera_params.h
[11.871s] -- Installing: /home/ddon/software_robocon_2025/install/astra_camera_msgs/include/astra_camera_msgs/astra_camera_msgs/srv/get_camera_info.h
[11.871s] -- Installing: /home/ddon/software_robocon_2025/install/astra_camera_msgs/include/astra_camera_msgs/astra_camera_msgs/srv/get_int32.h
[11.871s] -- Installing: /home/ddon/software_robocon_2025/install/astra_camera_msgs/include/astra_camera_msgs/astra_camera_msgs/srv/get_string.h
[11.871s] -- Installing: /home/ddon/software_robocon_2025/install/astra_camera_msgs/include/astra_camera_msgs/astra_camera_msgs/srv/get_device_info.h
[11.871s] -- Installing: /home/ddon/software_robocon_2025/install/astra_camera_msgs/include/astra_camera_msgs/astra_camera_msgs/srv/set_int32.h
[11.871s] -- Installing: /home/ddon/software_robocon_2025/install/astra_camera_msgs/share/astra_camera_msgs/environment/library_path.sh
[11.872s] -- Installing: /home/ddon/software_robocon_2025/install/astra_camera_msgs/share/astra_camera_msgs/environment/library_path.dsv
[11.872s] -- Installing: /home/ddon/software_robocon_2025/install/astra_camera_msgs/lib/libastra_camera_msgs__rosidl_generator_c.so
[11.872s] -- Set runtime path of "/home/ddon/software_robocon_2025/install/astra_camera_msgs/lib/libastra_camera_msgs__rosidl_generator_c.so" to ""
[11.872s] -- Up-to-date: /home/ddon/software_robocon_2025/install/astra_camera_msgs/include/astra_camera_msgs/astra_camera_msgs
[11.872s] -- Up-to-date: /home/ddon/software_robocon_2025/install/astra_camera_msgs/include/astra_camera_msgs/astra_camera_msgs/msg
[11.872s] -- Installing: /home/ddon/software_robocon_2025/install/astra_camera_msgs/include/astra_camera_msgs/astra_camera_msgs/msg/rosidl_typesupport_fastrtps_c__visibility_control.h
[11.872s] -- Up-to-date: /home/ddon/software_robocon_2025/install/astra_camera_msgs/include/astra_camera_msgs/astra_camera_msgs/msg/detail
[11.872s] -- Installing: /home/ddon/software_robocon_2025/install/astra_camera_msgs/include/astra_camera_msgs/astra_camera_msgs/msg/detail/extrinsics__rosidl_typesupport_fastrtps_c.h
[11.872s] -- Installing: /home/ddon/software_robocon_2025/install/astra_camera_msgs/include/astra_camera_msgs/astra_camera_msgs/msg/detail/device_info__rosidl_typesupport_fastrtps_c.h
[11.872s] -- Installing: /home/ddon/software_robocon_2025/install/astra_camera_msgs/include/astra_camera_msgs/astra_camera_msgs/msg/detail/metadata__rosidl_typesupport_fastrtps_c.h
[11.872s] -- Up-to-date: /home/ddon/software_robocon_2025/install/astra_camera_msgs/include/astra_camera_msgs/astra_camera_msgs/srv
[11.872s] -- Up-to-date: /home/ddon/software_robocon_2025/install/astra_camera_msgs/include/astra_camera_msgs/astra_camera_msgs/srv/detail
[11.873s] -- Installing: /home/ddon/software_robocon_2025/install/astra_camera_msgs/include/astra_camera_msgs/astra_camera_msgs/srv/detail/set_int32__rosidl_typesupport_fastrtps_c.h
[11.873s] -- Installing: /home/ddon/software_robocon_2025/install/astra_camera_msgs/include/astra_camera_msgs/astra_camera_msgs/srv/detail/get_camera_params__rosidl_typesupport_fastrtps_c.h
[11.873s] -- Installing: /home/ddon/software_robocon_2025/install/astra_camera_msgs/include/astra_camera_msgs/astra_camera_msgs/srv/detail/get_device_info__rosidl_typesupport_fastrtps_c.h
[11.873s] -- Installing: /home/ddon/software_robocon_2025/install/astra_camera_msgs/include/astra_camera_msgs/astra_camera_msgs/srv/detail/get_string__rosidl_typesupport_fastrtps_c.h
[11.873s] -- Installing: /home/ddon/software_robocon_2025/install/astra_camera_msgs/include/astra_camera_msgs/astra_camera_msgs/srv/detail/get_camera_info__rosidl_typesupport_fastrtps_c.h
[11.873s] -- Installing: /home/ddon/software_robocon_2025/install/astra_camera_msgs/include/astra_camera_msgs/astra_camera_msgs/srv/detail/get_int32__rosidl_typesupport_fastrtps_c.h
[11.873s] -- Installing: /home/ddon/software_robocon_2025/install/astra_camera_msgs/lib/libastra_camera_msgs__rosidl_typesupport_fastrtps_c.so
[11.873s] -- Set runtime path of "/home/ddon/software_robocon_2025/install/astra_camera_msgs/lib/libastra_camera_msgs__rosidl_typesupport_fastrtps_c.so" to ""
[11.873s] -- Up-to-date: /home/ddon/software_robocon_2025/install/astra_camera_msgs/include/astra_camera_msgs/astra_camera_msgs
[11.873s] -- Up-to-date: /home/ddon/software_robocon_2025/install/astra_camera_msgs/include/astra_camera_msgs/astra_camera_msgs/msg
[11.874s] -- Up-to-date: /home/ddon/software_robocon_2025/install/astra_camera_msgs/include/astra_camera_msgs/astra_camera_msgs/msg/detail
[11.874s] -- Installing: /home/ddon/software_robocon_2025/install/astra_camera_msgs/include/astra_camera_msgs/astra_camera_msgs/msg/detail/device_info__type_support.c
[11.874s] -- Installing: /home/ddon/software_robocon_2025/install/astra_camera_msgs/include/astra_camera_msgs/astra_camera_msgs/msg/detail/device_info__rosidl_typesupport_introspection_c.h
[11.874s] -- Installing: /home/ddon/software_robocon_2025/install/astra_camera_msgs/include/astra_camera_msgs/astra_camera_msgs/msg/detail/extrinsics__type_support.c
[11.874s] -- Installing: /home/ddon/software_robocon_2025/install/astra_camera_msgs/include/astra_camera_msgs/astra_camera_msgs/msg/detail/metadata__rosidl_typesupport_introspection_c.h
[11.874s] -- Installing: /home/ddon/software_robocon_2025/install/astra_camera_msgs/include/astra_camera_msgs/astra_camera_msgs/msg/detail/extrinsics__rosidl_typesupport_introspection_c.h
[11.874s] -- Installing: /home/ddon/software_robocon_2025/install/astra_camera_msgs/include/astra_camera_msgs/astra_camera_msgs/msg/detail/metadata__type_support.c
[11.874s] -- Installing: /home/ddon/software_robocon_2025/install/astra_camera_msgs/include/astra_camera_msgs/astra_camera_msgs/msg/rosidl_typesupport_introspection_c__visibility_control.h
[11.874s] -- Up-to-date: /home/ddon/software_robocon_2025/install/astra_camera_msgs/include/astra_camera_msgs/astra_camera_msgs/srv
[11.874s] -- Up-to-date: /home/ddon/software_robocon_2025/install/astra_camera_msgs/include/astra_camera_msgs/astra_camera_msgs/srv/detail
[11.875s] -- Installing: /home/ddon/software_robocon_2025/install/astra_camera_msgs/include/astra_camera_msgs/astra_camera_msgs/srv/detail/get_camera_info__type_support.c
[11.875s] -- Installing: /home/ddon/software_robocon_2025/install/astra_camera_msgs/include/astra_camera_msgs/astra_camera_msgs/srv/detail/set_int32__type_support.c
[11.875s] -- Installing: /home/ddon/software_robocon_2025/install/astra_camera_msgs/include/astra_camera_msgs/astra_camera_msgs/srv/detail/get_string__rosidl_typesupport_introspection_c.h
[11.875s] -- Installing: /home/ddon/software_robocon_2025/install/astra_camera_msgs/include/astra_camera_msgs/astra_camera_msgs/srv/detail/get_string__type_support.c
[11.875s] -- Installing: /home/ddon/software_robocon_2025/install/astra_camera_msgs/include/astra_camera_msgs/astra_camera_msgs/srv/detail/get_camera_params__rosidl_typesupport_introspection_c.h
[11.875s] -- Installing: /home/ddon/software_robocon_2025/install/astra_camera_msgs/include/astra_camera_msgs/astra_camera_msgs/srv/detail/get_int32__type_support.c
[11.875s] -- Installing: /home/ddon/software_robocon_2025/install/astra_camera_msgs/include/astra_camera_msgs/astra_camera_msgs/srv/detail/get_camera_info__rosidl_typesupport_introspection_c.h
[11.875s] -- Installing: /home/ddon/software_robocon_2025/install/astra_camera_msgs/include/astra_camera_msgs/astra_camera_msgs/srv/detail/get_device_info__rosidl_typesupport_introspection_c.h
[11.876s] -- Installing: /home/ddon/software_robocon_2025/install/astra_camera_msgs/include/astra_camera_msgs/astra_camera_msgs/srv/detail/get_int32__rosidl_typesupport_introspection_c.h
[11.876s] -- Installing: /home/ddon/software_robocon_2025/install/astra_camera_msgs/include/astra_camera_msgs/astra_camera_msgs/srv/detail/set_int32__rosidl_typesupport_introspection_c.h
[11.876s] -- Installing: /home/ddon/software_robocon_2025/install/astra_camera_msgs/include/astra_camera_msgs/astra_camera_msgs/srv/detail/get_camera_params__type_support.c
[11.876s] -- Installing: /home/ddon/software_robocon_2025/install/astra_camera_msgs/include/astra_camera_msgs/astra_camera_msgs/srv/detail/get_device_info__type_support.c
[11.876s] -- Installing: /home/ddon/software_robocon_2025/install/astra_camera_msgs/lib/libastra_camera_msgs__rosidl_typesupport_introspection_c.so
[11.876s] -- Set runtime path of "/home/ddon/software_robocon_2025/install/astra_camera_msgs/lib/libastra_camera_msgs__rosidl_typesupport_introspection_c.so" to ""
[11.876s] -- Installing: /home/ddon/software_robocon_2025/install/astra_camera_msgs/lib/libastra_camera_msgs__rosidl_typesupport_c.so
[11.876s] -- Set runtime path of "/home/ddon/software_robocon_2025/install/astra_camera_msgs/lib/libastra_camera_msgs__rosidl_typesupport_c.so" to ""
[11.876s] -- Up-to-date: /home/ddon/software_robocon_2025/install/astra_camera_msgs/include/astra_camera_msgs/astra_camera_msgs
[11.876s] -- Up-to-date: /home/ddon/software_robocon_2025/install/astra_camera_msgs/include/astra_camera_msgs/astra_camera_msgs/msg
[11.876s] -- Installing: /home/ddon/software_robocon_2025/install/astra_camera_msgs/include/astra_camera_msgs/astra_camera_msgs/msg/metadata.hpp
[11.877s] -- Up-to-date: /home/ddon/software_robocon_2025/install/astra_camera_msgs/include/astra_camera_msgs/astra_camera_msgs/msg/detail
[11.877s] -- Installing: /home/ddon/software_robocon_2025/install/astra_camera_msgs/include/astra_camera_msgs/astra_camera_msgs/msg/detail/metadata__type_support.hpp
[11.877s] -- Installing: /home/ddon/software_robocon_2025/install/astra_camera_msgs/include/astra_camera_msgs/astra_camera_msgs/msg/detail/extrinsics__builder.hpp
[11.877s] -- Installing: /home/ddon/software_robocon_2025/install/astra_camera_msgs/include/astra_camera_msgs/astra_camera_msgs/msg/detail/device_info__builder.hpp
[11.877s] -- Installing: /home/ddon/software_robocon_2025/install/astra_camera_msgs/include/astra_camera_msgs/astra_camera_msgs/msg/detail/metadata__traits.hpp
[11.877s] -- Installing: /home/ddon/software_robocon_2025/install/astra_camera_msgs/include/astra_camera_msgs/astra_camera_msgs/msg/detail/device_info__type_support.hpp
[11.877s] -- Installing: /home/ddon/software_robocon_2025/install/astra_camera_msgs/include/astra_camera_msgs/astra_camera_msgs/msg/detail/device_info__struct.hpp
[11.877s] -- Installing: /home/ddon/software_robocon_2025/install/astra_camera_msgs/include/astra_camera_msgs/astra_camera_msgs/msg/detail/device_info__traits.hpp
[11.877s] -- Installing: /home/ddon/software_robocon_2025/install/astra_camera_msgs/include/astra_camera_msgs/astra_camera_msgs/msg/detail/metadata__builder.hpp
[11.877s] -- Installing: /home/ddon/software_robocon_2025/install/astra_camera_msgs/include/astra_camera_msgs/astra_camera_msgs/msg/detail/extrinsics__traits.hpp
[11.877s] -- Installing: /home/ddon/software_robocon_2025/install/astra_camera_msgs/include/astra_camera_msgs/astra_camera_msgs/msg/detail/metadata__struct.hpp
[11.878s] -- Installing: /home/ddon/software_robocon_2025/install/astra_camera_msgs/include/astra_camera_msgs/astra_camera_msgs/msg/detail/extrinsics__struct.hpp
[11.878s] -- Installing: /home/ddon/software_robocon_2025/install/astra_camera_msgs/include/astra_camera_msgs/astra_camera_msgs/msg/detail/extrinsics__type_support.hpp
[11.878s] -- Installing: /home/ddon/software_robocon_2025/install/astra_camera_msgs/include/astra_camera_msgs/astra_camera_msgs/msg/rosidl_generator_cpp__visibility_control.hpp
[11.878s] -- Installing: /home/ddon/software_robocon_2025/install/astra_camera_msgs/include/astra_camera_msgs/astra_camera_msgs/msg/extrinsics.hpp
[11.878s] -- Installing: /home/ddon/software_robocon_2025/install/astra_camera_msgs/include/astra_camera_msgs/astra_camera_msgs/msg/device_info.hpp
[11.878s] -- Up-to-date: /home/ddon/software_robocon_2025/install/astra_camera_msgs/include/astra_camera_msgs/astra_camera_msgs/srv
[11.879s] -- Installing: /home/ddon/software_robocon_2025/install/astra_camera_msgs/include/astra_camera_msgs/astra_camera_msgs/srv/set_int32.hpp
[11.879s] -- Up-to-date: /home/ddon/software_robocon_2025/install/astra_camera_msgs/include/astra_camera_msgs/astra_camera_msgs/srv/detail
[11.879s] -- Installing: /home/ddon/software_robocon_2025/install/astra_camera_msgs/include/astra_camera_msgs/astra_camera_msgs/srv/detail/get_int32__traits.hpp
[11.879s] -- Installing: /home/ddon/software_robocon_2025/install/astra_camera_msgs/include/astra_camera_msgs/astra_camera_msgs/srv/detail/set_int32__struct.hpp
[11.879s] -- Installing: /home/ddon/software_robocon_2025/install/astra_camera_msgs/include/astra_camera_msgs/astra_camera_msgs/srv/detail/get_string__struct.hpp
[11.879s] -- Installing: /home/ddon/software_robocon_2025/install/astra_camera_msgs/include/astra_camera_msgs/astra_camera_msgs/srv/detail/get_string__builder.hpp
[11.879s] -- Installing: /home/ddon/software_robocon_2025/install/astra_camera_msgs/include/astra_camera_msgs/astra_camera_msgs/srv/detail/set_int32__traits.hpp
[11.880s] -- Installing: /home/ddon/software_robocon_2025/install/astra_camera_msgs/include/astra_camera_msgs/astra_camera_msgs/srv/detail/get_string__type_support.hpp
[11.880s] -- Installing: /home/ddon/software_robocon_2025/install/astra_camera_msgs/include/astra_camera_msgs/astra_camera_msgs/srv/detail/get_camera_info__type_support.hpp
[11.880s] -- Installing: /home/ddon/software_robocon_2025/install/astra_camera_msgs/include/astra_camera_msgs/astra_camera_msgs/srv/detail/get_camera_params__builder.hpp
[11.880s] -- Installing: /home/ddon/software_robocon_2025/install/astra_camera_msgs/include/astra_camera_msgs/astra_camera_msgs/srv/detail/get_camera_params__traits.hpp
[11.880s] -- Installing: /home/ddon/software_robocon_2025/install/astra_camera_msgs/include/astra_camera_msgs/astra_camera_msgs/srv/detail/get_int32__type_support.hpp
[11.880s] -- Installing: /home/ddon/software_robocon_2025/install/astra_camera_msgs/include/astra_camera_msgs/astra_camera_msgs/srv/detail/set_int32__builder.hpp
[11.880s] -- Installing: /home/ddon/software_robocon_2025/install/astra_camera_msgs/include/astra_camera_msgs/astra_camera_msgs/srv/detail/get_int32__struct.hpp
[11.880s] -- Installing: /home/ddon/software_robocon_2025/install/astra_camera_msgs/include/astra_camera_msgs/astra_camera_msgs/srv/detail/get_camera_info__builder.hpp
[11.880s] -- Installing: /home/ddon/software_robocon_2025/install/astra_camera_msgs/include/astra_camera_msgs/astra_camera_msgs/srv/detail/get_device_info__builder.hpp
[11.881s] -- Installing: /home/ddon/software_robocon_2025/install/astra_camera_msgs/include/astra_camera_msgs/astra_camera_msgs/srv/detail/get_device_info__type_support.hpp
[11.881s] -- Installing: /home/ddon/software_robocon_2025/install/astra_camera_msgs/include/astra_camera_msgs/astra_camera_msgs/srv/detail/get_camera_info__traits.hpp
[11.881s] -- Installing: /home/ddon/software_robocon_2025/install/astra_camera_msgs/include/astra_camera_msgs/astra_camera_msgs/srv/detail/get_string__traits.hpp
[11.881s] -- Installing: /home/ddon/software_robocon_2025/install/astra_camera_msgs/include/astra_camera_msgs/astra_camera_msgs/srv/detail/get_camera_params__struct.hpp
[11.881s] -- Installing: /home/ddon/software_robocon_2025/install/astra_camera_msgs/include/astra_camera_msgs/astra_camera_msgs/srv/detail/get_int32__builder.hpp
[11.881s] -- Installing: /home/ddon/software_robocon_2025/install/astra_camera_msgs/include/astra_camera_msgs/astra_camera_msgs/srv/detail/set_int32__type_support.hpp
[11.882s] -- Installing: /home/ddon/software_robocon_2025/install/astra_camera_msgs/include/astra_camera_msgs/astra_camera_msgs/srv/detail/get_camera_params__type_support.hpp
[11.882s] -- Installing: /home/ddon/software_robocon_2025/install/astra_camera_msgs/include/astra_camera_msgs/astra_camera_msgs/srv/detail/get_device_info__traits.hpp
[11.882s] -- Installing: /home/ddon/software_robocon_2025/install/astra_camera_msgs/include/astra_camera_msgs/astra_camera_msgs/srv/detail/get_device_info__struct.hpp
[11.882s] -- Installing: /home/ddon/software_robocon_2025/install/astra_camera_msgs/include/astra_camera_msgs/astra_camera_msgs/srv/detail/get_camera_info__struct.hpp
[11.882s] -- Installing: /home/ddon/software_robocon_2025/install/astra_camera_msgs/include/astra_camera_msgs/astra_camera_msgs/srv/get_device_info.hpp
[11.882s] -- Installing: /home/ddon/software_robocon_2025/install/astra_camera_msgs/include/astra_camera_msgs/astra_camera_msgs/srv/get_camera_info.hpp
[11.882s] -- Installing: /home/ddon/software_robocon_2025/install/astra_camera_msgs/include/astra_camera_msgs/astra_camera_msgs/srv/get_string.hpp
[11.883s] -- Installing: /home/ddon/software_robocon_2025/install/astra_camera_msgs/include/astra_camera_msgs/astra_camera_msgs/srv/get_camera_params.hpp
[11.884s] -- Installing: /home/ddon/software_robocon_2025/install/astra_camera_msgs/include/astra_camera_msgs/astra_camera_msgs/srv/get_int32.hpp
[11.884s] -- Up-to-date: /home/ddon/software_robocon_2025/install/astra_camera_msgs/include/astra_camera_msgs/astra_camera_msgs
[11.884s] -- Up-to-date: /home/ddon/software_robocon_2025/install/astra_camera_msgs/include/astra_camera_msgs/astra_camera_msgs/msg
[11.884s] -- Up-to-date: /home/ddon/software_robocon_2025/install/astra_camera_msgs/include/astra_camera_msgs/astra_camera_msgs/msg/detail
[11.884s] -- Installing: /home/ddon/software_robocon_2025/install/astra_camera_msgs/include/astra_camera_msgs/astra_camera_msgs/msg/detail/metadata__rosidl_typesupport_fastrtps_cpp.hpp
[11.884s] -- Installing: /home/ddon/software_robocon_2025/install/astra_camera_msgs/include/astra_camera_msgs/astra_camera_msgs/msg/detail/device_info__rosidl_typesupport_fastrtps_cpp.hpp
[11.884s] -- Installing: /home/ddon/software_robocon_2025/install/astra_camera_msgs/include/astra_camera_msgs/astra_camera_msgs/msg/detail/dds_fastrtps
[11.884s] -- Installing: /home/ddon/software_robocon_2025/install/astra_camera_msgs/include/astra_camera_msgs/astra_camera_msgs/msg/detail/extrinsics__rosidl_typesupport_fastrtps_cpp.hpp
[11.884s] -- Installing: /home/ddon/software_robocon_2025/install/astra_camera_msgs/include/astra_camera_msgs/astra_camera_msgs/msg/rosidl_typesupport_fastrtps_cpp__visibility_control.h
[11.884s] -- Up-to-date: /home/ddon/software_robocon_2025/install/astra_camera_msgs/include/astra_camera_msgs/astra_camera_msgs/srv
[11.884s] -- Up-to-date: /home/ddon/software_robocon_2025/install/astra_camera_msgs/include/astra_camera_msgs/astra_camera_msgs/srv/detail
[11.885s] -- Installing: /home/ddon/software_robocon_2025/install/astra_camera_msgs/include/astra_camera_msgs/astra_camera_msgs/srv/detail/set_int32__rosidl_typesupport_fastrtps_cpp.hpp
[11.885s] -- Installing: /home/ddon/software_robocon_2025/install/astra_camera_msgs/include/astra_camera_msgs/astra_camera_msgs/srv/detail/get_device_info__rosidl_typesupport_fastrtps_cpp.hpp
[11.885s] -- Installing: /home/ddon/software_robocon_2025/install/astra_camera_msgs/include/astra_camera_msgs/astra_camera_msgs/srv/detail/get_int32__rosidl_typesupport_fastrtps_cpp.hpp
[11.885s] -- Installing: /home/ddon/software_robocon_2025/install/astra_camera_msgs/include/astra_camera_msgs/astra_camera_msgs/srv/detail/get_string__rosidl_typesupport_fastrtps_cpp.hpp
[11.885s] -- Installing: /home/ddon/software_robocon_2025/install/astra_camera_msgs/include/astra_camera_msgs/astra_camera_msgs/srv/detail/get_camera_info__rosidl_typesupport_fastrtps_cpp.hpp
[11.885s] -- Installing: /home/ddon/software_robocon_2025/install/astra_camera_msgs/include/astra_camera_msgs/astra_camera_msgs/srv/detail/get_camera_params__rosidl_typesupport_fastrtps_cpp.hpp
[11.885s] -- Installing: /home/ddon/software_robocon_2025/install/astra_camera_msgs/include/astra_camera_msgs/astra_camera_msgs/srv/detail/dds_fastrtps
[11.885s] -- Installing: /home/ddon/software_robocon_2025/install/astra_camera_msgs/lib/libastra_camera_msgs__rosidl_typesupport_fastrtps_cpp.so
[11.885s] -- Set runtime path of "/home/ddon/software_robocon_2025/install/astra_camera_msgs/lib/libastra_camera_msgs__rosidl_typesupport_fastrtps_cpp.so" to ""
[11.885s] -- Up-to-date: /home/ddon/software_robocon_2025/install/astra_camera_msgs/include/astra_camera_msgs/astra_camera_msgs
[11.885s] -- Up-to-date: /home/ddon/software_robocon_2025/install/astra_camera_msgs/include/astra_camera_msgs/astra_camera_msgs/msg
[11.885s] -- Up-to-date: /home/ddon/software_robocon_2025/install/astra_camera_msgs/include/astra_camera_msgs/astra_camera_msgs/msg/detail
[11.886s] -- Installing: /home/ddon/software_robocon_2025/install/astra_camera_msgs/include/astra_camera_msgs/astra_camera_msgs/msg/detail/device_info__type_support.cpp
[11.886s] -- Installing: /home/ddon/software_robocon_2025/install/astra_camera_msgs/include/astra_camera_msgs/astra_camera_msgs/msg/detail/metadata__rosidl_typesupport_introspection_cpp.hpp
[11.886s] -- Installing: /home/ddon/software_robocon_2025/install/astra_camera_msgs/include/astra_camera_msgs/astra_camera_msgs/msg/detail/device_info__rosidl_typesupport_introspection_cpp.hpp
[11.886s] -- Installing: /home/ddon/software_robocon_2025/install/astra_camera_msgs/include/astra_camera_msgs/astra_camera_msgs/msg/detail/extrinsics__type_support.cpp
[11.886s] -- Installing: /home/ddon/software_robocon_2025/install/astra_camera_msgs/include/astra_camera_msgs/astra_camera_msgs/msg/detail/metadata__type_support.cpp
[11.886s] -- Installing: /home/ddon/software_robocon_2025/install/astra_camera_msgs/include/astra_camera_msgs/astra_camera_msgs/msg/detail/extrinsics__rosidl_typesupport_introspection_cpp.hpp
[11.886s] -- Up-to-date: /home/ddon/software_robocon_2025/install/astra_camera_msgs/include/astra_camera_msgs/astra_camera_msgs/srv
[11.886s] -- Up-to-date: /home/ddon/software_robocon_2025/install/astra_camera_msgs/include/astra_camera_msgs/astra_camera_msgs/srv/detail
[11.887s] -- Installing: /home/ddon/software_robocon_2025/install/astra_camera_msgs/include/astra_camera_msgs/astra_camera_msgs/srv/detail/get_camera_params__type_support.cpp
[11.887s] -- Installing: /home/ddon/software_robocon_2025/install/astra_camera_msgs/include/astra_camera_msgs/astra_camera_msgs/srv/detail/get_camera_info__rosidl_typesupport_introspection_cpp.hpp
[11.887s] -- Installing: /home/ddon/software_robocon_2025/install/astra_camera_msgs/include/astra_camera_msgs/astra_camera_msgs/srv/detail/get_camera_params__rosidl_typesupport_introspection_cpp.hpp
[11.887s] -- Installing: /home/ddon/software_robocon_2025/install/astra_camera_msgs/include/astra_camera_msgs/astra_camera_msgs/srv/detail/get_string__type_support.cpp
[11.887s] -- Installing: /home/ddon/software_robocon_2025/install/astra_camera_msgs/include/astra_camera_msgs/astra_camera_msgs/srv/detail/set_int32__rosidl_typesupport_introspection_cpp.hpp
[11.887s] -- Installing: /home/ddon/software_robocon_2025/install/astra_camera_msgs/include/astra_camera_msgs/astra_camera_msgs/srv/detail/get_device_info__rosidl_typesupport_introspection_cpp.hpp
[11.887s] -- Installing: /home/ddon/software_robocon_2025/install/astra_camera_msgs/include/astra_camera_msgs/astra_camera_msgs/srv/detail/get_camera_info__type_support.cpp
[11.887s] -- Installing: /home/ddon/software_robocon_2025/install/astra_camera_msgs/include/astra_camera_msgs/astra_camera_msgs/srv/detail/get_int32__type_support.cpp
[11.887s] -- Installing: /home/ddon/software_robocon_2025/install/astra_camera_msgs/include/astra_camera_msgs/astra_camera_msgs/srv/detail/get_int32__rosidl_typesupport_introspection_cpp.hpp
[11.887s] -- Installing: /home/ddon/software_robocon_2025/install/astra_camera_msgs/include/astra_camera_msgs/astra_camera_msgs/srv/detail/get_device_info__type_support.cpp
[11.888s] -- Installing: /home/ddon/software_robocon_2025/install/astra_camera_msgs/include/astra_camera_msgs/astra_camera_msgs/srv/detail/set_int32__type_support.cpp
[11.888s] -- Installing: /home/ddon/software_robocon_2025/install/astra_camera_msgs/include/astra_camera_msgs/astra_camera_msgs/srv/detail/get_string__rosidl_typesupport_introspection_cpp.hpp
[11.888s] -- Installing: /home/ddon/software_robocon_2025/install/astra_camera_msgs/lib/libastra_camera_msgs__rosidl_typesupport_introspection_cpp.so
[11.888s] -- Set runtime path of "/home/ddon/software_robocon_2025/install/astra_camera_msgs/lib/libastra_camera_msgs__rosidl_typesupport_introspection_cpp.so" to ""
[11.888s] -- Installing: /home/ddon/software_robocon_2025/install/astra_camera_msgs/lib/libastra_camera_msgs__rosidl_typesupport_cpp.so
[11.888s] -- Set runtime path of "/home/ddon/software_robocon_2025/install/astra_camera_msgs/lib/libastra_camera_msgs__rosidl_typesupport_cpp.so" to ""
[11.888s] -- Installing: /home/ddon/software_robocon_2025/install/astra_camera_msgs/share/astra_camera_msgs/environment/pythonpath.sh
[11.888s] -- Installing: /home/ddon/software_robocon_2025/install/astra_camera_msgs/share/astra_camera_msgs/environment/pythonpath.dsv
[11.888s] -- Installing: /home/ddon/software_robocon_2025/install/astra_camera_msgs/local/lib/python3.10/dist-packages/astra_camera_msgs-1.0.1-py3.10.egg-info
[11.888s] -- Installing: /home/ddon/software_robocon_2025/install/astra_camera_msgs/local/lib/python3.10/dist-packages/astra_camera_msgs-1.0.1-py3.10.egg-info/dependency_links.txt
[11.889s] -- Installing: /home/ddon/software_robocon_2025/install/astra_camera_msgs/local/lib/python3.10/dist-packages/astra_camera_msgs-1.0.1-py3.10.egg-info/PKG-INFO
[11.889s] -- Installing: /home/ddon/software_robocon_2025/install/astra_camera_msgs/local/lib/python3.10/dist-packages/astra_camera_msgs-1.0.1-py3.10.egg-info/top_level.txt
[11.889s] -- Installing: /home/ddon/software_robocon_2025/install/astra_camera_msgs/local/lib/python3.10/dist-packages/astra_camera_msgs-1.0.1-py3.10.egg-info/SOURCES.txt
[11.889s] -- Installing: /home/ddon/software_robocon_2025/install/astra_camera_msgs/local/lib/python3.10/dist-packages/astra_camera_msgs
[11.889s] -- Installing: /home/ddon/software_robocon_2025/install/astra_camera_msgs/local/lib/python3.10/dist-packages/astra_camera_msgs/msg
[11.889s] -- Installing: /home/ddon/software_robocon_2025/install/astra_camera_msgs/local/lib/python3.10/dist-packages/astra_camera_msgs/msg/_device_info.py
[11.889s] -- Installing: /home/ddon/software_robocon_2025/install/astra_camera_msgs/local/lib/python3.10/dist-packages/astra_camera_msgs/msg/_extrinsics.py
[11.889s] -- Installing: /home/ddon/software_robocon_2025/install/astra_camera_msgs/local/lib/python3.10/dist-packages/astra_camera_msgs/msg/_metadata.py
[11.889s] -- Installing: /home/ddon/software_robocon_2025/install/astra_camera_msgs/local/lib/python3.10/dist-packages/astra_camera_msgs/msg/_extrinsics_s.c
[11.889s] -- Installing: /home/ddon/software_robocon_2025/install/astra_camera_msgs/local/lib/python3.10/dist-packages/astra_camera_msgs/msg/_device_info_s.c
[11.889s] -- Installing: /home/ddon/software_robocon_2025/install/astra_camera_msgs/local/lib/python3.10/dist-packages/astra_camera_msgs/msg/__init__.py
[11.890s] -- Installing: /home/ddon/software_robocon_2025/install/astra_camera_msgs/local/lib/python3.10/dist-packages/astra_camera_msgs/msg/_metadata_s.c
[11.890s] -- Installing: /home/ddon/software_robocon_2025/install/astra_camera_msgs/local/lib/python3.10/dist-packages/astra_camera_msgs/libastra_camera_msgs__rosidl_generator_py.so
[11.890s] -- Installing: /home/ddon/software_robocon_2025/install/astra_camera_msgs/local/lib/python3.10/dist-packages/astra_camera_msgs/_astra_camera_msgs_s.ep.rosidl_typesupport_c.c
[11.891s] -- Installing: /home/ddon/software_robocon_2025/install/astra_camera_msgs/local/lib/python3.10/dist-packages/astra_camera_msgs/astra_camera_msgs_s__rosidl_typesupport_introspection_c.cpython-310-x86_64-linux-gnu.so
[11.891s] -- Installing: /home/ddon/software_robocon_2025/install/astra_camera_msgs/local/lib/python3.10/dist-packages/astra_camera_msgs/astra_camera_msgs_s__rosidl_typesupport_c.cpython-310-x86_64-linux-gnu.so
[11.891s] -- Installing: /home/ddon/software_robocon_2025/install/astra_camera_msgs/local/lib/python3.10/dist-packages/astra_camera_msgs/_astra_camera_msgs_s.ep.rosidl_typesupport_introspection_c.c
[11.891s] -- Installing: /home/ddon/software_robocon_2025/install/astra_camera_msgs/local/lib/python3.10/dist-packages/astra_camera_msgs/astra_camera_msgs_s__rosidl_typesupport_fastrtps_c.cpython-310-x86_64-linux-gnu.so
[11.891s] -- Installing: /home/ddon/software_robocon_2025/install/astra_camera_msgs/local/lib/python3.10/dist-packages/astra_camera_msgs/srv
[11.891s] -- Installing: /home/ddon/software_robocon_2025/install/astra_camera_msgs/local/lib/python3.10/dist-packages/astra_camera_msgs/srv/_get_camera_params_s.c
[11.891s] -- Installing: /home/ddon/software_robocon_2025/install/astra_camera_msgs/local/lib/python3.10/dist-packages/astra_camera_msgs/srv/_get_camera_params.py
[11.891s] -- Installing: /home/ddon/software_robocon_2025/install/astra_camera_msgs/local/lib/python3.10/dist-packages/astra_camera_msgs/srv/_get_string.py
[11.892s] -- Installing: /home/ddon/software_robocon_2025/install/astra_camera_msgs/local/lib/python3.10/dist-packages/astra_camera_msgs/srv/_get_camera_info_s.c
[11.892s] -- Installing: /home/ddon/software_robocon_2025/install/astra_camera_msgs/local/lib/python3.10/dist-packages/astra_camera_msgs/srv/_get_camera_info.py
[11.892s] -- Installing: /home/ddon/software_robocon_2025/install/astra_camera_msgs/local/lib/python3.10/dist-packages/astra_camera_msgs/srv/_set_int32.py
[11.892s] -- Installing: /home/ddon/software_robocon_2025/install/astra_camera_msgs/local/lib/python3.10/dist-packages/astra_camera_msgs/srv/_get_device_info_s.c
[11.892s] -- Installing: /home/ddon/software_robocon_2025/install/astra_camera_msgs/local/lib/python3.10/dist-packages/astra_camera_msgs/srv/_get_string_s.c
[11.892s] -- Installing: /home/ddon/software_robocon_2025/install/astra_camera_msgs/local/lib/python3.10/dist-packages/astra_camera_msgs/srv/_get_int32_s.c
[11.892s] -- Installing: /home/ddon/software_robocon_2025/install/astra_camera_msgs/local/lib/python3.10/dist-packages/astra_camera_msgs/srv/_set_int32_s.c
[11.892s] -- Installing: /home/ddon/software_robocon_2025/install/astra_camera_msgs/local/lib/python3.10/dist-packages/astra_camera_msgs/srv/_get_device_info.py
[11.892s] -- Installing: /home/ddon/software_robocon_2025/install/astra_camera_msgs/local/lib/python3.10/dist-packages/astra_camera_msgs/srv/__init__.py
[11.892s] -- Installing: /home/ddon/software_robocon_2025/install/astra_camera_msgs/local/lib/python3.10/dist-packages/astra_camera_msgs/srv/_get_int32.py
[11.893s] -- Installing: /home/ddon/software_robocon_2025/install/astra_camera_msgs/local/lib/python3.10/dist-packages/astra_camera_msgs/__init__.py
[11.893s] -- Installing: /home/ddon/software_robocon_2025/install/astra_camera_msgs/local/lib/python3.10/dist-packages/astra_camera_msgs/_astra_camera_msgs_s.ep.rosidl_typesupport_fastrtps_c.c
[11.950s] Listing '/home/ddon/software_robocon_2025/install/astra_camera_msgs/local/lib/python3.10/dist-packages/astra_camera_msgs'...
[11.950s] Compiling '/home/ddon/software_robocon_2025/install/astra_camera_msgs/local/lib/python3.10/dist-packages/astra_camera_msgs/__init__.py'...
[11.951s] Listing '/home/ddon/software_robocon_2025/install/astra_camera_msgs/local/lib/python3.10/dist-packages/astra_camera_msgs/msg'...
[11.951s] Compiling '/home/ddon/software_robocon_2025/install/astra_camera_msgs/local/lib/python3.10/dist-packages/astra_camera_msgs/msg/__init__.py'...
[11.951s] Compiling '/home/ddon/software_robocon_2025/install/astra_camera_msgs/local/lib/python3.10/dist-packages/astra_camera_msgs/msg/_device_info.py'...
[11.951s] Compiling '/home/ddon/software_robocon_2025/install/astra_camera_msgs/local/lib/python3.10/dist-packages/astra_camera_msgs/msg/_extrinsics.py'...
[11.951s] Compiling '/home/ddon/software_robocon_2025/install/astra_camera_msgs/local/lib/python3.10/dist-packages/astra_camera_msgs/msg/_metadata.py'...
[11.951s] Listing '/home/ddon/software_robocon_2025/install/astra_camera_msgs/local/lib/python3.10/dist-packages/astra_camera_msgs/srv'...
[11.951s] Compiling '/home/ddon/software_robocon_2025/install/astra_camera_msgs/local/lib/python3.10/dist-packages/astra_camera_msgs/srv/__init__.py'...
[11.951s] Compiling '/home/ddon/software_robocon_2025/install/astra_camera_msgs/local/lib/python3.10/dist-packages/astra_camera_msgs/srv/_get_camera_info.py'...
[11.951s] Compiling '/home/ddon/software_robocon_2025/install/astra_camera_msgs/local/lib/python3.10/dist-packages/astra_camera_msgs/srv/_get_camera_params.py'...
[11.951s] Compiling '/home/ddon/software_robocon_2025/install/astra_camera_msgs/local/lib/python3.10/dist-packages/astra_camera_msgs/srv/_get_device_info.py'...
[11.951s] Compiling '/home/ddon/software_robocon_2025/install/astra_camera_msgs/local/lib/python3.10/dist-packages/astra_camera_msgs/srv/_get_int32.py'...
[11.951s] Compiling '/home/ddon/software_robocon_2025/install/astra_camera_msgs/local/lib/python3.10/dist-packages/astra_camera_msgs/srv/_get_string.py'...
[11.952s] Compiling '/home/ddon/software_robocon_2025/install/astra_camera_msgs/local/lib/python3.10/dist-packages/astra_camera_msgs/srv/_set_int32.py'...
[11.958s] -- Installing: /home/ddon/software_robocon_2025/install/astra_camera_msgs/local/lib/python3.10/dist-packages/astra_camera_msgs/astra_camera_msgs_s__rosidl_typesupport_fastrtps_c.cpython-310-x86_64-linux-gnu.so
[11.958s] -- Set runtime path of "/home/ddon/software_robocon_2025/install/astra_camera_msgs/local/lib/python3.10/dist-packages/astra_camera_msgs/astra_camera_msgs_s__rosidl_typesupport_fastrtps_c.cpython-310-x86_64-linux-gnu.so" to ""
[11.958s] -- Installing: /home/ddon/software_robocon_2025/install/astra_camera_msgs/local/lib/python3.10/dist-packages/astra_camera_msgs/astra_camera_msgs_s__rosidl_typesupport_introspection_c.cpython-310-x86_64-linux-gnu.so
[11.958s] -- Set runtime path of "/home/ddon/software_robocon_2025/install/astra_camera_msgs/local/lib/python3.10/dist-packages/astra_camera_msgs/astra_camera_msgs_s__rosidl_typesupport_introspection_c.cpython-310-x86_64-linux-gnu.so" to ""
[11.959s] -- Installing: /home/ddon/software_robocon_2025/install/astra_camera_msgs/local/lib/python3.10/dist-packages/astra_camera_msgs/astra_camera_msgs_s__rosidl_typesupport_c.cpython-310-x86_64-linux-gnu.so
[11.959s] -- Set runtime path of "/home/ddon/software_robocon_2025/install/astra_camera_msgs/local/lib/python3.10/dist-packages/astra_camera_msgs/astra_camera_msgs_s__rosidl_typesupport_c.cpython-310-x86_64-linux-gnu.so" to ""
[11.959s] -- Installing: /home/ddon/software_robocon_2025/install/astra_camera_msgs/lib/libastra_camera_msgs__rosidl_generator_py.so
[11.959s] -- Set runtime path of "/home/ddon/software_robocon_2025/install/astra_camera_msgs/lib/libastra_camera_msgs__rosidl_generator_py.so" to ""
[11.960s] -- Installing: /home/ddon/software_robocon_2025/install/astra_camera_msgs/share/astra_camera_msgs/msg/DeviceInfo.idl
[11.960s] -- Installing: /home/ddon/software_robocon_2025/install/astra_camera_msgs/share/astra_camera_msgs/msg/Extrinsics.idl
[11.960s] -- Installing: /home/ddon/software_robocon_2025/install/astra_camera_msgs/share/astra_camera_msgs/msg/Metadata.idl
[11.960s] -- Installing: /home/ddon/software_robocon_2025/install/astra_camera_msgs/share/astra_camera_msgs/srv/GetDeviceInfo.idl
[11.961s] -- Installing: /home/ddon/software_robocon_2025/install/astra_camera_msgs/share/astra_camera_msgs/srv/GetCameraInfo.idl
[11.961s] -- Installing: /home/ddon/software_robocon_2025/install/astra_camera_msgs/share/astra_camera_msgs/srv/GetCameraParams.idl
[11.961s] -- Installing: /home/ddon/software_robocon_2025/install/astra_camera_msgs/share/astra_camera_msgs/srv/GetInt32.idl
[11.961s] -- Installing: /home/ddon/software_robocon_2025/install/astra_camera_msgs/share/astra_camera_msgs/srv/GetString.idl
[11.961s] -- Installing: /home/ddon/software_robocon_2025/install/astra_camera_msgs/share/astra_camera_msgs/srv/SetInt32.idl
[11.961s] -- Installing: /home/ddon/software_robocon_2025/install/astra_camera_msgs/share/astra_camera_msgs/msg/DeviceInfo.msg
[11.962s] -- Installing: /home/ddon/software_robocon_2025/install/astra_camera_msgs/share/astra_camera_msgs/msg/Extrinsics.msg
[11.962s] -- Installing: /home/ddon/software_robocon_2025/install/astra_camera_msgs/share/astra_camera_msgs/msg/Metadata.msg
[11.962s] -- Installing: /home/ddon/software_robocon_2025/install/astra_camera_msgs/share/astra_camera_msgs/srv/GetDeviceInfo.srv
[11.962s] -- Installing: /home/ddon/software_robocon_2025/install/astra_camera_msgs/share/astra_camera_msgs/srv/GetDeviceInfo_Request.msg
[11.962s] -- Installing: /home/ddon/software_robocon_2025/install/astra_camera_msgs/share/astra_camera_msgs/srv/GetDeviceInfo_Response.msg
[11.962s] -- Installing: /home/ddon/software_robocon_2025/install/astra_camera_msgs/share/astra_camera_msgs/srv/GetCameraInfo.srv
[11.962s] -- Installing: /home/ddon/software_robocon_2025/install/astra_camera_msgs/share/astra_camera_msgs/srv/GetCameraInfo_Request.msg
[11.962s] -- Installing: /home/ddon/software_robocon_2025/install/astra_camera_msgs/share/astra_camera_msgs/srv/GetCameraInfo_Response.msg
[11.962s] -- Installing: /home/ddon/software_robocon_2025/install/astra_camera_msgs/share/astra_camera_msgs/srv/GetCameraParams.srv
[11.963s] -- Installing: /home/ddon/software_robocon_2025/install/astra_camera_msgs/share/astra_camera_msgs/srv/GetCameraParams_Request.msg
[11.963s] -- Installing: /home/ddon/software_robocon_2025/install/astra_camera_msgs/share/astra_camera_msgs/srv/GetCameraParams_Response.msg
[11.963s] -- Installing: /home/ddon/software_robocon_2025/install/astra_camera_msgs/share/astra_camera_msgs/srv/GetInt32.srv
[11.963s] -- Installing: /home/ddon/software_robocon_2025/install/astra_camera_msgs/share/astra_camera_msgs/srv/GetInt32_Request.msg
[11.963s] -- Installing: /home/ddon/software_robocon_2025/install/astra_camera_msgs/share/astra_camera_msgs/srv/GetInt32_Response.msg
[11.963s] -- Installing: /home/ddon/software_robocon_2025/install/astra_camera_msgs/share/astra_camera_msgs/srv/GetString.srv
[11.963s] -- Installing: /home/ddon/software_robocon_2025/install/astra_camera_msgs/share/astra_camera_msgs/srv/GetString_Request.msg
[11.963s] -- Installing: /home/ddon/software_robocon_2025/install/astra_camera_msgs/share/astra_camera_msgs/srv/GetString_Response.msg
[11.963s] -- Installing: /home/ddon/software_robocon_2025/install/astra_camera_msgs/share/astra_camera_msgs/srv/SetInt32.srv
[11.964s] -- Installing: /home/ddon/software_robocon_2025/install/astra_camera_msgs/share/astra_camera_msgs/srv/SetInt32_Request.msg
[11.964s] -- Installing: /home/ddon/software_robocon_2025/install/astra_camera_msgs/share/astra_camera_msgs/srv/SetInt32_Response.msg
[11.964s] -- Installing: /home/ddon/software_robocon_2025/install/astra_camera_msgs/share/ament_index/resource_index/package_run_dependencies/astra_camera_msgs
[11.964s] -- Installing: /home/ddon/software_robocon_2025/install/astra_camera_msgs/share/ament_index/resource_index/parent_prefix_path/astra_camera_msgs
[11.964s] -- Installing: /home/ddon/software_robocon_2025/install/astra_camera_msgs/share/astra_camera_msgs/environment/ament_prefix_path.sh
[11.964s] -- Installing: /home/ddon/software_robocon_2025/install/astra_camera_msgs/share/astra_camera_msgs/environment/ament_prefix_path.dsv
[11.964s] -- Installing: /home/ddon/software_robocon_2025/install/astra_camera_msgs/share/astra_camera_msgs/environment/path.sh
[11.965s] -- Installing: /home/ddon/software_robocon_2025/install/astra_camera_msgs/share/astra_camera_msgs/environment/path.dsv
[11.965s] -- Installing: /home/ddon/software_robocon_2025/install/astra_camera_msgs/share/astra_camera_msgs/local_setup.bash
[11.965s] -- Installing: /home/ddon/software_robocon_2025/install/astra_camera_msgs/share/astra_camera_msgs/local_setup.sh
[11.965s] -- Installing: /home/ddon/software_robocon_2025/install/astra_camera_msgs/share/astra_camera_msgs/local_setup.zsh
[11.965s] -- Installing: /home/ddon/software_robocon_2025/install/astra_camera_msgs/share/astra_camera_msgs/local_setup.dsv
[11.965s] -- Installing: /home/ddon/software_robocon_2025/install/astra_camera_msgs/share/astra_camera_msgs/package.dsv
[11.965s] -- Installing: /home/ddon/software_robocon_2025/install/astra_camera_msgs/share/ament_index/resource_index/packages/astra_camera_msgs
[11.966s] -- Installing: /home/ddon/software_robocon_2025/install/astra_camera_msgs/share/astra_camera_msgs/cmake/export_astra_camera_msgs__rosidl_generator_cExport.cmake
[11.966s] -- Installing: /home/ddon/software_robocon_2025/install/astra_camera_msgs/share/astra_camera_msgs/cmake/export_astra_camera_msgs__rosidl_generator_cExport-noconfig.cmake
[11.966s] -- Installing: /home/ddon/software_robocon_2025/install/astra_camera_msgs/share/astra_camera_msgs/cmake/export_astra_camera_msgs__rosidl_typesupport_fastrtps_cExport.cmake
[11.966s] -- Installing: /home/ddon/software_robocon_2025/install/astra_camera_msgs/share/astra_camera_msgs/cmake/export_astra_camera_msgs__rosidl_typesupport_fastrtps_cExport-noconfig.cmake
[11.966s] -- Installing: /home/ddon/software_robocon_2025/install/astra_camera_msgs/share/astra_camera_msgs/cmake/astra_camera_msgs__rosidl_typesupport_introspection_cExport.cmake
[11.966s] -- Installing: /home/ddon/software_robocon_2025/install/astra_camera_msgs/share/astra_camera_msgs/cmake/astra_camera_msgs__rosidl_typesupport_introspection_cExport-noconfig.cmake
[11.966s] -- Installing: /home/ddon/software_robocon_2025/install/astra_camera_msgs/share/astra_camera_msgs/cmake/astra_camera_msgs__rosidl_typesupport_cExport.cmake
[11.966s] -- Installing: /home/ddon/software_robocon_2025/install/astra_camera_msgs/share/astra_camera_msgs/cmake/astra_camera_msgs__rosidl_typesupport_cExport-noconfig.cmake
[11.966s] -- Installing: /home/ddon/software_robocon_2025/install/astra_camera_msgs/share/astra_camera_msgs/cmake/export_astra_camera_msgs__rosidl_generator_cppExport.cmake
[11.967s] -- Installing: /home/ddon/software_robocon_2025/install/astra_camera_msgs/share/astra_camera_msgs/cmake/export_astra_camera_msgs__rosidl_typesupport_fastrtps_cppExport.cmake
[11.967s] -- Installing: /home/ddon/software_robocon_2025/install/astra_camera_msgs/share/astra_camera_msgs/cmake/export_astra_camera_msgs__rosidl_typesupport_fastrtps_cppExport-noconfig.cmake
[11.967s] -- Installing: /home/ddon/software_robocon_2025/install/astra_camera_msgs/share/astra_camera_msgs/cmake/astra_camera_msgs__rosidl_typesupport_introspection_cppExport.cmake
[11.967s] -- Installing: /home/ddon/software_robocon_2025/install/astra_camera_msgs/share/astra_camera_msgs/cmake/astra_camera_msgs__rosidl_typesupport_introspection_cppExport-noconfig.cmake
[11.967s] -- Installing: /home/ddon/software_robocon_2025/install/astra_camera_msgs/share/astra_camera_msgs/cmake/astra_camera_msgs__rosidl_typesupport_cppExport.cmake
[11.967s] -- Installing: /home/ddon/software_robocon_2025/install/astra_camera_msgs/share/astra_camera_msgs/cmake/astra_camera_msgs__rosidl_typesupport_cppExport-noconfig.cmake
[11.967s] -- Installing: /home/ddon/software_robocon_2025/install/astra_camera_msgs/share/astra_camera_msgs/cmake/export_astra_camera_msgs__rosidl_generator_pyExport.cmake
[11.968s] -- Installing: /home/ddon/software_robocon_2025/install/astra_camera_msgs/share/astra_camera_msgs/cmake/export_astra_camera_msgs__rosidl_generator_pyExport-noconfig.cmake
[11.968s] -- Installing: /home/ddon/software_robocon_2025/install/astra_camera_msgs/share/astra_camera_msgs/cmake/rosidl_cmake-extras.cmake
[11.968s] -- Installing: /home/ddon/software_robocon_2025/install/astra_camera_msgs/share/astra_camera_msgs/cmake/ament_cmake_export_dependencies-extras.cmake
[11.968s] -- Installing: /home/ddon/software_robocon_2025/install/astra_camera_msgs/share/astra_camera_msgs/cmake/ament_cmake_export_include_directories-extras.cmake
[11.968s] -- Installing: /home/ddon/software_robocon_2025/install/astra_camera_msgs/share/astra_camera_msgs/cmake/ament_cmake_export_libraries-extras.cmake
[11.968s] -- Installing: /home/ddon/software_robocon_2025/install/astra_camera_msgs/share/astra_camera_msgs/cmake/ament_cmake_export_targets-extras.cmake
[11.968s] -- Installing: /home/ddon/software_robocon_2025/install/astra_camera_msgs/share/astra_camera_msgs/cmake/rosidl_cmake_export_typesupport_targets-extras.cmake
[11.968s] -- Installing: /home/ddon/software_robocon_2025/install/astra_camera_msgs/share/astra_camera_msgs/cmake/rosidl_cmake_export_typesupport_libraries-extras.cmake
[11.968s] -- Installing: /home/ddon/software_robocon_2025/install/astra_camera_msgs/share/astra_camera_msgs/cmake/astra_camera_msgsConfig.cmake
[11.968s] -- Installing: /home/ddon/software_robocon_2025/install/astra_camera_msgs/share/astra_camera_msgs/cmake/astra_camera_msgsConfig-version.cmake
[11.968s] -- Installing: /home/ddon/software_robocon_2025/install/astra_camera_msgs/share/astra_camera_msgs/package.xml
[11.970s] Invoked command in '/home/ddon/software_robocon_2025/build/astra_camera_msgs' returned '0': CMAKE_PREFIX_PATH=${CMAKE_PREFIX_PATH}:/opt/ros/humble /usr/bin/cmake --install /home/ddon/software_robocon_2025/build/astra_camera_msgs
