[0.017s] Invoking command in '/home/ddon/software_robocon_2025/build/astra_camera_msgs': CMAKE_PREFIX_PATH=${CMAKE_PREFIX_PATH}:/opt/ros/humble /usr/bin/cmake --build /home/ddon/software_robocon_2025/build/astra_camera_msgs -- -j8 -l8
[0.069s] [  1%] Built target astra_camera_msgs__cpp
[0.072s] [ 12%] Built target astra_camera_msgs__rosidl_generator_c
[0.093s] [ 12%] Built target ament_cmake_python_copy_astra_camera_msgs
[0.107s] [ 24%] Built target astra_camera_msgs__rosidl_typesupport_cpp
[0.113s] [ 35%] Built target astra_camera_msgs__rosidl_typesupport_fastrtps_c
[0.126s] [ 47%] Built target astra_camera_msgs__rosidl_typesupport_introspection_cpp
[0.137s] [ 58%] Built target astra_camera_msgs__rosidl_typesupport_introspection_c
[0.138s] [ 70%] Built target astra_camera_msgs__rosidl_typesupport_fastrtps_cpp
[0.141s] [ 82%] Built target astra_camera_msgs__rosidl_typesupport_c
[0.164s] [ 82%] Built target astra_camera_msgs
[0.184s] [ 83%] Built target astra_camera_msgs__py
[0.209s] [ 93%] Built target astra_camera_msgs__rosidl_generator_py
[0.238s] [ 95%] Built target astra_camera_msgs__rosidl_typesupport_introspection_c__pyext
[0.238s] [ 97%] Built target astra_camera_msgs__rosidl_typesupport_fastrtps_c__pyext
[0.240s] [100%] Built target astra_camera_msgs__rosidl_typesupport_c__pyext
[0.438s] running egg_info
[0.439s] writing astra_camera_msgs.egg-info/PKG-INFO
[0.439s] writing dependency_links to astra_camera_msgs.egg-info/dependency_links.txt
[0.441s] writing top-level names to astra_camera_msgs.egg-info/top_level.txt
[0.446s] reading manifest file 'astra_camera_msgs.egg-info/SOURCES.txt'
[0.446s] writing manifest file 'astra_camera_msgs.egg-info/SOURCES.txt'
[0.490s] [100%] Built target ament_cmake_python_build_astra_camera_msgs_egg
[0.507s] Invoked command in '/home/ddon/software_robocon_2025/build/astra_camera_msgs' returned '0': CMAKE_PREFIX_PATH=${CMAKE_PREFIX_PATH}:/opt/ros/humble /usr/bin/cmake --build /home/ddon/software_robocon_2025/build/astra_camera_msgs -- -j8 -l8
[0.509s] Invoking command in '/home/ddon/software_robocon_2025/build/astra_camera_msgs': CMAKE_PREFIX_PATH=${CMAKE_PREFIX_PATH}:/opt/ros/humble /usr/bin/cmake --install /home/ddon/software_robocon_2025/build/astra_camera_msgs
[0.530s] -- Install configuration: ""
[0.530s] -- Up-to-date: /home/ddon/software_robocon_2025/install/astra_camera_msgs/share/ament_index/resource_index/rosidl_interfaces/astra_camera_msgs
[0.530s] -- Up-to-date: /home/ddon/software_robocon_2025/install/astra_camera_msgs/include/astra_camera_msgs/astra_camera_msgs
[0.531s] -- Up-to-date: /home/ddon/software_robocon_2025/install/astra_camera_msgs/include/astra_camera_msgs/astra_camera_msgs/msg
[0.531s] -- Up-to-date: /home/ddon/software_robocon_2025/install/astra_camera_msgs/include/astra_camera_msgs/astra_camera_msgs/msg/detail
[0.531s] -- Up-to-date: /home/ddon/software_robocon_2025/install/astra_camera_msgs/include/astra_camera_msgs/astra_camera_msgs/msg/detail/device_info__functions.h
[0.531s] -- Up-to-date: /home/ddon/software_robocon_2025/install/astra_camera_msgs/include/astra_camera_msgs/astra_camera_msgs/msg/detail/device_info__functions.c
[0.531s] -- Up-to-date: /home/ddon/software_robocon_2025/install/astra_camera_msgs/include/astra_camera_msgs/astra_camera_msgs/msg/detail/extrinsics__functions.h
[0.531s] -- Up-to-date: /home/ddon/software_robocon_2025/install/astra_camera_msgs/include/astra_camera_msgs/astra_camera_msgs/msg/detail/metadata__struct.h
[0.531s] -- Up-to-date: /home/ddon/software_robocon_2025/install/astra_camera_msgs/include/astra_camera_msgs/astra_camera_msgs/msg/detail/metadata__functions.c
[0.531s] -- Up-to-date: /home/ddon/software_robocon_2025/install/astra_camera_msgs/include/astra_camera_msgs/astra_camera_msgs/msg/detail/extrinsics__struct.h
[0.531s] -- Up-to-date: /home/ddon/software_robocon_2025/install/astra_camera_msgs/include/astra_camera_msgs/astra_camera_msgs/msg/detail/device_info__struct.h
[0.531s] -- Up-to-date: /home/ddon/software_robocon_2025/install/astra_camera_msgs/include/astra_camera_msgs/astra_camera_msgs/msg/detail/metadata__type_support.h
[0.531s] -- Up-to-date: /home/ddon/software_robocon_2025/install/astra_camera_msgs/include/astra_camera_msgs/astra_camera_msgs/msg/detail/extrinsics__type_support.h
[0.531s] -- Up-to-date: /home/ddon/software_robocon_2025/install/astra_camera_msgs/include/astra_camera_msgs/astra_camera_msgs/msg/detail/metadata__functions.h
[0.531s] -- Up-to-date: /home/ddon/software_robocon_2025/install/astra_camera_msgs/include/astra_camera_msgs/astra_camera_msgs/msg/detail/device_info__type_support.h
[0.531s] -- Up-to-date: /home/ddon/software_robocon_2025/install/astra_camera_msgs/include/astra_camera_msgs/astra_camera_msgs/msg/detail/extrinsics__functions.c
[0.531s] -- Up-to-date: /home/ddon/software_robocon_2025/install/astra_camera_msgs/include/astra_camera_msgs/astra_camera_msgs/msg/metadata.h
[0.531s] -- Up-to-date: /home/ddon/software_robocon_2025/install/astra_camera_msgs/include/astra_camera_msgs/astra_camera_msgs/msg/extrinsics.h
[0.531s] -- Up-to-date: /home/ddon/software_robocon_2025/install/astra_camera_msgs/include/astra_camera_msgs/astra_camera_msgs/msg/device_info.h
[0.531s] -- Up-to-date: /home/ddon/software_robocon_2025/install/astra_camera_msgs/include/astra_camera_msgs/astra_camera_msgs/msg/rosidl_generator_c__visibility_control.h
[0.531s] -- Up-to-date: /home/ddon/software_robocon_2025/install/astra_camera_msgs/include/astra_camera_msgs/astra_camera_msgs/srv
[0.531s] -- Up-to-date: /home/ddon/software_robocon_2025/install/astra_camera_msgs/include/astra_camera_msgs/astra_camera_msgs/srv/detail
[0.531s] -- Up-to-date: /home/ddon/software_robocon_2025/install/astra_camera_msgs/include/astra_camera_msgs/astra_camera_msgs/srv/detail/get_device_info__struct.h
[0.532s] -- Up-to-date: /home/ddon/software_robocon_2025/install/astra_camera_msgs/include/astra_camera_msgs/astra_camera_msgs/srv/detail/get_camera_params__struct.h
[0.532s] -- Up-to-date: /home/ddon/software_robocon_2025/install/astra_camera_msgs/include/astra_camera_msgs/astra_camera_msgs/srv/detail/get_int32__struct.h
[0.532s] -- Up-to-date: /home/ddon/software_robocon_2025/install/astra_camera_msgs/include/astra_camera_msgs/astra_camera_msgs/srv/detail/get_int32__functions.h
[0.532s] -- Up-to-date: /home/ddon/software_robocon_2025/install/astra_camera_msgs/include/astra_camera_msgs/astra_camera_msgs/srv/detail/get_string__functions.c
[0.532s] -- Up-to-date: /home/ddon/software_robocon_2025/install/astra_camera_msgs/include/astra_camera_msgs/astra_camera_msgs/srv/detail/set_int32__functions.c
[0.532s] -- Up-to-date: /home/ddon/software_robocon_2025/install/astra_camera_msgs/include/astra_camera_msgs/astra_camera_msgs/srv/detail/get_device_info__functions.h
[0.532s] -- Up-to-date: /home/ddon/software_robocon_2025/install/astra_camera_msgs/include/astra_camera_msgs/astra_camera_msgs/srv/detail/get_camera_info__struct.h
[0.532s] -- Up-to-date: /home/ddon/software_robocon_2025/install/astra_camera_msgs/include/astra_camera_msgs/astra_camera_msgs/srv/detail/get_camera_params__functions.h
[0.532s] -- Up-to-date: /home/ddon/software_robocon_2025/install/astra_camera_msgs/include/astra_camera_msgs/astra_camera_msgs/srv/detail/get_int32__functions.c
[0.532s] -- Up-to-date: /home/ddon/software_robocon_2025/install/astra_camera_msgs/include/astra_camera_msgs/astra_camera_msgs/srv/detail/set_int32__struct.h
[0.532s] -- Up-to-date: /home/ddon/software_robocon_2025/install/astra_camera_msgs/include/astra_camera_msgs/astra_camera_msgs/srv/detail/get_camera_params__type_support.h
[0.532s] -- Up-to-date: /home/ddon/software_robocon_2025/install/astra_camera_msgs/include/astra_camera_msgs/astra_camera_msgs/srv/detail/get_int32__type_support.h
[0.532s] -- Up-to-date: /home/ddon/software_robocon_2025/install/astra_camera_msgs/include/astra_camera_msgs/astra_camera_msgs/srv/detail/get_device_info__functions.c
[0.532s] -- Up-to-date: /home/ddon/software_robocon_2025/install/astra_camera_msgs/include/astra_camera_msgs/astra_camera_msgs/srv/detail/get_device_info__type_support.h
[0.532s] -- Up-to-date: /home/ddon/software_robocon_2025/install/astra_camera_msgs/include/astra_camera_msgs/astra_camera_msgs/srv/detail/set_int32__type_support.h
[0.532s] -- Up-to-date: /home/ddon/software_robocon_2025/install/astra_camera_msgs/include/astra_camera_msgs/astra_camera_msgs/srv/detail/get_camera_info__type_support.h
[0.532s] -- Up-to-date: /home/ddon/software_robocon_2025/install/astra_camera_msgs/include/astra_camera_msgs/astra_camera_msgs/srv/detail/get_camera_params__functions.c
[0.532s] -- Up-to-date: /home/ddon/software_robocon_2025/install/astra_camera_msgs/include/astra_camera_msgs/astra_camera_msgs/srv/detail/get_string__functions.h
[0.532s] -- Up-to-date: /home/ddon/software_robocon_2025/install/astra_camera_msgs/include/astra_camera_msgs/astra_camera_msgs/srv/detail/get_string__type_support.h
[0.533s] -- Up-to-date: /home/ddon/software_robocon_2025/install/astra_camera_msgs/include/astra_camera_msgs/astra_camera_msgs/srv/detail/set_int32__functions.h
[0.533s] -- Up-to-date: /home/ddon/software_robocon_2025/install/astra_camera_msgs/include/astra_camera_msgs/astra_camera_msgs/srv/detail/get_camera_info__functions.c
[0.533s] -- Up-to-date: /home/ddon/software_robocon_2025/install/astra_camera_msgs/include/astra_camera_msgs/astra_camera_msgs/srv/detail/get_camera_info__functions.h
[0.533s] -- Up-to-date: /home/ddon/software_robocon_2025/install/astra_camera_msgs/include/astra_camera_msgs/astra_camera_msgs/srv/detail/get_string__struct.h
[0.533s] -- Up-to-date: /home/ddon/software_robocon_2025/install/astra_camera_msgs/include/astra_camera_msgs/astra_camera_msgs/srv/get_camera_params.h
[0.533s] -- Up-to-date: /home/ddon/software_robocon_2025/install/astra_camera_msgs/include/astra_camera_msgs/astra_camera_msgs/srv/get_camera_info.h
[0.533s] -- Up-to-date: /home/ddon/software_robocon_2025/install/astra_camera_msgs/include/astra_camera_msgs/astra_camera_msgs/srv/get_int32.h
[0.533s] -- Up-to-date: /home/ddon/software_robocon_2025/install/astra_camera_msgs/include/astra_camera_msgs/astra_camera_msgs/srv/get_string.h
[0.533s] -- Up-to-date: /home/ddon/software_robocon_2025/install/astra_camera_msgs/include/astra_camera_msgs/astra_camera_msgs/srv/get_device_info.h
[0.533s] -- Up-to-date: /home/ddon/software_robocon_2025/install/astra_camera_msgs/include/astra_camera_msgs/astra_camera_msgs/srv/set_int32.h
[0.533s] -- Up-to-date: /home/ddon/software_robocon_2025/install/astra_camera_msgs/share/astra_camera_msgs/environment/library_path.sh
[0.533s] -- Up-to-date: /home/ddon/software_robocon_2025/install/astra_camera_msgs/share/astra_camera_msgs/environment/library_path.dsv
[0.533s] -- Up-to-date: /home/ddon/software_robocon_2025/install/astra_camera_msgs/lib/libastra_camera_msgs__rosidl_generator_c.so
[0.533s] -- Up-to-date: /home/ddon/software_robocon_2025/install/astra_camera_msgs/include/astra_camera_msgs/astra_camera_msgs
[0.534s] -- Up-to-date: /home/ddon/software_robocon_2025/install/astra_camera_msgs/include/astra_camera_msgs/astra_camera_msgs/msg
[0.534s] -- Up-to-date: /home/ddon/software_robocon_2025/install/astra_camera_msgs/include/astra_camera_msgs/astra_camera_msgs/msg/rosidl_typesupport_fastrtps_c__visibility_control.h
[0.534s] -- Up-to-date: /home/ddon/software_robocon_2025/install/astra_camera_msgs/include/astra_camera_msgs/astra_camera_msgs/msg/detail
[0.534s] -- Up-to-date: /home/ddon/software_robocon_2025/install/astra_camera_msgs/include/astra_camera_msgs/astra_camera_msgs/msg/detail/extrinsics__rosidl_typesupport_fastrtps_c.h
[0.534s] -- Up-to-date: /home/ddon/software_robocon_2025/install/astra_camera_msgs/include/astra_camera_msgs/astra_camera_msgs/msg/detail/device_info__rosidl_typesupport_fastrtps_c.h
[0.534s] -- Up-to-date: /home/ddon/software_robocon_2025/install/astra_camera_msgs/include/astra_camera_msgs/astra_camera_msgs/msg/detail/metadata__rosidl_typesupport_fastrtps_c.h
[0.534s] -- Up-to-date: /home/ddon/software_robocon_2025/install/astra_camera_msgs/include/astra_camera_msgs/astra_camera_msgs/srv
[0.535s] -- Up-to-date: /home/ddon/software_robocon_2025/install/astra_camera_msgs/include/astra_camera_msgs/astra_camera_msgs/srv/detail
[0.535s] -- Up-to-date: /home/ddon/software_robocon_2025/install/astra_camera_msgs/include/astra_camera_msgs/astra_camera_msgs/srv/detail/set_int32__rosidl_typesupport_fastrtps_c.h
[0.535s] -- Up-to-date: /home/ddon/software_robocon_2025/install/astra_camera_msgs/include/astra_camera_msgs/astra_camera_msgs/srv/detail/get_camera_params__rosidl_typesupport_fastrtps_c.h
[0.535s] -- Up-to-date: /home/ddon/software_robocon_2025/install/astra_camera_msgs/include/astra_camera_msgs/astra_camera_msgs/srv/detail/get_device_info__rosidl_typesupport_fastrtps_c.h
[0.535s] -- Up-to-date: /home/ddon/software_robocon_2025/install/astra_camera_msgs/include/astra_camera_msgs/astra_camera_msgs/srv/detail/get_string__rosidl_typesupport_fastrtps_c.h
[0.535s] -- Up-to-date: /home/ddon/software_robocon_2025/install/astra_camera_msgs/include/astra_camera_msgs/astra_camera_msgs/srv/detail/get_camera_info__rosidl_typesupport_fastrtps_c.h
[0.535s] -- Up-to-date: /home/ddon/software_robocon_2025/install/astra_camera_msgs/include/astra_camera_msgs/astra_camera_msgs/srv/detail/get_int32__rosidl_typesupport_fastrtps_c.h
[0.535s] -- Up-to-date: /home/ddon/software_robocon_2025/install/astra_camera_msgs/lib/libastra_camera_msgs__rosidl_typesupport_fastrtps_c.so
[0.535s] -- Up-to-date: /home/ddon/software_robocon_2025/install/astra_camera_msgs/include/astra_camera_msgs/astra_camera_msgs
[0.535s] -- Up-to-date: /home/ddon/software_robocon_2025/install/astra_camera_msgs/include/astra_camera_msgs/astra_camera_msgs/msg
[0.535s] -- Up-to-date: /home/ddon/software_robocon_2025/install/astra_camera_msgs/include/astra_camera_msgs/astra_camera_msgs/msg/detail
[0.535s] -- Up-to-date: /home/ddon/software_robocon_2025/install/astra_camera_msgs/include/astra_camera_msgs/astra_camera_msgs/msg/detail/device_info__type_support.c
[0.535s] -- Up-to-date: /home/ddon/software_robocon_2025/install/astra_camera_msgs/include/astra_camera_msgs/astra_camera_msgs/msg/detail/device_info__rosidl_typesupport_introspection_c.h
[0.535s] -- Up-to-date: /home/ddon/software_robocon_2025/install/astra_camera_msgs/include/astra_camera_msgs/astra_camera_msgs/msg/detail/extrinsics__type_support.c
[0.535s] -- Up-to-date: /home/ddon/software_robocon_2025/install/astra_camera_msgs/include/astra_camera_msgs/astra_camera_msgs/msg/detail/metadata__rosidl_typesupport_introspection_c.h
[0.535s] -- Up-to-date: /home/ddon/software_robocon_2025/install/astra_camera_msgs/include/astra_camera_msgs/astra_camera_msgs/msg/detail/extrinsics__rosidl_typesupport_introspection_c.h
[0.535s] -- Up-to-date: /home/ddon/software_robocon_2025/install/astra_camera_msgs/include/astra_camera_msgs/astra_camera_msgs/msg/detail/metadata__type_support.c
[0.535s] -- Up-to-date: /home/ddon/software_robocon_2025/install/astra_camera_msgs/include/astra_camera_msgs/astra_camera_msgs/msg/rosidl_typesupport_introspection_c__visibility_control.h
[0.535s] -- Up-to-date: /home/ddon/software_robocon_2025/install/astra_camera_msgs/include/astra_camera_msgs/astra_camera_msgs/srv
[0.535s] -- Up-to-date: /home/ddon/software_robocon_2025/install/astra_camera_msgs/include/astra_camera_msgs/astra_camera_msgs/srv/detail
[0.535s] -- Up-to-date: /home/ddon/software_robocon_2025/install/astra_camera_msgs/include/astra_camera_msgs/astra_camera_msgs/srv/detail/get_camera_info__type_support.c
[0.536s] -- Up-to-date: /home/ddon/software_robocon_2025/install/astra_camera_msgs/include/astra_camera_msgs/astra_camera_msgs/srv/detail/set_int32__type_support.c
[0.536s] -- Up-to-date: /home/ddon/software_robocon_2025/install/astra_camera_msgs/include/astra_camera_msgs/astra_camera_msgs/srv/detail/get_string__rosidl_typesupport_introspection_c.h
[0.536s] -- Up-to-date: /home/ddon/software_robocon_2025/install/astra_camera_msgs/include/astra_camera_msgs/astra_camera_msgs/srv/detail/get_string__type_support.c
[0.536s] -- Up-to-date: /home/ddon/software_robocon_2025/install/astra_camera_msgs/include/astra_camera_msgs/astra_camera_msgs/srv/detail/get_camera_params__rosidl_typesupport_introspection_c.h
[0.536s] -- Up-to-date: /home/ddon/software_robocon_2025/install/astra_camera_msgs/include/astra_camera_msgs/astra_camera_msgs/srv/detail/get_int32__type_support.c
[0.536s] -- Up-to-date: /home/ddon/software_robocon_2025/install/astra_camera_msgs/include/astra_camera_msgs/astra_camera_msgs/srv/detail/get_camera_info__rosidl_typesupport_introspection_c.h
[0.536s] -- Up-to-date: /home/ddon/software_robocon_2025/install/astra_camera_msgs/include/astra_camera_msgs/astra_camera_msgs/srv/detail/get_device_info__rosidl_typesupport_introspection_c.h
[0.536s] -- Up-to-date: /home/ddon/software_robocon_2025/install/astra_camera_msgs/include/astra_camera_msgs/astra_camera_msgs/srv/detail/get_int32__rosidl_typesupport_introspection_c.h
[0.536s] -- Up-to-date: /home/ddon/software_robocon_2025/install/astra_camera_msgs/include/astra_camera_msgs/astra_camera_msgs/srv/detail/set_int32__rosidl_typesupport_introspection_c.h
[0.536s] -- Up-to-date: /home/ddon/software_robocon_2025/install/astra_camera_msgs/include/astra_camera_msgs/astra_camera_msgs/srv/detail/get_camera_params__type_support.c
[0.536s] -- Up-to-date: /home/ddon/software_robocon_2025/install/astra_camera_msgs/include/astra_camera_msgs/astra_camera_msgs/srv/detail/get_device_info__type_support.c
[0.536s] -- Up-to-date: /home/ddon/software_robocon_2025/install/astra_camera_msgs/lib/libastra_camera_msgs__rosidl_typesupport_introspection_c.so
[0.536s] -- Up-to-date: /home/ddon/software_robocon_2025/install/astra_camera_msgs/lib/libastra_camera_msgs__rosidl_typesupport_c.so
[0.536s] -- Up-to-date: /home/ddon/software_robocon_2025/install/astra_camera_msgs/include/astra_camera_msgs/astra_camera_msgs
[0.536s] -- Up-to-date: /home/ddon/software_robocon_2025/install/astra_camera_msgs/include/astra_camera_msgs/astra_camera_msgs/msg
[0.536s] -- Up-to-date: /home/ddon/software_robocon_2025/install/astra_camera_msgs/include/astra_camera_msgs/astra_camera_msgs/msg/metadata.hpp
[0.536s] -- Up-to-date: /home/ddon/software_robocon_2025/install/astra_camera_msgs/include/astra_camera_msgs/astra_camera_msgs/msg/detail
[0.536s] -- Up-to-date: /home/ddon/software_robocon_2025/install/astra_camera_msgs/include/astra_camera_msgs/astra_camera_msgs/msg/detail/metadata__type_support.hpp
[0.536s] -- Up-to-date: /home/ddon/software_robocon_2025/install/astra_camera_msgs/include/astra_camera_msgs/astra_camera_msgs/msg/detail/extrinsics__builder.hpp
[0.536s] -- Up-to-date: /home/ddon/software_robocon_2025/install/astra_camera_msgs/include/astra_camera_msgs/astra_camera_msgs/msg/detail/device_info__builder.hpp
[0.536s] -- Up-to-date: /home/ddon/software_robocon_2025/install/astra_camera_msgs/include/astra_camera_msgs/astra_camera_msgs/msg/detail/metadata__traits.hpp
[0.537s] -- Up-to-date: /home/ddon/software_robocon_2025/install/astra_camera_msgs/include/astra_camera_msgs/astra_camera_msgs/msg/detail/device_info__type_support.hpp
[0.537s] -- Up-to-date: /home/ddon/software_robocon_2025/install/astra_camera_msgs/include/astra_camera_msgs/astra_camera_msgs/msg/detail/device_info__struct.hpp
[0.537s] -- Up-to-date: /home/ddon/software_robocon_2025/install/astra_camera_msgs/include/astra_camera_msgs/astra_camera_msgs/msg/detail/device_info__traits.hpp
[0.537s] -- Up-to-date: /home/ddon/software_robocon_2025/install/astra_camera_msgs/include/astra_camera_msgs/astra_camera_msgs/msg/detail/metadata__builder.hpp
[0.537s] -- Up-to-date: /home/ddon/software_robocon_2025/install/astra_camera_msgs/include/astra_camera_msgs/astra_camera_msgs/msg/detail/extrinsics__traits.hpp
[0.537s] -- Up-to-date: /home/ddon/software_robocon_2025/install/astra_camera_msgs/include/astra_camera_msgs/astra_camera_msgs/msg/detail/metadata__struct.hpp
[0.537s] -- Up-to-date: /home/ddon/software_robocon_2025/install/astra_camera_msgs/include/astra_camera_msgs/astra_camera_msgs/msg/detail/extrinsics__struct.hpp
[0.537s] -- Up-to-date: /home/ddon/software_robocon_2025/install/astra_camera_msgs/include/astra_camera_msgs/astra_camera_msgs/msg/detail/extrinsics__type_support.hpp
[0.537s] -- Up-to-date: /home/ddon/software_robocon_2025/install/astra_camera_msgs/include/astra_camera_msgs/astra_camera_msgs/msg/rosidl_generator_cpp__visibility_control.hpp
[0.537s] -- Up-to-date: /home/ddon/software_robocon_2025/install/astra_camera_msgs/include/astra_camera_msgs/astra_camera_msgs/msg/extrinsics.hpp
[0.537s] -- Up-to-date: /home/ddon/software_robocon_2025/install/astra_camera_msgs/include/astra_camera_msgs/astra_camera_msgs/msg/device_info.hpp
[0.537s] -- Up-to-date: /home/ddon/software_robocon_2025/install/astra_camera_msgs/include/astra_camera_msgs/astra_camera_msgs/srv
[0.537s] -- Up-to-date: /home/ddon/software_robocon_2025/install/astra_camera_msgs/include/astra_camera_msgs/astra_camera_msgs/srv/set_int32.hpp
[0.537s] -- Up-to-date: /home/ddon/software_robocon_2025/install/astra_camera_msgs/include/astra_camera_msgs/astra_camera_msgs/srv/detail
[0.537s] -- Up-to-date: /home/ddon/software_robocon_2025/install/astra_camera_msgs/include/astra_camera_msgs/astra_camera_msgs/srv/detail/get_int32__traits.hpp
[0.537s] -- Up-to-date: /home/ddon/software_robocon_2025/install/astra_camera_msgs/include/astra_camera_msgs/astra_camera_msgs/srv/detail/set_int32__struct.hpp
[0.537s] -- Up-to-date: /home/ddon/software_robocon_2025/install/astra_camera_msgs/include/astra_camera_msgs/astra_camera_msgs/srv/detail/get_string__struct.hpp
[0.537s] -- Up-to-date: /home/ddon/software_robocon_2025/install/astra_camera_msgs/include/astra_camera_msgs/astra_camera_msgs/srv/detail/get_string__builder.hpp
[0.538s] -- Up-to-date: /home/ddon/software_robocon_2025/install/astra_camera_msgs/include/astra_camera_msgs/astra_camera_msgs/srv/detail/set_int32__traits.hpp
[0.538s] -- Up-to-date: /home/ddon/software_robocon_2025/install/astra_camera_msgs/include/astra_camera_msgs/astra_camera_msgs/srv/detail/get_string__type_support.hpp
[0.538s] -- Up-to-date: /home/ddon/software_robocon_2025/install/astra_camera_msgs/include/astra_camera_msgs/astra_camera_msgs/srv/detail/get_camera_info__type_support.hpp
[0.538s] -- Up-to-date: /home/ddon/software_robocon_2025/install/astra_camera_msgs/include/astra_camera_msgs/astra_camera_msgs/srv/detail/get_camera_params__builder.hpp
[0.538s] -- Up-to-date: /home/ddon/software_robocon_2025/install/astra_camera_msgs/include/astra_camera_msgs/astra_camera_msgs/srv/detail/get_camera_params__traits.hpp
[0.538s] -- Up-to-date: /home/ddon/software_robocon_2025/install/astra_camera_msgs/include/astra_camera_msgs/astra_camera_msgs/srv/detail/get_int32__type_support.hpp
[0.538s] -- Up-to-date: /home/ddon/software_robocon_2025/install/astra_camera_msgs/include/astra_camera_msgs/astra_camera_msgs/srv/detail/set_int32__builder.hpp
[0.538s] -- Up-to-date: /home/ddon/software_robocon_2025/install/astra_camera_msgs/include/astra_camera_msgs/astra_camera_msgs/srv/detail/get_int32__struct.hpp
[0.538s] -- Up-to-date: /home/ddon/software_robocon_2025/install/astra_camera_msgs/include/astra_camera_msgs/astra_camera_msgs/srv/detail/get_camera_info__builder.hpp
[0.538s] -- Up-to-date: /home/ddon/software_robocon_2025/install/astra_camera_msgs/include/astra_camera_msgs/astra_camera_msgs/srv/detail/get_device_info__builder.hpp
[0.538s] -- Up-to-date: /home/ddon/software_robocon_2025/install/astra_camera_msgs/include/astra_camera_msgs/astra_camera_msgs/srv/detail/get_device_info__type_support.hpp
[0.538s] -- Up-to-date: /home/ddon/software_robocon_2025/install/astra_camera_msgs/include/astra_camera_msgs/astra_camera_msgs/srv/detail/get_camera_info__traits.hpp
[0.538s] -- Up-to-date: /home/ddon/software_robocon_2025/install/astra_camera_msgs/include/astra_camera_msgs/astra_camera_msgs/srv/detail/get_string__traits.hpp
[0.538s] -- Up-to-date: /home/ddon/software_robocon_2025/install/astra_camera_msgs/include/astra_camera_msgs/astra_camera_msgs/srv/detail/get_camera_params__struct.hpp
[0.538s] -- Up-to-date: /home/ddon/software_robocon_2025/install/astra_camera_msgs/include/astra_camera_msgs/astra_camera_msgs/srv/detail/get_int32__builder.hpp
[0.538s] -- Up-to-date: /home/ddon/software_robocon_2025/install/astra_camera_msgs/include/astra_camera_msgs/astra_camera_msgs/srv/detail/set_int32__type_support.hpp
[0.538s] -- Up-to-date: /home/ddon/software_robocon_2025/install/astra_camera_msgs/include/astra_camera_msgs/astra_camera_msgs/srv/detail/get_camera_params__type_support.hpp
[0.538s] -- Up-to-date: /home/ddon/software_robocon_2025/install/astra_camera_msgs/include/astra_camera_msgs/astra_camera_msgs/srv/detail/get_device_info__traits.hpp
[0.538s] -- Up-to-date: /home/ddon/software_robocon_2025/install/astra_camera_msgs/include/astra_camera_msgs/astra_camera_msgs/srv/detail/get_device_info__struct.hpp
[0.538s] -- Up-to-date: /home/ddon/software_robocon_2025/install/astra_camera_msgs/include/astra_camera_msgs/astra_camera_msgs/srv/detail/get_camera_info__struct.hpp
[0.539s] -- Up-to-date: /home/ddon/software_robocon_2025/install/astra_camera_msgs/include/astra_camera_msgs/astra_camera_msgs/srv/get_device_info.hpp
[0.539s] -- Up-to-date: /home/ddon/software_robocon_2025/install/astra_camera_msgs/include/astra_camera_msgs/astra_camera_msgs/srv/get_camera_info.hpp
[0.539s] -- Up-to-date: /home/ddon/software_robocon_2025/install/astra_camera_msgs/include/astra_camera_msgs/astra_camera_msgs/srv/get_string.hpp
[0.539s] -- Up-to-date: /home/ddon/software_robocon_2025/install/astra_camera_msgs/include/astra_camera_msgs/astra_camera_msgs/srv/get_camera_params.hpp
[0.539s] -- Up-to-date: /home/ddon/software_robocon_2025/install/astra_camera_msgs/include/astra_camera_msgs/astra_camera_msgs/srv/get_int32.hpp
[0.539s] -- Up-to-date: /home/ddon/software_robocon_2025/install/astra_camera_msgs/include/astra_camera_msgs/astra_camera_msgs
[0.539s] -- Up-to-date: /home/ddon/software_robocon_2025/install/astra_camera_msgs/include/astra_camera_msgs/astra_camera_msgs/msg
[0.539s] -- Up-to-date: /home/ddon/software_robocon_2025/install/astra_camera_msgs/include/astra_camera_msgs/astra_camera_msgs/msg/detail
[0.539s] -- Up-to-date: /home/ddon/software_robocon_2025/install/astra_camera_msgs/include/astra_camera_msgs/astra_camera_msgs/msg/detail/metadata__rosidl_typesupport_fastrtps_cpp.hpp
[0.539s] -- Up-to-date: /home/ddon/software_robocon_2025/install/astra_camera_msgs/include/astra_camera_msgs/astra_camera_msgs/msg/detail/device_info__rosidl_typesupport_fastrtps_cpp.hpp
[0.539s] -- Up-to-date: /home/ddon/software_robocon_2025/install/astra_camera_msgs/include/astra_camera_msgs/astra_camera_msgs/msg/detail/dds_fastrtps
[0.539s] -- Up-to-date: /home/ddon/software_robocon_2025/install/astra_camera_msgs/include/astra_camera_msgs/astra_camera_msgs/msg/detail/extrinsics__rosidl_typesupport_fastrtps_cpp.hpp
[0.539s] -- Up-to-date: /home/ddon/software_robocon_2025/install/astra_camera_msgs/include/astra_camera_msgs/astra_camera_msgs/msg/rosidl_typesupport_fastrtps_cpp__visibility_control.h
[0.539s] -- Up-to-date: /home/ddon/software_robocon_2025/install/astra_camera_msgs/include/astra_camera_msgs/astra_camera_msgs/srv
[0.539s] -- Up-to-date: /home/ddon/software_robocon_2025/install/astra_camera_msgs/include/astra_camera_msgs/astra_camera_msgs/srv/detail
[0.539s] -- Up-to-date: /home/ddon/software_robocon_2025/install/astra_camera_msgs/include/astra_camera_msgs/astra_camera_msgs/srv/detail/set_int32__rosidl_typesupport_fastrtps_cpp.hpp
[0.539s] -- Up-to-date: /home/ddon/software_robocon_2025/install/astra_camera_msgs/include/astra_camera_msgs/astra_camera_msgs/srv/detail/get_device_info__rosidl_typesupport_fastrtps_cpp.hpp
[0.539s] -- Up-to-date: /home/ddon/software_robocon_2025/install/astra_camera_msgs/include/astra_camera_msgs/astra_camera_msgs/srv/detail/get_int32__rosidl_typesupport_fastrtps_cpp.hpp
[0.539s] -- Up-to-date: /home/ddon/software_robocon_2025/install/astra_camera_msgs/include/astra_camera_msgs/astra_camera_msgs/srv/detail/get_string__rosidl_typesupport_fastrtps_cpp.hpp
[0.540s] -- Up-to-date: /home/ddon/software_robocon_2025/install/astra_camera_msgs/include/astra_camera_msgs/astra_camera_msgs/srv/detail/get_camera_info__rosidl_typesupport_fastrtps_cpp.hpp
[0.540s] -- Up-to-date: /home/ddon/software_robocon_2025/install/astra_camera_msgs/include/astra_camera_msgs/astra_camera_msgs/srv/detail/get_camera_params__rosidl_typesupport_fastrtps_cpp.hpp
[0.540s] -- Up-to-date: /home/ddon/software_robocon_2025/install/astra_camera_msgs/include/astra_camera_msgs/astra_camera_msgs/srv/detail/dds_fastrtps
[0.540s] -- Up-to-date: /home/ddon/software_robocon_2025/install/astra_camera_msgs/lib/libastra_camera_msgs__rosidl_typesupport_fastrtps_cpp.so
[0.540s] -- Up-to-date: /home/ddon/software_robocon_2025/install/astra_camera_msgs/include/astra_camera_msgs/astra_camera_msgs
[0.540s] -- Up-to-date: /home/ddon/software_robocon_2025/install/astra_camera_msgs/include/astra_camera_msgs/astra_camera_msgs/msg
[0.540s] -- Up-to-date: /home/ddon/software_robocon_2025/install/astra_camera_msgs/include/astra_camera_msgs/astra_camera_msgs/msg/detail
[0.540s] -- Up-to-date: /home/ddon/software_robocon_2025/install/astra_camera_msgs/include/astra_camera_msgs/astra_camera_msgs/msg/detail/device_info__type_support.cpp
[0.540s] -- Up-to-date: /home/ddon/software_robocon_2025/install/astra_camera_msgs/include/astra_camera_msgs/astra_camera_msgs/msg/detail/metadata__rosidl_typesupport_introspection_cpp.hpp
[0.540s] -- Up-to-date: /home/ddon/software_robocon_2025/install/astra_camera_msgs/include/astra_camera_msgs/astra_camera_msgs/msg/detail/device_info__rosidl_typesupport_introspection_cpp.hpp
[0.540s] -- Up-to-date: /home/ddon/software_robocon_2025/install/astra_camera_msgs/include/astra_camera_msgs/astra_camera_msgs/msg/detail/extrinsics__type_support.cpp
[0.540s] -- Up-to-date: /home/ddon/software_robocon_2025/install/astra_camera_msgs/include/astra_camera_msgs/astra_camera_msgs/msg/detail/metadata__type_support.cpp
[0.540s] -- Up-to-date: /home/ddon/software_robocon_2025/install/astra_camera_msgs/include/astra_camera_msgs/astra_camera_msgs/msg/detail/extrinsics__rosidl_typesupport_introspection_cpp.hpp
[0.540s] -- Up-to-date: /home/ddon/software_robocon_2025/install/astra_camera_msgs/include/astra_camera_msgs/astra_camera_msgs/srv
[0.540s] -- Up-to-date: /home/ddon/software_robocon_2025/install/astra_camera_msgs/include/astra_camera_msgs/astra_camera_msgs/srv/detail
[0.540s] -- Up-to-date: /home/ddon/software_robocon_2025/install/astra_camera_msgs/include/astra_camera_msgs/astra_camera_msgs/srv/detail/get_camera_params__type_support.cpp
[0.541s] -- Up-to-date: /home/ddon/software_robocon_2025/install/astra_camera_msgs/include/astra_camera_msgs/astra_camera_msgs/srv/detail/get_camera_info__rosidl_typesupport_introspection_cpp.hpp
[0.541s] -- Up-to-date: /home/ddon/software_robocon_2025/install/astra_camera_msgs/include/astra_camera_msgs/astra_camera_msgs/srv/detail/get_camera_params__rosidl_typesupport_introspection_cpp.hpp
[0.541s] -- Up-to-date: /home/ddon/software_robocon_2025/install/astra_camera_msgs/include/astra_camera_msgs/astra_camera_msgs/srv/detail/get_string__type_support.cpp
[0.541s] -- Up-to-date: /home/ddon/software_robocon_2025/install/astra_camera_msgs/include/astra_camera_msgs/astra_camera_msgs/srv/detail/set_int32__rosidl_typesupport_introspection_cpp.hpp
[0.541s] -- Up-to-date: /home/ddon/software_robocon_2025/install/astra_camera_msgs/include/astra_camera_msgs/astra_camera_msgs/srv/detail/get_device_info__rosidl_typesupport_introspection_cpp.hpp
[0.541s] -- Up-to-date: /home/ddon/software_robocon_2025/install/astra_camera_msgs/include/astra_camera_msgs/astra_camera_msgs/srv/detail/get_camera_info__type_support.cpp
[0.541s] -- Up-to-date: /home/ddon/software_robocon_2025/install/astra_camera_msgs/include/astra_camera_msgs/astra_camera_msgs/srv/detail/get_int32__type_support.cpp
[0.541s] -- Up-to-date: /home/ddon/software_robocon_2025/install/astra_camera_msgs/include/astra_camera_msgs/astra_camera_msgs/srv/detail/get_int32__rosidl_typesupport_introspection_cpp.hpp
[0.541s] -- Up-to-date: /home/ddon/software_robocon_2025/install/astra_camera_msgs/include/astra_camera_msgs/astra_camera_msgs/srv/detail/get_device_info__type_support.cpp
[0.541s] -- Up-to-date: /home/ddon/software_robocon_2025/install/astra_camera_msgs/include/astra_camera_msgs/astra_camera_msgs/srv/detail/set_int32__type_support.cpp
[0.541s] -- Up-to-date: /home/ddon/software_robocon_2025/install/astra_camera_msgs/include/astra_camera_msgs/astra_camera_msgs/srv/detail/get_string__rosidl_typesupport_introspection_cpp.hpp
[0.541s] -- Up-to-date: /home/ddon/software_robocon_2025/install/astra_camera_msgs/lib/libastra_camera_msgs__rosidl_typesupport_introspection_cpp.so
[0.541s] -- Up-to-date: /home/ddon/software_robocon_2025/install/astra_camera_msgs/lib/libastra_camera_msgs__rosidl_typesupport_cpp.so
[0.541s] -- Up-to-date: /home/ddon/software_robocon_2025/install/astra_camera_msgs/share/astra_camera_msgs/environment/pythonpath.sh
[0.541s] -- Up-to-date: /home/ddon/software_robocon_2025/install/astra_camera_msgs/share/astra_camera_msgs/environment/pythonpath.dsv
[0.541s] -- Up-to-date: /home/ddon/software_robocon_2025/install/astra_camera_msgs/local/lib/python3.10/dist-packages/astra_camera_msgs-1.0.1-py3.10.egg-info
[0.541s] -- Installing: /home/ddon/software_robocon_2025/install/astra_camera_msgs/local/lib/python3.10/dist-packages/astra_camera_msgs-1.0.1-py3.10.egg-info/dependency_links.txt
[0.541s] -- Installing: /home/ddon/software_robocon_2025/install/astra_camera_msgs/local/lib/python3.10/dist-packages/astra_camera_msgs-1.0.1-py3.10.egg-info/PKG-INFO
[0.542s] -- Installing: /home/ddon/software_robocon_2025/install/astra_camera_msgs/local/lib/python3.10/dist-packages/astra_camera_msgs-1.0.1-py3.10.egg-info/top_level.txt
[0.542s] -- Installing: /home/ddon/software_robocon_2025/install/astra_camera_msgs/local/lib/python3.10/dist-packages/astra_camera_msgs-1.0.1-py3.10.egg-info/SOURCES.txt
[0.542s] -- Up-to-date: /home/ddon/software_robocon_2025/install/astra_camera_msgs/local/lib/python3.10/dist-packages/astra_camera_msgs
[0.542s] -- Up-to-date: /home/ddon/software_robocon_2025/install/astra_camera_msgs/local/lib/python3.10/dist-packages/astra_camera_msgs/msg
[0.542s] -- Up-to-date: /home/ddon/software_robocon_2025/install/astra_camera_msgs/local/lib/python3.10/dist-packages/astra_camera_msgs/msg/_device_info.py
[0.542s] -- Up-to-date: /home/ddon/software_robocon_2025/install/astra_camera_msgs/local/lib/python3.10/dist-packages/astra_camera_msgs/msg/_extrinsics.py
[0.542s] -- Up-to-date: /home/ddon/software_robocon_2025/install/astra_camera_msgs/local/lib/python3.10/dist-packages/astra_camera_msgs/msg/_metadata.py
[0.542s] -- Up-to-date: /home/ddon/software_robocon_2025/install/astra_camera_msgs/local/lib/python3.10/dist-packages/astra_camera_msgs/msg/_extrinsics_s.c
[0.542s] -- Up-to-date: /home/ddon/software_robocon_2025/install/astra_camera_msgs/local/lib/python3.10/dist-packages/astra_camera_msgs/msg/_device_info_s.c
[0.542s] -- Up-to-date: /home/ddon/software_robocon_2025/install/astra_camera_msgs/local/lib/python3.10/dist-packages/astra_camera_msgs/msg/__init__.py
[0.542s] -- Up-to-date: /home/ddon/software_robocon_2025/install/astra_camera_msgs/local/lib/python3.10/dist-packages/astra_camera_msgs/msg/_metadata_s.c
[0.542s] -- Up-to-date: /home/ddon/software_robocon_2025/install/astra_camera_msgs/local/lib/python3.10/dist-packages/astra_camera_msgs/libastra_camera_msgs__rosidl_generator_py.so
[0.542s] -- Up-to-date: /home/ddon/software_robocon_2025/install/astra_camera_msgs/local/lib/python3.10/dist-packages/astra_camera_msgs/_astra_camera_msgs_s.ep.rosidl_typesupport_c.c
[0.542s] -- Up-to-date: /home/ddon/software_robocon_2025/install/astra_camera_msgs/local/lib/python3.10/dist-packages/astra_camera_msgs/astra_camera_msgs_s__rosidl_typesupport_introspection_c.cpython-310-x86_64-linux-gnu.so
[0.542s] -- Up-to-date: /home/ddon/software_robocon_2025/install/astra_camera_msgs/local/lib/python3.10/dist-packages/astra_camera_msgs/astra_camera_msgs_s__rosidl_typesupport_c.cpython-310-x86_64-linux-gnu.so
[0.542s] -- Up-to-date: /home/ddon/software_robocon_2025/install/astra_camera_msgs/local/lib/python3.10/dist-packages/astra_camera_msgs/_astra_camera_msgs_s.ep.rosidl_typesupport_introspection_c.c
[0.542s] -- Up-to-date: /home/ddon/software_robocon_2025/install/astra_camera_msgs/local/lib/python3.10/dist-packages/astra_camera_msgs/astra_camera_msgs_s__rosidl_typesupport_fastrtps_c.cpython-310-x86_64-linux-gnu.so
[0.542s] -- Up-to-date: /home/ddon/software_robocon_2025/install/astra_camera_msgs/local/lib/python3.10/dist-packages/astra_camera_msgs/srv
[0.542s] -- Up-to-date: /home/ddon/software_robocon_2025/install/astra_camera_msgs/local/lib/python3.10/dist-packages/astra_camera_msgs/srv/_get_camera_params_s.c
[0.542s] -- Up-to-date: /home/ddon/software_robocon_2025/install/astra_camera_msgs/local/lib/python3.10/dist-packages/astra_camera_msgs/srv/_get_camera_params.py
[0.542s] -- Up-to-date: /home/ddon/software_robocon_2025/install/astra_camera_msgs/local/lib/python3.10/dist-packages/astra_camera_msgs/srv/_get_string.py
[0.543s] -- Up-to-date: /home/ddon/software_robocon_2025/install/astra_camera_msgs/local/lib/python3.10/dist-packages/astra_camera_msgs/srv/_get_camera_info_s.c
[0.543s] -- Up-to-date: /home/ddon/software_robocon_2025/install/astra_camera_msgs/local/lib/python3.10/dist-packages/astra_camera_msgs/srv/_get_camera_info.py
[0.543s] -- Up-to-date: /home/ddon/software_robocon_2025/install/astra_camera_msgs/local/lib/python3.10/dist-packages/astra_camera_msgs/srv/_set_int32.py
[0.543s] -- Up-to-date: /home/ddon/software_robocon_2025/install/astra_camera_msgs/local/lib/python3.10/dist-packages/astra_camera_msgs/srv/_get_device_info_s.c
[0.543s] -- Up-to-date: /home/ddon/software_robocon_2025/install/astra_camera_msgs/local/lib/python3.10/dist-packages/astra_camera_msgs/srv/_get_string_s.c
[0.543s] -- Up-to-date: /home/ddon/software_robocon_2025/install/astra_camera_msgs/local/lib/python3.10/dist-packages/astra_camera_msgs/srv/_get_int32_s.c
[0.543s] -- Up-to-date: /home/ddon/software_robocon_2025/install/astra_camera_msgs/local/lib/python3.10/dist-packages/astra_camera_msgs/srv/_set_int32_s.c
[0.543s] -- Up-to-date: /home/ddon/software_robocon_2025/install/astra_camera_msgs/local/lib/python3.10/dist-packages/astra_camera_msgs/srv/_get_device_info.py
[0.543s] -- Up-to-date: /home/ddon/software_robocon_2025/install/astra_camera_msgs/local/lib/python3.10/dist-packages/astra_camera_msgs/srv/__init__.py
[0.543s] -- Up-to-date: /home/ddon/software_robocon_2025/install/astra_camera_msgs/local/lib/python3.10/dist-packages/astra_camera_msgs/srv/_get_int32.py
[0.543s] -- Up-to-date: /home/ddon/software_robocon_2025/install/astra_camera_msgs/local/lib/python3.10/dist-packages/astra_camera_msgs/__init__.py
[0.543s] -- Up-to-date: /home/ddon/software_robocon_2025/install/astra_camera_msgs/local/lib/python3.10/dist-packages/astra_camera_msgs/_astra_camera_msgs_s.ep.rosidl_typesupport_fastrtps_c.c
[0.572s] Listing '/home/ddon/software_robocon_2025/install/astra_camera_msgs/local/lib/python3.10/dist-packages/astra_camera_msgs'...
[0.573s] Listing '/home/ddon/software_robocon_2025/install/astra_camera_msgs/local/lib/python3.10/dist-packages/astra_camera_msgs/msg'...
[0.573s] Listing '/home/ddon/software_robocon_2025/install/astra_camera_msgs/local/lib/python3.10/dist-packages/astra_camera_msgs/srv'...
[0.575s] -- Up-to-date: /home/ddon/software_robocon_2025/install/astra_camera_msgs/local/lib/python3.10/dist-packages/astra_camera_msgs/astra_camera_msgs_s__rosidl_typesupport_fastrtps_c.cpython-310-x86_64-linux-gnu.so
[0.575s] -- Up-to-date: /home/ddon/software_robocon_2025/install/astra_camera_msgs/local/lib/python3.10/dist-packages/astra_camera_msgs/astra_camera_msgs_s__rosidl_typesupport_introspection_c.cpython-310-x86_64-linux-gnu.so
[0.575s] -- Up-to-date: /home/ddon/software_robocon_2025/install/astra_camera_msgs/local/lib/python3.10/dist-packages/astra_camera_msgs/astra_camera_msgs_s__rosidl_typesupport_c.cpython-310-x86_64-linux-gnu.so
[0.576s] -- Up-to-date: /home/ddon/software_robocon_2025/install/astra_camera_msgs/lib/libastra_camera_msgs__rosidl_generator_py.so
[0.576s] -- Up-to-date: /home/ddon/software_robocon_2025/install/astra_camera_msgs/share/astra_camera_msgs/msg/DeviceInfo.idl
[0.576s] -- Up-to-date: /home/ddon/software_robocon_2025/install/astra_camera_msgs/share/astra_camera_msgs/msg/Extrinsics.idl
[0.576s] -- Up-to-date: /home/ddon/software_robocon_2025/install/astra_camera_msgs/share/astra_camera_msgs/msg/Metadata.idl
[0.576s] -- Up-to-date: /home/ddon/software_robocon_2025/install/astra_camera_msgs/share/astra_camera_msgs/srv/GetDeviceInfo.idl
[0.576s] -- Up-to-date: /home/ddon/software_robocon_2025/install/astra_camera_msgs/share/astra_camera_msgs/srv/GetCameraInfo.idl
[0.576s] -- Up-to-date: /home/ddon/software_robocon_2025/install/astra_camera_msgs/share/astra_camera_msgs/srv/GetCameraParams.idl
[0.577s] -- Up-to-date: /home/ddon/software_robocon_2025/install/astra_camera_msgs/share/astra_camera_msgs/srv/GetInt32.idl
[0.577s] -- Up-to-date: /home/ddon/software_robocon_2025/install/astra_camera_msgs/share/astra_camera_msgs/srv/GetString.idl
[0.577s] -- Up-to-date: /home/ddon/software_robocon_2025/install/astra_camera_msgs/share/astra_camera_msgs/srv/SetInt32.idl
[0.577s] -- Up-to-date: /home/ddon/software_robocon_2025/install/astra_camera_msgs/share/astra_camera_msgs/msg/DeviceInfo.msg
[0.577s] -- Up-to-date: /home/ddon/software_robocon_2025/install/astra_camera_msgs/share/astra_camera_msgs/msg/Extrinsics.msg
[0.577s] -- Up-to-date: /home/ddon/software_robocon_2025/install/astra_camera_msgs/share/astra_camera_msgs/msg/Metadata.msg
[0.577s] -- Up-to-date: /home/ddon/software_robocon_2025/install/astra_camera_msgs/share/astra_camera_msgs/srv/GetDeviceInfo.srv
[0.577s] -- Up-to-date: /home/ddon/software_robocon_2025/install/astra_camera_msgs/share/astra_camera_msgs/srv/GetDeviceInfo_Request.msg
[0.578s] -- Up-to-date: /home/ddon/software_robocon_2025/install/astra_camera_msgs/share/astra_camera_msgs/srv/GetDeviceInfo_Response.msg
[0.578s] -- Up-to-date: /home/ddon/software_robocon_2025/install/astra_camera_msgs/share/astra_camera_msgs/srv/GetCameraInfo.srv
[0.578s] -- Up-to-date: /home/ddon/software_robocon_2025/install/astra_camera_msgs/share/astra_camera_msgs/srv/GetCameraInfo_Request.msg
[0.578s] -- Up-to-date: /home/ddon/software_robocon_2025/install/astra_camera_msgs/share/astra_camera_msgs/srv/GetCameraInfo_Response.msg
[0.579s] -- Up-to-date: /home/ddon/software_robocon_2025/install/astra_camera_msgs/share/astra_camera_msgs/srv/GetCameraParams.srv
[0.579s] -- Up-to-date: /home/ddon/software_robocon_2025/install/astra_camera_msgs/share/astra_camera_msgs/srv/GetCameraParams_Request.msg
[0.579s] -- Up-to-date: /home/ddon/software_robocon_2025/install/astra_camera_msgs/share/astra_camera_msgs/srv/GetCameraParams_Response.msg
[0.579s] -- Up-to-date: /home/ddon/software_robocon_2025/install/astra_camera_msgs/share/astra_camera_msgs/srv/GetInt32.srv
[0.580s] -- Up-to-date: /home/ddon/software_robocon_2025/install/astra_camera_msgs/share/astra_camera_msgs/srv/GetInt32_Request.msg
[0.580s] -- Up-to-date: /home/ddon/software_robocon_2025/install/astra_camera_msgs/share/astra_camera_msgs/srv/GetInt32_Response.msg
[0.580s] -- Up-to-date: /home/ddon/software_robocon_2025/install/astra_camera_msgs/share/astra_camera_msgs/srv/GetString.srv
[0.580s] -- Up-to-date: /home/ddon/software_robocon_2025/install/astra_camera_msgs/share/astra_camera_msgs/srv/GetString_Request.msg
[0.580s] -- Up-to-date: /home/ddon/software_robocon_2025/install/astra_camera_msgs/share/astra_camera_msgs/srv/GetString_Response.msg
[0.580s] -- Up-to-date: /home/ddon/software_robocon_2025/install/astra_camera_msgs/share/astra_camera_msgs/srv/SetInt32.srv
[0.581s] -- Up-to-date: /home/ddon/software_robocon_2025/install/astra_camera_msgs/share/astra_camera_msgs/srv/SetInt32_Request.msg
[0.581s] -- Up-to-date: /home/ddon/software_robocon_2025/install/astra_camera_msgs/share/astra_camera_msgs/srv/SetInt32_Response.msg
[0.581s] -- Up-to-date: /home/ddon/software_robocon_2025/install/astra_camera_msgs/share/ament_index/resource_index/package_run_dependencies/astra_camera_msgs
[0.582s] -- Up-to-date: /home/ddon/software_robocon_2025/install/astra_camera_msgs/share/ament_index/resource_index/parent_prefix_path/astra_camera_msgs
[0.582s] -- Up-to-date: /home/ddon/software_robocon_2025/install/astra_camera_msgs/share/astra_camera_msgs/environment/ament_prefix_path.sh
[0.582s] -- Up-to-date: /home/ddon/software_robocon_2025/install/astra_camera_msgs/share/astra_camera_msgs/environment/ament_prefix_path.dsv
[0.582s] -- Up-to-date: /home/ddon/software_robocon_2025/install/astra_camera_msgs/share/astra_camera_msgs/environment/path.sh
[0.583s] -- Up-to-date: /home/ddon/software_robocon_2025/install/astra_camera_msgs/share/astra_camera_msgs/environment/path.dsv
[0.583s] -- Up-to-date: /home/ddon/software_robocon_2025/install/astra_camera_msgs/share/astra_camera_msgs/local_setup.bash
[0.583s] -- Up-to-date: /home/ddon/software_robocon_2025/install/astra_camera_msgs/share/astra_camera_msgs/local_setup.sh
[0.583s] -- Up-to-date: /home/ddon/software_robocon_2025/install/astra_camera_msgs/share/astra_camera_msgs/local_setup.zsh
[0.584s] -- Up-to-date: /home/ddon/software_robocon_2025/install/astra_camera_msgs/share/astra_camera_msgs/local_setup.dsv
[0.584s] -- Installing: /home/ddon/software_robocon_2025/install/astra_camera_msgs/share/astra_camera_msgs/package.dsv
[0.584s] -- Up-to-date: /home/ddon/software_robocon_2025/install/astra_camera_msgs/share/ament_index/resource_index/packages/astra_camera_msgs
[0.584s] -- Up-to-date: /home/ddon/software_robocon_2025/install/astra_camera_msgs/share/astra_camera_msgs/cmake/export_astra_camera_msgs__rosidl_generator_cExport.cmake
[0.584s] -- Up-to-date: /home/ddon/software_robocon_2025/install/astra_camera_msgs/share/astra_camera_msgs/cmake/export_astra_camera_msgs__rosidl_generator_cExport-noconfig.cmake
[0.584s] -- Up-to-date: /home/ddon/software_robocon_2025/install/astra_camera_msgs/share/astra_camera_msgs/cmake/export_astra_camera_msgs__rosidl_typesupport_fastrtps_cExport.cmake
[0.584s] -- Up-to-date: /home/ddon/software_robocon_2025/install/astra_camera_msgs/share/astra_camera_msgs/cmake/export_astra_camera_msgs__rosidl_typesupport_fastrtps_cExport-noconfig.cmake
[0.584s] -- Up-to-date: /home/ddon/software_robocon_2025/install/astra_camera_msgs/share/astra_camera_msgs/cmake/astra_camera_msgs__rosidl_typesupport_introspection_cExport.cmake
[0.584s] -- Up-to-date: /home/ddon/software_robocon_2025/install/astra_camera_msgs/share/astra_camera_msgs/cmake/astra_camera_msgs__rosidl_typesupport_introspection_cExport-noconfig.cmake
[0.584s] -- Up-to-date: /home/ddon/software_robocon_2025/install/astra_camera_msgs/share/astra_camera_msgs/cmake/astra_camera_msgs__rosidl_typesupport_cExport.cmake
[0.584s] -- Up-to-date: /home/ddon/software_robocon_2025/install/astra_camera_msgs/share/astra_camera_msgs/cmake/astra_camera_msgs__rosidl_typesupport_cExport-noconfig.cmake
[0.584s] -- Up-to-date: /home/ddon/software_robocon_2025/install/astra_camera_msgs/share/astra_camera_msgs/cmake/export_astra_camera_msgs__rosidl_generator_cppExport.cmake
[0.584s] -- Up-to-date: /home/ddon/software_robocon_2025/install/astra_camera_msgs/share/astra_camera_msgs/cmake/export_astra_camera_msgs__rosidl_typesupport_fastrtps_cppExport.cmake
[0.584s] -- Up-to-date: /home/ddon/software_robocon_2025/install/astra_camera_msgs/share/astra_camera_msgs/cmake/export_astra_camera_msgs__rosidl_typesupport_fastrtps_cppExport-noconfig.cmake
[0.584s] -- Up-to-date: /home/ddon/software_robocon_2025/install/astra_camera_msgs/share/astra_camera_msgs/cmake/astra_camera_msgs__rosidl_typesupport_introspection_cppExport.cmake
[0.585s] -- Up-to-date: /home/ddon/software_robocon_2025/install/astra_camera_msgs/share/astra_camera_msgs/cmake/astra_camera_msgs__rosidl_typesupport_introspection_cppExport-noconfig.cmake
[0.585s] -- Up-to-date: /home/ddon/software_robocon_2025/install/astra_camera_msgs/share/astra_camera_msgs/cmake/astra_camera_msgs__rosidl_typesupport_cppExport.cmake
[0.585s] -- Up-to-date: /home/ddon/software_robocon_2025/install/astra_camera_msgs/share/astra_camera_msgs/cmake/astra_camera_msgs__rosidl_typesupport_cppExport-noconfig.cmake
[0.585s] -- Up-to-date: /home/ddon/software_robocon_2025/install/astra_camera_msgs/share/astra_camera_msgs/cmake/export_astra_camera_msgs__rosidl_generator_pyExport.cmake
[0.585s] -- Up-to-date: /home/ddon/software_robocon_2025/install/astra_camera_msgs/share/astra_camera_msgs/cmake/export_astra_camera_msgs__rosidl_generator_pyExport-noconfig.cmake
[0.585s] -- Up-to-date: /home/ddon/software_robocon_2025/install/astra_camera_msgs/share/astra_camera_msgs/cmake/rosidl_cmake-extras.cmake
[0.585s] -- Up-to-date: /home/ddon/software_robocon_2025/install/astra_camera_msgs/share/astra_camera_msgs/cmake/ament_cmake_export_dependencies-extras.cmake
[0.585s] -- Up-to-date: /home/ddon/software_robocon_2025/install/astra_camera_msgs/share/astra_camera_msgs/cmake/ament_cmake_export_include_directories-extras.cmake
[0.585s] -- Up-to-date: /home/ddon/software_robocon_2025/install/astra_camera_msgs/share/astra_camera_msgs/cmake/ament_cmake_export_libraries-extras.cmake
[0.585s] -- Up-to-date: /home/ddon/software_robocon_2025/install/astra_camera_msgs/share/astra_camera_msgs/cmake/ament_cmake_export_targets-extras.cmake
[0.585s] -- Up-to-date: /home/ddon/software_robocon_2025/install/astra_camera_msgs/share/astra_camera_msgs/cmake/rosidl_cmake_export_typesupport_targets-extras.cmake
[0.585s] -- Up-to-date: /home/ddon/software_robocon_2025/install/astra_camera_msgs/share/astra_camera_msgs/cmake/rosidl_cmake_export_typesupport_libraries-extras.cmake
[0.585s] -- Up-to-date: /home/ddon/software_robocon_2025/install/astra_camera_msgs/share/astra_camera_msgs/cmake/astra_camera_msgsConfig.cmake
[0.585s] -- Up-to-date: /home/ddon/software_robocon_2025/install/astra_camera_msgs/share/astra_camera_msgs/cmake/astra_camera_msgsConfig-version.cmake
[0.585s] -- Up-to-date: /home/ddon/software_robocon_2025/install/astra_camera_msgs/share/astra_camera_msgs/package.xml
[0.862s] Invoked command in '/home/ddon/software_robocon_2025/build/astra_camera_msgs' returned '0': CMAKE_PREFIX_PATH=${CMAKE_PREFIX_PATH}:/opt/ros/humble /usr/bin/cmake --install /home/ddon/software_robocon_2025/build/astra_camera_msgs
