[0.733s] Invoking command in '/home/ddon/software_robocon_2025/main_controller_pkg': AMENT_PREFIX_PATH=/home/ddon/software_robocon_2025/install/robot_interfaces:${AMENT_PREFIX_PATH} CMAKE_PREFIX_PATH=/home/ddon/software_robocon_2025/install/robot_interfaces:${CMAKE_PREFIX_PATH} LD_LIBRARY_PATH=/home/ddon/software_robocon_2025/install/robot_interfaces/lib:${LD_LIBRARY_PATH} PYTHONPATH=/home/ddon/software_robocon_2025/build/main_controller_pkg/prefix_override:/usr/lib/python3/dist-packages/colcon_core/task/python/colcon_distutils_commands:/home/ddon/software_robocon_2025/install/main_controller_pkg/lib/python3.10/site-packages:/home/ddon/software_robocon_2025/install/robot_interfaces/local/lib/python3.10/dist-packages:${PYTHONPATH} /usr/bin/python3 -W ignore:setup.py install is deprecated -W ignore:easy_install command is deprecated setup.py egg_info --egg-base ../build/main_controller_pkg build --build-base /home/ddon/software_robocon_2025/build/main_controller_pkg/build install --record /home/ddon/software_robocon_2025/build/main_controller_pkg/install.log --single-version-externally-managed install_data
[1.023s] running egg_info
[1.025s] creating ../build/main_controller_pkg/main_controller_pkg.egg-info
[1.025s] writing ../build/main_controller_pkg/main_controller_pkg.egg-info/PKG-INFO
[1.025s] writing dependency_links to ../build/main_controller_pkg/main_controller_pkg.egg-info/dependency_links.txt
[1.025s] writing entry points to ../build/main_controller_pkg/main_controller_pkg.egg-info/entry_points.txt
[1.025s] writing requirements to ../build/main_controller_pkg/main_controller_pkg.egg-info/requires.txt
[1.025s] writing top-level names to ../build/main_controller_pkg/main_controller_pkg.egg-info/top_level.txt
[1.025s] writing manifest file '../build/main_controller_pkg/main_controller_pkg.egg-info/SOURCES.txt'
[1.026s] reading manifest file '../build/main_controller_pkg/main_controller_pkg.egg-info/SOURCES.txt'
[1.026s] writing manifest file '../build/main_controller_pkg/main_controller_pkg.egg-info/SOURCES.txt'
[1.026s] running build
[1.027s] running build_py
[1.028s] creating /home/ddon/software_robocon_2025/build/main_controller_pkg/build
[1.028s] creating /home/ddon/software_robocon_2025/build/main_controller_pkg/build/lib
[1.028s] creating /home/ddon/software_robocon_2025/build/main_controller_pkg/build/lib/main_controller_pkg
[1.028s] copying main_controller_pkg/main_controller_node.py -> /home/ddon/software_robocon_2025/build/main_controller_pkg/build/lib/main_controller_pkg
[1.028s] copying main_controller_pkg/full_calculation_node.py -> /home/ddon/software_robocon_2025/build/main_controller_pkg/build/lib/main_controller_pkg
[1.028s] copying main_controller_pkg/__init__.py -> /home/ddon/software_robocon_2025/build/main_controller_pkg/build/lib/main_controller_pkg
[1.028s] running install
[1.029s] running install_lib
[1.030s] creating /home/ddon/software_robocon_2025/install/main_controller_pkg/lib/python3.10/site-packages/main_controller_pkg
[1.030s] copying /home/ddon/software_robocon_2025/build/main_controller_pkg/build/lib/main_controller_pkg/main_controller_node.py -> /home/ddon/software_robocon_2025/install/main_controller_pkg/lib/python3.10/site-packages/main_controller_pkg
[1.030s] copying /home/ddon/software_robocon_2025/build/main_controller_pkg/build/lib/main_controller_pkg/full_calculation_node.py -> /home/ddon/software_robocon_2025/install/main_controller_pkg/lib/python3.10/site-packages/main_controller_pkg
[1.030s] copying /home/ddon/software_robocon_2025/build/main_controller_pkg/build/lib/main_controller_pkg/__init__.py -> /home/ddon/software_robocon_2025/install/main_controller_pkg/lib/python3.10/site-packages/main_controller_pkg
[1.030s] byte-compiling /home/ddon/software_robocon_2025/install/main_controller_pkg/lib/python3.10/site-packages/main_controller_pkg/main_controller_node.py to main_controller_node.cpython-310.pyc
[1.032s] byte-compiling /home/ddon/software_robocon_2025/install/main_controller_pkg/lib/python3.10/site-packages/main_controller_pkg/full_calculation_node.py to full_calculation_node.cpython-310.pyc
[1.033s] byte-compiling /home/ddon/software_robocon_2025/install/main_controller_pkg/lib/python3.10/site-packages/main_controller_pkg/__init__.py to __init__.cpython-310.pyc
[1.034s] running install_data
[1.034s] creating /home/ddon/software_robocon_2025/install/main_controller_pkg/share/ament_index
[1.034s] creating /home/ddon/software_robocon_2025/install/main_controller_pkg/share/ament_index/resource_index
[1.034s] creating /home/ddon/software_robocon_2025/install/main_controller_pkg/share/ament_index/resource_index/packages
[1.034s] copying resource/main_controller_pkg -> /home/ddon/software_robocon_2025/install/main_controller_pkg/share/ament_index/resource_index/packages
[1.034s] copying package.xml -> /home/ddon/software_robocon_2025/install/main_controller_pkg/share/main_controller_pkg
[1.034s] running install_egg_info
[1.036s] Copying ../build/main_controller_pkg/main_controller_pkg.egg-info to /home/ddon/software_robocon_2025/install/main_controller_pkg/lib/python3.10/site-packages/main_controller_pkg-0.0.0-py3.10.egg-info
[1.037s] running install_scripts
[1.062s] Installing full_calculation_node script to /home/ddon/software_robocon_2025/install/main_controller_pkg/lib/main_controller_pkg
[1.062s] Installing main_controller_node script to /home/ddon/software_robocon_2025/install/main_controller_pkg/lib/main_controller_pkg
[1.062s] writing list of installed files to '/home/ddon/software_robocon_2025/build/main_controller_pkg/install.log'
[1.095s] Invoked command in '/home/ddon/software_robocon_2025/main_controller_pkg' returned '0': AMENT_PREFIX_PATH=/home/ddon/software_robocon_2025/install/robot_interfaces:${AMENT_PREFIX_PATH} CMAKE_PREFIX_PATH=/home/ddon/software_robocon_2025/install/robot_interfaces:${CMAKE_PREFIX_PATH} LD_LIBRARY_PATH=/home/ddon/software_robocon_2025/install/robot_interfaces/lib:${LD_LIBRARY_PATH} PYTHONPATH=/home/ddon/software_robocon_2025/build/main_controller_pkg/prefix_override:/usr/lib/python3/dist-packages/colcon_core/task/python/colcon_distutils_commands:/home/ddon/software_robocon_2025/install/main_controller_pkg/lib/python3.10/site-packages:/home/ddon/software_robocon_2025/install/robot_interfaces/local/lib/python3.10/dist-packages:${PYTHONPATH} /usr/bin/python3 -W ignore:setup.py install is deprecated -W ignore:easy_install command is deprecated setup.py egg_info --egg-base ../build/main_controller_pkg build --build-base /home/ddon/software_robocon_2025/build/main_controller_pkg/build install --record /home/ddon/software_robocon_2025/build/main_controller_pkg/install.log --single-version-externally-managed install_data
