[0.022s] Invoking command in '/home/ddon/software_robocon_2025/build/robot_interfaces': CMAKE_PREFIX_PATH=${CMAKE_PREFIX_PATH}:/opt/ros/humble CONDA_PROMPT_MODIFIER=(base) /usr/bin/cmake --build /home/ddon/software_robocon_2025/build/robot_interfaces -- -j8 -l8
[0.080s] [  1%] Built target robot_interfaces__cpp
[0.080s] [ 12%] Built target robot_interfaces__rosidl_generator_c
[0.104s] [ 12%] Built target ament_cmake_python_copy_robot_interfaces
[0.147s] [ 46%] Built target robot_interfaces__rosidl_typesupport_c
[0.147s] [ 46%] Built target robot_interfaces__rosidl_typesupport_introspection_cpp
[0.147s] [ 46%] Built target robot_interfaces__rosidl_typesupport_fastrtps_cpp
[0.152s] [ 57%] Built target robot_interfaces__rosidl_typesupport_introspection_c
[0.152s] [ 68%] Built target robot_interfaces__rosidl_typesupport_cpp
[0.156s] [ 79%] Built target robot_interfaces__rosidl_typesupport_fastrtps_c
[0.181s] [ 79%] Built target robot_interfaces
[0.191s] [ 82%] Built target uart_node
[0.206s] [ 83%] Built target robot_interfaces__py
[0.240s] [ 93%] Built target robot_interfaces__rosidl_generator_py
[0.271s] [ 95%] Built target robot_interfaces__rosidl_typesupport_fastrtps_c__pyext
[0.273s] [ 97%] Built target robot_interfaces__rosidl_typesupport_introspection_c__pyext
[0.274s] [100%] Built target robot_interfaces__rosidl_typesupport_c__pyext
[0.464s] running egg_info
[0.490s] writing robot_interfaces.egg-info/PKG-INFO
[0.492s] writing dependency_links to robot_interfaces.egg-info/dependency_links.txt
[0.492s] writing top-level names to robot_interfaces.egg-info/top_level.txt
[0.570s] reading manifest file 'robot_interfaces.egg-info/SOURCES.txt'
[0.573s] writing manifest file 'robot_interfaces.egg-info/SOURCES.txt'
[0.614s] [100%] Built target ament_cmake_python_build_robot_interfaces_egg
[0.617s] Invoked command in '/home/ddon/software_robocon_2025/build/robot_interfaces' returned '0': CMAKE_PREFIX_PATH=${CMAKE_PREFIX_PATH}:/opt/ros/humble CONDA_PROMPT_MODIFIER=(base) /usr/bin/cmake --build /home/ddon/software_robocon_2025/build/robot_interfaces -- -j8 -l8
[0.618s] Invoking command in '/home/ddon/software_robocon_2025/build/robot_interfaces': CMAKE_PREFIX_PATH=${CMAKE_PREFIX_PATH}:/opt/ros/humble CONDA_PROMPT_MODIFIER=(base) /usr/bin/cmake --install /home/ddon/software_robocon_2025/build/robot_interfaces
[0.625s] -- Install configuration: ""
[0.625s] -- Up-to-date: /home/ddon/software_robocon_2025/install/robot_interfaces/share/ament_index/resource_index/rosidl_interfaces/robot_interfaces
[0.625s] -- Up-to-date: /home/ddon/software_robocon_2025/install/robot_interfaces/include/robot_interfaces/robot_interfaces
[0.625s] -- Up-to-date: /home/ddon/software_robocon_2025/install/robot_interfaces/include/robot_interfaces/robot_interfaces/msg
[0.625s] -- Up-to-date: /home/ddon/software_robocon_2025/install/robot_interfaces/include/robot_interfaces/robot_interfaces/msg/detail
[0.626s] -- Up-to-date: /home/ddon/software_robocon_2025/install/robot_interfaces/include/robot_interfaces/robot_interfaces/msg/detail/imu__type_support.h
[0.626s] -- Up-to-date: /home/ddon/software_robocon_2025/install/robot_interfaces/include/robot_interfaces/robot_interfaces/msg/detail/imu__functions.h
[0.626s] -- Up-to-date: /home/ddon/software_robocon_2025/install/robot_interfaces/include/robot_interfaces/robot_interfaces/msg/detail/base_cmd__functions.h
[0.626s] -- Up-to-date: /home/ddon/software_robocon_2025/install/robot_interfaces/include/robot_interfaces/robot_interfaces/msg/detail/base_cmd__struct.h
[0.626s] -- Up-to-date: /home/ddon/software_robocon_2025/install/robot_interfaces/include/robot_interfaces/robot_interfaces/msg/detail/base_cmd__type_support.h
[0.626s] -- Up-to-date: /home/ddon/software_robocon_2025/install/robot_interfaces/include/robot_interfaces/robot_interfaces/msg/detail/imu__struct.h
[0.626s] -- Up-to-date: /home/ddon/software_robocon_2025/install/robot_interfaces/include/robot_interfaces/robot_interfaces/msg/detail/base_cmd__functions.c
[0.626s] -- Up-to-date: /home/ddon/software_robocon_2025/install/robot_interfaces/include/robot_interfaces/robot_interfaces/msg/detail/imu__functions.c
[0.626s] -- Up-to-date: /home/ddon/software_robocon_2025/install/robot_interfaces/include/robot_interfaces/robot_interfaces/msg/imu.h
[0.627s] -- Up-to-date: /home/ddon/software_robocon_2025/install/robot_interfaces/include/robot_interfaces/robot_interfaces/msg/base_cmd.h
[0.627s] -- Up-to-date: /home/ddon/software_robocon_2025/install/robot_interfaces/include/robot_interfaces/robot_interfaces/msg/rosidl_generator_c__visibility_control.h
[0.627s] -- Up-to-date: /home/ddon/software_robocon_2025/install/robot_interfaces/include/robot_interfaces/robot_interfaces/srv
[0.627s] -- Up-to-date: /home/ddon/software_robocon_2025/install/robot_interfaces/include/robot_interfaces/robot_interfaces/srv/detail
[0.627s] -- Up-to-date: /home/ddon/software_robocon_2025/install/robot_interfaces/include/robot_interfaces/robot_interfaces/srv/detail/request_calculation__functions.c
[0.627s] -- Up-to-date: /home/ddon/software_robocon_2025/install/robot_interfaces/include/robot_interfaces/robot_interfaces/srv/detail/rotate_base__type_support.h
[0.627s] -- Up-to-date: /home/ddon/software_robocon_2025/install/robot_interfaces/include/robot_interfaces/robot_interfaces/srv/detail/base_control__struct.h
[0.627s] -- Up-to-date: /home/ddon/software_robocon_2025/install/robot_interfaces/include/robot_interfaces/robot_interfaces/srv/detail/push_ball__type_support.h
[0.627s] -- Up-to-date: /home/ddon/software_robocon_2025/install/robot_interfaces/include/robot_interfaces/robot_interfaces/srv/detail/push_ball__functions.h
[0.627s] -- Up-to-date: /home/ddon/software_robocon_2025/install/robot_interfaces/include/robot_interfaces/robot_interfaces/srv/detail/rotate_base__functions.h
[0.628s] -- Up-to-date: /home/ddon/software_robocon_2025/install/robot_interfaces/include/robot_interfaces/robot_interfaces/srv/detail/control__type_support.h
[0.628s] -- Up-to-date: /home/ddon/software_robocon_2025/install/robot_interfaces/include/robot_interfaces/robot_interfaces/srv/detail/control__functions.c
[0.628s] -- Up-to-date: /home/ddon/software_robocon_2025/install/robot_interfaces/include/robot_interfaces/robot_interfaces/srv/detail/base_control__functions.c
[0.628s] -- Up-to-date: /home/ddon/software_robocon_2025/install/robot_interfaces/include/robot_interfaces/robot_interfaces/srv/detail/push_ball__functions.c
[0.628s] -- Up-to-date: /home/ddon/software_robocon_2025/install/robot_interfaces/include/robot_interfaces/robot_interfaces/srv/detail/request_calculation__functions.h
[0.628s] -- Up-to-date: /home/ddon/software_robocon_2025/install/robot_interfaces/include/robot_interfaces/robot_interfaces/srv/detail/request_calculation__type_support.h
[0.628s] -- Up-to-date: /home/ddon/software_robocon_2025/install/robot_interfaces/include/robot_interfaces/robot_interfaces/srv/detail/request_action__functions.h
[0.628s] -- Up-to-date: /home/ddon/software_robocon_2025/install/robot_interfaces/include/robot_interfaces/robot_interfaces/srv/detail/request_action__functions.c
[0.628s] -- Up-to-date: /home/ddon/software_robocon_2025/install/robot_interfaces/include/robot_interfaces/robot_interfaces/srv/detail/push_ball__struct.h
[0.629s] -- Up-to-date: /home/ddon/software_robocon_2025/install/robot_interfaces/include/robot_interfaces/robot_interfaces/srv/detail/control__functions.h
[0.629s] -- Up-to-date: /home/ddon/software_robocon_2025/install/robot_interfaces/include/robot_interfaces/robot_interfaces/srv/detail/base_control__functions.h
[0.629s] -- Up-to-date: /home/ddon/software_robocon_2025/install/robot_interfaces/include/robot_interfaces/robot_interfaces/srv/detail/base_control__type_support.h
[0.629s] -- Up-to-date: /home/ddon/software_robocon_2025/install/robot_interfaces/include/robot_interfaces/robot_interfaces/srv/detail/control__struct.h
[0.629s] -- Up-to-date: /home/ddon/software_robocon_2025/install/robot_interfaces/include/robot_interfaces/robot_interfaces/srv/detail/rotate_base__struct.h
[0.629s] -- Up-to-date: /home/ddon/software_robocon_2025/install/robot_interfaces/include/robot_interfaces/robot_interfaces/srv/detail/rotate_base__functions.c
[0.630s] -- Up-to-date: /home/ddon/software_robocon_2025/install/robot_interfaces/include/robot_interfaces/robot_interfaces/srv/detail/request_action__type_support.h
[0.630s] -- Up-to-date: /home/ddon/software_robocon_2025/install/robot_interfaces/include/robot_interfaces/robot_interfaces/srv/detail/request_action__struct.h
[0.630s] -- Up-to-date: /home/ddon/software_robocon_2025/install/robot_interfaces/include/robot_interfaces/robot_interfaces/srv/detail/request_calculation__struct.h
[0.630s] -- Up-to-date: /home/ddon/software_robocon_2025/install/robot_interfaces/include/robot_interfaces/robot_interfaces/srv/control.h
[0.630s] -- Up-to-date: /home/ddon/software_robocon_2025/install/robot_interfaces/include/robot_interfaces/robot_interfaces/srv/rotate_base.h
[0.630s] -- Up-to-date: /home/ddon/software_robocon_2025/install/robot_interfaces/include/robot_interfaces/robot_interfaces/srv/request_action.h
[0.630s] -- Up-to-date: /home/ddon/software_robocon_2025/install/robot_interfaces/include/robot_interfaces/robot_interfaces/srv/base_control.h
[0.630s] -- Up-to-date: /home/ddon/software_robocon_2025/install/robot_interfaces/include/robot_interfaces/robot_interfaces/srv/request_calculation.h
[0.631s] -- Up-to-date: /home/ddon/software_robocon_2025/install/robot_interfaces/include/robot_interfaces/robot_interfaces/srv/push_ball.h
[0.631s] -- Up-to-date: /home/ddon/software_robocon_2025/install/robot_interfaces/share/robot_interfaces/environment/library_path.sh
[0.631s] -- Up-to-date: /home/ddon/software_robocon_2025/install/robot_interfaces/share/robot_interfaces/environment/library_path.dsv
[0.631s] -- Up-to-date: /home/ddon/software_robocon_2025/install/robot_interfaces/lib/librobot_interfaces__rosidl_generator_c.so
[0.631s] -- Up-to-date: /home/ddon/software_robocon_2025/install/robot_interfaces/include/robot_interfaces/robot_interfaces
[0.631s] -- Up-to-date: /home/ddon/software_robocon_2025/install/robot_interfaces/include/robot_interfaces/robot_interfaces/msg
[0.631s] -- Up-to-date: /home/ddon/software_robocon_2025/install/robot_interfaces/include/robot_interfaces/robot_interfaces/msg/rosidl_typesupport_fastrtps_c__visibility_control.h
[0.631s] -- Up-to-date: /home/ddon/software_robocon_2025/install/robot_interfaces/include/robot_interfaces/robot_interfaces/msg/detail
[0.632s] -- Up-to-date: /home/ddon/software_robocon_2025/install/robot_interfaces/include/robot_interfaces/robot_interfaces/msg/detail/imu__rosidl_typesupport_fastrtps_c.h
[0.632s] -- Up-to-date: /home/ddon/software_robocon_2025/install/robot_interfaces/include/robot_interfaces/robot_interfaces/msg/detail/base_cmd__rosidl_typesupport_fastrtps_c.h
[0.632s] -- Up-to-date: /home/ddon/software_robocon_2025/install/robot_interfaces/include/robot_interfaces/robot_interfaces/srv
[0.632s] -- Up-to-date: /home/ddon/software_robocon_2025/install/robot_interfaces/include/robot_interfaces/robot_interfaces/srv/detail
[0.632s] -- Up-to-date: /home/ddon/software_robocon_2025/install/robot_interfaces/include/robot_interfaces/robot_interfaces/srv/detail/request_action__rosidl_typesupport_fastrtps_c.h
[0.632s] -- Up-to-date: /home/ddon/software_robocon_2025/install/robot_interfaces/include/robot_interfaces/robot_interfaces/srv/detail/rotate_base__rosidl_typesupport_fastrtps_c.h
[0.632s] -- Up-to-date: /home/ddon/software_robocon_2025/install/robot_interfaces/include/robot_interfaces/robot_interfaces/srv/detail/push_ball__rosidl_typesupport_fastrtps_c.h
[0.632s] -- Up-to-date: /home/ddon/software_robocon_2025/install/robot_interfaces/include/robot_interfaces/robot_interfaces/srv/detail/base_control__rosidl_typesupport_fastrtps_c.h
[0.632s] -- Up-to-date: /home/ddon/software_robocon_2025/install/robot_interfaces/include/robot_interfaces/robot_interfaces/srv/detail/request_calculation__rosidl_typesupport_fastrtps_c.h
[0.633s] -- Up-to-date: /home/ddon/software_robocon_2025/install/robot_interfaces/include/robot_interfaces/robot_interfaces/srv/detail/control__rosidl_typesupport_fastrtps_c.h
[0.633s] -- Up-to-date: /home/ddon/software_robocon_2025/install/robot_interfaces/lib/librobot_interfaces__rosidl_typesupport_fastrtps_c.so
[0.633s] -- Up-to-date: /home/ddon/software_robocon_2025/install/robot_interfaces/include/robot_interfaces/robot_interfaces
[0.633s] -- Up-to-date: /home/ddon/software_robocon_2025/install/robot_interfaces/include/robot_interfaces/robot_interfaces/msg
[0.633s] -- Up-to-date: /home/ddon/software_robocon_2025/install/robot_interfaces/include/robot_interfaces/robot_interfaces/msg/detail
[0.633s] -- Up-to-date: /home/ddon/software_robocon_2025/install/robot_interfaces/include/robot_interfaces/robot_interfaces/msg/detail/imu__type_support.hpp
[0.633s] -- Up-to-date: /home/ddon/software_robocon_2025/install/robot_interfaces/include/robot_interfaces/robot_interfaces/msg/detail/imu__traits.hpp
[0.633s] -- Up-to-date: /home/ddon/software_robocon_2025/install/robot_interfaces/include/robot_interfaces/robot_interfaces/msg/detail/base_cmd__struct.hpp
[0.633s] -- Up-to-date: /home/ddon/software_robocon_2025/install/robot_interfaces/include/robot_interfaces/robot_interfaces/msg/detail/imu__builder.hpp
[0.633s] -- Up-to-date: /home/ddon/software_robocon_2025/install/robot_interfaces/include/robot_interfaces/robot_interfaces/msg/detail/base_cmd__builder.hpp
[0.634s] -- Up-to-date: /home/ddon/software_robocon_2025/install/robot_interfaces/include/robot_interfaces/robot_interfaces/msg/detail/imu__struct.hpp
[0.634s] -- Up-to-date: /home/ddon/software_robocon_2025/install/robot_interfaces/include/robot_interfaces/robot_interfaces/msg/detail/base_cmd__traits.hpp
[0.634s] -- Up-to-date: /home/ddon/software_robocon_2025/install/robot_interfaces/include/robot_interfaces/robot_interfaces/msg/detail/base_cmd__type_support.hpp
[0.634s] -- Up-to-date: /home/ddon/software_robocon_2025/install/robot_interfaces/include/robot_interfaces/robot_interfaces/msg/base_cmd.hpp
[0.634s] -- Up-to-date: /home/ddon/software_robocon_2025/install/robot_interfaces/include/robot_interfaces/robot_interfaces/msg/imu.hpp
[0.634s] -- Up-to-date: /home/ddon/software_robocon_2025/install/robot_interfaces/include/robot_interfaces/robot_interfaces/msg/rosidl_generator_cpp__visibility_control.hpp
[0.634s] -- Up-to-date: /home/ddon/software_robocon_2025/install/robot_interfaces/include/robot_interfaces/robot_interfaces/srv
[0.634s] -- Up-to-date: /home/ddon/software_robocon_2025/install/robot_interfaces/include/robot_interfaces/robot_interfaces/srv/detail
[0.634s] -- Up-to-date: /home/ddon/software_robocon_2025/install/robot_interfaces/include/robot_interfaces/robot_interfaces/srv/detail/request_calculation__type_support.hpp
[0.634s] -- Up-to-date: /home/ddon/software_robocon_2025/install/robot_interfaces/include/robot_interfaces/robot_interfaces/srv/detail/rotate_base__builder.hpp
[0.635s] -- Up-to-date: /home/ddon/software_robocon_2025/install/robot_interfaces/include/robot_interfaces/robot_interfaces/srv/detail/push_ball__struct.hpp
[0.635s] -- Up-to-date: /home/ddon/software_robocon_2025/install/robot_interfaces/include/robot_interfaces/robot_interfaces/srv/detail/rotate_base__traits.hpp
[0.635s] -- Up-to-date: /home/ddon/software_robocon_2025/install/robot_interfaces/include/robot_interfaces/robot_interfaces/srv/detail/base_control__struct.hpp
[0.635s] -- Up-to-date: /home/ddon/software_robocon_2025/install/robot_interfaces/include/robot_interfaces/robot_interfaces/srv/detail/control__traits.hpp
[0.635s] -- Up-to-date: /home/ddon/software_robocon_2025/install/robot_interfaces/include/robot_interfaces/robot_interfaces/srv/detail/push_ball__type_support.hpp
[0.635s] -- Up-to-date: /home/ddon/software_robocon_2025/install/robot_interfaces/include/robot_interfaces/robot_interfaces/srv/detail/control__builder.hpp
[0.635s] -- Up-to-date: /home/ddon/software_robocon_2025/install/robot_interfaces/include/robot_interfaces/robot_interfaces/srv/detail/base_control__builder.hpp
[0.635s] -- Up-to-date: /home/ddon/software_robocon_2025/install/robot_interfaces/include/robot_interfaces/robot_interfaces/srv/detail/control__struct.hpp
[0.635s] -- Up-to-date: /home/ddon/software_robocon_2025/install/robot_interfaces/include/robot_interfaces/robot_interfaces/srv/detail/push_ball__builder.hpp
[0.635s] -- Up-to-date: /home/ddon/software_robocon_2025/install/robot_interfaces/include/robot_interfaces/robot_interfaces/srv/detail/request_action__builder.hpp
[0.636s] -- Up-to-date: /home/ddon/software_robocon_2025/install/robot_interfaces/include/robot_interfaces/robot_interfaces/srv/detail/rotate_base__struct.hpp
[0.636s] -- Up-to-date: /home/ddon/software_robocon_2025/install/robot_interfaces/include/robot_interfaces/robot_interfaces/srv/detail/request_calculation__struct.hpp
[0.636s] -- Up-to-date: /home/ddon/software_robocon_2025/install/robot_interfaces/include/robot_interfaces/robot_interfaces/srv/detail/base_control__type_support.hpp
[0.636s] -- Up-to-date: /home/ddon/software_robocon_2025/install/robot_interfaces/include/robot_interfaces/robot_interfaces/srv/detail/request_action__traits.hpp
[0.636s] -- Up-to-date: /home/ddon/software_robocon_2025/install/robot_interfaces/include/robot_interfaces/robot_interfaces/srv/detail/request_calculation__traits.hpp
[0.636s] -- Up-to-date: /home/ddon/software_robocon_2025/install/robot_interfaces/include/robot_interfaces/robot_interfaces/srv/detail/control__type_support.hpp
[0.636s] -- Up-to-date: /home/ddon/software_robocon_2025/install/robot_interfaces/include/robot_interfaces/robot_interfaces/srv/detail/push_ball__traits.hpp
[0.636s] -- Up-to-date: /home/ddon/software_robocon_2025/install/robot_interfaces/include/robot_interfaces/robot_interfaces/srv/detail/request_calculation__builder.hpp
[0.636s] -- Up-to-date: /home/ddon/software_robocon_2025/install/robot_interfaces/include/robot_interfaces/robot_interfaces/srv/detail/request_action__struct.hpp
[0.636s] -- Up-to-date: /home/ddon/software_robocon_2025/install/robot_interfaces/include/robot_interfaces/robot_interfaces/srv/detail/rotate_base__type_support.hpp
[0.636s] -- Up-to-date: /home/ddon/software_robocon_2025/install/robot_interfaces/include/robot_interfaces/robot_interfaces/srv/detail/base_control__traits.hpp
[0.637s] -- Up-to-date: /home/ddon/software_robocon_2025/install/robot_interfaces/include/robot_interfaces/robot_interfaces/srv/detail/request_action__type_support.hpp
[0.637s] -- Up-to-date: /home/ddon/software_robocon_2025/install/robot_interfaces/include/robot_interfaces/robot_interfaces/srv/base_control.hpp
[0.637s] -- Up-to-date: /home/ddon/software_robocon_2025/install/robot_interfaces/include/robot_interfaces/robot_interfaces/srv/request_calculation.hpp
[0.637s] -- Up-to-date: /home/ddon/software_robocon_2025/install/robot_interfaces/include/robot_interfaces/robot_interfaces/srv/control.hpp
[0.637s] -- Up-to-date: /home/ddon/software_robocon_2025/install/robot_interfaces/include/robot_interfaces/robot_interfaces/srv/rotate_base.hpp
[0.637s] -- Up-to-date: /home/ddon/software_robocon_2025/install/robot_interfaces/include/robot_interfaces/robot_interfaces/srv/request_action.hpp
[0.637s] -- Up-to-date: /home/ddon/software_robocon_2025/install/robot_interfaces/include/robot_interfaces/robot_interfaces/srv/push_ball.hpp
[0.637s] -- Up-to-date: /home/ddon/software_robocon_2025/install/robot_interfaces/include/robot_interfaces/robot_interfaces
[0.637s] -- Up-to-date: /home/ddon/software_robocon_2025/install/robot_interfaces/include/robot_interfaces/robot_interfaces/msg
[0.637s] -- Up-to-date: /home/ddon/software_robocon_2025/install/robot_interfaces/include/robot_interfaces/robot_interfaces/msg/detail
[0.638s] -- Up-to-date: /home/ddon/software_robocon_2025/install/robot_interfaces/include/robot_interfaces/robot_interfaces/msg/detail/base_cmd__rosidl_typesupport_fastrtps_cpp.hpp
[0.638s] -- Up-to-date: /home/ddon/software_robocon_2025/install/robot_interfaces/include/robot_interfaces/robot_interfaces/msg/detail/imu__rosidl_typesupport_fastrtps_cpp.hpp
[0.638s] -- Up-to-date: /home/ddon/software_robocon_2025/install/robot_interfaces/include/robot_interfaces/robot_interfaces/msg/detail/dds_fastrtps
[0.638s] -- Up-to-date: /home/ddon/software_robocon_2025/install/robot_interfaces/include/robot_interfaces/robot_interfaces/msg/rosidl_typesupport_fastrtps_cpp__visibility_control.h
[0.638s] -- Up-to-date: /home/ddon/software_robocon_2025/install/robot_interfaces/include/robot_interfaces/robot_interfaces/srv
[0.638s] -- Up-to-date: /home/ddon/software_robocon_2025/install/robot_interfaces/include/robot_interfaces/robot_interfaces/srv/detail
[0.638s] -- Up-to-date: /home/ddon/software_robocon_2025/install/robot_interfaces/include/robot_interfaces/robot_interfaces/srv/detail/push_ball__rosidl_typesupport_fastrtps_cpp.hpp
[0.638s] -- Up-to-date: /home/ddon/software_robocon_2025/install/robot_interfaces/include/robot_interfaces/robot_interfaces/srv/detail/control__rosidl_typesupport_fastrtps_cpp.hpp
[0.638s] -- Up-to-date: /home/ddon/software_robocon_2025/install/robot_interfaces/include/robot_interfaces/robot_interfaces/srv/detail/request_action__rosidl_typesupport_fastrtps_cpp.hpp
[0.638s] -- Up-to-date: /home/ddon/software_robocon_2025/install/robot_interfaces/include/robot_interfaces/robot_interfaces/srv/detail/base_control__rosidl_typesupport_fastrtps_cpp.hpp
[0.639s] -- Up-to-date: /home/ddon/software_robocon_2025/install/robot_interfaces/include/robot_interfaces/robot_interfaces/srv/detail/dds_fastrtps
[0.639s] -- Up-to-date: /home/ddon/software_robocon_2025/install/robot_interfaces/include/robot_interfaces/robot_interfaces/srv/detail/rotate_base__rosidl_typesupport_fastrtps_cpp.hpp
[0.639s] -- Up-to-date: /home/ddon/software_robocon_2025/install/robot_interfaces/include/robot_interfaces/robot_interfaces/srv/detail/request_calculation__rosidl_typesupport_fastrtps_cpp.hpp
[0.639s] -- Up-to-date: /home/ddon/software_robocon_2025/install/robot_interfaces/lib/librobot_interfaces__rosidl_typesupport_fastrtps_cpp.so
[0.639s] -- Up-to-date: /home/ddon/software_robocon_2025/install/robot_interfaces/include/robot_interfaces/robot_interfaces
[0.639s] -- Up-to-date: /home/ddon/software_robocon_2025/install/robot_interfaces/include/robot_interfaces/robot_interfaces/msg
[0.639s] -- Up-to-date: /home/ddon/software_robocon_2025/install/robot_interfaces/include/robot_interfaces/robot_interfaces/msg/detail
[0.639s] -- Up-to-date: /home/ddon/software_robocon_2025/install/robot_interfaces/include/robot_interfaces/robot_interfaces/msg/detail/imu__rosidl_typesupport_introspection_c.h
[0.639s] -- Up-to-date: /home/ddon/software_robocon_2025/install/robot_interfaces/include/robot_interfaces/robot_interfaces/msg/detail/base_cmd__type_support.c
[0.639s] -- Up-to-date: /home/ddon/software_robocon_2025/install/robot_interfaces/include/robot_interfaces/robot_interfaces/msg/detail/base_cmd__rosidl_typesupport_introspection_c.h
[0.640s] -- Up-to-date: /home/ddon/software_robocon_2025/install/robot_interfaces/include/robot_interfaces/robot_interfaces/msg/detail/imu__type_support.c
[0.640s] -- Up-to-date: /home/ddon/software_robocon_2025/install/robot_interfaces/include/robot_interfaces/robot_interfaces/msg/rosidl_typesupport_introspection_c__visibility_control.h
[0.640s] -- Up-to-date: /home/ddon/software_robocon_2025/install/robot_interfaces/include/robot_interfaces/robot_interfaces/srv
[0.640s] -- Up-to-date: /home/ddon/software_robocon_2025/install/robot_interfaces/include/robot_interfaces/robot_interfaces/srv/detail
[0.640s] -- Up-to-date: /home/ddon/software_robocon_2025/install/robot_interfaces/include/robot_interfaces/robot_interfaces/srv/detail/request_action__type_support.c
[0.640s] -- Up-to-date: /home/ddon/software_robocon_2025/install/robot_interfaces/include/robot_interfaces/robot_interfaces/srv/detail/push_ball__rosidl_typesupport_introspection_c.h
[0.640s] -- Up-to-date: /home/ddon/software_robocon_2025/install/robot_interfaces/include/robot_interfaces/robot_interfaces/srv/detail/base_control__type_support.c
[0.640s] -- Up-to-date: /home/ddon/software_robocon_2025/install/robot_interfaces/include/robot_interfaces/robot_interfaces/srv/detail/control__type_support.c
[0.640s] -- Up-to-date: /home/ddon/software_robocon_2025/install/robot_interfaces/include/robot_interfaces/robot_interfaces/srv/detail/rotate_base__rosidl_typesupport_introspection_c.h
[0.640s] -- Up-to-date: /home/ddon/software_robocon_2025/install/robot_interfaces/include/robot_interfaces/robot_interfaces/srv/detail/push_ball__type_support.c
[0.641s] -- Up-to-date: /home/ddon/software_robocon_2025/install/robot_interfaces/include/robot_interfaces/robot_interfaces/srv/detail/request_calculation__rosidl_typesupport_introspection_c.h
[0.641s] -- Up-to-date: /home/ddon/software_robocon_2025/install/robot_interfaces/include/robot_interfaces/robot_interfaces/srv/detail/control__rosidl_typesupport_introspection_c.h
[0.641s] -- Up-to-date: /home/ddon/software_robocon_2025/install/robot_interfaces/include/robot_interfaces/robot_interfaces/srv/detail/request_calculation__type_support.c
[0.641s] -- Up-to-date: /home/ddon/software_robocon_2025/install/robot_interfaces/include/robot_interfaces/robot_interfaces/srv/detail/request_action__rosidl_typesupport_introspection_c.h
[0.641s] -- Up-to-date: /home/ddon/software_robocon_2025/install/robot_interfaces/include/robot_interfaces/robot_interfaces/srv/detail/base_control__rosidl_typesupport_introspection_c.h
[0.641s] -- Up-to-date: /home/ddon/software_robocon_2025/install/robot_interfaces/include/robot_interfaces/robot_interfaces/srv/detail/rotate_base__type_support.c
[0.641s] -- Up-to-date: /home/ddon/software_robocon_2025/install/robot_interfaces/lib/librobot_interfaces__rosidl_typesupport_introspection_c.so
[0.641s] -- Up-to-date: /home/ddon/software_robocon_2025/install/robot_interfaces/lib/librobot_interfaces__rosidl_typesupport_c.so
[0.641s] -- Up-to-date: /home/ddon/software_robocon_2025/install/robot_interfaces/include/robot_interfaces/robot_interfaces
[0.641s] -- Up-to-date: /home/ddon/software_robocon_2025/install/robot_interfaces/include/robot_interfaces/robot_interfaces/msg
[0.641s] -- Up-to-date: /home/ddon/software_robocon_2025/install/robot_interfaces/include/robot_interfaces/robot_interfaces/msg/detail
[0.642s] -- Up-to-date: /home/ddon/software_robocon_2025/install/robot_interfaces/include/robot_interfaces/robot_interfaces/msg/detail/imu__type_support.cpp
[0.642s] -- Up-to-date: /home/ddon/software_robocon_2025/install/robot_interfaces/include/robot_interfaces/robot_interfaces/msg/detail/base_cmd__type_support.cpp
[0.642s] -- Up-to-date: /home/ddon/software_robocon_2025/install/robot_interfaces/include/robot_interfaces/robot_interfaces/msg/detail/imu__rosidl_typesupport_introspection_cpp.hpp
[0.642s] -- Up-to-date: /home/ddon/software_robocon_2025/install/robot_interfaces/include/robot_interfaces/robot_interfaces/msg/detail/base_cmd__rosidl_typesupport_introspection_cpp.hpp
[0.642s] -- Up-to-date: /home/ddon/software_robocon_2025/install/robot_interfaces/include/robot_interfaces/robot_interfaces/srv
[0.642s] -- Up-to-date: /home/ddon/software_robocon_2025/install/robot_interfaces/include/robot_interfaces/robot_interfaces/srv/detail
[0.642s] -- Up-to-date: /home/ddon/software_robocon_2025/install/robot_interfaces/include/robot_interfaces/robot_interfaces/srv/detail/push_ball__rosidl_typesupport_introspection_cpp.hpp
[0.642s] -- Up-to-date: /home/ddon/software_robocon_2025/install/robot_interfaces/include/robot_interfaces/robot_interfaces/srv/detail/request_action__rosidl_typesupport_introspection_cpp.hpp
[0.642s] -- Up-to-date: /home/ddon/software_robocon_2025/install/robot_interfaces/include/robot_interfaces/robot_interfaces/srv/detail/rotate_base__rosidl_typesupport_introspection_cpp.hpp
[0.642s] -- Up-to-date: /home/ddon/software_robocon_2025/install/robot_interfaces/include/robot_interfaces/robot_interfaces/srv/detail/base_control__type_support.cpp
[0.643s] -- Up-to-date: /home/ddon/software_robocon_2025/install/robot_interfaces/include/robot_interfaces/robot_interfaces/srv/detail/control__type_support.cpp
[0.643s] -- Up-to-date: /home/ddon/software_robocon_2025/install/robot_interfaces/include/robot_interfaces/robot_interfaces/srv/detail/base_control__rosidl_typesupport_introspection_cpp.hpp
[0.643s] -- Up-to-date: /home/ddon/software_robocon_2025/install/robot_interfaces/include/robot_interfaces/robot_interfaces/srv/detail/push_ball__type_support.cpp
[0.643s] -- Up-to-date: /home/ddon/software_robocon_2025/install/robot_interfaces/include/robot_interfaces/robot_interfaces/srv/detail/control__rosidl_typesupport_introspection_cpp.hpp
[0.643s] -- Up-to-date: /home/ddon/software_robocon_2025/install/robot_interfaces/include/robot_interfaces/robot_interfaces/srv/detail/request_calculation__rosidl_typesupport_introspection_cpp.hpp
[0.643s] -- Up-to-date: /home/ddon/software_robocon_2025/install/robot_interfaces/include/robot_interfaces/robot_interfaces/srv/detail/request_calculation__type_support.cpp
[0.643s] -- Up-to-date: /home/ddon/software_robocon_2025/install/robot_interfaces/include/robot_interfaces/robot_interfaces/srv/detail/request_action__type_support.cpp
[0.643s] -- Up-to-date: /home/ddon/software_robocon_2025/install/robot_interfaces/include/robot_interfaces/robot_interfaces/srv/detail/rotate_base__type_support.cpp
[0.643s] -- Up-to-date: /home/ddon/software_robocon_2025/install/robot_interfaces/lib/librobot_interfaces__rosidl_typesupport_introspection_cpp.so
[0.643s] -- Up-to-date: /home/ddon/software_robocon_2025/install/robot_interfaces/lib/librobot_interfaces__rosidl_typesupport_cpp.so
[0.644s] -- Up-to-date: /home/ddon/software_robocon_2025/install/robot_interfaces/share/robot_interfaces/environment/pythonpath.sh
[0.644s] -- Up-to-date: /home/ddon/software_robocon_2025/install/robot_interfaces/share/robot_interfaces/environment/pythonpath.dsv
[0.644s] -- Up-to-date: /home/ddon/software_robocon_2025/install/robot_interfaces/lib/python3.12/site-packages/robot_interfaces-0.0.0-py3.12.egg-info
[0.644s] -- Installing: /home/ddon/software_robocon_2025/install/robot_interfaces/lib/python3.12/site-packages/robot_interfaces-0.0.0-py3.12.egg-info/dependency_links.txt
[0.644s] -- Installing: /home/ddon/software_robocon_2025/install/robot_interfaces/lib/python3.12/site-packages/robot_interfaces-0.0.0-py3.12.egg-info/PKG-INFO
[0.644s] -- Installing: /home/ddon/software_robocon_2025/install/robot_interfaces/lib/python3.12/site-packages/robot_interfaces-0.0.0-py3.12.egg-info/top_level.txt
[0.644s] -- Installing: /home/ddon/software_robocon_2025/install/robot_interfaces/lib/python3.12/site-packages/robot_interfaces-0.0.0-py3.12.egg-info/SOURCES.txt
[0.644s] -- Up-to-date: /home/ddon/software_robocon_2025/install/robot_interfaces/lib/python3.12/site-packages/robot_interfaces
[0.644s] -- Up-to-date: /home/ddon/software_robocon_2025/install/robot_interfaces/lib/python3.12/site-packages/robot_interfaces/msg
[0.644s] -- Up-to-date: /home/ddon/software_robocon_2025/install/robot_interfaces/lib/python3.12/site-packages/robot_interfaces/msg/_base_cmd.py
[0.645s] -- Up-to-date: /home/ddon/software_robocon_2025/install/robot_interfaces/lib/python3.12/site-packages/robot_interfaces/msg/_imu_s.c
[0.645s] -- Up-to-date: /home/ddon/software_robocon_2025/install/robot_interfaces/lib/python3.12/site-packages/robot_interfaces/msg/_imu.py
[0.645s] -- Up-to-date: /home/ddon/software_robocon_2025/install/robot_interfaces/lib/python3.12/site-packages/robot_interfaces/msg/_base_cmd_s.c
[0.645s] -- Up-to-date: /home/ddon/software_robocon_2025/install/robot_interfaces/lib/python3.12/site-packages/robot_interfaces/msg/__init__.py
[0.645s] -- Up-to-date: /home/ddon/software_robocon_2025/install/robot_interfaces/lib/python3.12/site-packages/robot_interfaces/_robot_interfaces_s.ep.rosidl_typesupport_c.c
[0.645s] -- Up-to-date: /home/ddon/software_robocon_2025/install/robot_interfaces/lib/python3.12/site-packages/robot_interfaces/_robot_interfaces_s.ep.rosidl_typesupport_introspection_c.c
[0.645s] -- Up-to-date: /home/ddon/software_robocon_2025/install/robot_interfaces/lib/python3.12/site-packages/robot_interfaces/robot_interfaces_s__rosidl_typesupport_fastrtps_c.cpython-312-x86_64-linux-gnu.so
[0.645s] -- Up-to-date: /home/ddon/software_robocon_2025/install/robot_interfaces/lib/python3.12/site-packages/robot_interfaces/robot_interfaces_s__rosidl_typesupport_c.cpython-312-x86_64-linux-gnu.so
[0.645s] -- Up-to-date: /home/ddon/software_robocon_2025/install/robot_interfaces/lib/python3.12/site-packages/robot_interfaces/librobot_interfaces__rosidl_generator_py.so
[0.645s] -- Up-to-date: /home/ddon/software_robocon_2025/install/robot_interfaces/lib/python3.12/site-packages/robot_interfaces/robot_interfaces_s__rosidl_typesupport_introspection_c.cpython-312-x86_64-linux-gnu.so
[0.645s] -- Up-to-date: /home/ddon/software_robocon_2025/install/robot_interfaces/lib/python3.12/site-packages/robot_interfaces/_robot_interfaces_s.ep.rosidl_typesupport_fastrtps_c.c
[0.646s] -- Up-to-date: /home/ddon/software_robocon_2025/install/robot_interfaces/lib/python3.12/site-packages/robot_interfaces/srv
[0.646s] -- Up-to-date: /home/ddon/software_robocon_2025/install/robot_interfaces/lib/python3.12/site-packages/robot_interfaces/srv/_base_control_s.c
[0.646s] -- Up-to-date: /home/ddon/software_robocon_2025/install/robot_interfaces/lib/python3.12/site-packages/robot_interfaces/srv/_request_action_s.c
[0.646s] -- Up-to-date: /home/ddon/software_robocon_2025/install/robot_interfaces/lib/python3.12/site-packages/robot_interfaces/srv/_push_ball_s.c
[0.646s] -- Up-to-date: /home/ddon/software_robocon_2025/install/robot_interfaces/lib/python3.12/site-packages/robot_interfaces/srv/_base_control.py
[0.646s] -- Up-to-date: /home/ddon/software_robocon_2025/install/robot_interfaces/lib/python3.12/site-packages/robot_interfaces/srv/_request_calculation_s.c
[0.646s] -- Up-to-date: /home/ddon/software_robocon_2025/install/robot_interfaces/lib/python3.12/site-packages/robot_interfaces/srv/_request_calculation.py
[0.646s] -- Up-to-date: /home/ddon/software_robocon_2025/install/robot_interfaces/lib/python3.12/site-packages/robot_interfaces/srv/_control_s.c
[0.647s] -- Up-to-date: /home/ddon/software_robocon_2025/install/robot_interfaces/lib/python3.12/site-packages/robot_interfaces/srv/_rotate_base_s.c
[0.647s] -- Up-to-date: /home/ddon/software_robocon_2025/install/robot_interfaces/lib/python3.12/site-packages/robot_interfaces/srv/_rotate_base.py
[0.647s] -- Up-to-date: /home/ddon/software_robocon_2025/install/robot_interfaces/lib/python3.12/site-packages/robot_interfaces/srv/_control.py
[0.647s] -- Up-to-date: /home/ddon/software_robocon_2025/install/robot_interfaces/lib/python3.12/site-packages/robot_interfaces/srv/_push_ball.py
[0.647s] -- Up-to-date: /home/ddon/software_robocon_2025/install/robot_interfaces/lib/python3.12/site-packages/robot_interfaces/srv/_request_action.py
[0.647s] -- Up-to-date: /home/ddon/software_robocon_2025/install/robot_interfaces/lib/python3.12/site-packages/robot_interfaces/srv/__init__.py
[0.647s] -- Up-to-date: /home/ddon/software_robocon_2025/install/robot_interfaces/lib/python3.12/site-packages/robot_interfaces/__init__.py
[0.673s] Listing '/home/ddon/software_robocon_2025/install/robot_interfaces/lib/python3.12/site-packages/robot_interfaces'...
[0.674s] Listing '/home/ddon/software_robocon_2025/install/robot_interfaces/lib/python3.12/site-packages/robot_interfaces/msg'...
[0.674s] Listing '/home/ddon/software_robocon_2025/install/robot_interfaces/lib/python3.12/site-packages/robot_interfaces/srv'...
[0.678s] -- Up-to-date: /home/ddon/software_robocon_2025/install/robot_interfaces/lib/python3.12/site-packages/robot_interfaces/robot_interfaces_s__rosidl_typesupport_fastrtps_c.cpython-312-x86_64-linux-gnu.so
[0.678s] -- Up-to-date: /home/ddon/software_robocon_2025/install/robot_interfaces/lib/python3.12/site-packages/robot_interfaces/robot_interfaces_s__rosidl_typesupport_introspection_c.cpython-312-x86_64-linux-gnu.so
[0.679s] -- Up-to-date: /home/ddon/software_robocon_2025/install/robot_interfaces/lib/python3.12/site-packages/robot_interfaces/robot_interfaces_s__rosidl_typesupport_c.cpython-312-x86_64-linux-gnu.so
[0.679s] -- Up-to-date: /home/ddon/software_robocon_2025/install/robot_interfaces/lib/librobot_interfaces__rosidl_generator_py.so
[0.679s] -- Up-to-date: /home/ddon/software_robocon_2025/install/robot_interfaces/share/robot_interfaces/msg/BaseCMD.idl
[0.680s] -- Up-to-date: /home/ddon/software_robocon_2025/install/robot_interfaces/share/robot_interfaces/msg/IMU.idl
[0.680s] -- Up-to-date: /home/ddon/software_robocon_2025/install/robot_interfaces/share/robot_interfaces/srv/RotateBase.idl
[0.680s] -- Up-to-date: /home/ddon/software_robocon_2025/install/robot_interfaces/share/robot_interfaces/srv/PushBall.idl
[0.680s] -- Up-to-date: /home/ddon/software_robocon_2025/install/robot_interfaces/share/robot_interfaces/srv/Control.idl
[0.681s] -- Up-to-date: /home/ddon/software_robocon_2025/install/robot_interfaces/share/robot_interfaces/srv/RequestCalculation.idl
[0.681s] -- Up-to-date: /home/ddon/software_robocon_2025/install/robot_interfaces/share/robot_interfaces/srv/RequestAction.idl
[0.681s] -- Up-to-date: /home/ddon/software_robocon_2025/install/robot_interfaces/share/robot_interfaces/srv/BaseControl.idl
[0.682s] -- Up-to-date: /home/ddon/software_robocon_2025/install/robot_interfaces/share/robot_interfaces/msg/BaseCMD.msg
[0.682s] -- Up-to-date: /home/ddon/software_robocon_2025/install/robot_interfaces/share/robot_interfaces/msg/IMU.msg
[0.683s] -- Up-to-date: /home/ddon/software_robocon_2025/install/robot_interfaces/share/robot_interfaces/srv/RotateBase.srv
[0.683s] -- Up-to-date: /home/ddon/software_robocon_2025/install/robot_interfaces/share/robot_interfaces/srv/RotateBase_Request.msg
[0.683s] -- Up-to-date: /home/ddon/software_robocon_2025/install/robot_interfaces/share/robot_interfaces/srv/RotateBase_Response.msg
[0.684s] -- Up-to-date: /home/ddon/software_robocon_2025/install/robot_interfaces/share/robot_interfaces/srv/PushBall.srv
[0.684s] -- Up-to-date: /home/ddon/software_robocon_2025/install/robot_interfaces/share/robot_interfaces/srv/PushBall_Request.msg
[0.684s] -- Up-to-date: /home/ddon/software_robocon_2025/install/robot_interfaces/share/robot_interfaces/srv/PushBall_Response.msg
[0.684s] -- Up-to-date: /home/ddon/software_robocon_2025/install/robot_interfaces/share/robot_interfaces/srv/Control.srv
[0.685s] -- Up-to-date: /home/ddon/software_robocon_2025/install/robot_interfaces/share/robot_interfaces/srv/Control_Request.msg
[0.685s] -- Up-to-date: /home/ddon/software_robocon_2025/install/robot_interfaces/share/robot_interfaces/srv/Control_Response.msg
[0.685s] -- Up-to-date: /home/ddon/software_robocon_2025/install/robot_interfaces/share/robot_interfaces/srv/RequestCalculation.srv
[0.685s] -- Up-to-date: /home/ddon/software_robocon_2025/install/robot_interfaces/share/robot_interfaces/srv/RequestCalculation_Request.msg
[0.685s] -- Up-to-date: /home/ddon/software_robocon_2025/install/robot_interfaces/share/robot_interfaces/srv/RequestCalculation_Response.msg
[0.686s] -- Up-to-date: /home/ddon/software_robocon_2025/install/robot_interfaces/share/robot_interfaces/srv/RequestAction.srv
[0.686s] -- Up-to-date: /home/ddon/software_robocon_2025/install/robot_interfaces/share/robot_interfaces/srv/RequestAction_Request.msg
[0.686s] -- Up-to-date: /home/ddon/software_robocon_2025/install/robot_interfaces/share/robot_interfaces/srv/RequestAction_Response.msg
[0.686s] -- Up-to-date: /home/ddon/software_robocon_2025/install/robot_interfaces/share/robot_interfaces/srv/BaseControl.srv
[0.686s] -- Up-to-date: /home/ddon/software_robocon_2025/install/robot_interfaces/share/robot_interfaces/srv/BaseControl_Request.msg
[0.686s] -- Up-to-date: /home/ddon/software_robocon_2025/install/robot_interfaces/share/robot_interfaces/srv/BaseControl_Response.msg
[0.686s] -- Up-to-date: /home/ddon/software_robocon_2025/install/robot_interfaces/lib/robot_interfaces/uart_node
[0.686s] -- Up-to-date: /home/ddon/software_robocon_2025/install/robot_interfaces/share/ament_index/resource_index/package_run_dependencies/robot_interfaces
[0.686s] -- Up-to-date: /home/ddon/software_robocon_2025/install/robot_interfaces/share/ament_index/resource_index/parent_prefix_path/robot_interfaces
[0.686s] -- Up-to-date: /home/ddon/software_robocon_2025/install/robot_interfaces/share/robot_interfaces/environment/ament_prefix_path.sh
[0.686s] -- Up-to-date: /home/ddon/software_robocon_2025/install/robot_interfaces/share/robot_interfaces/environment/ament_prefix_path.dsv
[0.686s] -- Up-to-date: /home/ddon/software_robocon_2025/install/robot_interfaces/share/robot_interfaces/environment/path.sh
[0.686s] -- Up-to-date: /home/ddon/software_robocon_2025/install/robot_interfaces/share/robot_interfaces/environment/path.dsv
[0.686s] -- Up-to-date: /home/ddon/software_robocon_2025/install/robot_interfaces/share/robot_interfaces/local_setup.bash
[0.686s] -- Up-to-date: /home/ddon/software_robocon_2025/install/robot_interfaces/share/robot_interfaces/local_setup.sh
[0.686s] -- Up-to-date: /home/ddon/software_robocon_2025/install/robot_interfaces/share/robot_interfaces/local_setup.zsh
[0.687s] -- Up-to-date: /home/ddon/software_robocon_2025/install/robot_interfaces/share/robot_interfaces/local_setup.dsv
[0.687s] -- Installing: /home/ddon/software_robocon_2025/install/robot_interfaces/share/robot_interfaces/package.dsv
[0.687s] -- Up-to-date: /home/ddon/software_robocon_2025/install/robot_interfaces/share/ament_index/resource_index/packages/robot_interfaces
[0.687s] -- Up-to-date: /home/ddon/software_robocon_2025/install/robot_interfaces/share/robot_interfaces/cmake/export_robot_interfaces__rosidl_generator_cExport.cmake
[0.687s] -- Up-to-date: /home/ddon/software_robocon_2025/install/robot_interfaces/share/robot_interfaces/cmake/export_robot_interfaces__rosidl_generator_cExport-noconfig.cmake
[0.687s] -- Up-to-date: /home/ddon/software_robocon_2025/install/robot_interfaces/share/robot_interfaces/cmake/export_robot_interfaces__rosidl_typesupport_fastrtps_cExport.cmake
[0.687s] -- Up-to-date: /home/ddon/software_robocon_2025/install/robot_interfaces/share/robot_interfaces/cmake/export_robot_interfaces__rosidl_typesupport_fastrtps_cExport-noconfig.cmake
[0.687s] -- Up-to-date: /home/ddon/software_robocon_2025/install/robot_interfaces/share/robot_interfaces/cmake/export_robot_interfaces__rosidl_generator_cppExport.cmake
[0.687s] -- Up-to-date: /home/ddon/software_robocon_2025/install/robot_interfaces/share/robot_interfaces/cmake/export_robot_interfaces__rosidl_typesupport_fastrtps_cppExport.cmake
[0.687s] -- Up-to-date: /home/ddon/software_robocon_2025/install/robot_interfaces/share/robot_interfaces/cmake/export_robot_interfaces__rosidl_typesupport_fastrtps_cppExport-noconfig.cmake
[0.687s] -- Up-to-date: /home/ddon/software_robocon_2025/install/robot_interfaces/share/robot_interfaces/cmake/robot_interfaces__rosidl_typesupport_introspection_cExport.cmake
[0.687s] -- Up-to-date: /home/ddon/software_robocon_2025/install/robot_interfaces/share/robot_interfaces/cmake/robot_interfaces__rosidl_typesupport_introspection_cExport-noconfig.cmake
[0.687s] -- Up-to-date: /home/ddon/software_robocon_2025/install/robot_interfaces/share/robot_interfaces/cmake/robot_interfaces__rosidl_typesupport_cExport.cmake
[0.687s] -- Up-to-date: /home/ddon/software_robocon_2025/install/robot_interfaces/share/robot_interfaces/cmake/robot_interfaces__rosidl_typesupport_cExport-noconfig.cmake
[0.687s] -- Up-to-date: /home/ddon/software_robocon_2025/install/robot_interfaces/share/robot_interfaces/cmake/robot_interfaces__rosidl_typesupport_introspection_cppExport.cmake
[0.687s] -- Up-to-date: /home/ddon/software_robocon_2025/install/robot_interfaces/share/robot_interfaces/cmake/robot_interfaces__rosidl_typesupport_introspection_cppExport-noconfig.cmake
[0.688s] -- Up-to-date: /home/ddon/software_robocon_2025/install/robot_interfaces/share/robot_interfaces/cmake/robot_interfaces__rosidl_typesupport_cppExport.cmake
[0.688s] -- Up-to-date: /home/ddon/software_robocon_2025/install/robot_interfaces/share/robot_interfaces/cmake/robot_interfaces__rosidl_typesupport_cppExport-noconfig.cmake
[0.688s] -- Up-to-date: /home/ddon/software_robocon_2025/install/robot_interfaces/share/robot_interfaces/cmake/export_robot_interfaces__rosidl_generator_pyExport.cmake
[0.688s] -- Up-to-date: /home/ddon/software_robocon_2025/install/robot_interfaces/share/robot_interfaces/cmake/export_robot_interfaces__rosidl_generator_pyExport-noconfig.cmake
[0.688s] -- Up-to-date: /home/ddon/software_robocon_2025/install/robot_interfaces/share/robot_interfaces/cmake/rosidl_cmake-extras.cmake
[0.688s] -- Up-to-date: /home/ddon/software_robocon_2025/install/robot_interfaces/share/robot_interfaces/cmake/ament_cmake_export_include_directories-extras.cmake
[0.688s] -- Up-to-date: /home/ddon/software_robocon_2025/install/robot_interfaces/share/robot_interfaces/cmake/ament_cmake_export_libraries-extras.cmake
[0.689s] -- Up-to-date: /home/ddon/software_robocon_2025/install/robot_interfaces/share/robot_interfaces/cmake/ament_cmake_export_targets-extras.cmake
[0.689s] -- Up-to-date: /home/ddon/software_robocon_2025/install/robot_interfaces/share/robot_interfaces/cmake/rosidl_cmake_export_typesupport_targets-extras.cmake
[0.689s] -- Up-to-date: /home/ddon/software_robocon_2025/install/robot_interfaces/share/robot_interfaces/cmake/ament_cmake_export_dependencies-extras.cmake
[0.689s] -- Up-to-date: /home/ddon/software_robocon_2025/install/robot_interfaces/share/robot_interfaces/cmake/rosidl_cmake_export_typesupport_libraries-extras.cmake
[0.689s] -- Up-to-date: /home/ddon/software_robocon_2025/install/robot_interfaces/share/robot_interfaces/cmake/robot_interfacesConfig.cmake
[0.689s] -- Up-to-date: /home/ddon/software_robocon_2025/install/robot_interfaces/share/robot_interfaces/cmake/robot_interfacesConfig-version.cmake
[0.689s] -- Up-to-date: /home/ddon/software_robocon_2025/install/robot_interfaces/share/robot_interfaces/package.xml
[0.697s] Invoked command in '/home/ddon/software_robocon_2025/build/robot_interfaces' returned '0': CMAKE_PREFIX_PATH=${CMAKE_PREFIX_PATH}:/opt/ros/humble CONDA_PROMPT_MODIFIER=(base) /usr/bin/cmake --install /home/ddon/software_robocon_2025/build/robot_interfaces
