[100%] Built target odrive_interface_node
-- Install configuration: ""
-- Up-to-date: /home/ddon/software_robocon_2025/install/odrive_interface/lib/odrive_interface/odrive_interface_node
-- Up-to-date: /home/ddon/software_robocon_2025/install/odrive_interface/include
-- Up-to-date: /home/ddon/software_robocon_2025/install/odrive_interface/include/odrive_interface
-- Up-to-date: /home/ddon/software_robocon_2025/install/odrive_interface/include/odrive_interface/can_comm.hpp
-- Up-to-date: /home/ddon/software_robocon_2025/install/odrive_interface/include/odrive_interface/odrive_motor.hpp
-- Up-to-date: /home/ddon/software_robocon_2025/install/odrive_interface/share/ament_index/resource_index/package_run_dependencies/odrive_interface
-- Up-to-date: /home/ddon/software_robocon_2025/install/odrive_interface/share/ament_index/resource_index/parent_prefix_path/odrive_interface
-- Up-to-date: /home/ddon/software_robocon_2025/install/odrive_interface/share/odrive_interface/environment/ament_prefix_path.sh
-- Up-to-date: /home/ddon/software_robocon_2025/install/odrive_interface/share/odrive_interface/environment/ament_prefix_path.dsv
-- Up-to-date: /home/ddon/software_robocon_2025/install/odrive_interface/share/odrive_interface/environment/path.sh
-- Up-to-date: /home/ddon/software_robocon_2025/install/odrive_interface/share/odrive_interface/environment/path.dsv
-- Up-to-date: /home/ddon/software_robocon_2025/install/odrive_interface/share/odrive_interface/local_setup.bash
-- Up-to-date: /home/ddon/software_robocon_2025/install/odrive_interface/share/odrive_interface/local_setup.sh
-- Up-to-date: /home/ddon/software_robocon_2025/install/odrive_interface/share/odrive_interface/local_setup.zsh
-- Up-to-date: /home/ddon/software_robocon_2025/install/odrive_interface/share/odrive_interface/local_setup.dsv
-- Installing: /home/ddon/software_robocon_2025/install/odrive_interface/share/odrive_interface/package.dsv
-- Up-to-date: /home/ddon/software_robocon_2025/install/odrive_interface/share/ament_index/resource_index/packages/odrive_interface
-- Up-to-date: /home/ddon/software_robocon_2025/install/odrive_interface/share/odrive_interface/cmake/odrive_interfaceConfig.cmake
-- Up-to-date: /home/ddon/software_robocon_2025/install/odrive_interface/share/odrive_interface/cmake/odrive_interfaceConfig-version.cmake
-- Up-to-date: /home/ddon/software_robocon_2025/install/odrive_interface/share/odrive_interface/package.xml
