[0.007s] Invoking command in '/home/ddon/software_robocon_2025/build/astra_camera': AMENT_PREFIX_PATH=/home/ddon/software_robocon_2025/install/astra_camera_msgs:${AMENT_PREFIX_PATH} CMAKE_PREFIX_PATH=/home/ddon/software_robocon_2025/install/astra_camera_msgs:/home/ddon/ros2_ws_cpp/install/shooter_control:/home/ddon/ros2_ws_cpp/install/can_control_package:/home/ddon/ros2_ws_cpp/install/odrive_custom_msg:/home/ddon/ros2_ws_cpp/install/odrive_can_cpp:/home/ddon/ros2_ws_cpp/install/mecanum_drivetrain:/home/ddon/ros2_ws_cpp/install/dual_sense_controller:/opt/ros/humble CONDA_PROMPT_MODIFIER=(base) LD_LIBRARY_PATH=/home/ddon/software_robocon_2025/install/astra_camera_msgs/lib:${LD_LIBRARY_PATH} PYTHONPATH=/home/ddon/software_robocon_2025/install/astra_camera_msgs/lib/python3.12/site-packages:${PYTHONPATH} /usr/bin/cmake /home/ddon/software_robocon_2025/ros2_astra_camera/astra_camera -DCMAKE_INSTALL_PREFIX=/home/ddon/software_robocon_2025/install/astra_camera
[0.048s] -- The C compiler identification is GNU 11.4.0
[0.092s] -- The CXX compiler identification is GNU 11.4.0
[0.098s] -- Detecting C compiler ABI info
[0.148s] -- Detecting C compiler ABI info - done
[0.154s] -- Check for working C compiler: /usr/bin/cc - skipped
[0.154s] -- Detecting C compile features
[0.154s] -- Detecting C compile features - done
[0.157s] -- Detecting CXX compiler ABI info
[0.216s] -- Detecting CXX compiler ABI info - done
[0.222s] -- Check for working CXX compiler: /usr/bin/c++ - skipped
[0.222s] -- Detecting CXX compile features
[0.223s] -- Detecting CXX compile features - done
[0.225s] -- Found ament_cmake: 1.3.11 (/opt/ros/humble/share/ament_cmake/cmake)
[0.524s] -- Found Python3: /home/ddon/miniconda3/bin/python3 (found version "3.12.2") found components: Interpreter 
[0.609s] -- Found ament_index_cpp: 1.4.0 (/opt/ros/humble/share/ament_index_cpp/cmake)
[0.610s] -- Found astra_camera_msgs: 1.0.1 (/home/ddon/software_robocon_2025/install/astra_camera_msgs/share/astra_camera_msgs/cmake)
[0.640s] -- Found rosidl_generator_c: 3.1.6 (/opt/ros/humble/share/rosidl_generator_c/cmake)
[0.644s] -- Found rosidl_adapter: 3.1.6 (/opt/ros/humble/share/rosidl_adapter/cmake)
[0.651s] -- Found rosidl_generator_cpp: 3.1.6 (/opt/ros/humble/share/rosidl_generator_cpp/cmake)
[0.661s] -- Using all available rosidl_typesupport_c: rosidl_typesupport_fastrtps_c;rosidl_typesupport_introspection_c
[0.674s] -- Using all available rosidl_typesupport_cpp: rosidl_typesupport_fastrtps_cpp;rosidl_typesupport_introspection_cpp
[0.742s] -- Found camera_info_manager: 3.1.11 (/opt/ros/humble/share/camera_info_manager/cmake)
[0.774s] -- Found rmw_implementation_cmake: 6.1.2 (/opt/ros/humble/share/rmw_implementation_cmake/cmake)
[0.776s] -- Found rmw_fastrtps_cpp: 6.2.7 (/opt/ros/humble/share/rmw_fastrtps_cpp/cmake)
[0.841s] -- Found OpenSSL: /usr/lib/x86_64-linux-gnu/libcrypto.so (found version "3.0.2")  
[0.861s] -- Found FastRTPS: /opt/ros/humble/include  
[0.892s] -- Using RMW implementation 'rmw_fastrtps_cpp' as default
[0.899s] -- Looking for pthread.h
[0.953s] -- Looking for pthread.h - found
[0.953s] -- Performing Test CMAKE_HAVE_LIBC_PTHREAD
[1.008s] -- Performing Test CMAKE_HAVE_LIBC_PTHREAD - Success
[1.009s] -- Found Threads: TRUE  
[1.049s] -- Found class_loader: 2.2.0 (/opt/ros/humble/share/class_loader/cmake)
[1.055s] -- Found cv_bridge: 3.2.1 (/opt/ros/humble/share/cv_bridge/cmake)
[1.064s] -- Found message_filters: 4.3.5 (/opt/ros/humble/share/message_filters/cmake)
[1.072s] -- Found image_geometry: 3.2.1 (/opt/ros/humble/share/image_geometry/cmake)
[1.080s] [31mCMake Error at CMakeLists.txt:28 (find_package):
[1.080s]   By not providing "Findimage_publisher.cmake" in CMAKE_MODULE_PATH this
[1.080s]   project has asked CMake to find a package configuration file provided by
[1.080s]   "image_publisher", but CMake did not find one.
[1.080s] 
[1.080s]   Could not find a package configuration file provided by "image_publisher"
[1.080s]   with any of the following names:
[1.080s] 
[1.080s]     image_publisherConfig.cmake
[1.080s]     image_publisher-config.cmake
[1.081s] 
[1.081s]   Add the installation prefix of "image_publisher" to CMAKE_PREFIX_PATH or
[1.081s]   set "image_publisher_DIR" to a directory containing one of the above files.
[1.081s]   If "image_publisher" provides a separate development package or SDK, be
[1.081s]   sure it has been installed.
[1.081s] 
[1.081s] [0m
[1.081s] -- Configuring incomplete, errors occurred!
[1.081s] See also "/home/ddon/software_robocon_2025/build/astra_camera/CMakeFiles/CMakeOutput.log".
[1.087s] Invoked command in '/home/ddon/software_robocon_2025/build/astra_camera' returned '1': AMENT_PREFIX_PATH=/home/ddon/software_robocon_2025/install/astra_camera_msgs:${AMENT_PREFIX_PATH} CMAKE_PREFIX_PATH=/home/ddon/software_robocon_2025/install/astra_camera_msgs:/home/ddon/ros2_ws_cpp/install/shooter_control:/home/ddon/ros2_ws_cpp/install/can_control_package:/home/ddon/ros2_ws_cpp/install/odrive_custom_msg:/home/ddon/ros2_ws_cpp/install/odrive_can_cpp:/home/ddon/ros2_ws_cpp/install/mecanum_drivetrain:/home/ddon/ros2_ws_cpp/install/dual_sense_controller:/opt/ros/humble CONDA_PROMPT_MODIFIER=(base) LD_LIBRARY_PATH=/home/ddon/software_robocon_2025/install/astra_camera_msgs/lib:${LD_LIBRARY_PATH} PYTHONPATH=/home/ddon/software_robocon_2025/install/astra_camera_msgs/lib/python3.12/site-packages:${PYTHONPATH} /usr/bin/cmake /home/ddon/software_robocon_2025/ros2_astra_camera/astra_camera -DCMAKE_INSTALL_PREFIX=/home/ddon/software_robocon_2025/install/astra_camera
