[0.657s] Invoking command in '/home/ddon/software_robocon_2025/main_controller_pkg': CMAKE_PREFIX_PATH=/home/ddon/software_robocon_2025/install/robot_interfaces:/home/ddon/software_robocon_2025/install/odrive_interface:/home/ddon/software_robocon_2025/install/gamepad_interface:/home/ddon/software_robocon_2025/install/robot_bringup:/home/ddon/software_robocon_2025/install/astra_camera_msgs:/home/ddon/ros2_ws_cpp/install/shooter_control:/home/ddon/ros2_ws_cpp/install/robot_interfaces:/home/ddon/ros2_ws_cpp/install/robot_bringup:/home/ddon/ros2_ws_cpp/install/odrive_interface:/home/ddon/ros2_ws_cpp/install/can_control_package:/home/ddon/ros2_ws_cpp/install/odrive_custom_msg:/home/ddon/ros2_ws_cpp/install/odrive_can_cpp:/home/ddon/ros2_ws_cpp/install/mecanum_drivetrain:/home/ddon/ros2_ws_cpp/install/gamepad_interface:/home/ddon/ros2_ws_cpp/install/dual_sense_controller:/home/ddon/ros2_ws_cpp/install/astra_camera_msgs PYTHONPATH=/home/ddon/software_robocon_2025/build/main_controller_pkg/prefix_override:/usr/lib/python3/dist-packages/colcon_core/task/python/colcon_distutils_commands:/home/ddon/software_robocon_2025/install/main_controller_pkg/lib/python3.10/site-packages:${PYTHONPATH} /usr/bin/python3 -W ignore:setup.py install is deprecated -W ignore:easy_install command is deprecated setup.py egg_info --egg-base ../build/main_controller_pkg build --build-base /home/ddon/software_robocon_2025/build/main_controller_pkg/build install --record /home/ddon/software_robocon_2025/build/main_controller_pkg/install.log --single-version-externally-managed install_data
[0.903s] running egg_info
[0.903s] writing ../build/main_controller_pkg/main_controller_pkg.egg-info/PKG-INFO
[0.903s] writing dependency_links to ../build/main_controller_pkg/main_controller_pkg.egg-info/dependency_links.txt
[0.903s] writing entry points to ../build/main_controller_pkg/main_controller_pkg.egg-info/entry_points.txt
[0.903s] writing requirements to ../build/main_controller_pkg/main_controller_pkg.egg-info/requires.txt
[0.904s] writing top-level names to ../build/main_controller_pkg/main_controller_pkg.egg-info/top_level.txt
[0.905s] reading manifest file '../build/main_controller_pkg/main_controller_pkg.egg-info/SOURCES.txt'
[0.906s] writing manifest file '../build/main_controller_pkg/main_controller_pkg.egg-info/SOURCES.txt'
[0.906s] running build
[0.906s] running build_py
[0.906s] running install
[0.907s] running install_lib
[0.908s] running install_data
[0.908s] running install_egg_info
[0.909s] removing '/home/ddon/software_robocon_2025/install/main_controller_pkg/lib/python3.10/site-packages/main_controller_pkg-0.0.0-py3.10.egg-info' (and everything under it)
[0.910s] Copying ../build/main_controller_pkg/main_controller_pkg.egg-info to /home/ddon/software_robocon_2025/install/main_controller_pkg/lib/python3.10/site-packages/main_controller_pkg-0.0.0-py3.10.egg-info
[0.910s] running install_scripts
[0.929s] Installing full_calculation_node script to /home/ddon/software_robocon_2025/install/main_controller_pkg/lib/main_controller_pkg
[0.929s] Installing main_controller_node script to /home/ddon/software_robocon_2025/install/main_controller_pkg/lib/main_controller_pkg
[0.929s] writing list of installed files to '/home/ddon/software_robocon_2025/build/main_controller_pkg/install.log'
[0.957s] Invoked command in '/home/ddon/software_robocon_2025/main_controller_pkg' returned '0': CMAKE_PREFIX_PATH=/home/ddon/software_robocon_2025/install/robot_interfaces:/home/ddon/software_robocon_2025/install/odrive_interface:/home/ddon/software_robocon_2025/install/gamepad_interface:/home/ddon/software_robocon_2025/install/robot_bringup:/home/ddon/software_robocon_2025/install/astra_camera_msgs:/home/ddon/ros2_ws_cpp/install/shooter_control:/home/ddon/ros2_ws_cpp/install/robot_interfaces:/home/ddon/ros2_ws_cpp/install/robot_bringup:/home/ddon/ros2_ws_cpp/install/odrive_interface:/home/ddon/ros2_ws_cpp/install/can_control_package:/home/ddon/ros2_ws_cpp/install/odrive_custom_msg:/home/ddon/ros2_ws_cpp/install/odrive_can_cpp:/home/ddon/ros2_ws_cpp/install/mecanum_drivetrain:/home/ddon/ros2_ws_cpp/install/gamepad_interface:/home/ddon/ros2_ws_cpp/install/dual_sense_controller:/home/ddon/ros2_ws_cpp/install/astra_camera_msgs PYTHONPATH=/home/ddon/software_robocon_2025/build/main_controller_pkg/prefix_override:/usr/lib/python3/dist-packages/colcon_core/task/python/colcon_distutils_commands:/home/ddon/software_robocon_2025/install/main_controller_pkg/lib/python3.10/site-packages:${PYTHONPATH} /usr/bin/python3 -W ignore:setup.py install is deprecated -W ignore:easy_install command is deprecated setup.py egg_info --egg-base ../build/main_controller_pkg build --build-base /home/ddon/software_robocon_2025/build/main_controller_pkg/build install --record /home/ddon/software_robocon_2025/build/main_controller_pkg/install.log --single-version-externally-managed install_data
