[0.315s] Invoking command in '/home/ddon/software_robocon_2025/build/mcu_interface': CMAKE_PREFIX_PATH=/home/ddon/software_robocon_2025/install/robot_interfaces:/home/ddon/software_robocon_2025/install/odrive_interface:/home/ddon/software_robocon_2025/install/gamepad_interface:/home/ddon/software_robocon_2025/install/robot_bringup:/home/ddon/software_robocon_2025/install/astra_camera_msgs:/home/ddon/ros2_ws_cpp/install/shooter_control:/home/ddon/ros2_ws_cpp/install/robot_interfaces:/home/ddon/ros2_ws_cpp/install/robot_bringup:/home/ddon/ros2_ws_cpp/install/odrive_interface:/home/ddon/ros2_ws_cpp/install/can_control_package:/home/ddon/ros2_ws_cpp/install/odrive_custom_msg:/home/ddon/ros2_ws_cpp/install/odrive_can_cpp:/home/ddon/ros2_ws_cpp/install/mecanum_drivetrain:/home/ddon/ros2_ws_cpp/install/gamepad_interface:/home/ddon/ros2_ws_cpp/install/dual_sense_controller:/home/ddon/ros2_ws_cpp/install/astra_camera_msgs:/home/ddon/software_robocon_2025/install/main_controller_pkg:/opt/ros/humble /usr/bin/cmake --build /home/ddon/software_robocon_2025/build/mcu_interface -- -j8 -l8
[0.351s] [35m[1mConsolidate compiler generated dependencies of target uart_node[0m
[0.365s] [ 50%] [32mBuilding CXX object CMakeFiles/uart_node.dir/src/MCU_Interface.cpp.o[0m
[9.174s] [100%] [32m[1mLinking CXX executable uart_node[0m
[9.634s] [100%] Built target uart_node
[9.643s] Invoked command in '/home/ddon/software_robocon_2025/build/mcu_interface' returned '0': CMAKE_PREFIX_PATH=/home/ddon/software_robocon_2025/install/robot_interfaces:/home/ddon/software_robocon_2025/install/odrive_interface:/home/ddon/software_robocon_2025/install/gamepad_interface:/home/ddon/software_robocon_2025/install/robot_bringup:/home/ddon/software_robocon_2025/install/astra_camera_msgs:/home/ddon/ros2_ws_cpp/install/shooter_control:/home/ddon/ros2_ws_cpp/install/robot_interfaces:/home/ddon/ros2_ws_cpp/install/robot_bringup:/home/ddon/ros2_ws_cpp/install/odrive_interface:/home/ddon/ros2_ws_cpp/install/can_control_package:/home/ddon/ros2_ws_cpp/install/odrive_custom_msg:/home/ddon/ros2_ws_cpp/install/odrive_can_cpp:/home/ddon/ros2_ws_cpp/install/mecanum_drivetrain:/home/ddon/ros2_ws_cpp/install/gamepad_interface:/home/ddon/ros2_ws_cpp/install/dual_sense_controller:/home/ddon/ros2_ws_cpp/install/astra_camera_msgs:/home/ddon/software_robocon_2025/install/main_controller_pkg:/opt/ros/humble /usr/bin/cmake --build /home/ddon/software_robocon_2025/build/mcu_interface -- -j8 -l8
[9.644s] Invoking command in '/home/ddon/software_robocon_2025/build/mcu_interface': CMAKE_PREFIX_PATH=/home/ddon/software_robocon_2025/install/robot_interfaces:/home/ddon/software_robocon_2025/install/odrive_interface:/home/ddon/software_robocon_2025/install/gamepad_interface:/home/ddon/software_robocon_2025/install/robot_bringup:/home/ddon/software_robocon_2025/install/astra_camera_msgs:/home/ddon/ros2_ws_cpp/install/shooter_control:/home/ddon/ros2_ws_cpp/install/robot_interfaces:/home/ddon/ros2_ws_cpp/install/robot_bringup:/home/ddon/ros2_ws_cpp/install/odrive_interface:/home/ddon/ros2_ws_cpp/install/can_control_package:/home/ddon/ros2_ws_cpp/install/odrive_custom_msg:/home/ddon/ros2_ws_cpp/install/odrive_can_cpp:/home/ddon/ros2_ws_cpp/install/mecanum_drivetrain:/home/ddon/ros2_ws_cpp/install/gamepad_interface:/home/ddon/ros2_ws_cpp/install/dual_sense_controller:/home/ddon/ros2_ws_cpp/install/astra_camera_msgs:/home/ddon/software_robocon_2025/install/main_controller_pkg:/opt/ros/humble /usr/bin/cmake --install /home/ddon/software_robocon_2025/build/mcu_interface
[9.650s] -- Install configuration: ""
[9.651s] -- Installing: /home/ddon/software_robocon_2025/install/mcu_interface/lib/mcu_interface/uart_node
[9.653s] -- Set runtime path of "/home/ddon/software_robocon_2025/install/mcu_interface/lib/mcu_interface/uart_node" to ""
[9.653s] -- Installing: /home/ddon/software_robocon_2025/install/mcu_interface/share/ament_index/resource_index/package_run_dependencies/mcu_interface
[9.653s] -- Installing: /home/ddon/software_robocon_2025/install/mcu_interface/share/ament_index/resource_index/parent_prefix_path/mcu_interface
[9.654s] -- Installing: /home/ddon/software_robocon_2025/install/mcu_interface/share/mcu_interface/environment/ament_prefix_path.sh
[9.654s] -- Installing: /home/ddon/software_robocon_2025/install/mcu_interface/share/mcu_interface/environment/ament_prefix_path.dsv
[9.654s] -- Installing: /home/ddon/software_robocon_2025/install/mcu_interface/share/mcu_interface/environment/path.sh
[9.654s] -- Installing: /home/ddon/software_robocon_2025/install/mcu_interface/share/mcu_interface/environment/path.dsv
[9.654s] -- Installing: /home/ddon/software_robocon_2025/install/mcu_interface/share/mcu_interface/local_setup.bash
[9.654s] -- Installing: /home/ddon/software_robocon_2025/install/mcu_interface/share/mcu_interface/local_setup.sh
[9.654s] -- Installing: /home/ddon/software_robocon_2025/install/mcu_interface/share/mcu_interface/local_setup.zsh
[9.654s] -- Installing: /home/ddon/software_robocon_2025/install/mcu_interface/share/mcu_interface/local_setup.dsv
[9.654s] -- Installing: /home/ddon/software_robocon_2025/install/mcu_interface/share/mcu_interface/package.dsv
[9.654s] -- Installing: /home/ddon/software_robocon_2025/install/mcu_interface/share/ament_index/resource_index/packages/mcu_interface
[9.654s] -- Installing: /home/ddon/software_robocon_2025/install/mcu_interface/share/mcu_interface/cmake/mcu_interfaceConfig.cmake
[9.654s] -- Installing: /home/ddon/software_robocon_2025/install/mcu_interface/share/mcu_interface/cmake/mcu_interfaceConfig-version.cmake
[9.655s] -- Installing: /home/ddon/software_robocon_2025/install/mcu_interface/share/mcu_interface/package.xml
[9.656s] Invoked command in '/home/ddon/software_robocon_2025/build/mcu_interface' returned '0': CMAKE_PREFIX_PATH=/home/ddon/software_robocon_2025/install/robot_interfaces:/home/ddon/software_robocon_2025/install/odrive_interface:/home/ddon/software_robocon_2025/install/gamepad_interface:/home/ddon/software_robocon_2025/install/robot_bringup:/home/ddon/software_robocon_2025/install/astra_camera_msgs:/home/ddon/ros2_ws_cpp/install/shooter_control:/home/ddon/ros2_ws_cpp/install/robot_interfaces:/home/ddon/ros2_ws_cpp/install/robot_bringup:/home/ddon/ros2_ws_cpp/install/odrive_interface:/home/ddon/ros2_ws_cpp/install/can_control_package:/home/ddon/ros2_ws_cpp/install/odrive_custom_msg:/home/ddon/ros2_ws_cpp/install/odrive_can_cpp:/home/ddon/ros2_ws_cpp/install/mecanum_drivetrain:/home/ddon/ros2_ws_cpp/install/gamepad_interface:/home/ddon/ros2_ws_cpp/install/dual_sense_controller:/home/ddon/ros2_ws_cpp/install/astra_camera_msgs:/home/ddon/software_robocon_2025/install/main_controller_pkg:/opt/ros/humble /usr/bin/cmake --install /home/ddon/software_robocon_2025/build/mcu_interface
