[0.023s] Invoking command in '/home/ddon/software_robocon_2025/build/robot_bringup': CMAKE_PREFIX_PATH=${CMAKE_PREFIX_PATH}:/opt/ros/humble CONDA_PROMPT_MODIFIER=(base) /usr/bin/cmake --build /home/ddon/software_robocon_2025/build/robot_bringup -- -j8 -l8
[0.066s] Invoked command in '/home/ddon/software_robocon_2025/build/robot_bringup' returned '0': CMAKE_PREFIX_PATH=${CMAKE_PREFIX_PATH}:/opt/ros/humble CONDA_PROMPT_MODIFIER=(base) /usr/bin/cmake --build /home/ddon/software_robocon_2025/build/robot_bringup -- -j8 -l8
[0.085s] Invoking command in '/home/ddon/software_robocon_2025/build/robot_bringup': CMAKE_PREFIX_PATH=${CMAKE_PREFIX_PATH}:/opt/ros/humble CONDA_PROMPT_MODIFIER=(base) /usr/bin/cmake --install /home/ddon/software_robocon_2025/build/robot_bringup
[0.106s] -- Install configuration: ""
[0.106s] -- Up-to-date: /home/ddon/software_robocon_2025/install/robot_bringup/share/robot_bringup//launch
[0.106s] -- Up-to-date: /home/ddon/software_robocon_2025/install/robot_bringup/share/robot_bringup//launch/complete_robot.launch.py
[0.109s] -- Up-to-date: /home/ddon/software_robocon_2025/install/robot_bringup/share/ament_index/resource_index/package_run_dependencies/robot_bringup
[0.110s] -- Up-to-date: /home/ddon/software_robocon_2025/install/robot_bringup/share/ament_index/resource_index/parent_prefix_path/robot_bringup
[0.110s] -- Up-to-date: /home/ddon/software_robocon_2025/install/robot_bringup/share/robot_bringup/environment/ament_prefix_path.sh
[0.110s] -- Up-to-date: /home/ddon/software_robocon_2025/install/robot_bringup/share/robot_bringup/environment/ament_prefix_path.dsv
[0.110s] -- Up-to-date: /home/ddon/software_robocon_2025/install/robot_bringup/share/robot_bringup/environment/path.sh
[0.110s] -- Up-to-date: /home/ddon/software_robocon_2025/install/robot_bringup/share/robot_bringup/environment/path.dsv
[0.110s] -- Up-to-date: /home/ddon/software_robocon_2025/install/robot_bringup/share/robot_bringup/local_setup.bash
[0.110s] -- Up-to-date: /home/ddon/software_robocon_2025/install/robot_bringup/share/robot_bringup/local_setup.sh
[0.110s] -- Up-to-date: /home/ddon/software_robocon_2025/install/robot_bringup/share/robot_bringup/local_setup.zsh
[0.110s] -- Up-to-date: /home/ddon/software_robocon_2025/install/robot_bringup/share/robot_bringup/local_setup.dsv
[0.110s] -- Installing: /home/ddon/software_robocon_2025/install/robot_bringup/share/robot_bringup/package.dsv
[0.110s] -- Up-to-date: /home/ddon/software_robocon_2025/install/robot_bringup/share/ament_index/resource_index/packages/robot_bringup
[0.111s] -- Up-to-date: /home/ddon/software_robocon_2025/install/robot_bringup/share/robot_bringup/cmake/robot_bringupConfig.cmake
[0.111s] -- Up-to-date: /home/ddon/software_robocon_2025/install/robot_bringup/share/robot_bringup/cmake/robot_bringupConfig-version.cmake
[0.111s] -- Up-to-date: /home/ddon/software_robocon_2025/install/robot_bringup/share/robot_bringup/package.xml
[0.113s] Invoked command in '/home/ddon/software_robocon_2025/build/robot_bringup' returned '0': CMAKE_PREFIX_PATH=${CMAKE_PREFIX_PATH}:/opt/ros/humble CONDA_PROMPT_MODIFIER=(base) /usr/bin/cmake --install /home/ddon/software_robocon_2025/build/robot_bringup
